---------------------------------------------------------------
[ 2018-08-15T15:47:54+08:00 ] 127.0.0.1 127.0.0.1 GET /public/
[ sql ] [ DB ] CONNECT:[ UseTime:0.133724s ] mysql:dbname=qinyunone;host=www.chinlingcloud.com;port=3306;charset=utf8
[ sql ] [ SQL ] SHOW COLUMNS FROM `qy_logo` [ RunTime:0.049010s ]
[ sql ] [ SQL ] SELECT `logo_img` FROM `qy_logo` WHERE  `caro_states` = 1 [ RunTime:0.048648s ]
[ sql ] [ SQL ] SHOW COLUMNS FROM `qy_types` [ RunTime:0.049091s ]
[ sql ] [ SQL ] SELECT * FROM `qy_types` WHERE  `type_pid` = 1 ORDER BY `type_sort` [ RunTime:0.049106s ]
[ sql ] [ SQL ] SELECT * FROM `qy_types` WHERE  `type_pid` = 2 ORDER BY `type_sort` [ RunTime:0.048692s ]
[ sql ] [ SQL ] SELECT * FROM `qy_types` WHERE  `type_pid` = 3 ORDER BY `type_sort` [ RunTime:0.049093s ]
[ sql ] [ SQL ] SELECT * FROM `qy_types` WHERE  `type_pid` = 10 ORDER BY `type_sort` [ RunTime:0.048993s ]
[ sql ] [ SQL ] SELECT * FROM `qy_types` WHERE  `type_pid` = 30 [ RunTime:0.048877s ]
[ sql ] [ SQL ] SHOW COLUMNS FROM `qy_carousel` [ RunTime:0.048846s ]
[ sql ] [ SQL ] SELECT `caro_img` FROM `qy_carousel` WHERE  `caro_states` = 1  AND `pid` = 1 ORDER BY `caro_sort` LIMIT 5 [ RunTime:0.048756s ]
[ sql ] [ SQL ] SELECT `caro_img` FROM `qy_carousel` WHERE  `caro_states` = 1  AND `pid` = 4 ORDER BY `caro_sort` LIMIT 5 [ RunTime:0.048878s ]
[ sql ] [ SQL ] SELECT * FROM `qy_types` WHERE  `type_pid` = 31 [ RunTime:0.048709s ]
[ sql ] [ SQL ] SELECT * FROM `qy_types` WHERE  `type_pid` = 40 LIMIT 1 [ RunTime:0.048453s ]
[ sql ] [ SQL ] SHOW COLUMNS FROM `qy_config` [ RunTime:0.049052s ]
[ sql ] [ SQL ] SELECT * FROM `qy_config` LIMIT 1 [ RunTime:0.049030s ]
[ sql ] [ SQL ] SELECT `site`,`describe` FROM `qy_config` WHERE  `conf_id` = 1 LIMIT 1 [ RunTime:0.048924s ]
[ sql ] [ SQL ] SHOW COLUMNS FROM `qy_fwl` [ RunTime:0.048996s ]
[ sql ] [ SQL ] SELECT `fid` FROM `qy_fwl` WHERE  (  ip='127.0.0.1' ) [ RunTime:0.053711s ]
[ sql ] [ SQL ] SELECT `count` FROM `qy_fwl` WHERE  (  ip='127.0.0.1' ) [ RunTime:0.052864s ]
[ sql ] [ SQL ] SELECT `btime` FROM `qy_fwl` WHERE  (  ip='127.0.0.1' ) [ RunTime:0.053465s ]
[ sql ] [ SQL ] INSERT INTO `qy_fwl` (`btime` , `ip` , `count`) VALUES (1534319273 , '127.0.0.1' , 1) [ RunTime:0.050586s ]
[ sql ] [ SQL ] SELECT `caro_img`,`action`,`caro_name` FROM `qy_carousel` WHERE  `caro_states` = 1  AND `pid` = 2 ORDER BY `caro_sort` LIMIT 4 [ RunTime:0.048729s ]
[ sql ] [ SQL ] SELECT `caro_img`,`caro_name` FROM `qy_carousel` WHERE  `caro_states` = 1  AND `pid` = 3  AND `caro_zh` = 1 ORDER BY `caro_sort` LIMIT 5 [ RunTime:0.048791s ]
[ sql ] [ SQL ] SELECT `caro_img` FROM `qy_carousel` WHERE  `caro_states` = 1  AND `pid` = 3  AND `caro_zh` = 2 ORDER BY `caro_sort` LIMIT 5 [ RunTime:0.048585s ]
[ sql ] [ SQL ] SELECT `type_id` FROM `qy_types` WHERE  `type_name` = '首页' [ RunTime:0.048572s ]
---------------------------------------------------------------
[ 2018-08-15T16:53:48+08:00 ] 127.0.0.1 127.0.0.1 GET /public/index.html
[ sql ] [ DB ] CONNECT:[ UseTime:0.116943s ] mysql:dbname=qinyunone;host=www.chinlingcloud.com;port=3306;charset=utf8
[ sql ] [ SQL ] SHOW COLUMNS FROM `qy_logo` [ RunTime:0.053547s ]
[ sql ] [ SQL ] SELECT `logo_img` FROM `qy_logo` WHERE  `caro_states` = 1 [ RunTime:0.049920s ]
[ sql ] [ SQL ] SHOW COLUMNS FROM `qy_types` [ RunTime:0.052797s ]
[ sql ] [ SQL ] SELECT * FROM `qy_types` WHERE  `type_pid` = 1 ORDER BY `type_sort` [ RunTime:0.051506s ]
[ sql ] [ SQL ] SELECT * FROM `qy_types` WHERE  `type_pid` = 2 ORDER BY `type_sort` [ RunTime:0.048308s ]
[ sql ] [ SQL ] SELECT * FROM `qy_types` WHERE  `type_pid` = 3 ORDER BY `type_sort` [ RunTime:0.050742s ]
[ sql ] [ SQL ] SELECT * FROM `qy_types` WHERE  `type_pid` = 10 ORDER BY `type_sort` [ RunTime:0.049349s ]
[ sql ] [ SQL ] SELECT * FROM `qy_types` WHERE  `type_pid` = 30 [ RunTime:0.049475s ]
[ sql ] [ SQL ] SHOW COLUMNS FROM `qy_carousel` [ RunTime:0.048971s ]
[ sql ] [ SQL ] SELECT `caro_img` FROM `qy_carousel` WHERE  `caro_states` = 1  AND `pid` = 1 ORDER BY `caro_sort` LIMIT 5 [ RunTime:0.049453s ]
[ sql ] [ SQL ] SELECT `caro_img` FROM `qy_carousel` WHERE  `caro_states` = 1  AND `pid` = 4 ORDER BY `caro_sort` LIMIT 5 [ RunTime:0.048537s ]
[ sql ] [ SQL ] SELECT * FROM `qy_types` WHERE  `type_pid` = 31 [ RunTime:0.049482s ]
[ sql ] [ SQL ] SELECT * FROM `qy_types` WHERE  `type_pid` = 40 LIMIT 1 [ RunTime:0.048703s ]
[ sql ] [ SQL ] SHOW COLUMNS FROM `qy_config` [ RunTime:0.049467s ]
[ sql ] [ SQL ] SELECT * FROM `qy_config` LIMIT 1 [ RunTime:0.048748s ]
[ sql ] [ SQL ] SELECT `site`,`describe` FROM `qy_config` WHERE  `conf_id` = 1 LIMIT 1 [ RunTime:0.048734s ]
[ sql ] [ SQL ] SHOW COLUMNS FROM `qy_fwl` [ RunTime:0.049264s ]
[ sql ] [ SQL ] SELECT `fid` FROM `qy_fwl` WHERE  (  ip='127.0.0.1' ) [ RunTime:0.054741s ]
[ sql ] [ SQL ] SELECT `count` FROM `qy_fwl` WHERE  (  ip='127.0.0.1' ) [ RunTime:0.053230s ]
[ sql ] [ SQL ] SELECT `btime` FROM `qy_fwl` WHERE  (  ip='127.0.0.1' ) [ RunTime:0.053878s ]
[ sql ] [ SQL ] INSERT INTO `qy_fwl` (`btime` , `ip` , `count`) VALUES (1534323227 , '127.0.0.1' , 1) [ RunTime:0.053053s ]
[ sql ] [ SQL ] SELECT `caro_img`,`action`,`caro_name` FROM `qy_carousel` WHERE  `caro_states` = 1  AND `pid` = 2 ORDER BY `caro_sort` LIMIT 4 [ RunTime:0.049066s ]
[ sql ] [ SQL ] SELECT `caro_img`,`caro_name` FROM `qy_carousel` WHERE  `caro_states` = 1  AND `pid` = 3  AND `caro_zh` = 1 ORDER BY `caro_sort` LIMIT 5 [ RunTime:0.048615s ]
[ sql ] [ SQL ] SELECT `caro_img` FROM `qy_carousel` WHERE  `caro_states` = 1  AND `pid` = 3  AND `caro_zh` = 2 ORDER BY `caro_sort` LIMIT 5 [ RunTime:0.049352s ]
[ sql ] [ SQL ] SELECT `type_id` FROM `qy_types` WHERE  `type_name` = '首页' [ RunTime:0.049777s ]
---------------------------------------------------------------
[ 2018-08-15T16:53:53+08:00 ] 127.0.0.1 127.0.0.1 GET /public/index.html
[ sql ] [ DB ] CONNECT:[ UseTime:0.075991s ] mysql:dbname=qinyunone;host=www.chinlingcloud.com;port=3306;charset=utf8
[ sql ] [ SQL ] SHOW COLUMNS FROM `qy_logo` [ RunTime:0.050108s ]
[ sql ] [ SQL ] SELECT `logo_img` FROM `qy_logo` WHERE  `caro_states` = 1 [ RunTime:0.049823s ]
[ sql ] [ SQL ] SHOW COLUMNS FROM `qy_types` [ RunTime:0.050613s ]
[ sql ] [ SQL ] SELECT * FROM `qy_types` WHERE  `type_pid` = 1 ORDER BY `type_sort` [ RunTime:0.050106s ]
[ sql ] [ SQL ] SELECT * FROM `qy_types` WHERE  `type_pid` = 2 ORDER BY `type_sort` [ RunTime:0.050441s ]
[ sql ] [ SQL ] SELECT * FROM `qy_types` WHERE  `type_pid` = 3 ORDER BY `type_sort` [ RunTime:0.050101s ]
[ sql ] [ SQL ] SELECT * FROM `qy_types` WHERE  `type_pid` = 10 ORDER BY `type_sort` [ RunTime:0.051803s ]
[ sql ] [ SQL ] SELECT * FROM `qy_types` WHERE  `type_pid` = 30 [ RunTime:0.050980s ]
[ sql ] [ SQL ] SHOW COLUMNS FROM `qy_carousel` [ RunTime:0.050464s ]
[ sql ] [ SQL ] SELECT `caro_img` FROM `qy_carousel` WHERE  `caro_states` = 1  AND `pid` = 1 ORDER BY `caro_sort` LIMIT 5 [ RunTime:0.050106s ]
[ sql ] [ SQL ] SELECT `caro_img` FROM `qy_carousel` WHERE  `caro_states` = 1  AND `pid` = 4 ORDER BY `caro_sort` LIMIT 5 [ RunTime:0.050313s ]
[ sql ] [ SQL ] SELECT * FROM `qy_types` WHERE  `type_pid` = 31 [ RunTime:0.050483s ]
[ sql ] [ SQL ] SELECT * FROM `qy_types` WHERE  `type_pid` = 40 LIMIT 1 [ RunTime:0.051106s ]
[ sql ] [ SQL ] SHOW COLUMNS FROM `qy_config` [ RunTime:0.051555s ]
[ sql ] [ SQL ] SELECT * FROM `qy_config` LIMIT 1 [ RunTime:0.049942s ]
[ sql ] [ SQL ] SELECT `site`,`describe` FROM `qy_config` WHERE  `conf_id` = 1 LIMIT 1 [ RunTime:0.050129s ]
[ sql ] [ SQL ] SHOW COLUMNS FROM `qy_fwl` [ RunTime:0.050612s ]
[ sql ] [ SQL ] SELECT `fid` FROM `qy_fwl` WHERE  (  ip='127.0.0.1' ) [ RunTime:0.056998s ]
[ sql ] [ SQL ] SELECT `count` FROM `qy_fwl` WHERE  (  ip='127.0.0.1' ) [ RunTime:0.057474s ]
[ sql ] [ SQL ] SELECT `btime` FROM `qy_fwl` WHERE  (  ip='127.0.0.1' ) [ RunTime:0.054499s ]
[ sql ] [ SQL ] INSERT INTO `qy_fwl` (`btime` , `ip` , `count`) VALUES (1534323232 , '127.0.0.1' , 1) [ RunTime:0.052399s ]
[ sql ] [ SQL ] SELECT `caro_img`,`action`,`caro_name` FROM `qy_carousel` WHERE  `caro_states` = 1  AND `pid` = 2 ORDER BY `caro_sort` LIMIT 4 [ RunTime:0.050155s ]
[ sql ] [ SQL ] SELECT `caro_img`,`caro_name` FROM `qy_carousel` WHERE  `caro_states` = 1  AND `pid` = 3  AND `caro_zh` = 1 ORDER BY `caro_sort` LIMIT 5 [ RunTime:0.052086s ]
[ sql ] [ SQL ] SELECT `caro_img` FROM `qy_carousel` WHERE  `caro_states` = 1  AND `pid` = 3  AND `caro_zh` = 2 ORDER BY `caro_sort` LIMIT 5 [ RunTime:0.050091s ]
[ sql ] [ SQL ] SELECT `type_id` FROM `qy_types` WHERE  `type_name` = '首页' [ RunTime:0.049851s ]
---------------------------------------------------------------
[ 2018-08-15T17:09:16+08:00 ] 127.0.0.1 127.0.0.1 GET /public/index.html
[ sql ] [ DB ] CONNECT:[ UseTime:0.137068s ] mysql:dbname=qinyunone;host=www.chinlingcloud.com;port=3306;charset=utf8
[ sql ] [ SQL ] SHOW COLUMNS FROM `qy_logo` [ RunTime:0.048498s ]
[ sql ] [ SQL ] SELECT `logo_img` FROM `qy_logo` WHERE  `caro_states` = 1 [ RunTime:0.047609s ]
[ sql ] [ SQL ] SHOW COLUMNS FROM `qy_types` [ RunTime:0.048069s ]
[ sql ] [ SQL ] SELECT * FROM `qy_types` WHERE  `type_pid` = 1 ORDER BY `type_sort` [ RunTime:0.048015s ]
[ sql ] [ SQL ] SELECT * FROM `qy_types` WHERE  `type_pid` = 2 ORDER BY `type_sort` [ RunTime:0.048041s ]
[ sql ] [ SQL ] SELECT * FROM `qy_types` WHERE  `type_pid` = 10 ORDER BY `type_sort` [ RunTime:0.049623s ]
[ sql ] [ SQL ] SELECT * FROM `qy_types` WHERE  `type_pid` = 3 ORDER BY `type_sort` [ RunTime:0.047489s ]
[ sql ] [ SQL ] SELECT * FROM `qy_types` WHERE  `type_pid` = 30 [ RunTime:0.047686s ]
[ sql ] [ SQL ] SHOW COLUMNS FROM `qy_carousel` [ RunTime:0.047855s ]
[ sql ] [ SQL ] SELECT `caro_img` FROM `qy_carousel` WHERE  `caro_states` = 1  AND `pid` = 1 ORDER BY `caro_sort` LIMIT 5 [ RunTime:0.049951s ]
[ sql ] [ SQL ] SELECT `caro_img` FROM `qy_carousel` WHERE  `caro_states` = 1  AND `pid` = 4 ORDER BY `caro_sort` LIMIT 5 [ RunTime:0.047609s ]
[ sql ] [ SQL ] SELECT * FROM `qy_types` WHERE  `type_pid` = 31 [ RunTime:0.047959s ]
[ sql ] [ SQL ] SELECT * FROM `qy_types` WHERE  `type_pid` = 40 LIMIT 1 [ RunTime:0.047689s ]
[ sql ] [ SQL ] SHOW COLUMNS FROM `qy_config` [ RunTime:0.047752s ]
[ sql ] [ SQL ] SELECT * FROM `qy_config` LIMIT 1 [ RunTime:0.047005s ]
[ sql ] [ SQL ] SELECT `site`,`describe` FROM `qy_config` WHERE  `conf_id` = 1 LIMIT 1 [ RunTime:0.047092s ]
[ sql ] [ SQL ] SHOW COLUMNS FROM `qy_fwl` [ RunTime:0.047985s ]
[ sql ] [ SQL ] SELECT `fid` FROM `qy_fwl` WHERE  (  ip='127.0.0.1' ) [ RunTime:0.052498s ]
[ sql ] [ SQL ] SELECT `count` FROM `qy_fwl` WHERE  (  ip='127.0.0.1' ) [ RunTime:0.052370s ]
[ sql ] [ SQL ] SELECT `btime` FROM `qy_fwl` WHERE  (  ip='127.0.0.1' ) [ RunTime:0.051971s ]
[ sql ] [ SQL ] INSERT INTO `qy_fwl` (`btime` , `ip` , `count`) VALUES (1534324156 , '127.0.0.1' , 1) [ RunTime:0.049434s ]
[ sql ] [ SQL ] SELECT `caro_img`,`action`,`caro_name` FROM `qy_carousel` WHERE  `caro_states` = 1  AND `pid` = 2 ORDER BY `caro_sort` LIMIT 4 [ RunTime:0.048295s ]
[ sql ] [ SQL ] SELECT `caro_img`,`caro_name` FROM `qy_carousel` WHERE  `caro_states` = 1  AND `pid` = 3  AND `caro_zh` = 1 ORDER BY `caro_sort` LIMIT 5 [ RunTime:0.047516s ]
[ sql ] [ SQL ] SELECT `caro_img` FROM `qy_carousel` WHERE  `caro_states` = 1  AND `pid` = 3  AND `caro_zh` = 2 ORDER BY `caro_sort` LIMIT 5 [ RunTime:0.047428s ]
[ sql ] [ SQL ] SELECT `type_id` FROM `qy_types` WHERE  `type_name` = '首页' [ RunTime:0.047576s ]
---------------------------------------------------------------
[ 2018-08-15T17:09:18+08:00 ] 127.0.0.1 127.0.0.1 GET /public/index.html
[ sql ] [ DB ] CONNECT:[ UseTime:0.070413s ] mysql:dbname=qinyunone;host=www.chinlingcloud.com;port=3306;charset=utf8
[ sql ] [ SQL ] SHOW COLUMNS FROM `qy_logo` [ RunTime:0.047107s ]
[ sql ] [ SQL ] SELECT `logo_img` FROM `qy_logo` WHERE  `caro_states` = 1 [ RunTime:0.047385s ]
[ sql ] [ SQL ] SHOW COLUMNS FROM `qy_types` [ RunTime:0.050480s ]
[ sql ] [ SQL ] SELECT * FROM `qy_types` WHERE  `type_pid` = 1 ORDER BY `type_sort` [ RunTime:0.048172s ]
[ sql ] [ SQL ] SELECT * FROM `qy_types` WHERE  `type_pid` = 2 ORDER BY `type_sort` [ RunTime:0.047379s ]
[ sql ] [ SQL ] SELECT * FROM `qy_types` WHERE  `type_pid` = 10 ORDER BY `type_sort` [ RunTime:0.047292s ]
[ sql ] [ SQL ] SELECT * FROM `qy_types` WHERE  `type_pid` = 3 ORDER BY `type_sort` [ RunTime:0.047444s ]
[ sql ] [ SQL ] SELECT * FROM `qy_types` WHERE  `type_pid` = 30 [ RunTime:0.048379s ]
[ sql ] [ SQL ] SHOW COLUMNS FROM `qy_carousel` [ RunTime:0.047471s ]
[ sql ] [ SQL ] SELECT `caro_img` FROM `qy_carousel` WHERE  `caro_states` = 1  AND `pid` = 1 ORDER BY `caro_sort` LIMIT 5 [ RunTime:0.046915s ]
[ sql ] [ SQL ] SELECT `caro_img` FROM `qy_carousel` WHERE  `caro_states` = 1  AND `pid` = 4 ORDER BY `caro_sort` LIMIT 5 [ RunTime:0.047098s ]
[ sql ] [ SQL ] SELECT * FROM `qy_types` WHERE  `type_pid` = 31 [ RunTime:0.047180s ]
[ sql ] [ SQL ] SELECT * FROM `qy_types` WHERE  `type_pid` = 40 LIMIT 1 [ RunTime:0.047105s ]
[ sql ] [ SQL ] SHOW COLUMNS FROM `qy_config` [ RunTime:0.047329s ]
[ sql ] [ SQL ] SELECT * FROM `qy_config` LIMIT 1 [ RunTime:0.047101s ]
[ sql ] [ SQL ] SELECT `site`,`describe` FROM `qy_config` WHERE  `conf_id` = 1 LIMIT 1 [ RunTime:0.047322s ]
[ sql ] [ SQL ] SHOW COLUMNS FROM `qy_fwl` [ RunTime:0.047329s ]
[ sql ] [ SQL ] SELECT `fid` FROM `qy_fwl` WHERE  (  ip='127.0.0.1' ) [ RunTime:0.051845s ]
[ sql ] [ SQL ] SELECT `count` FROM `qy_fwl` WHERE  (  ip='127.0.0.1' ) [ RunTime:0.051087s ]
[ sql ] [ SQL ] SELECT `btime` FROM `qy_fwl` WHERE  (  ip='127.0.0.1' ) [ RunTime:0.052125s ]
[ sql ] [ SQL ] INSERT INTO `qy_fwl` (`btime` , `ip` , `count`) VALUES (1534324158 , '127.0.0.1' , 1) [ RunTime:0.048692s ]
[ sql ] [ SQL ] SELECT `caro_img`,`action`,`caro_name` FROM `qy_carousel` WHERE  `caro_states` = 1  AND `pid` = 2 ORDER BY `caro_sort` LIMIT 4 [ RunTime:0.047013s ]
[ sql ] [ SQL ] SELECT `caro_img`,`caro_name` FROM `qy_carousel` WHERE  `caro_states` = 1  AND `pid` = 3  AND `caro_zh` = 1 ORDER BY `caro_sort` LIMIT 5 [ RunTime:0.047893s ]
[ sql ] [ SQL ] SELECT `caro_img` FROM `qy_carousel` WHERE  `caro_states` = 1  AND `pid` = 3  AND `caro_zh` = 2 ORDER BY `caro_sort` LIMIT 5 [ RunTime:0.047120s ]
[ sql ] [ SQL ] SELECT `type_id` FROM `qy_types` WHERE  `type_name` = '首页' [ RunTime:0.046881s ]
---------------------------------------------------------------
[ 2018-08-15T17:09:26+08:00 ] 127.0.0.1 127.0.0.1 GET /public/index.html
[ sql ] [ DB ] CONNECT:[ UseTime:0.076184s ] mysql:dbname=qinyunone;host=www.chinlingcloud.com;port=3306;charset=utf8
[ sql ] [ SQL ] SHOW COLUMNS FROM `qy_logo` [ RunTime:0.050706s ]
[ sql ] [ SQL ] SELECT `logo_img` FROM `qy_logo` WHERE  `caro_states` = 1 [ RunTime:0.050156s ]
[ sql ] [ SQL ] SHOW COLUMNS FROM `qy_types` [ RunTime:0.051050s ]
[ sql ] [ SQL ] SELECT * FROM `qy_types` WHERE  `type_pid` = 1 ORDER BY `type_sort` [ RunTime:0.050123s ]
[ sql ] [ SQL ] SELECT * FROM `qy_types` WHERE  `type_pid` = 2 ORDER BY `type_sort` [ RunTime:0.051243s ]
[ sql ] [ SQL ] SELECT * FROM `qy_types` WHERE  `type_pid` = 10 ORDER BY `type_sort` [ RunTime:0.050304s ]
[ sql ] [ SQL ] SELECT * FROM `qy_types` WHERE  `type_pid` = 3 ORDER BY `type_sort` [ RunTime:0.050845s ]
[ sql ] [ SQL ] SELECT * FROM `qy_types` WHERE  `type_pid` = 30 [ RunTime:0.050185s ]
[ sql ] [ SQL ] SHOW COLUMNS FROM `qy_carousel` [ RunTime:0.050419s ]
[ sql ] [ SQL ] SELECT `caro_img` FROM `qy_carousel` WHERE  `caro_states` = 1  AND `pid` = 1 ORDER BY `caro_sort` LIMIT 5 [ RunTime:0.050601s ]
[ sql ] [ SQL ] SELECT `caro_img` FROM `qy_carousel` WHERE  `caro_states` = 1  AND `pid` = 4 ORDER BY `caro_sort` LIMIT 5 [ RunTime:0.050340s ]
[ sql ] [ SQL ] SELECT * FROM `qy_types` WHERE  `type_pid` = 31 [ RunTime:0.050379s ]
[ sql ] [ SQL ] SELECT * FROM `qy_types` WHERE  `type_pid` = 40 LIMIT 1 [ RunTime:0.052636s ]
[ sql ] [ SQL ] SHOW COLUMNS FROM `qy_config` [ RunTime:0.052225s ]
[ sql ] [ SQL ] SELECT * FROM `qy_config` LIMIT 1 [ RunTime:0.055221s ]
[ sql ] [ SQL ] SELECT `site`,`describe` FROM `qy_config` WHERE  `conf_id` = 1 LIMIT 1 [ RunTime:0.050107s ]
[ sql ] [ SQL ] SHOW COLUMNS FROM `qy_fwl` [ RunTime:0.050222s ]
[ sql ] [ SQL ] SELECT `fid` FROM `qy_fwl` WHERE  (  ip='127.0.0.1' ) [ RunTime:0.056064s ]
[ sql ] [ SQL ] SELECT `count` FROM `qy_fwl` WHERE  (  ip='127.0.0.1' ) [ RunTime:0.054558s ]
[ sql ] [ SQL ] SELECT `btime` FROM `qy_fwl` WHERE  (  ip='127.0.0.1' ) [ RunTime:0.054520s ]
[ sql ] [ SQL ] INSERT INTO `qy_fwl` (`btime` , `ip` , `count`) VALUES (1534324165 , '127.0.0.1' , 1) [ RunTime:0.051884s ]
[ sql ] [ SQL ] SELECT `caro_img`,`action`,`caro_name` FROM `qy_carousel` WHERE  `caro_states` = 1  AND `pid` = 2 ORDER BY `caro_sort` LIMIT 4 [ RunTime:0.050612s ]
[ sql ] [ SQL ] SELECT `caro_img`,`caro_name` FROM `qy_carousel` WHERE  `caro_states` = 1  AND `pid` = 3  AND `caro_zh` = 1 ORDER BY `caro_sort` LIMIT 5 [ RunTime:0.050035s ]
[ sql ] [ SQL ] SELECT `caro_img` FROM `qy_carousel` WHERE  `caro_states` = 1  AND `pid` = 3  AND `caro_zh` = 2 ORDER BY `caro_sort` LIMIT 5 [ RunTime:0.049849s ]
[ sql ] [ SQL ] SELECT `type_id` FROM `qy_types` WHERE  `type_name` = '首页' [ RunTime:0.049620s ]
---------------------------------------------------------------
[ 2018-08-15T17:12:53+08:00 ] 127.0.0.1 127.0.0.1 GET /public/index.html
[ sql ] [ DB ] CONNECT:[ UseTime:0.073847s ] mysql:dbname=qinyunone;host=www.chinlingcloud.com;port=3306;charset=utf8
[ sql ] [ SQL ] SHOW COLUMNS FROM `qy_logo` [ RunTime:0.049147s ]
[ sql ] [ SQL ] SELECT `logo_img` FROM `qy_logo` WHERE  `caro_states` = 1 [ RunTime:0.048480s ]
[ sql ] [ SQL ] SHOW COLUMNS FROM `qy_types` [ RunTime:0.049434s ]
[ sql ] [ SQL ] SELECT * FROM `qy_types` WHERE  `type_pid` = 1 ORDER BY `type_sort` [ RunTime:0.048892s ]
[ sql ] [ SQL ] SELECT * FROM `qy_types` WHERE  `type_pid` = 2 ORDER BY `type_sort` [ RunTime:0.049046s ]
[ sql ] [ SQL ] SELECT * FROM `qy_types` WHERE  `type_pid` = 10 ORDER BY `type_sort` [ RunTime:0.048807s ]
[ sql ] [ SQL ] SELECT * FROM `qy_types` WHERE  `type_pid` = 3 ORDER BY `type_sort` [ RunTime:0.052119s ]
[ sql ] [ SQL ] SELECT * FROM `qy_types` WHERE  `type_pid` = 30 [ RunTime:0.049137s ]
[ sql ] [ SQL ] SHOW COLUMNS FROM `qy_carousel` [ RunTime:0.051163s ]
[ sql ] [ SQL ] SELECT `caro_img` FROM `qy_carousel` WHERE  `caro_states` = 1  AND `pid` = 1 ORDER BY `caro_sort` LIMIT 5 [ RunTime:0.049877s ]
[ sql ] [ SQL ] SELECT `caro_img` FROM `qy_carousel` WHERE  `caro_states` = 1  AND `pid` = 4 ORDER BY `caro_sort` LIMIT 5 [ RunTime:0.049102s ]
[ sql ] [ SQL ] SELECT * FROM `qy_types` WHERE  `type_pid` = 31 [ RunTime:0.048851s ]
[ sql ] [ SQL ] SELECT * FROM `qy_types` WHERE  `type_pid` = 40 LIMIT 1 [ RunTime:0.049196s ]
[ sql ] [ SQL ] SHOW COLUMNS FROM `qy_config` [ RunTime:0.049652s ]
[ sql ] [ SQL ] SELECT * FROM `qy_config` LIMIT 1 [ RunTime:0.048952s ]
[ sql ] [ SQL ] SELECT `site`,`describe` FROM `qy_config` WHERE  `conf_id` = 1 LIMIT 1 [ RunTime:0.048508s ]
[ sql ] [ SQL ] SHOW COLUMNS FROM `qy_fwl` [ RunTime:0.048942s ]
[ sql ] [ SQL ] SELECT `fid` FROM `qy_fwl` WHERE  (  ip='127.0.0.1' ) [ RunTime:0.056008s ]
[ sql ] [ SQL ] SELECT `count` FROM `qy_fwl` WHERE  (  ip='127.0.0.1' ) [ RunTime:0.057390s ]
[ sql ] [ SQL ] SELECT `btime` FROM `qy_fwl` WHERE  (  ip='127.0.0.1' ) [ RunTime:0.052922s ]
[ sql ] [ SQL ] INSERT INTO `qy_fwl` (`btime` , `ip` , `count`) VALUES (1534324372 , '127.0.0.1' , 1) [ RunTime:0.051427s ]
[ sql ] [ SQL ] SELECT `caro_img`,`action`,`caro_name` FROM `qy_carousel` WHERE  `caro_states` = 1  AND `pid` = 2 ORDER BY `caro_sort` LIMIT 4 [ RunTime:0.050555s ]
[ sql ] [ SQL ] SELECT `caro_img`,`caro_name` FROM `qy_carousel` WHERE  `caro_states` = 1  AND `pid` = 3  AND `caro_zh` = 1 ORDER BY `caro_sort` LIMIT 5 [ RunTime:0.049978s ]
[ sql ] [ SQL ] SELECT `caro_img` FROM `qy_carousel` WHERE  `caro_states` = 1  AND `pid` = 3  AND `caro_zh` = 2 ORDER BY `caro_sort` LIMIT 5 [ RunTime:0.048860s ]
[ sql ] [ SQL ] SELECT `type_id` FROM `qy_types` WHERE  `type_name` = '首页' [ RunTime:0.048424s ]
---------------------------------------------------------------
[ 2018-08-15T17:13:04+08:00 ] 127.0.0.1 127.0.0.1 GET /public/index/about/show.html
[ sql ] [ DB ] CONNECT:[ UseTime:0.075082s ] mysql:dbname=qinyunone;host=www.chinlingcloud.com;port=3306;charset=utf8
[ sql ] [ SQL ] SHOW COLUMNS FROM `qy_logo` [ RunTime:0.050383s ]
[ sql ] [ SQL ] SELECT `logo_img` FROM `qy_logo` WHERE  `caro_states` = 1 [ RunTime:0.052910s ]
[ sql ] [ SQL ] SHOW COLUMNS FROM `qy_types` [ RunTime:0.048954s ]
[ sql ] [ SQL ] SELECT * FROM `qy_types` WHERE  `type_pid` = 1 ORDER BY `type_sort` [ RunTime:0.048169s ]
[ sql ] [ SQL ] SELECT * FROM `qy_types` WHERE  `type_pid` = 2 ORDER BY `type_sort` [ RunTime:0.049206s ]
[ sql ] [ SQL ] SELECT * FROM `qy_types` WHERE  `type_pid` = 10 ORDER BY `type_sort` [ RunTime:0.048222s ]
[ sql ] [ SQL ] SELECT * FROM `qy_types` WHERE  `type_pid` = 3 ORDER BY `type_sort` [ RunTime:0.049729s ]
[ sql ] [ SQL ] SELECT * FROM `qy_types` WHERE  `type_pid` = 30 [ RunTime:0.049234s ]
[ sql ] [ SQL ] SHOW COLUMNS FROM `qy_carousel` [ RunTime:0.048207s ]
[ sql ] [ SQL ] SELECT `caro_img` FROM `qy_carousel` WHERE  `caro_states` = 1  AND `pid` = 1 ORDER BY `caro_sort` LIMIT 5 [ RunTime:0.048534s ]
[ sql ] [ SQL ] SELECT `caro_img` FROM `qy_carousel` WHERE  `caro_states` = 1  AND `pid` = 4 ORDER BY `caro_sort` LIMIT 5 [ RunTime:0.049264s ]
[ sql ] [ SQL ] SELECT * FROM `qy_types` WHERE  `type_pid` = 31 [ RunTime:0.048924s ]
[ sql ] [ SQL ] SELECT * FROM `qy_types` WHERE  `type_pid` = 40 LIMIT 1 [ RunTime:0.048202s ]
[ sql ] [ SQL ] SHOW COLUMNS FROM `qy_config` [ RunTime:0.048572s ]
[ sql ] [ SQL ] SELECT * FROM `qy_config` LIMIT 1 [ RunTime:0.048450s ]
[ sql ] [ SQL ] SELECT `site`,`describe` FROM `qy_config` WHERE  `conf_id` = 1 LIMIT 1 [ RunTime:0.048288s ]
[ sql ] [ SQL ] SELECT * FROM `qy_types` WHERE  `type_id` = 3 LIMIT 1 [ RunTime:0.048108s ]
[ sql ] [ SQL ] SELECT * FROM `qy_types` WHERE  `type_pid` = 3 ORDER BY `type_sort` [ RunTime:0.048267s ]
[ sql ] [ SQL ] SELECT `type_id` FROM `qy_types` WHERE  `type_pid` = 3 ORDER BY `type_sort` LIMIT 1 [ RunTime:0.048631s ]
[ sql ] [ SQL ] SHOW COLUMNS FROM `qy_contents` [ RunTime:0.050782s ]
[ sql ] [ SQL ] SELECT * FROM `qy_contents` WHERE  `cont_pid` IS NULL  AND `cont_states` = 1 LIMIT 1 [ RunTime:0.048346s ]
---------------------------------------------------------------
[ 2018-08-15T17:13:13+08:00 ] 127.0.0.1 127.0.0.1 GET /public/index/news/index.html
[ sql ] [ DB ] CONNECT:[ UseTime:0.073174s ] mysql:dbname=qinyunone;host=www.chinlingcloud.com;port=3306;charset=utf8
[ sql ] [ SQL ] SHOW COLUMNS FROM `qy_logo` [ RunTime:0.048445s ]
[ sql ] [ SQL ] SELECT `logo_img` FROM `qy_logo` WHERE  `caro_states` = 1 [ RunTime:0.047897s ]
[ sql ] [ SQL ] SHOW COLUMNS FROM `qy_types` [ RunTime:0.048919s ]
[ sql ] [ SQL ] SELECT * FROM `qy_types` WHERE  `type_pid` = 1 ORDER BY `type_sort` [ RunTime:0.047985s ]
[ sql ] [ SQL ] SELECT * FROM `qy_types` WHERE  `type_pid` = 2 ORDER BY `type_sort` [ RunTime:0.048412s ]
[ sql ] [ SQL ] SELECT * FROM `qy_types` WHERE  `type_pid` = 10 ORDER BY `type_sort` [ RunTime:0.048356s ]
[ sql ] [ SQL ] SELECT * FROM `qy_types` WHERE  `type_pid` = 3 ORDER BY `type_sort` [ RunTime:0.048404s ]
[ sql ] [ SQL ] SELECT * FROM `qy_types` WHERE  `type_pid` = 30 [ RunTime:0.048260s ]
[ sql ] [ SQL ] SHOW COLUMNS FROM `qy_carousel` [ RunTime:0.048183s ]
[ sql ] [ SQL ] SELECT `caro_img` FROM `qy_carousel` WHERE  `caro_states` = 1  AND `pid` = 1 ORDER BY `caro_sort` LIMIT 5 [ RunTime:0.049348s ]
[ sql ] [ SQL ] SELECT `caro_img` FROM `qy_carousel` WHERE  `caro_states` = 1  AND `pid` = 4 ORDER BY `caro_sort` LIMIT 5 [ RunTime:0.048769s ]
[ sql ] [ SQL ] SELECT * FROM `qy_types` WHERE  `type_pid` = 31 [ RunTime:0.048924s ]
[ sql ] [ SQL ] SELECT * FROM `qy_types` WHERE  `type_pid` = 40 LIMIT 1 [ RunTime:0.048700s ]
[ sql ] [ SQL ] SHOW COLUMNS FROM `qy_config` [ RunTime:0.048052s ]
[ sql ] [ SQL ] SELECT * FROM `qy_config` LIMIT 1 [ RunTime:0.048232s ]
[ sql ] [ SQL ] SELECT `site`,`describe` FROM `qy_config` WHERE  `conf_id` = 1 LIMIT 1 [ RunTime:0.047971s ]
[ sql ] [ SQL ] SELECT `type_id` FROM `qy_types` WHERE  `type_name` = '招聘信息' [ RunTime:0.047835s ]
[ error ] [8]未定义数组下标: 0
---------------------------------------------------------------
[ 2018-08-15T17:13:27+08:00 ] 127.0.0.1 127.0.0.1 GET /public/index/about/show.html
[ sql ] [ DB ] CONNECT:[ UseTime:0.072762s ] mysql:dbname=qinyunone;host=www.chinlingcloud.com;port=3306;charset=utf8
[ sql ] [ SQL ] SHOW COLUMNS FROM `qy_logo` [ RunTime:0.050246s ]
[ sql ] [ SQL ] SELECT `logo_img` FROM `qy_logo` WHERE  `caro_states` = 1 [ RunTime:0.049391s ]
[ sql ] [ SQL ] SHOW COLUMNS FROM `qy_types` [ RunTime:0.050558s ]
[ sql ] [ SQL ] SELECT * FROM `qy_types` WHERE  `type_pid` = 1 ORDER BY `type_sort` [ RunTime:0.051296s ]
[ sql ] [ SQL ] SELECT * FROM `qy_types` WHERE  `type_pid` = 2 ORDER BY `type_sort` [ RunTime:0.048861s ]
[ sql ] [ SQL ] SELECT * FROM `qy_types` WHERE  `type_pid` = 10 ORDER BY `type_sort` [ RunTime:0.049798s ]
[ sql ] [ SQL ] SELECT * FROM `qy_types` WHERE  `type_pid` = 3 ORDER BY `type_sort` [ RunTime:0.053178s ]
[ sql ] [ SQL ] SELECT * FROM `qy_types` WHERE  `type_pid` = 30 [ RunTime:0.050178s ]
[ sql ] [ SQL ] SHOW COLUMNS FROM `qy_carousel` [ RunTime:0.048932s ]
[ sql ] [ SQL ] SELECT `caro_img` FROM `qy_carousel` WHERE  `caro_states` = 1  AND `pid` = 1 ORDER BY `caro_sort` LIMIT 5 [ RunTime:0.048459s ]
[ sql ] [ SQL ] SELECT `caro_img` FROM `qy_carousel` WHERE  `caro_states` = 1  AND `pid` = 4 ORDER BY `caro_sort` LIMIT 5 [ RunTime:0.048478s ]
[ sql ] [ SQL ] SELECT * FROM `qy_types` WHERE  `type_pid` = 31 [ RunTime:0.049289s ]
[ sql ] [ SQL ] SELECT * FROM `qy_types` WHERE  `type_pid` = 40 LIMIT 1 [ RunTime:0.049046s ]
[ sql ] [ SQL ] SHOW COLUMNS FROM `qy_config` [ RunTime:0.049013s ]
[ sql ] [ SQL ] SELECT * FROM `qy_config` LIMIT 1 [ RunTime:0.052822s ]
[ sql ] [ SQL ] SELECT `site`,`describe` FROM `qy_config` WHERE  `conf_id` = 1 LIMIT 1 [ RunTime:0.050104s ]
[ sql ] [ SQL ] SELECT * FROM `qy_types` WHERE  `type_id` = 3 LIMIT 1 [ RunTime:0.050961s ]
[ sql ] [ SQL ] SELECT * FROM `qy_types` WHERE  `type_pid` = 3 ORDER BY `type_sort` [ RunTime:0.050599s ]
[ sql ] [ SQL ] SELECT `type_id` FROM `qy_types` WHERE  `type_pid` = 3 ORDER BY `type_sort` LIMIT 1 [ RunTime:0.049949s ]
[ sql ] [ SQL ] SHOW COLUMNS FROM `qy_contents` [ RunTime:0.051657s ]
[ sql ] [ SQL ] SELECT * FROM `qy_contents` WHERE  `cont_pid` IS NULL  AND `cont_states` = 1 LIMIT 1 [ RunTime:0.049421s ]
---------------------------------------------------------------
[ 2018-08-15T17:13:29+08:00 ] 127.0.0.1 127.0.0.1 GET /public/index/index/index.html
[ sql ] [ DB ] CONNECT:[ UseTime:0.074779s ] mysql:dbname=qinyunone;host=www.chinlingcloud.com;port=3306;charset=utf8
[ sql ] [ SQL ] SHOW COLUMNS FROM `qy_logo` [ RunTime:0.050669s ]
[ sql ] [ SQL ] SELECT `logo_img` FROM `qy_logo` WHERE  `caro_states` = 1 [ RunTime:0.049257s ]
[ sql ] [ SQL ] SHOW COLUMNS FROM `qy_types` [ RunTime:0.050870s ]
[ sql ] [ SQL ] SELECT * FROM `qy_types` WHERE  `type_pid` = 1 ORDER BY `type_sort` [ RunTime:0.051261s ]
[ sql ] [ SQL ] SELECT * FROM `qy_types` WHERE  `type_pid` = 2 ORDER BY `type_sort` [ RunTime:0.049086s ]
[ sql ] [ SQL ] SELECT * FROM `qy_types` WHERE  `type_pid` = 10 ORDER BY `type_sort` [ RunTime:0.048976s ]
[ sql ] [ SQL ] SELECT * FROM `qy_types` WHERE  `type_pid` = 3 ORDER BY `type_sort` [ RunTime:0.049221s ]
[ sql ] [ SQL ] SELECT * FROM `qy_types` WHERE  `type_pid` = 30 [ RunTime:0.049542s ]
[ sql ] [ SQL ] SHOW COLUMNS FROM `qy_carousel` [ RunTime:0.051845s ]
[ sql ] [ SQL ] SELECT `caro_img` FROM `qy_carousel` WHERE  `caro_states` = 1  AND `pid` = 1 ORDER BY `caro_sort` LIMIT 5 [ RunTime:0.048601s ]
[ sql ] [ SQL ] SELECT `caro_img` FROM `qy_carousel` WHERE  `caro_states` = 1  AND `pid` = 4 ORDER BY `caro_sort` LIMIT 5 [ RunTime:0.050189s ]
[ sql ] [ SQL ] SELECT * FROM `qy_types` WHERE  `type_pid` = 31 [ RunTime:0.048625s ]
[ sql ] [ SQL ] SELECT * FROM `qy_types` WHERE  `type_pid` = 40 LIMIT 1 [ RunTime:0.050671s ]
[ sql ] [ SQL ] SHOW COLUMNS FROM `qy_config` [ RunTime:0.049077s ]
[ sql ] [ SQL ] SELECT * FROM `qy_config` LIMIT 1 [ RunTime:0.048996s ]
[ sql ] [ SQL ] SELECT `site`,`describe` FROM `qy_config` WHERE  `conf_id` = 1 LIMIT 1 [ RunTime:0.052023s ]
[ sql ] [ SQL ] SHOW COLUMNS FROM `qy_fwl` [ RunTime:0.050602s ]
[ sql ] [ SQL ] SELECT `fid` FROM `qy_fwl` WHERE  (  ip='127.0.0.1' ) [ RunTime:0.054686s ]
[ sql ] [ SQL ] SELECT `count` FROM `qy_fwl` WHERE  (  ip='127.0.0.1' ) [ RunTime:0.054416s ]
[ sql ] [ SQL ] SELECT `btime` FROM `qy_fwl` WHERE  (  ip='127.0.0.1' ) [ RunTime:0.054218s ]
[ sql ] [ SQL ] INSERT INTO `qy_fwl` (`btime` , `ip` , `count`) VALUES (1534324409 , '127.0.0.1' , 1) [ RunTime:0.051360s ]
[ sql ] [ SQL ] SELECT `caro_img`,`action`,`caro_name` FROM `qy_carousel` WHERE  `caro_states` = 1  AND `pid` = 2 ORDER BY `caro_sort` LIMIT 4 [ RunTime:0.049133s ]
[ sql ] [ SQL ] SELECT `caro_img`,`caro_name` FROM `qy_carousel` WHERE  `caro_states` = 1  AND `pid` = 3  AND `caro_zh` = 1 ORDER BY `caro_sort` LIMIT 5 [ RunTime:0.052097s ]
[ sql ] [ SQL ] SELECT `caro_img` FROM `qy_carousel` WHERE  `caro_states` = 1  AND `pid` = 3  AND `caro_zh` = 2 ORDER BY `caro_sort` LIMIT 5 [ RunTime:0.048691s ]
[ sql ] [ SQL ] SELECT `type_id` FROM `qy_types` WHERE  `type_name` = '首页' [ RunTime:0.048629s ]
---------------------------------------------------------------
[ 2018-08-15T17:19:48+08:00 ] 127.0.0.1 127.0.0.1 GET /public/index/news/index.html
[ sql ] [ DB ] CONNECT:[ UseTime:0.117328s ] mysql:dbname=qinyunone;host=www.chinlingcloud.com;port=3306;charset=utf8
[ sql ] [ SQL ] SHOW COLUMNS FROM `qy_logo` [ RunTime:0.049841s ]
[ sql ] [ SQL ] SELECT `logo_img` FROM `qy_logo` WHERE  `caro_states` = 1 [ RunTime:0.048922s ]
[ sql ] [ SQL ] SHOW COLUMNS FROM `qy_types` [ RunTime:0.050059s ]
[ sql ] [ SQL ] SELECT * FROM `qy_types` WHERE  `type_pid` = 1 ORDER BY `type_sort` [ RunTime:0.050963s ]
[ sql ] [ SQL ] SELECT * FROM `qy_types` WHERE  `type_pid` = 2 ORDER BY `type_sort` [ RunTime:0.049799s ]
[ sql ] [ SQL ] SELECT * FROM `qy_types` WHERE  `type_pid` = 10 ORDER BY `type_sort` [ RunTime:0.049095s ]
[ sql ] [ SQL ] SELECT * FROM `qy_types` WHERE  `type_pid` = 3 ORDER BY `type_sort` [ RunTime:0.048953s ]
[ sql ] [ SQL ] SELECT * FROM `qy_types` WHERE  `type_pid` = 30 [ RunTime:0.049367s ]
[ sql ] [ SQL ] SHOW COLUMNS FROM `qy_carousel` [ RunTime:0.049459s ]
[ sql ] [ SQL ] SELECT `caro_img` FROM `qy_carousel` WHERE  `caro_states` = 1  AND `pid` = 1 ORDER BY `caro_sort` LIMIT 5 [ RunTime:0.049050s ]
[ sql ] [ SQL ] SELECT `caro_img` FROM `qy_carousel` WHERE  `caro_states` = 1  AND `pid` = 4 ORDER BY `caro_sort` LIMIT 5 [ RunTime:0.049177s ]
[ sql ] [ SQL ] SELECT * FROM `qy_types` WHERE  `type_pid` = 31 [ RunTime:0.049391s ]
[ sql ] [ SQL ] SELECT * FROM `qy_types` WHERE  `type_pid` = 40 LIMIT 1 [ RunTime:0.049137s ]
[ sql ] [ SQL ] SHOW COLUMNS FROM `qy_config` [ RunTime:0.049150s ]
[ sql ] [ SQL ] SELECT * FROM `qy_config` LIMIT 1 [ RunTime:0.049765s ]
[ sql ] [ SQL ] SELECT `site`,`describe` FROM `qy_config` WHERE  `conf_id` = 1 LIMIT 1 [ RunTime:0.049453s ]
---------------------------------------------------------------
[ 2018-08-15T17:20:37+08:00 ] 127.0.0.1 127.0.0.1 GET /public/index/news/index.html
[ sql ] [ DB ] CONNECT:[ UseTime:0.074323s ] mysql:dbname=qinyunone;host=www.chinlingcloud.com;port=3306;charset=utf8
[ sql ] [ SQL ] SHOW COLUMNS FROM `qy_logo` [ RunTime:0.048644s ]
[ sql ] [ SQL ] SELECT `logo_img` FROM `qy_logo` WHERE  `caro_states` = 1 [ RunTime:0.048011s ]
[ sql ] [ SQL ] SHOW COLUMNS FROM `qy_types` [ RunTime:0.052130s ]
[ sql ] [ SQL ] SELECT * FROM `qy_types` WHERE  `type_pid` = 1 ORDER BY `type_sort` [ RunTime:0.051333s ]
[ sql ] [ SQL ] SELECT * FROM `qy_types` WHERE  `type_pid` = 2 ORDER BY `type_sort` [ RunTime:0.048435s ]
[ sql ] [ SQL ] SELECT * FROM `qy_types` WHERE  `type_pid` = 10 ORDER BY `type_sort` [ RunTime:0.048629s ]
[ sql ] [ SQL ] SELECT * FROM `qy_types` WHERE  `type_pid` = 3 ORDER BY `type_sort` [ RunTime:0.049047s ]
[ sql ] [ SQL ] SELECT * FROM `qy_types` WHERE  `type_pid` = 30 [ RunTime:0.049123s ]
[ sql ] [ SQL ] SHOW COLUMNS FROM `qy_carousel` [ RunTime:0.049143s ]
[ sql ] [ SQL ] SELECT `caro_img` FROM `qy_carousel` WHERE  `caro_states` = 1  AND `pid` = 1 ORDER BY `caro_sort` LIMIT 5 [ RunTime:0.048965s ]
[ sql ] [ SQL ] SELECT `caro_img` FROM `qy_carousel` WHERE  `caro_states` = 1  AND `pid` = 4 ORDER BY `caro_sort` LIMIT 5 [ RunTime:0.048538s ]
[ sql ] [ SQL ] SELECT * FROM `qy_types` WHERE  `type_pid` = 31 [ RunTime:0.048828s ]
[ sql ] [ SQL ] SELECT * FROM `qy_types` WHERE  `type_pid` = 40 LIMIT 1 [ RunTime:0.048447s ]
[ sql ] [ SQL ] SHOW COLUMNS FROM `qy_config` [ RunTime:0.048810s ]
[ sql ] [ SQL ] SELECT * FROM `qy_config` LIMIT 1 [ RunTime:0.048733s ]
[ sql ] [ SQL ] SELECT `site`,`describe` FROM `qy_config` WHERE  `conf_id` = 1 LIMIT 1 [ RunTime:0.048828s ]
---------------------------------------------------------------
[ 2018-08-15T17:23:14+08:00 ] 127.0.0.1 127.0.0.1 GET /public/index/news/index.html
[ sql ] [ DB ] CONNECT:[ UseTime:0.076626s ] mysql:dbname=qinyunone;host=www.chinlingcloud.com;port=3306;charset=utf8
[ sql ] [ SQL ] SHOW COLUMNS FROM `qy_logo` [ RunTime:0.049314s ]
[ sql ] [ SQL ] SELECT `logo_img` FROM `qy_logo` WHERE  `caro_states` = 1 [ RunTime:0.048718s ]
[ sql ] [ SQL ] SHOW COLUMNS FROM `qy_types` [ RunTime:0.048719s ]
[ sql ] [ SQL ] SELECT * FROM `qy_types` WHERE  `type_pid` = 1 ORDER BY `type_sort` [ RunTime:0.048635s ]
[ sql ] [ SQL ] SELECT * FROM `qy_types` WHERE  `type_pid` = 2 ORDER BY `type_sort` [ RunTime:0.049556s ]
[ sql ] [ SQL ] SELECT * FROM `qy_types` WHERE  `type_pid` = 10 ORDER BY `type_sort` [ RunTime:0.049136s ]
[ sql ] [ SQL ] SELECT * FROM `qy_types` WHERE  `type_pid` = 3 ORDER BY `type_sort` [ RunTime:0.048824s ]
[ sql ] [ SQL ] SELECT * FROM `qy_types` WHERE  `type_pid` = 30 [ RunTime:0.048626s ]
[ sql ] [ SQL ] SHOW COLUMNS FROM `qy_carousel` [ RunTime:0.049398s ]
[ sql ] [ SQL ] SELECT `caro_img` FROM `qy_carousel` WHERE  `caro_states` = 1  AND `pid` = 1 ORDER BY `caro_sort` LIMIT 5 [ RunTime:0.048493s ]
[ sql ] [ SQL ] SELECT `caro_img` FROM `qy_carousel` WHERE  `caro_states` = 1  AND `pid` = 4 ORDER BY `caro_sort` LIMIT 5 [ RunTime:0.052850s ]
[ sql ] [ SQL ] SELECT * FROM `qy_types` WHERE  `type_pid` = 31 [ RunTime:0.058898s ]
[ sql ] [ SQL ] SELECT * FROM `qy_types` WHERE  `type_pid` = 40 LIMIT 1 [ RunTime:0.050110s ]
[ sql ] [ SQL ] SHOW COLUMNS FROM `qy_config` [ RunTime:0.050942s ]
[ sql ] [ SQL ] SELECT * FROM `qy_config` LIMIT 1 [ RunTime:0.055184s ]
[ sql ] [ SQL ] SELECT `site`,`describe` FROM `qy_config` WHERE  `conf_id` = 1 LIMIT 1 [ RunTime:0.051999s ]
---------------------------------------------------------------
[ 2018-08-15T17:23:15+08:00 ] 127.0.0.1 127.0.0.1 GET /public/index/news/index.html
[ sql ] [ DB ] CONNECT:[ UseTime:0.070290s ] mysql:dbname=qinyunone;host=www.chinlingcloud.com;port=3306;charset=utf8
[ sql ] [ SQL ] SHOW COLUMNS FROM `qy_logo` [ RunTime:0.046038s ]
[ sql ] [ SQL ] SELECT `logo_img` FROM `qy_logo` WHERE  `caro_states` = 1 [ RunTime:0.047105s ]
[ sql ] [ SQL ] SHOW COLUMNS FROM `qy_types` [ RunTime:0.047518s ]
[ sql ] [ SQL ] SELECT * FROM `qy_types` WHERE  `type_pid` = 1 ORDER BY `type_sort` [ RunTime:0.047630s ]
[ sql ] [ SQL ] SELECT * FROM `qy_types` WHERE  `type_pid` = 2 ORDER BY `type_sort` [ RunTime:0.047369s ]
[ sql ] [ SQL ] SELECT * FROM `qy_types` WHERE  `type_pid` = 10 ORDER BY `type_sort` [ RunTime:0.047051s ]
[ sql ] [ SQL ] SELECT * FROM `qy_types` WHERE  `type_pid` = 3 ORDER BY `type_sort` [ RunTime:0.052262s ]
[ sql ] [ SQL ] SELECT * FROM `qy_types` WHERE  `type_pid` = 30 [ RunTime:0.047646s ]
[ sql ] [ SQL ] SHOW COLUMNS FROM `qy_carousel` [ RunTime:0.047551s ]
[ sql ] [ SQL ] SELECT `caro_img` FROM `qy_carousel` WHERE  `caro_states` = 1  AND `pid` = 1 ORDER BY `caro_sort` LIMIT 5 [ RunTime:0.047223s ]
[ sql ] [ SQL ] SELECT `caro_img` FROM `qy_carousel` WHERE  `caro_states` = 1  AND `pid` = 4 ORDER BY `caro_sort` LIMIT 5 [ RunTime:0.046975s ]
[ sql ] [ SQL ] SELECT * FROM `qy_types` WHERE  `type_pid` = 31 [ RunTime:0.048723s ]
[ sql ] [ SQL ] SELECT * FROM `qy_types` WHERE  `type_pid` = 40 LIMIT 1 [ RunTime:0.048048s ]
[ sql ] [ SQL ] SHOW COLUMNS FROM `qy_config` [ RunTime:0.047359s ]
[ sql ] [ SQL ] SELECT * FROM `qy_config` LIMIT 1 [ RunTime:0.048129s ]
[ sql ] [ SQL ] SELECT `site`,`describe` FROM `qy_config` WHERE  `conf_id` = 1 LIMIT 1 [ RunTime:0.047528s ]
---------------------------------------------------------------
[ 2018-08-15T17:23:19+08:00 ] 127.0.0.1 127.0.0.1 GET /public/index/news/index.html
[ sql ] [ DB ] CONNECT:[ UseTime:0.083686s ] mysql:dbname=qinyunone;host=www.chinlingcloud.com;port=3306;charset=utf8
[ sql ] [ SQL ] SHOW COLUMNS FROM `qy_logo` [ RunTime:0.054623s ]
[ sql ] [ SQL ] SELECT `logo_img` FROM `qy_logo` WHERE  `caro_states` = 1 [ RunTime:0.050357s ]
[ sql ] [ SQL ] SHOW COLUMNS FROM `qy_types` [ RunTime:0.048662s ]
[ sql ] [ SQL ] SELECT * FROM `qy_types` WHERE  `type_pid` = 1 ORDER BY `type_sort` [ RunTime:0.049990s ]
[ sql ] [ SQL ] SELECT * FROM `qy_types` WHERE  `type_pid` = 2 ORDER BY `type_sort` [ RunTime:0.048617s ]
[ sql ] [ SQL ] SELECT * FROM `qy_types` WHERE  `type_pid` = 10 ORDER BY `type_sort` [ RunTime:0.048573s ]
[ sql ] [ SQL ] SELECT * FROM `qy_types` WHERE  `type_pid` = 3 ORDER BY `type_sort` [ RunTime:0.048727s ]
[ sql ] [ SQL ] SELECT * FROM `qy_types` WHERE  `type_pid` = 30 [ RunTime:0.049081s ]
[ sql ] [ SQL ] SHOW COLUMNS FROM `qy_carousel` [ RunTime:0.048900s ]
[ sql ] [ SQL ] SELECT `caro_img` FROM `qy_carousel` WHERE  `caro_states` = 1  AND `pid` = 1 ORDER BY `caro_sort` LIMIT 5 [ RunTime:0.048765s ]
[ sql ] [ SQL ] SELECT `caro_img` FROM `qy_carousel` WHERE  `caro_states` = 1  AND `pid` = 4 ORDER BY `caro_sort` LIMIT 5 [ RunTime:0.049295s ]
[ sql ] [ SQL ] SELECT * FROM `qy_types` WHERE  `type_pid` = 31 [ RunTime:0.050467s ]
[ sql ] [ SQL ] SELECT * FROM `qy_types` WHERE  `type_pid` = 40 LIMIT 1 [ RunTime:0.048735s ]
[ sql ] [ SQL ] SHOW COLUMNS FROM `qy_config` [ RunTime:0.049565s ]
[ sql ] [ SQL ] SELECT * FROM `qy_config` LIMIT 1 [ RunTime:0.048633s ]
[ sql ] [ SQL ] SELECT `site`,`describe` FROM `qy_config` WHERE  `conf_id` = 1 LIMIT 1 [ RunTime:0.050023s ]
---------------------------------------------------------------
[ 2018-08-15T17:23:33+08:00 ] 127.0.0.1 127.0.0.1 GET /public/index/index/index.html
[ sql ] [ DB ] CONNECT:[ UseTime:0.078322s ] mysql:dbname=qinyunone;host=www.chinlingcloud.com;port=3306;charset=utf8
[ sql ] [ SQL ] SHOW COLUMNS FROM `qy_logo` [ RunTime:0.056010s ]
[ sql ] [ SQL ] SELECT `logo_img` FROM `qy_logo` WHERE  `caro_states` = 1 [ RunTime:0.063549s ]
[ sql ] [ SQL ] SHOW COLUMNS FROM `qy_types` [ RunTime:0.059022s ]
[ sql ] [ SQL ] SELECT * FROM `qy_types` WHERE  `type_pid` = 1 ORDER BY `type_sort` [ RunTime:0.277319s ]
[ sql ] [ SQL ] SELECT * FROM `qy_types` WHERE  `type_pid` = 2 ORDER BY `type_sort` [ RunTime:0.729449s ]
[ sql ] [ SQL ] SELECT * FROM `qy_types` WHERE  `type_pid` = 10 ORDER BY `type_sort` [ RunTime:0.049732s ]
[ sql ] [ SQL ] SELECT * FROM `qy_types` WHERE  `type_pid` = 3 ORDER BY `type_sort` [ RunTime:0.050113s ]
[ sql ] [ SQL ] SELECT * FROM `qy_types` WHERE  `type_pid` = 30 [ RunTime:0.049492s ]
[ sql ] [ SQL ] SHOW COLUMNS FROM `qy_carousel` [ RunTime:0.049987s ]
[ sql ] [ SQL ] SELECT `caro_img` FROM `qy_carousel` WHERE  `caro_states` = 1  AND `pid` = 1 ORDER BY `caro_sort` LIMIT 5 [ RunTime:0.049702s ]
[ sql ] [ SQL ] SELECT `caro_img` FROM `qy_carousel` WHERE  `caro_states` = 1  AND `pid` = 4 ORDER BY `caro_sort` LIMIT 5 [ RunTime:0.049458s ]
[ sql ] [ SQL ] SELECT * FROM `qy_types` WHERE  `type_pid` = 31 [ RunTime:0.051402s ]
[ sql ] [ SQL ] SELECT * FROM `qy_types` WHERE  `type_pid` = 40 LIMIT 1 [ RunTime:0.050068s ]
[ sql ] [ SQL ] SHOW COLUMNS FROM `qy_config` [ RunTime:0.059140s ]
[ sql ] [ SQL ] SELECT * FROM `qy_config` LIMIT 1 [ RunTime:0.055498s ]
[ sql ] [ SQL ] SELECT `site`,`describe` FROM `qy_config` WHERE  `conf_id` = 1 LIMIT 1 [ RunTime:0.054969s ]
[ sql ] [ SQL ] SHOW COLUMNS FROM `qy_fwl` [ RunTime:0.049365s ]
[ sql ] [ SQL ] SELECT `fid` FROM `qy_fwl` WHERE  (  ip='127.0.0.1' ) [ RunTime:0.107829s ]
[ sql ] [ SQL ] SELECT `count` FROM `qy_fwl` WHERE  (  ip='127.0.0.1' ) [ RunTime:0.356380s ]
[ sql ] [ SQL ] SELECT `btime` FROM `qy_fwl` WHERE  (  ip='127.0.0.1' ) [ RunTime:0.783432s ]
[ sql ] [ SQL ] INSERT INTO `qy_fwl` (`btime` , `ip` , `count`) VALUES (1534325012 , '127.0.0.1' , 1) [ RunTime:0.051132s ]
[ sql ] [ SQL ] SELECT `caro_img`,`action`,`caro_name` FROM `qy_carousel` WHERE  `caro_states` = 1  AND `pid` = 2 ORDER BY `caro_sort` LIMIT 4 [ RunTime:0.052234s ]
[ sql ] [ SQL ] SELECT `caro_img`,`caro_name` FROM `qy_carousel` WHERE  `caro_states` = 1  AND `pid` = 3  AND `caro_zh` = 1 ORDER BY `caro_sort` LIMIT 5 [ RunTime:0.049505s ]
[ sql ] [ SQL ] SELECT `caro_img` FROM `qy_carousel` WHERE  `caro_states` = 1  AND `pid` = 3  AND `caro_zh` = 2 ORDER BY `caro_sort` LIMIT 5 [ RunTime:0.049480s ]
[ sql ] [ SQL ] SELECT `type_id` FROM `qy_types` WHERE  `type_name` = '首页' [ RunTime:0.051196s ]
---------------------------------------------------------------
[ 2018-08-15T17:23:48+08:00 ] 127.0.0.1 127.0.0.1 GET /public/index/about/show.html
[ sql ] [ DB ] CONNECT:[ UseTime:0.076566s ] mysql:dbname=qinyunone;host=www.chinlingcloud.com;port=3306;charset=utf8
[ sql ] [ SQL ] SHOW COLUMNS FROM `qy_logo` [ RunTime:0.057319s ]
[ sql ] [ SQL ] SELECT `logo_img` FROM `qy_logo` WHERE  `caro_states` = 1 [ RunTime:0.055885s ]
[ sql ] [ SQL ] SHOW COLUMNS FROM `qy_types` [ RunTime:0.056079s ]
[ sql ] [ SQL ] SELECT * FROM `qy_types` WHERE  `type_pid` = 1 ORDER BY `type_sort` [ RunTime:0.047968s ]
[ sql ] [ SQL ] SELECT * FROM `qy_types` WHERE  `type_pid` = 2 ORDER BY `type_sort` [ RunTime:0.047239s ]
[ sql ] [ SQL ] SELECT * FROM `qy_types` WHERE  `type_pid` = 10 ORDER BY `type_sort` [ RunTime:0.046358s ]
[ sql ] [ SQL ] SELECT * FROM `qy_types` WHERE  `type_pid` = 3 ORDER BY `type_sort` [ RunTime:0.046199s ]
[ sql ] [ SQL ] SELECT * FROM `qy_types` WHERE  `type_pid` = 30 [ RunTime:0.047535s ]
[ sql ] [ SQL ] SHOW COLUMNS FROM `qy_carousel` [ RunTime:0.047950s ]
[ sql ] [ SQL ] SELECT `caro_img` FROM `qy_carousel` WHERE  `caro_states` = 1  AND `pid` = 1 ORDER BY `caro_sort` LIMIT 5 [ RunTime:0.046042s ]
[ sql ] [ SQL ] SELECT `caro_img` FROM `qy_carousel` WHERE  `caro_states` = 1  AND `pid` = 4 ORDER BY `caro_sort` LIMIT 5 [ RunTime:0.045269s ]
[ sql ] [ SQL ] SELECT * FROM `qy_types` WHERE  `type_pid` = 31 [ RunTime:0.045909s ]
[ sql ] [ SQL ] SELECT * FROM `qy_types` WHERE  `type_pid` = 40 LIMIT 1 [ RunTime:0.045863s ]
[ sql ] [ SQL ] SHOW COLUMNS FROM `qy_config` [ RunTime:0.045988s ]
[ sql ] [ SQL ] SELECT * FROM `qy_config` LIMIT 1 [ RunTime:0.045425s ]
[ sql ] [ SQL ] SELECT `site`,`describe` FROM `qy_config` WHERE  `conf_id` = 1 LIMIT 1 [ RunTime:0.045539s ]
[ sql ] [ SQL ] SELECT * FROM `qy_types` WHERE  `type_id` = 3 LIMIT 1 [ RunTime:0.045643s ]
[ sql ] [ SQL ] SELECT * FROM `qy_types` WHERE  `type_pid` = 3 ORDER BY `type_sort` [ RunTime:0.045615s ]
[ sql ] [ SQL ] SELECT `type_id` FROM `qy_types` WHERE  `type_pid` = 3 ORDER BY `type_sort` LIMIT 1 [ RunTime:0.045941s ]
[ sql ] [ SQL ] SHOW COLUMNS FROM `qy_contents` [ RunTime:0.047014s ]
[ sql ] [ SQL ] SELECT * FROM `qy_contents` WHERE  `cont_pid` IS NULL  AND `cont_states` = 1 LIMIT 1 [ RunTime:0.045455s ]
---------------------------------------------------------------
[ 2018-08-15T17:25:37+08:00 ] 127.0.0.1 127.0.0.1 GET /public/index/news/index.html
[ sql ] [ DB ] CONNECT:[ UseTime:0.075090s ] mysql:dbname=qinyunone;host=www.chinlingcloud.com;port=3306;charset=utf8
[ sql ] [ SQL ] SHOW COLUMNS FROM `qy_logo` [ RunTime:0.048518s ]
[ sql ] [ SQL ] SELECT `logo_img` FROM `qy_logo` WHERE  `caro_states` = 1 [ RunTime:0.048469s ]
[ sql ] [ SQL ] SHOW COLUMNS FROM `qy_types` [ RunTime:0.048895s ]
[ sql ] [ SQL ] SELECT * FROM `qy_types` WHERE  `type_pid` = 1 ORDER BY `type_sort` [ RunTime:0.048100s ]
[ sql ] [ SQL ] SELECT * FROM `qy_types` WHERE  `type_pid` = 2 ORDER BY `type_sort` [ RunTime:0.048760s ]
[ sql ] [ SQL ] SELECT * FROM `qy_types` WHERE  `type_pid` = 10 ORDER BY `type_sort` [ RunTime:0.049073s ]
[ sql ] [ SQL ] SELECT * FROM `qy_types` WHERE  `type_pid` = 3 ORDER BY `type_sort` [ RunTime:0.048877s ]
[ sql ] [ SQL ] SELECT * FROM `qy_types` WHERE  `type_pid` = 30 [ RunTime:0.048899s ]
[ sql ] [ SQL ] SHOW COLUMNS FROM `qy_carousel` [ RunTime:0.048688s ]
[ sql ] [ SQL ] SELECT `caro_img` FROM `qy_carousel` WHERE  `caro_states` = 1  AND `pid` = 1 ORDER BY `caro_sort` LIMIT 5 [ RunTime:0.048547s ]
[ sql ] [ SQL ] SELECT `caro_img` FROM `qy_carousel` WHERE  `caro_states` = 1  AND `pid` = 4 ORDER BY `caro_sort` LIMIT 5 [ RunTime:0.049022s ]
[ sql ] [ SQL ] SELECT * FROM `qy_types` WHERE  `type_pid` = 31 [ RunTime:0.049324s ]
[ sql ] [ SQL ] SELECT * FROM `qy_types` WHERE  `type_pid` = 40 LIMIT 1 [ RunTime:0.048473s ]
[ sql ] [ SQL ] SHOW COLUMNS FROM `qy_config` [ RunTime:0.048960s ]
[ sql ] [ SQL ] SELECT * FROM `qy_config` LIMIT 1 [ RunTime:0.048133s ]
[ sql ] [ SQL ] SELECT `site`,`describe` FROM `qy_config` WHERE  `conf_id` = 1 LIMIT 1 [ RunTime:0.048295s ]
---------------------------------------------------------------
[ 2018-08-15T17:26:07+08:00 ] 127.0.0.1 127.0.0.1 GET /public/index/about/show.html
[ sql ] [ DB ] CONNECT:[ UseTime:0.082511s ] mysql:dbname=qinyunone;host=www.chinlingcloud.com;port=3306;charset=utf8
[ sql ] [ SQL ] SHOW COLUMNS FROM `qy_logo` [ RunTime:0.052605s ]
[ sql ] [ SQL ] SELECT `logo_img` FROM `qy_logo` WHERE  `caro_states` = 1 [ RunTime:0.051503s ]
[ sql ] [ SQL ] SHOW COLUMNS FROM `qy_types` [ RunTime:0.051567s ]
[ sql ] [ SQL ] SELECT * FROM `qy_types` WHERE  `type_pid` = 1 ORDER BY `type_sort` [ RunTime:0.051589s ]
[ sql ] [ SQL ] SELECT * FROM `qy_types` WHERE  `type_pid` = 2 ORDER BY `type_sort` [ RunTime:0.051177s ]
[ sql ] [ SQL ] SELECT * FROM `qy_types` WHERE  `type_pid` = 10 ORDER BY `type_sort` [ RunTime:0.054100s ]
[ sql ] [ SQL ] SELECT * FROM `qy_types` WHERE  `type_pid` = 3 ORDER BY `type_sort` [ RunTime:0.051755s ]
[ sql ] [ SQL ] SELECT * FROM `qy_types` WHERE  `type_pid` = 30 [ RunTime:0.051625s ]
[ sql ] [ SQL ] SHOW COLUMNS FROM `qy_carousel` [ RunTime:0.053603s ]
[ sql ] [ SQL ] SELECT `caro_img` FROM `qy_carousel` WHERE  `caro_states` = 1  AND `pid` = 1 ORDER BY `caro_sort` LIMIT 5 [ RunTime:0.053834s ]
[ sql ] [ SQL ] SELECT `caro_img` FROM `qy_carousel` WHERE  `caro_states` = 1  AND `pid` = 4 ORDER BY `caro_sort` LIMIT 5 [ RunTime:0.052063s ]
[ sql ] [ SQL ] SELECT * FROM `qy_types` WHERE  `type_pid` = 31 [ RunTime:0.051920s ]
[ sql ] [ SQL ] SELECT * FROM `qy_types` WHERE  `type_pid` = 40 LIMIT 1 [ RunTime:0.053164s ]
[ sql ] [ SQL ] SHOW COLUMNS FROM `qy_config` [ RunTime:0.051557s ]
[ sql ] [ SQL ] SELECT * FROM `qy_config` LIMIT 1 [ RunTime:0.052185s ]
[ sql ] [ SQL ] SELECT `site`,`describe` FROM `qy_config` WHERE  `conf_id` = 1 LIMIT 1 [ RunTime:0.051287s ]
[ sql ] [ SQL ] SELECT * FROM `qy_types` WHERE  `type_id` = 3 LIMIT 1 [ RunTime:0.053688s ]
[ sql ] [ SQL ] SELECT * FROM `qy_types` WHERE  `type_pid` = 3 ORDER BY `type_sort` [ RunTime:0.051297s ]
[ sql ] [ SQL ] SELECT `type_id` FROM `qy_types` WHERE  `type_pid` = 3 ORDER BY `type_sort` LIMIT 1 [ RunTime:0.051417s ]
[ sql ] [ SQL ] SHOW COLUMNS FROM `qy_contents` [ RunTime:0.051481s ]
[ sql ] [ SQL ] SELECT * FROM `qy_contents` WHERE  `cont_pid` IS NULL  AND `cont_states` = 1 LIMIT 1 [ RunTime:0.051480s ]
---------------------------------------------------------------
[ 2018-08-15T17:26:09+08:00 ] 127.0.0.1 127.0.0.1 GET /public/index/news/index.html
[ sql ] [ DB ] CONNECT:[ UseTime:0.073160s ] mysql:dbname=qinyunone;host=www.chinlingcloud.com;port=3306;charset=utf8
[ sql ] [ SQL ] SHOW COLUMNS FROM `qy_logo` [ RunTime:0.048698s ]
[ sql ] [ SQL ] SELECT `logo_img` FROM `qy_logo` WHERE  `caro_states` = 1 [ RunTime:0.048460s ]
[ sql ] [ SQL ] SHOW COLUMNS FROM `qy_types` [ RunTime:0.048752s ]
[ sql ] [ SQL ] SELECT * FROM `qy_types` WHERE  `type_pid` = 1 ORDER BY `type_sort` [ RunTime:0.049035s ]
[ sql ] [ SQL ] SELECT * FROM `qy_types` WHERE  `type_pid` = 2 ORDER BY `type_sort` [ RunTime:0.048611s ]
[ sql ] [ SQL ] SELECT * FROM `qy_types` WHERE  `type_pid` = 10 ORDER BY `type_sort` [ RunTime:0.049449s ]
[ sql ] [ SQL ] SELECT * FROM `qy_types` WHERE  `type_pid` = 3 ORDER BY `type_sort` [ RunTime:0.048416s ]
[ sql ] [ SQL ] SELECT * FROM `qy_types` WHERE  `type_pid` = 30 [ RunTime:0.048543s ]
[ sql ] [ SQL ] SHOW COLUMNS FROM `qy_carousel` [ RunTime:0.048527s ]
[ sql ] [ SQL ] SELECT `caro_img` FROM `qy_carousel` WHERE  `caro_states` = 1  AND `pid` = 1 ORDER BY `caro_sort` LIMIT 5 [ RunTime:0.049564s ]
[ sql ] [ SQL ] SELECT `caro_img` FROM `qy_carousel` WHERE  `caro_states` = 1  AND `pid` = 4 ORDER BY `caro_sort` LIMIT 5 [ RunTime:0.048575s ]
[ sql ] [ SQL ] SELECT * FROM `qy_types` WHERE  `type_pid` = 31 [ RunTime:0.048369s ]
[ sql ] [ SQL ] SELECT * FROM `qy_types` WHERE  `type_pid` = 40 LIMIT 1 [ RunTime:0.049312s ]
[ sql ] [ SQL ] SHOW COLUMNS FROM `qy_config` [ RunTime:0.048699s ]
[ sql ] [ SQL ] SELECT * FROM `qy_config` LIMIT 1 [ RunTime:0.050019s ]
[ sql ] [ SQL ] SELECT `site`,`describe` FROM `qy_config` WHERE  `conf_id` = 1 LIMIT 1 [ RunTime:0.048425s ]
---------------------------------------------------------------
[ 2018-08-15T17:27:50+08:00 ] 127.0.0.1 127.0.0.1 GET /public/index/news/index.html
[ sql ] [ DB ] CONNECT:[ UseTime:0.075140s ] mysql:dbname=qinyunone;host=www.chinlingcloud.com;port=3306;charset=utf8
[ sql ] [ SQL ] SHOW COLUMNS FROM `qy_logo` [ RunTime:0.049790s ]
[ sql ] [ SQL ] SELECT `logo_img` FROM `qy_logo` WHERE  `caro_states` = 1 [ RunTime:0.052417s ]
[ sql ] [ SQL ] SHOW COLUMNS FROM `qy_types` [ RunTime:0.049372s ]
[ sql ] [ SQL ] SELECT * FROM `qy_types` WHERE  `type_pid` = 1 ORDER BY `type_sort` [ RunTime:0.051104s ]
[ sql ] [ SQL ] SELECT * FROM `qy_types` WHERE  `type_pid` = 2 ORDER BY `type_sort` [ RunTime:0.049132s ]
[ sql ] [ SQL ] SELECT * FROM `qy_types` WHERE  `type_pid` = 10 ORDER BY `type_sort` [ RunTime:0.049428s ]
[ sql ] [ SQL ] SELECT * FROM `qy_types` WHERE  `type_pid` = 3 ORDER BY `type_sort` [ RunTime:0.049202s ]
[ sql ] [ SQL ] SELECT * FROM `qy_types` WHERE  `type_pid` = 30 [ RunTime:0.050395s ]
[ sql ] [ SQL ] SHOW COLUMNS FROM `qy_carousel` [ RunTime:0.049204s ]
[ sql ] [ SQL ] SELECT `caro_img` FROM `qy_carousel` WHERE  `caro_states` = 1  AND `pid` = 1 ORDER BY `caro_sort` LIMIT 5 [ RunTime:0.049308s ]
[ sql ] [ SQL ] SELECT `caro_img` FROM `qy_carousel` WHERE  `caro_states` = 1  AND `pid` = 4 ORDER BY `caro_sort` LIMIT 5 [ RunTime:0.050927s ]
[ sql ] [ SQL ] SELECT * FROM `qy_types` WHERE  `type_pid` = 31 [ RunTime:0.049146s ]
[ sql ] [ SQL ] SELECT * FROM `qy_types` WHERE  `type_pid` = 40 LIMIT 1 [ RunTime:0.052431s ]
[ sql ] [ SQL ] SHOW COLUMNS FROM `qy_config` [ RunTime:0.050520s ]
[ sql ] [ SQL ] SELECT * FROM `qy_config` LIMIT 1 [ RunTime:0.048962s ]
[ sql ] [ SQL ] SELECT `site`,`describe` FROM `qy_config` WHERE  `conf_id` = 1 LIMIT 1 [ RunTime:0.049323s ]
---------------------------------------------------------------
[ 2018-08-15T17:28:35+08:00 ] 127.0.0.1 127.0.0.1 GET /public/index/about/show.html
[ sql ] [ DB ] CONNECT:[ UseTime:0.077418s ] mysql:dbname=qinyunone;host=www.chinlingcloud.com;port=3306;charset=utf8
[ sql ] [ SQL ] SHOW COLUMNS FROM `qy_logo` [ RunTime:0.049208s ]
[ sql ] [ SQL ] SELECT `logo_img` FROM `qy_logo` WHERE  `caro_states` = 1 [ RunTime:0.048454s ]
[ sql ] [ SQL ] SHOW COLUMNS FROM `qy_types` [ RunTime:0.048927s ]
[ sql ] [ SQL ] SELECT * FROM `qy_types` WHERE  `type_pid` = 1 ORDER BY `type_sort` [ RunTime:0.049998s ]
[ sql ] [ SQL ] SELECT * FROM `qy_types` WHERE  `type_pid` = 2 ORDER BY `type_sort` [ RunTime:0.052039s ]
[ sql ] [ SQL ] SELECT * FROM `qy_types` WHERE  `type_pid` = 10 ORDER BY `type_sort` [ RunTime:0.049673s ]
[ sql ] [ SQL ] SELECT * FROM `qy_types` WHERE  `type_pid` = 3 ORDER BY `type_sort` [ RunTime:0.048904s ]
[ sql ] [ SQL ] SELECT * FROM `qy_types` WHERE  `type_pid` = 30 [ RunTime:0.048895s ]
[ sql ] [ SQL ] SHOW COLUMNS FROM `qy_carousel` [ RunTime:0.049432s ]
[ sql ] [ SQL ] SELECT `caro_img` FROM `qy_carousel` WHERE  `caro_states` = 1  AND `pid` = 1 ORDER BY `caro_sort` LIMIT 5 [ RunTime:0.050298s ]
[ sql ] [ SQL ] SELECT `caro_img` FROM `qy_carousel` WHERE  `caro_states` = 1  AND `pid` = 4 ORDER BY `caro_sort` LIMIT 5 [ RunTime:0.048803s ]
[ sql ] [ SQL ] SELECT * FROM `qy_types` WHERE  `type_pid` = 31 [ RunTime:0.048762s ]
[ sql ] [ SQL ] SELECT * FROM `qy_types` WHERE  `type_pid` = 40 LIMIT 1 [ RunTime:0.048516s ]
[ sql ] [ SQL ] SHOW COLUMNS FROM `qy_config` [ RunTime:0.049009s ]
[ sql ] [ SQL ] SELECT * FROM `qy_config` LIMIT 1 [ RunTime:0.051021s ]
[ sql ] [ SQL ] SELECT `site`,`describe` FROM `qy_config` WHERE  `conf_id` = 1 LIMIT 1 [ RunTime:0.049371s ]
[ sql ] [ SQL ] SELECT * FROM `qy_types` WHERE  `type_id` = 3 LIMIT 1 [ RunTime:0.051211s ]
[ sql ] [ SQL ] SELECT * FROM `qy_types` WHERE  `type_pid` = 3 ORDER BY `type_sort` [ RunTime:0.048877s ]
[ sql ] [ SQL ] SELECT `type_id` FROM `qy_types` WHERE  `type_pid` = 3 ORDER BY `type_sort` LIMIT 1 [ RunTime:0.051018s ]
[ sql ] [ SQL ] SHOW COLUMNS FROM `qy_contents` [ RunTime:0.051162s ]
[ sql ] [ SQL ] SELECT * FROM `qy_contents` WHERE  `cont_pid` IS NULL  AND `cont_states` = 1 LIMIT 1 [ RunTime:0.050126s ]
