---------------------------------------------------------------
[ 2018-08-29T16:48:12+08:00 ] 127.0.0.1 127.0.0.1 GET /
[ sql ] [ DB ] CONNECT:[ UseTime:0.012972s ] mysql:dbname=chinling;host=127.0.0.1;port=3306;charset=utf8
[ sql ] [ SQL ] SHOW COLUMNS FROM `qy_logo` [ RunTime:0.055148s ]
[ sql ] [ SQL ] SELECT `logo_img` FROM `qy_logo` WHERE  `caro_states` = 1 [ RunTime:0.000757s ]
[ sql ] [ SQL ] SHOW COLUMNS FROM `qy_types` [ RunTime:0.046170s ]
[ sql ] [ SQL ] SELECT * FROM `qy_types` WHERE  `type_pid` = 1 ORDER BY `type_sort` [ RunTime:0.000699s ]
[ sql ] [ SQL ] SELECT * FROM `qy_types` WHERE  `type_pid` = 2 ORDER BY `type_sort` [ RunTime:0.000559s ]
[ sql ] [ SQL ] SELECT * FROM `qy_types` WHERE  `type_pid` = 10 ORDER BY `type_sort` [ RunTime:0.000494s ]
[ sql ] [ SQL ] SELECT * FROM `qy_types` WHERE  `type_pid` = 3 ORDER BY `type_sort` [ RunTime:0.000495s ]
[ sql ] [ SQL ] SELECT * FROM `qy_types` WHERE  `type_pid` = 30 [ RunTime:0.000495s ]
[ sql ] [ SQL ] SHOW COLUMNS FROM `qy_carousel` [ RunTime:0.044038s ]
[ sql ] [ SQL ] SELECT `caro_img` FROM `qy_carousel` WHERE  `caro_states` = 1  AND `pid` = 1 ORDER BY `caro_sort` LIMIT 5 [ RunTime:0.000346s ]
[ sql ] [ SQL ] SELECT `caro_img` FROM `qy_carousel` WHERE  `caro_states` = 1  AND `pid` = 4 ORDER BY `caro_sort` LIMIT 5 [ RunTime:0.000263s ]
[ sql ] [ SQL ] SELECT * FROM `qy_types` WHERE  `type_pid` = 31 [ RunTime:0.000275s ]
[ sql ] [ SQL ] SELECT * FROM `qy_types` WHERE  `type_pid` = 40 LIMIT 1 [ RunTime:0.000263s ]
[ sql ] [ SQL ] SHOW COLUMNS FROM `qy_config` [ RunTime:0.030483s ]
[ sql ] [ SQL ] SELECT * FROM `qy_config` LIMIT 1 [ RunTime:0.000281s ]
[ sql ] [ SQL ] SELECT `site`,`describe` FROM `qy_config` WHERE  `conf_id` = 1 LIMIT 1 [ RunTime:0.000253s ]
[ sql ] [ SQL ] SHOW COLUMNS FROM `qy_fwl` [ RunTime:0.044499s ]
[ sql ] [ SQL ] SELECT `fid` FROM `qy_fwl` WHERE  (  ip='127.0.0.1' ) [ RunTime:0.010640s ]
[ sql ] [ SQL ] SELECT `count` FROM `qy_fwl` WHERE  (  ip='127.0.0.1' ) [ RunTime:0.005285s ]
[ sql ] [ SQL ] SELECT `btime` FROM `qy_fwl` WHERE  (  ip='127.0.0.1' ) [ RunTime:0.005069s ]
[ sql ] [ SQL ] INSERT INTO `qy_fwl` (`btime` , `ip` , `count`) VALUES (1535532491 , '127.0.0.1' , 1) [ RunTime:0.199919s ]
[ sql ] [ SQL ] SELECT `caro_img`,`action`,`caro_name` FROM `qy_carousel` WHERE  `caro_states` = 1  AND `pid` = 2 ORDER BY `caro_sort` LIMIT 4 [ RunTime:0.000709s ]
[ sql ] [ SQL ] SELECT `caro_img`,`caro_name` FROM `qy_carousel` WHERE  `caro_states` = 1  AND `pid` = 3  AND `caro_zh` = 1 ORDER BY `caro_sort` LIMIT 5 [ RunTime:0.000620s ]
[ sql ] [ SQL ] SELECT `caro_img` FROM `qy_carousel` WHERE  `caro_states` = 1  AND `pid` = 3  AND `caro_zh` = 2 ORDER BY `caro_sort` LIMIT 5 [ RunTime:0.000564s ]
[ sql ] [ SQL ] SELECT `type_id` FROM `qy_types` WHERE  `type_name` = '首页' [ RunTime:0.000405s ]
---------------------------------------------------------------
[ 2018-08-29T16:49:34+08:00 ] 127.0.0.1 127.0.0.1 GET /
[ sql ] [ DB ] CONNECT:[ UseTime:0.003186s ] mysql:dbname=chinling;host=127.0.0.1;port=3306;charset=utf8
[ sql ] [ SQL ] SHOW COLUMNS FROM `qy_logo` [ RunTime:0.013546s ]
[ sql ] [ SQL ] SELECT `logo_img` FROM `qy_logo` WHERE  `caro_states` = 1 [ RunTime:0.000274s ]
[ sql ] [ SQL ] SHOW COLUMNS FROM `qy_types` [ RunTime:0.015335s ]
[ sql ] [ SQL ] SELECT * FROM `qy_types` WHERE  `type_pid` = 1 ORDER BY `type_sort` [ RunTime:0.000654s ]
[ sql ] [ SQL ] SELECT * FROM `qy_types` WHERE  `type_pid` = 2 ORDER BY `type_sort` [ RunTime:0.000522s ]
[ sql ] [ SQL ] SELECT * FROM `qy_types` WHERE  `type_pid` = 10 ORDER BY `type_sort` [ RunTime:0.000495s ]
[ sql ] [ SQL ] SELECT * FROM `qy_types` WHERE  `type_pid` = 3 ORDER BY `type_sort` [ RunTime:0.000488s ]
[ sql ] [ SQL ] SELECT * FROM `qy_types` WHERE  `type_pid` = 30 [ RunTime:0.000493s ]
[ sql ] [ SQL ] SHOW COLUMNS FROM `qy_carousel` [ RunTime:0.018120s ]
[ sql ] [ SQL ] SELECT `caro_img` FROM `qy_carousel` WHERE  `caro_states` = 1  AND `pid` = 1 ORDER BY `caro_sort` LIMIT 5 [ RunTime:0.000527s ]
[ sql ] [ SQL ] SELECT `caro_img` FROM `qy_carousel` WHERE  `caro_states` = 1  AND `pid` = 4 ORDER BY `caro_sort` LIMIT 5 [ RunTime:0.000438s ]
[ sql ] [ SQL ] SELECT * FROM `qy_types` WHERE  `type_pid` = 31 [ RunTime:0.000477s ]
[ sql ] [ SQL ] SELECT * FROM `qy_types` WHERE  `type_pid` = 40 LIMIT 1 [ RunTime:0.000441s ]
[ sql ] [ SQL ] SHOW COLUMNS FROM `qy_config` [ RunTime:0.012913s ]
[ sql ] [ SQL ] SELECT * FROM `qy_config` LIMIT 1 [ RunTime:0.000284s ]
[ sql ] [ SQL ] SELECT `site`,`describe` FROM `qy_config` WHERE  `conf_id` = 1 LIMIT 1 [ RunTime:0.000208s ]
[ sql ] [ SQL ] SHOW COLUMNS FROM `qy_fwl` [ RunTime:0.013680s ]
[ sql ] [ SQL ] SELECT `fid` FROM `qy_fwl` WHERE  (  ip='127.0.0.1' ) [ RunTime:0.008316s ]
[ sql ] [ SQL ] SELECT `count` FROM `qy_fwl` WHERE  (  ip='127.0.0.1' ) [ RunTime:0.003375s ]
[ sql ] [ SQL ] SELECT `btime` FROM `qy_fwl` WHERE  (  ip='127.0.0.1' ) [ RunTime:0.003321s ]
[ sql ] [ SQL ] INSERT INTO `qy_fwl` (`btime` , `ip` , `count`) VALUES (1535532574 , '127.0.0.1' , 1) [ RunTime:0.146602s ]
[ sql ] [ SQL ] SELECT `caro_img`,`action`,`caro_name` FROM `qy_carousel` WHERE  `caro_states` = 1  AND `pid` = 2 ORDER BY `caro_sort` LIMIT 4 [ RunTime:0.000661s ]
[ sql ] [ SQL ] SELECT `caro_img`,`caro_name` FROM `qy_carousel` WHERE  `caro_states` = 1  AND `pid` = 3  AND `caro_zh` = 1 ORDER BY `caro_sort` LIMIT 5 [ RunTime:0.000608s ]
[ sql ] [ SQL ] SELECT `caro_img` FROM `qy_carousel` WHERE  `caro_states` = 1  AND `pid` = 3  AND `caro_zh` = 2 ORDER BY `caro_sort` LIMIT 5 [ RunTime:0.000599s ]
[ sql ] [ SQL ] SELECT `type_id` FROM `qy_types` WHERE  `type_name` = '首页' [ RunTime:0.000453s ]
---------------------------------------------------------------
[ 2018-08-29T16:55:23+08:00 ] 127.0.0.1 127.0.0.1 GET /
[ sql ] [ DB ] CONNECT:[ UseTime:0.001302s ] mysql:dbname=chinling;host=127.0.0.1;port=3306;charset=utf8
[ sql ] [ SQL ] SHOW COLUMNS FROM `qy_logo` [ RunTime:0.049257s ]
[ sql ] [ SQL ] SELECT `logo_img` FROM `qy_logo` WHERE  `caro_states` = 1 [ RunTime:0.000253s ]
[ sql ] [ SQL ] SHOW COLUMNS FROM `qy_types` [ RunTime:0.051970s ]
[ sql ] [ SQL ] SELECT * FROM `qy_types` WHERE  `type_pid` = 1 ORDER BY `type_sort` [ RunTime:0.000742s ]
[ sql ] [ SQL ] SELECT * FROM `qy_types` WHERE  `type_pid` = 2 ORDER BY `type_sort` [ RunTime:0.000523s ]
[ sql ] [ SQL ] SELECT * FROM `qy_types` WHERE  `type_pid` = 10 ORDER BY `type_sort` [ RunTime:0.000451s ]
[ sql ] [ SQL ] SELECT * FROM `qy_types` WHERE  `type_pid` = 3 ORDER BY `type_sort` [ RunTime:0.000432s ]
[ sql ] [ SQL ] SELECT * FROM `qy_types` WHERE  `type_pid` = 30 [ RunTime:0.000434s ]
[ sql ] [ SQL ] SHOW COLUMNS FROM `qy_carousel` [ RunTime:0.015719s ]
[ sql ] [ SQL ] SELECT `caro_img` FROM `qy_carousel` WHERE  `caro_states` = 1  AND `pid` = 1 ORDER BY `caro_sort` LIMIT 5 [ RunTime:0.000508s ]
[ sql ] [ SQL ] SELECT `caro_img` FROM `qy_carousel` WHERE  `caro_states` = 1  AND `pid` = 4 ORDER BY `caro_sort` LIMIT 5 [ RunTime:0.000380s ]
[ sql ] [ SQL ] SELECT * FROM `qy_types` WHERE  `type_pid` = 31 [ RunTime:0.000406s ]
[ sql ] [ SQL ] SELECT * FROM `qy_types` WHERE  `type_pid` = 40 LIMIT 1 [ RunTime:0.000381s ]
[ sql ] [ SQL ] SHOW COLUMNS FROM `qy_config` [ RunTime:0.232976s ]
[ sql ] [ SQL ] SELECT * FROM `qy_config` LIMIT 1 [ RunTime:0.000799s ]
[ sql ] [ SQL ] SELECT `site`,`describe` FROM `qy_config` WHERE  `conf_id` = 1 LIMIT 1 [ RunTime:0.000546s ]
[ sql ] [ SQL ] SHOW COLUMNS FROM `qy_fwl` [ RunTime:0.141186s ]
[ sql ] [ SQL ] SELECT `fid` FROM `qy_fwl` WHERE  (  ip='127.0.0.1' ) [ RunTime:0.015513s ]
[ sql ] [ SQL ] SELECT `count` FROM `qy_fwl` WHERE  (  ip='127.0.0.1' ) [ RunTime:0.008260s ]
[ sql ] [ SQL ] SELECT `btime` FROM `qy_fwl` WHERE  (  ip='127.0.0.1' ) [ RunTime:0.008310s ]
[ sql ] [ SQL ] INSERT INTO `qy_fwl` (`btime` , `ip` , `count`) VALUES (1535532923 , '127.0.0.1' , 1) [ RunTime:0.055598s ]
[ sql ] [ SQL ] SELECT `caro_img`,`action`,`caro_name` FROM `qy_carousel` WHERE  `caro_states` = 1  AND `pid` = 2 ORDER BY `caro_sort` LIMIT 4 [ RunTime:0.000374s ]
[ sql ] [ SQL ] SELECT `caro_img`,`caro_name` FROM `qy_carousel` WHERE  `caro_states` = 1  AND `pid` = 3  AND `caro_zh` = 1 ORDER BY `caro_sort` LIMIT 5 [ RunTime:0.000273s ]
[ sql ] [ SQL ] SELECT `caro_img` FROM `qy_carousel` WHERE  `caro_states` = 1  AND `pid` = 3  AND `caro_zh` = 2 ORDER BY `caro_sort` LIMIT 5 [ RunTime:0.000267s ]
[ sql ] [ SQL ] SELECT `type_id` FROM `qy_types` WHERE  `type_name` = '首页' [ RunTime:0.000219s ]
---------------------------------------------------------------
[ 2018-08-29T16:56:08+08:00 ] 127.0.0.1 127.0.0.1 GET /
[ sql ] [ DB ] CONNECT:[ UseTime:0.002020s ] mysql:dbname=chinling;host=127.0.0.1;port=3306;charset=utf8
[ sql ] [ SQL ] SHOW COLUMNS FROM `qy_logo` [ RunTime:0.017722s ]
[ sql ] [ SQL ] SELECT `logo_img` FROM `qy_logo` WHERE  `caro_states` = 1 [ RunTime:0.000251s ]
[ sql ] [ SQL ] SHOW COLUMNS FROM `qy_types` [ RunTime:0.022926s ]
[ sql ] [ SQL ] SELECT * FROM `qy_types` WHERE  `type_pid` = 1 ORDER BY `type_sort` [ RunTime:0.000314s ]
[ sql ] [ SQL ] SELECT * FROM `qy_types` WHERE  `type_pid` = 2 ORDER BY `type_sort` [ RunTime:0.000205s ]
[ sql ] [ SQL ] SELECT * FROM `qy_types` WHERE  `type_pid` = 10 ORDER BY `type_sort` [ RunTime:0.000194s ]
[ sql ] [ SQL ] SELECT * FROM `qy_types` WHERE  `type_pid` = 3 ORDER BY `type_sort` [ RunTime:0.000218s ]
[ sql ] [ SQL ] SELECT * FROM `qy_types` WHERE  `type_pid` = 30 [ RunTime:0.000203s ]
[ sql ] [ SQL ] SHOW COLUMNS FROM `qy_carousel` [ RunTime:0.007409s ]
[ sql ] [ SQL ] SELECT `caro_img` FROM `qy_carousel` WHERE  `caro_states` = 1  AND `pid` = 1 ORDER BY `caro_sort` LIMIT 5 [ RunTime:0.000248s ]
[ sql ] [ SQL ] SELECT `caro_img` FROM `qy_carousel` WHERE  `caro_states` = 1  AND `pid` = 4 ORDER BY `caro_sort` LIMIT 5 [ RunTime:0.000170s ]
[ sql ] [ SQL ] SELECT * FROM `qy_types` WHERE  `type_pid` = 31 [ RunTime:0.000177s ]
[ sql ] [ SQL ] SELECT * FROM `qy_types` WHERE  `type_pid` = 40 LIMIT 1 [ RunTime:0.000166s ]
[ sql ] [ SQL ] SHOW COLUMNS FROM `qy_config` [ RunTime:0.006747s ]
[ sql ] [ SQL ] SELECT * FROM `qy_config` LIMIT 1 [ RunTime:0.000175s ]
[ sql ] [ SQL ] SELECT `site`,`describe` FROM `qy_config` WHERE  `conf_id` = 1 LIMIT 1 [ RunTime:0.000153s ]
[ sql ] [ SQL ] SHOW COLUMNS FROM `qy_fwl` [ RunTime:0.018091s ]
[ sql ] [ SQL ] SELECT `fid` FROM `qy_fwl` WHERE  (  ip='127.0.0.1' ) [ RunTime:0.017912s ]
[ sql ] [ SQL ] SELECT `count` FROM `qy_fwl` WHERE  (  ip='127.0.0.1' ) [ RunTime:0.003310s ]
[ sql ] [ SQL ] SELECT `btime` FROM `qy_fwl` WHERE  (  ip='127.0.0.1' ) [ RunTime:0.003291s ]
[ sql ] [ SQL ] INSERT INTO `qy_fwl` (`btime` , `ip` , `count`) VALUES (1535532967 , '127.0.0.1' , 1) [ RunTime:0.165191s ]
[ sql ] [ SQL ] SELECT `caro_img`,`action`,`caro_name` FROM `qy_carousel` WHERE  `caro_states` = 1  AND `pid` = 2 ORDER BY `caro_sort` LIMIT 4 [ RunTime:0.000642s ]
[ sql ] [ SQL ] SELECT `caro_img`,`caro_name` FROM `qy_carousel` WHERE  `caro_states` = 1  AND `pid` = 3  AND `caro_zh` = 1 ORDER BY `caro_sort` LIMIT 5 [ RunTime:0.000481s ]
[ sql ] [ SQL ] SELECT `caro_img` FROM `qy_carousel` WHERE  `caro_states` = 1  AND `pid` = 3  AND `caro_zh` = 2 ORDER BY `caro_sort` LIMIT 5 [ RunTime:0.000427s ]
[ sql ] [ SQL ] SELECT `type_id` FROM `qy_types` WHERE  `type_name` = '首页' [ RunTime:0.000391s ]
---------------------------------------------------------------
[ 2018-08-29T16:56:09+08:00 ] 127.0.0.1 127.0.0.1 GET /index/news/index.html
[ sql ] [ DB ] CONNECT:[ UseTime:0.000937s ] mysql:dbname=chinling;host=127.0.0.1;port=3306;charset=utf8
[ sql ] [ SQL ] SHOW COLUMNS FROM `qy_logo` [ RunTime:0.007154s ]
[ sql ] [ SQL ] SELECT `logo_img` FROM `qy_logo` WHERE  `caro_states` = 1 [ RunTime:0.000220s ]
[ sql ] [ SQL ] SHOW COLUMNS FROM `qy_types` [ RunTime:0.007395s ]
[ sql ] [ SQL ] SELECT * FROM `qy_types` WHERE  `type_pid` = 1 ORDER BY `type_sort` [ RunTime:0.000269s ]
[ sql ] [ SQL ] SELECT * FROM `qy_types` WHERE  `type_pid` = 2 ORDER BY `type_sort` [ RunTime:0.000256s ]
[ sql ] [ SQL ] SELECT * FROM `qy_types` WHERE  `type_pid` = 10 ORDER BY `type_sort` [ RunTime:0.000214s ]
[ sql ] [ SQL ] SELECT * FROM `qy_types` WHERE  `type_pid` = 3 ORDER BY `type_sort` [ RunTime:0.000210s ]
[ sql ] [ SQL ] SELECT * FROM `qy_types` WHERE  `type_pid` = 30 [ RunTime:0.000214s ]
[ sql ] [ SQL ] SHOW COLUMNS FROM `qy_carousel` [ RunTime:0.006857s ]
[ sql ] [ SQL ] SELECT `caro_img` FROM `qy_carousel` WHERE  `caro_states` = 1  AND `pid` = 1 ORDER BY `caro_sort` LIMIT 5 [ RunTime:0.000250s ]
[ sql ] [ SQL ] SELECT `caro_img` FROM `qy_carousel` WHERE  `caro_states` = 1  AND `pid` = 4 ORDER BY `caro_sort` LIMIT 5 [ RunTime:0.000188s ]
[ sql ] [ SQL ] SELECT * FROM `qy_types` WHERE  `type_pid` = 31 [ RunTime:0.000214s ]
[ sql ] [ SQL ] SELECT * FROM `qy_types` WHERE  `type_pid` = 40 LIMIT 1 [ RunTime:0.000187s ]
[ sql ] [ SQL ] SHOW COLUMNS FROM `qy_config` [ RunTime:0.006443s ]
[ sql ] [ SQL ] SELECT * FROM `qy_config` LIMIT 1 [ RunTime:0.000190s ]
[ sql ] [ SQL ] SELECT `site`,`describe` FROM `qy_config` WHERE  `conf_id` = 1 LIMIT 1 [ RunTime:0.000153s ]
[ sql ] [ SQL ] SELECT `type_id` FROM `qy_types` WHERE  `type_pid` IS NULL ORDER BY `type_sort` LIMIT 1 [ RunTime:0.000116s ]
[ sql ] [ SQL ] SELECT * FROM `qy_types` WHERE  `type_id` IS NULL LIMIT 1 [ RunTime:0.000152s ]
[ sql ] [ SQL ] SELECT * FROM `qy_types` WHERE  `type_pid` IS NULL ORDER BY `type_sort` [ RunTime:0.000127s ]
---------------------------------------------------------------
[ 2018-08-29T16:56:13+08:00 ] 127.0.0.1 127.0.0.1 GET /index/about/show.html
[ sql ] [ DB ] CONNECT:[ UseTime:0.000924s ] mysql:dbname=chinling;host=127.0.0.1;port=3306;charset=utf8
[ sql ] [ SQL ] SHOW COLUMNS FROM `qy_logo` [ RunTime:0.007135s ]
[ sql ] [ SQL ] SELECT `logo_img` FROM `qy_logo` WHERE  `caro_states` = 1 [ RunTime:0.000223s ]
[ sql ] [ SQL ] SHOW COLUMNS FROM `qy_types` [ RunTime:0.006950s ]
[ sql ] [ SQL ] SELECT * FROM `qy_types` WHERE  `type_pid` = 1 ORDER BY `type_sort` [ RunTime:0.000393s ]
[ sql ] [ SQL ] SELECT * FROM `qy_types` WHERE  `type_pid` = 2 ORDER BY `type_sort` [ RunTime:0.000234s ]
[ sql ] [ SQL ] SELECT * FROM `qy_types` WHERE  `type_pid` = 10 ORDER BY `type_sort` [ RunTime:0.000215s ]
[ sql ] [ SQL ] SELECT * FROM `qy_types` WHERE  `type_pid` = 3 ORDER BY `type_sort` [ RunTime:0.000211s ]
[ sql ] [ SQL ] SELECT * FROM `qy_types` WHERE  `type_pid` = 30 [ RunTime:0.000218s ]
[ sql ] [ SQL ] SHOW COLUMNS FROM `qy_carousel` [ RunTime:0.008223s ]
[ sql ] [ SQL ] SELECT `caro_img` FROM `qy_carousel` WHERE  `caro_states` = 1  AND `pid` = 1 ORDER BY `caro_sort` LIMIT 5 [ RunTime:0.000217s ]
[ sql ] [ SQL ] SELECT `caro_img` FROM `qy_carousel` WHERE  `caro_states` = 1  AND `pid` = 4 ORDER BY `caro_sort` LIMIT 5 [ RunTime:0.000169s ]
[ sql ] [ SQL ] SELECT * FROM `qy_types` WHERE  `type_pid` = 31 [ RunTime:0.000177s ]
[ sql ] [ SQL ] SELECT * FROM `qy_types` WHERE  `type_pid` = 40 LIMIT 1 [ RunTime:0.000166s ]
[ sql ] [ SQL ] SHOW COLUMNS FROM `qy_config` [ RunTime:0.007621s ]
[ sql ] [ SQL ] SELECT * FROM `qy_config` LIMIT 1 [ RunTime:0.000190s ]
[ sql ] [ SQL ] SELECT `site`,`describe` FROM `qy_config` WHERE  `conf_id` = 1 LIMIT 1 [ RunTime:0.000152s ]
---------------------------------------------------------------
[ 2018-08-29T16:56:16+08:00 ] 127.0.0.1 127.0.0.1 GET /index/news/index.html
[ sql ] [ DB ] CONNECT:[ UseTime:0.000953s ] mysql:dbname=chinling;host=127.0.0.1;port=3306;charset=utf8
[ sql ] [ SQL ] SHOW COLUMNS FROM `qy_logo` [ RunTime:0.008463s ]
[ sql ] [ SQL ] SELECT `logo_img` FROM `qy_logo` WHERE  `caro_states` = 1 [ RunTime:0.000220s ]
[ sql ] [ SQL ] SHOW COLUMNS FROM `qy_types` [ RunTime:0.007719s ]
[ sql ] [ SQL ] SELECT * FROM `qy_types` WHERE  `type_pid` = 1 ORDER BY `type_sort` [ RunTime:0.000288s ]
[ sql ] [ SQL ] SELECT * FROM `qy_types` WHERE  `type_pid` = 2 ORDER BY `type_sort` [ RunTime:0.000222s ]
[ sql ] [ SQL ] SELECT * FROM `qy_types` WHERE  `type_pid` = 10 ORDER BY `type_sort` [ RunTime:0.000250s ]
[ sql ] [ SQL ] SELECT * FROM `qy_types` WHERE  `type_pid` = 3 ORDER BY `type_sort` [ RunTime:0.000210s ]
[ sql ] [ SQL ] SELECT * FROM `qy_types` WHERE  `type_pid` = 30 [ RunTime:0.000207s ]
[ sql ] [ SQL ] SHOW COLUMNS FROM `qy_carousel` [ RunTime:0.006606s ]
[ sql ] [ SQL ] SELECT `caro_img` FROM `qy_carousel` WHERE  `caro_states` = 1  AND `pid` = 1 ORDER BY `caro_sort` LIMIT 5 [ RunTime:0.000197s ]
[ sql ] [ SQL ] SELECT `caro_img` FROM `qy_carousel` WHERE  `caro_states` = 1  AND `pid` = 4 ORDER BY `caro_sort` LIMIT 5 [ RunTime:0.000164s ]
[ sql ] [ SQL ] SELECT * FROM `qy_types` WHERE  `type_pid` = 31 [ RunTime:0.000176s ]
[ sql ] [ SQL ] SELECT * FROM `qy_types` WHERE  `type_pid` = 40 LIMIT 1 [ RunTime:0.000165s ]
[ sql ] [ SQL ] SHOW COLUMNS FROM `qy_config` [ RunTime:0.006956s ]
[ sql ] [ SQL ] SELECT * FROM `qy_config` LIMIT 1 [ RunTime:0.000172s ]
[ sql ] [ SQL ] SELECT `site`,`describe` FROM `qy_config` WHERE  `conf_id` = 1 LIMIT 1 [ RunTime:0.000147s ]
[ sql ] [ SQL ] SELECT `type_id` FROM `qy_types` WHERE  `type_pid` IS NULL ORDER BY `type_sort` LIMIT 1 [ RunTime:0.000115s ]
[ sql ] [ SQL ] SELECT * FROM `qy_types` WHERE  `type_id` IS NULL LIMIT 1 [ RunTime:0.000135s ]
[ sql ] [ SQL ] SELECT * FROM `qy_types` WHERE  `type_pid` IS NULL ORDER BY `type_sort` [ RunTime:0.000128s ]
---------------------------------------------------------------
[ 2018-08-29T16:56:17+08:00 ] 127.0.0.1 127.0.0.1 GET /index/index/index.html
[ sql ] [ DB ] CONNECT:[ UseTime:0.000938s ] mysql:dbname=chinling;host=127.0.0.1;port=3306;charset=utf8
[ sql ] [ SQL ] SHOW COLUMNS FROM `qy_logo` [ RunTime:0.007978s ]
[ sql ] [ SQL ] SELECT `logo_img` FROM `qy_logo` WHERE  `caro_states` = 1 [ RunTime:0.000223s ]
[ sql ] [ SQL ] SHOW COLUMNS FROM `qy_types` [ RunTime:0.006790s ]
[ sql ] [ SQL ] SELECT * FROM `qy_types` WHERE  `type_pid` = 1 ORDER BY `type_sort` [ RunTime:0.000283s ]
[ sql ] [ SQL ] SELECT * FROM `qy_types` WHERE  `type_pid` = 2 ORDER BY `type_sort` [ RunTime:0.000222s ]
[ sql ] [ SQL ] SELECT * FROM `qy_types` WHERE  `type_pid` = 10 ORDER BY `type_sort` [ RunTime:0.000213s ]
[ sql ] [ SQL ] SELECT * FROM `qy_types` WHERE  `type_pid` = 3 ORDER BY `type_sort` [ RunTime:0.000211s ]
[ sql ] [ SQL ] SELECT * FROM `qy_types` WHERE  `type_pid` = 30 [ RunTime:0.000208s ]
[ sql ] [ SQL ] SHOW COLUMNS FROM `qy_carousel` [ RunTime:0.007036s ]
[ sql ] [ SQL ] SELECT `caro_img` FROM `qy_carousel` WHERE  `caro_states` = 1  AND `pid` = 1 ORDER BY `caro_sort` LIMIT 5 [ RunTime:0.000232s ]
[ sql ] [ SQL ] SELECT `caro_img` FROM `qy_carousel` WHERE  `caro_states` = 1  AND `pid` = 4 ORDER BY `caro_sort` LIMIT 5 [ RunTime:0.000184s ]
[ sql ] [ SQL ] SELECT * FROM `qy_types` WHERE  `type_pid` = 31 [ RunTime:0.000196s ]
[ sql ] [ SQL ] SELECT * FROM `qy_types` WHERE  `type_pid` = 40 LIMIT 1 [ RunTime:0.000198s ]
[ sql ] [ SQL ] SHOW COLUMNS FROM `qy_config` [ RunTime:0.006046s ]
[ sql ] [ SQL ] SELECT * FROM `qy_config` LIMIT 1 [ RunTime:0.000166s ]
[ sql ] [ SQL ] SELECT `site`,`describe` FROM `qy_config` WHERE  `conf_id` = 1 LIMIT 1 [ RunTime:0.000146s ]
[ sql ] [ SQL ] SHOW COLUMNS FROM `qy_fwl` [ RunTime:0.006020s ]
[ sql ] [ SQL ] SELECT `fid` FROM `qy_fwl` WHERE  (  ip='127.0.0.1' ) [ RunTime:0.003307s ]
[ sql ] [ SQL ] SELECT `count` FROM `qy_fwl` WHERE  (  ip='127.0.0.1' ) [ RunTime:0.003261s ]
[ sql ] [ SQL ] SELECT `btime` FROM `qy_fwl` WHERE  (  ip='127.0.0.1' ) [ RunTime:0.003249s ]
[ sql ] [ SQL ] INSERT INTO `qy_fwl` (`btime` , `ip` , `count`) VALUES (1535532977 , '127.0.0.1' , 1) [ RunTime:0.117821s ]
[ sql ] [ SQL ] SELECT `caro_img`,`action`,`caro_name` FROM `qy_carousel` WHERE  `caro_states` = 1  AND `pid` = 2 ORDER BY `caro_sort` LIMIT 4 [ RunTime:0.000566s ]
[ sql ] [ SQL ] SELECT `caro_img`,`caro_name` FROM `qy_carousel` WHERE  `caro_states` = 1  AND `pid` = 3  AND `caro_zh` = 1 ORDER BY `caro_sort` LIMIT 5 [ RunTime:0.000453s ]
[ sql ] [ SQL ] SELECT `caro_img` FROM `qy_carousel` WHERE  `caro_states` = 1  AND `pid` = 3  AND `caro_zh` = 2 ORDER BY `caro_sort` LIMIT 5 [ RunTime:0.000424s ]
[ sql ] [ SQL ] SELECT `type_id` FROM `qy_types` WHERE  `type_name` = '首页' [ RunTime:0.000369s ]
---------------------------------------------------------------
[ 2018-08-29T17:09:46+08:00 ] 127.0.0.1 127.0.0.1 GET /index/news/index.html
[ sql ] [ DB ] CONNECT:[ UseTime:0.001806s ] mysql:dbname=chinling;host=127.0.0.1;port=3306;charset=utf8
[ sql ] [ SQL ] SHOW COLUMNS FROM `qy_logo` [ RunTime:0.007475s ]
[ sql ] [ SQL ] SELECT `logo_img` FROM `qy_logo` WHERE  `caro_states` = 1 [ RunTime:0.000235s ]
[ sql ] [ SQL ] SHOW COLUMNS FROM `qy_types` [ RunTime:0.007008s ]
[ sql ] [ SQL ] SELECT * FROM `qy_types` WHERE  `type_pid` = 1 ORDER BY `type_sort` [ RunTime:0.000247s ]
[ sql ] [ SQL ] SELECT * FROM `qy_types` WHERE  `type_pid` = 2 ORDER BY `type_sort` [ RunTime:0.000197s ]
[ sql ] [ SQL ] SELECT * FROM `qy_types` WHERE  `type_pid` = 10 ORDER BY `type_sort` [ RunTime:0.000194s ]
[ sql ] [ SQL ] SELECT * FROM `qy_types` WHERE  `type_pid` = 3 ORDER BY `type_sort` [ RunTime:0.000188s ]
[ sql ] [ SQL ] SELECT * FROM `qy_types` WHERE  `type_pid` = 30 [ RunTime:0.000187s ]
[ sql ] [ SQL ] SHOW COLUMNS FROM `qy_carousel` [ RunTime:0.007800s ]
[ sql ] [ SQL ] SELECT `caro_img` FROM `qy_carousel` WHERE  `caro_states` = 1  AND `pid` = 1 ORDER BY `caro_sort` LIMIT 5 [ RunTime:0.000197s ]
[ sql ] [ SQL ] SELECT `caro_img` FROM `qy_carousel` WHERE  `caro_states` = 1  AND `pid` = 4 ORDER BY `caro_sort` LIMIT 5 [ RunTime:0.000207s ]
[ sql ] [ SQL ] SELECT * FROM `qy_types` WHERE  `type_pid` = 31 [ RunTime:0.000184s ]
[ sql ] [ SQL ] SELECT * FROM `qy_types` WHERE  `type_pid` = 40 LIMIT 1 [ RunTime:0.000170s ]
[ sql ] [ SQL ] SHOW COLUMNS FROM `qy_config` [ RunTime:0.017037s ]
[ sql ] [ SQL ] SELECT * FROM `qy_config` LIMIT 1 [ RunTime:0.000230s ]
[ sql ] [ SQL ] SELECT `site`,`describe` FROM `qy_config` WHERE  `conf_id` = 1 LIMIT 1 [ RunTime:0.000159s ]
[ sql ] [ SQL ] SELECT `type_id` FROM `qy_types` WHERE  `type_pid` IS NULL ORDER BY `type_sort` LIMIT 1 [ RunTime:0.000256s ]
[ sql ] [ SQL ] SELECT * FROM `qy_types` WHERE  `type_id` IS NULL LIMIT 1 [ RunTime:0.000180s ]
[ sql ] [ SQL ] SELECT * FROM `qy_types` WHERE  `type_pid` IS NULL ORDER BY `type_sort` [ RunTime:0.000138s ]
---------------------------------------------------------------
[ 2018-08-29T17:09:47+08:00 ] 127.0.0.1 127.0.0.1 GET /index/about/show.html
[ sql ] [ DB ] CONNECT:[ UseTime:0.000951s ] mysql:dbname=chinling;host=127.0.0.1;port=3306;charset=utf8
[ sql ] [ SQL ] SHOW COLUMNS FROM `qy_logo` [ RunTime:0.008175s ]
[ sql ] [ SQL ] SELECT `logo_img` FROM `qy_logo` WHERE  `caro_states` = 1 [ RunTime:0.000225s ]
[ sql ] [ SQL ] SHOW COLUMNS FROM `qy_types` [ RunTime:0.007597s ]
[ sql ] [ SQL ] SELECT * FROM `qy_types` WHERE  `type_pid` = 1 ORDER BY `type_sort` [ RunTime:0.000266s ]
[ sql ] [ SQL ] SELECT * FROM `qy_types` WHERE  `type_pid` = 2 ORDER BY `type_sort` [ RunTime:0.000219s ]
[ sql ] [ SQL ] SELECT * FROM `qy_types` WHERE  `type_pid` = 10 ORDER BY `type_sort` [ RunTime:0.000212s ]
[ sql ] [ SQL ] SELECT * FROM `qy_types` WHERE  `type_pid` = 3 ORDER BY `type_sort` [ RunTime:0.000209s ]
[ sql ] [ SQL ] SELECT * FROM `qy_types` WHERE  `type_pid` = 30 [ RunTime:0.000208s ]
[ sql ] [ SQL ] SHOW COLUMNS FROM `qy_carousel` [ RunTime:0.007633s ]
[ sql ] [ SQL ] SELECT `caro_img` FROM `qy_carousel` WHERE  `caro_states` = 1  AND `pid` = 1 ORDER BY `caro_sort` LIMIT 5 [ RunTime:0.000200s ]
[ sql ] [ SQL ] SELECT `caro_img` FROM `qy_carousel` WHERE  `caro_states` = 1  AND `pid` = 4 ORDER BY `caro_sort` LIMIT 5 [ RunTime:0.000166s ]
[ sql ] [ SQL ] SELECT * FROM `qy_types` WHERE  `type_pid` = 31 [ RunTime:0.000176s ]
[ sql ] [ SQL ] SELECT * FROM `qy_types` WHERE  `type_pid` = 40 LIMIT 1 [ RunTime:0.000167s ]
[ sql ] [ SQL ] SHOW COLUMNS FROM `qy_config` [ RunTime:0.007516s ]
[ sql ] [ SQL ] SELECT * FROM `qy_config` LIMIT 1 [ RunTime:0.000169s ]
[ sql ] [ SQL ] SELECT `site`,`describe` FROM `qy_config` WHERE  `conf_id` = 1 LIMIT 1 [ RunTime:0.000145s ]
---------------------------------------------------------------
[ 2018-08-29T17:09:49+08:00 ] 127.0.0.1 127.0.0.1 GET /index/index/index.html
[ sql ] [ DB ] CONNECT:[ UseTime:0.000941s ] mysql:dbname=chinling;host=127.0.0.1;port=3306;charset=utf8
[ sql ] [ SQL ] SHOW COLUMNS FROM `qy_logo` [ RunTime:0.007960s ]
[ sql ] [ SQL ] SELECT `logo_img` FROM `qy_logo` WHERE  `caro_states` = 1 [ RunTime:0.000229s ]
[ sql ] [ SQL ] SHOW COLUMNS FROM `qy_types` [ RunTime:0.007766s ]
[ sql ] [ SQL ] SELECT * FROM `qy_types` WHERE  `type_pid` = 1 ORDER BY `type_sort` [ RunTime:0.000297s ]
[ sql ] [ SQL ] SELECT * FROM `qy_types` WHERE  `type_pid` = 2 ORDER BY `type_sort` [ RunTime:0.000227s ]
[ sql ] [ SQL ] SELECT * FROM `qy_types` WHERE  `type_pid` = 10 ORDER BY `type_sort` [ RunTime:0.000219s ]
[ sql ] [ SQL ] SELECT * FROM `qy_types` WHERE  `type_pid` = 3 ORDER BY `type_sort` [ RunTime:0.000210s ]
[ sql ] [ SQL ] SELECT * FROM `qy_types` WHERE  `type_pid` = 30 [ RunTime:0.000188s ]
[ sql ] [ SQL ] SHOW COLUMNS FROM `qy_carousel` [ RunTime:0.007090s ]
[ sql ] [ SQL ] SELECT `caro_img` FROM `qy_carousel` WHERE  `caro_states` = 1  AND `pid` = 1 ORDER BY `caro_sort` LIMIT 5 [ RunTime:0.000224s ]
[ sql ] [ SQL ] SELECT `caro_img` FROM `qy_carousel` WHERE  `caro_states` = 1  AND `pid` = 4 ORDER BY `caro_sort` LIMIT 5 [ RunTime:0.000169s ]
[ sql ] [ SQL ] SELECT * FROM `qy_types` WHERE  `type_pid` = 31 [ RunTime:0.000184s ]
[ sql ] [ SQL ] SELECT * FROM `qy_types` WHERE  `type_pid` = 40 LIMIT 1 [ RunTime:0.000217s ]
[ sql ] [ SQL ] SHOW COLUMNS FROM `qy_config` [ RunTime:0.010188s ]
[ sql ] [ SQL ] SELECT * FROM `qy_config` LIMIT 1 [ RunTime:0.000209s ]
[ sql ] [ SQL ] SELECT `site`,`describe` FROM `qy_config` WHERE  `conf_id` = 1 LIMIT 1 [ RunTime:0.000161s ]
[ sql ] [ SQL ] SHOW COLUMNS FROM `qy_fwl` [ RunTime:0.007535s ]
[ sql ] [ SQL ] SELECT `fid` FROM `qy_fwl` WHERE  (  ip='127.0.0.1' ) [ RunTime:0.003382s ]
[ sql ] [ SQL ] SELECT `count` FROM `qy_fwl` WHERE  (  ip='127.0.0.1' ) [ RunTime:0.003326s ]
[ sql ] [ SQL ] SELECT `btime` FROM `qy_fwl` WHERE  (  ip='127.0.0.1' ) [ RunTime:0.003266s ]
[ sql ] [ SQL ] INSERT INTO `qy_fwl` (`btime` , `ip` , `count`) VALUES (1535533789 , '127.0.0.1' , 1) [ RunTime:0.108342s ]
[ sql ] [ SQL ] SELECT `caro_img`,`action`,`caro_name` FROM `qy_carousel` WHERE  `caro_states` = 1  AND `pid` = 2 ORDER BY `caro_sort` LIMIT 4 [ RunTime:0.000679s ]
[ sql ] [ SQL ] SELECT `caro_img`,`caro_name` FROM `qy_carousel` WHERE  `caro_states` = 1  AND `pid` = 3  AND `caro_zh` = 1 ORDER BY `caro_sort` LIMIT 5 [ RunTime:0.000474s ]
[ sql ] [ SQL ] SELECT `caro_img` FROM `qy_carousel` WHERE  `caro_states` = 1  AND `pid` = 3  AND `caro_zh` = 2 ORDER BY `caro_sort` LIMIT 5 [ RunTime:0.000452s ]
[ sql ] [ SQL ] SELECT `type_id` FROM `qy_types` WHERE  `type_name` = '首页' [ RunTime:0.000414s ]
---------------------------------------------------------------
[ 2018-08-29T17:10:06+08:00 ] 127.0.0.1 127.0.0.1 GET /index/news/index.html
[ sql ] [ DB ] CONNECT:[ UseTime:0.000941s ] mysql:dbname=chinling;host=127.0.0.1;port=3306;charset=utf8
[ sql ] [ SQL ] SHOW COLUMNS FROM `qy_logo` [ RunTime:0.008070s ]
[ sql ] [ SQL ] SELECT `logo_img` FROM `qy_logo` WHERE  `caro_states` = 1 [ RunTime:0.000226s ]
[ sql ] [ SQL ] SHOW COLUMNS FROM `qy_types` [ RunTime:0.007712s ]
[ sql ] [ SQL ] SELECT * FROM `qy_types` WHERE  `type_pid` = 1 ORDER BY `type_sort` [ RunTime:0.000285s ]
[ sql ] [ SQL ] SELECT * FROM `qy_types` WHERE  `type_pid` = 2 ORDER BY `type_sort` [ RunTime:0.000225s ]
[ sql ] [ SQL ] SELECT * FROM `qy_types` WHERE  `type_pid` = 10 ORDER BY `type_sort` [ RunTime:0.000215s ]
[ sql ] [ SQL ] SELECT * FROM `qy_types` WHERE  `type_pid` = 3 ORDER BY `type_sort` [ RunTime:0.000215s ]
[ sql ] [ SQL ] SELECT * FROM `qy_types` WHERE  `type_pid` = 30 [ RunTime:0.000211s ]
[ sql ] [ SQL ] SHOW COLUMNS FROM `qy_carousel` [ RunTime:0.007889s ]
[ sql ] [ SQL ] SELECT `caro_img` FROM `qy_carousel` WHERE  `caro_states` = 1  AND `pid` = 1 ORDER BY `caro_sort` LIMIT 5 [ RunTime:0.000203s ]
[ sql ] [ SQL ] SELECT `caro_img` FROM `qy_carousel` WHERE  `caro_states` = 1  AND `pid` = 4 ORDER BY `caro_sort` LIMIT 5 [ RunTime:0.000176s ]
[ sql ] [ SQL ] SELECT * FROM `qy_types` WHERE  `type_pid` = 31 [ RunTime:0.000179s ]
[ sql ] [ SQL ] SELECT * FROM `qy_types` WHERE  `type_pid` = 40 LIMIT 1 [ RunTime:0.000167s ]
[ sql ] [ SQL ] SHOW COLUMNS FROM `qy_config` [ RunTime:0.006943s ]
[ sql ] [ SQL ] SELECT * FROM `qy_config` LIMIT 1 [ RunTime:0.000166s ]
[ sql ] [ SQL ] SELECT `site`,`describe` FROM `qy_config` WHERE  `conf_id` = 1 LIMIT 1 [ RunTime:0.000199s ]
[ sql ] [ SQL ] SELECT `type_id` FROM `qy_types` WHERE  `type_pid` IS NULL ORDER BY `type_sort` LIMIT 1 [ RunTime:0.000143s ]
[ sql ] [ SQL ] SELECT * FROM `qy_types` WHERE  `type_id` IS NULL LIMIT 1 [ RunTime:0.000160s ]
[ sql ] [ SQL ] SELECT * FROM `qy_types` WHERE  `type_pid` IS NULL ORDER BY `type_sort` [ RunTime:0.000169s ]
---------------------------------------------------------------
[ 2018-08-29T17:10:11+08:00 ] 127.0.0.1 127.0.0.1 GET /index/about/show.html
[ sql ] [ DB ] CONNECT:[ UseTime:0.000979s ] mysql:dbname=chinling;host=127.0.0.1;port=3306;charset=utf8
[ sql ] [ SQL ] SHOW COLUMNS FROM `qy_logo` [ RunTime:0.008005s ]
[ sql ] [ SQL ] SELECT `logo_img` FROM `qy_logo` WHERE  `caro_states` = 1 [ RunTime:0.000222s ]
[ sql ] [ SQL ] SHOW COLUMNS FROM `qy_types` [ RunTime:0.007665s ]
[ sql ] [ SQL ] SELECT * FROM `qy_types` WHERE  `type_pid` = 1 ORDER BY `type_sort` [ RunTime:0.000271s ]
[ sql ] [ SQL ] SELECT * FROM `qy_types` WHERE  `type_pid` = 2 ORDER BY `type_sort` [ RunTime:0.000220s ]
[ sql ] [ SQL ] SELECT * FROM `qy_types` WHERE  `type_pid` = 10 ORDER BY `type_sort` [ RunTime:0.000212s ]
[ sql ] [ SQL ] SELECT * FROM `qy_types` WHERE  `type_pid` = 3 ORDER BY `type_sort` [ RunTime:0.000209s ]
[ sql ] [ SQL ] SELECT * FROM `qy_types` WHERE  `type_pid` = 30 [ RunTime:0.000246s ]
[ sql ] [ SQL ] SHOW COLUMNS FROM `qy_carousel` [ RunTime:0.008245s ]
[ sql ] [ SQL ] SELECT `caro_img` FROM `qy_carousel` WHERE  `caro_states` = 1  AND `pid` = 1 ORDER BY `caro_sort` LIMIT 5 [ RunTime:0.000238s ]
[ sql ] [ SQL ] SELECT `caro_img` FROM `qy_carousel` WHERE  `caro_states` = 1  AND `pid` = 4 ORDER BY `caro_sort` LIMIT 5 [ RunTime:0.000186s ]
[ sql ] [ SQL ] SELECT * FROM `qy_types` WHERE  `type_pid` = 31 [ RunTime:0.000196s ]
[ sql ] [ SQL ] SELECT * FROM `qy_types` WHERE  `type_pid` = 40 LIMIT 1 [ RunTime:0.000184s ]
[ sql ] [ SQL ] SHOW COLUMNS FROM `qy_config` [ RunTime:0.008492s ]
[ sql ] [ SQL ] SELECT * FROM `qy_config` LIMIT 1 [ RunTime:0.000246s ]
[ sql ] [ SQL ] SELECT `site`,`describe` FROM `qy_config` WHERE  `conf_id` = 1 LIMIT 1 [ RunTime:0.000172s ]
---------------------------------------------------------------
[ 2018-08-29T17:10:24+08:00 ] 127.0.0.1 127.0.0.1 GET /index/news/index.html
[ sql ] [ DB ] CONNECT:[ UseTime:0.000942s ] mysql:dbname=chinling;host=127.0.0.1;port=3306;charset=utf8
[ sql ] [ SQL ] SHOW COLUMNS FROM `qy_logo` [ RunTime:0.008188s ]
[ sql ] [ SQL ] SELECT `logo_img` FROM `qy_logo` WHERE  `caro_states` = 1 [ RunTime:0.000227s ]
[ sql ] [ SQL ] SHOW COLUMNS FROM `qy_types` [ RunTime:0.007723s ]
[ sql ] [ SQL ] SELECT * FROM `qy_types` WHERE  `type_pid` = 1 ORDER BY `type_sort` [ RunTime:0.000267s ]
[ sql ] [ SQL ] SELECT * FROM `qy_types` WHERE  `type_pid` = 2 ORDER BY `type_sort` [ RunTime:0.000222s ]
[ sql ] [ SQL ] SELECT * FROM `qy_types` WHERE  `type_pid` = 10 ORDER BY `type_sort` [ RunTime:0.000211s ]
[ sql ] [ SQL ] SELECT * FROM `qy_types` WHERE  `type_pid` = 3 ORDER BY `type_sort` [ RunTime:0.000228s ]
[ sql ] [ SQL ] SELECT * FROM `qy_types` WHERE  `type_pid` = 30 [ RunTime:0.000247s ]
[ sql ] [ SQL ] SHOW COLUMNS FROM `qy_carousel` [ RunTime:0.008498s ]
[ sql ] [ SQL ] SELECT `caro_img` FROM `qy_carousel` WHERE  `caro_states` = 1  AND `pid` = 1 ORDER BY `caro_sort` LIMIT 5 [ RunTime:0.000220s ]
[ sql ] [ SQL ] SELECT `caro_img` FROM `qy_carousel` WHERE  `caro_states` = 1  AND `pid` = 4 ORDER BY `caro_sort` LIMIT 5 [ RunTime:0.000185s ]
[ sql ] [ SQL ] SELECT * FROM `qy_types` WHERE  `type_pid` = 31 [ RunTime:0.000221s ]
[ sql ] [ SQL ] SELECT * FROM `qy_types` WHERE  `type_pid` = 40 LIMIT 1 [ RunTime:0.000195s ]
[ sql ] [ SQL ] SHOW COLUMNS FROM `qy_config` [ RunTime:0.007021s ]
[ sql ] [ SQL ] SELECT * FROM `qy_config` LIMIT 1 [ RunTime:0.000165s ]
[ sql ] [ SQL ] SELECT `site`,`describe` FROM `qy_config` WHERE  `conf_id` = 1 LIMIT 1 [ RunTime:0.000150s ]
[ sql ] [ SQL ] SELECT `type_id` FROM `qy_types` WHERE  `type_pid` IS NULL ORDER BY `type_sort` LIMIT 1 [ RunTime:0.000164s ]
[ sql ] [ SQL ] SELECT * FROM `qy_types` WHERE  `type_id` IS NULL LIMIT 1 [ RunTime:0.000159s ]
[ sql ] [ SQL ] SELECT * FROM `qy_types` WHERE  `type_pid` IS NULL ORDER BY `type_sort` [ RunTime:0.000170s ]
---------------------------------------------------------------
[ 2018-08-29T17:10:29+08:00 ] 127.0.0.1 127.0.0.1 GET /index/about/show.html
[ sql ] [ DB ] CONNECT:[ UseTime:0.000943s ] mysql:dbname=chinling;host=127.0.0.1;port=3306;charset=utf8
[ sql ] [ SQL ] SHOW COLUMNS FROM `qy_logo` [ RunTime:0.008407s ]
[ sql ] [ SQL ] SELECT `logo_img` FROM `qy_logo` WHERE  `caro_states` = 1 [ RunTime:0.000231s ]
[ sql ] [ SQL ] SHOW COLUMNS FROM `qy_types` [ RunTime:0.008585s ]
[ sql ] [ SQL ] SELECT * FROM `qy_types` WHERE  `type_pid` = 1 ORDER BY `type_sort` [ RunTime:0.000303s ]
[ sql ] [ SQL ] SELECT * FROM `qy_types` WHERE  `type_pid` = 2 ORDER BY `type_sort` [ RunTime:0.000223s ]
[ sql ] [ SQL ] SELECT * FROM `qy_types` WHERE  `type_pid` = 10 ORDER BY `type_sort` [ RunTime:0.000214s ]
[ sql ] [ SQL ] SELECT * FROM `qy_types` WHERE  `type_pid` = 3 ORDER BY `type_sort` [ RunTime:0.000210s ]
[ sql ] [ SQL ] SELECT * FROM `qy_types` WHERE  `type_pid` = 30 [ RunTime:0.000209s ]
[ sql ] [ SQL ] SHOW COLUMNS FROM `qy_carousel` [ RunTime:0.007711s ]
[ sql ] [ SQL ] SELECT `caro_img` FROM `qy_carousel` WHERE  `caro_states` = 1  AND `pid` = 1 ORDER BY `caro_sort` LIMIT 5 [ RunTime:0.000218s ]
[ sql ] [ SQL ] SELECT `caro_img` FROM `qy_carousel` WHERE  `caro_states` = 1  AND `pid` = 4 ORDER BY `caro_sort` LIMIT 5 [ RunTime:0.000168s ]
[ sql ] [ SQL ] SELECT * FROM `qy_types` WHERE  `type_pid` = 31 [ RunTime:0.000178s ]
[ sql ] [ SQL ] SELECT * FROM `qy_types` WHERE  `type_pid` = 40 LIMIT 1 [ RunTime:0.000168s ]
[ sql ] [ SQL ] SHOW COLUMNS FROM `qy_config` [ RunTime:0.007240s ]
[ sql ] [ SQL ] SELECT * FROM `qy_config` LIMIT 1 [ RunTime:0.000248s ]
[ sql ] [ SQL ] SELECT `site`,`describe` FROM `qy_config` WHERE  `conf_id` = 1 LIMIT 1 [ RunTime:0.000197s ]
