---------------------------------------------------------------
[ 2018-08-31T11:33:37+08:00 ] 127.0.0.1 127.0.0.1 GET /
[ sql ] [ DB ] CONNECT:[ UseTime:0.023365s ] mysql:dbname=chinling;host=127.0.0.1;port=3306;charset=utf8
[ sql ] [ SQL ] SHOW COLUMNS FROM `qy_logo` [ RunTime:0.056595s ]
[ sql ] [ SQL ] SELECT `logo_img` FROM `qy_logo` WHERE  `caro_states` = 1 [ RunTime:0.000557s ]
[ sql ] [ SQL ] SHOW COLUMNS FROM `qy_types` [ RunTime:0.062874s ]
[ sql ] [ SQL ] SELECT * FROM `qy_types` WHERE  `type_pid` = 1 ORDER BY `type_sort` [ RunTime:0.000650s ]
[ sql ] [ SQL ] SELECT * FROM `qy_types` WHERE  `type_pid` = 2 ORDER BY `type_sort` [ RunTime:0.000503s ]
[ sql ] [ SQL ] SELECT * FROM `qy_types` WHERE  `type_pid` = 10 ORDER BY `type_sort` [ RunTime:0.000483s ]
[ sql ] [ SQL ] SELECT * FROM `qy_types` WHERE  `type_pid` = 3 ORDER BY `type_sort` [ RunTime:0.000661s ]
[ sql ] [ SQL ] SELECT * FROM `qy_types` WHERE  `type_pid` = 30 [ RunTime:0.000508s ]
[ sql ] [ SQL ] SHOW COLUMNS FROM `qy_carousel` [ RunTime:0.054172s ]
[ sql ] [ SQL ] SELECT `caro_img` FROM `qy_carousel` WHERE  `caro_states` = 1  AND `pid` = 1 ORDER BY `caro_sort` LIMIT 5 [ RunTime:0.000667s ]
[ sql ] [ SQL ] SELECT `caro_img` FROM `qy_carousel` WHERE  `caro_states` = 1  AND `pid` = 4 ORDER BY `caro_sort` LIMIT 5 [ RunTime:0.000499s ]
[ sql ] [ SQL ] SELECT * FROM `qy_types` WHERE  `type_pid` = 31 [ RunTime:0.000536s ]
[ sql ] [ SQL ] SELECT * FROM `qy_types` WHERE  `type_pid` = 40 LIMIT 1 [ RunTime:0.000509s ]
[ sql ] [ SQL ] SHOW COLUMNS FROM `qy_config` [ RunTime:0.052759s ]
[ sql ] [ SQL ] SELECT * FROM `qy_config` LIMIT 1 [ RunTime:0.000483s ]
[ sql ] [ SQL ] SELECT `site`,`describe` FROM `qy_config` WHERE  `conf_id` = 1 LIMIT 1 [ RunTime:0.000400s ]
[ sql ] [ SQL ] SHOW COLUMNS FROM `qy_fwl` [ RunTime:0.065178s ]
[ sql ] [ SQL ] SELECT `fid` FROM `qy_fwl` WHERE  (  ip='127.0.0.1' ) [ RunTime:0.011125s ]
[ sql ] [ SQL ] SELECT `count` FROM `qy_fwl` WHERE  (  ip='127.0.0.1' ) [ RunTime:0.005336s ]
[ sql ] [ SQL ] SELECT `btime` FROM `qy_fwl` WHERE  (  ip='127.0.0.1' ) [ RunTime:0.005409s ]
[ sql ] [ SQL ] INSERT INTO `qy_fwl` (`btime` , `ip` , `count`) VALUES (1535686417 , '127.0.0.1' , 1) [ RunTime:0.185959s ]
[ sql ] [ SQL ] SELECT `caro_img`,`action`,`caro_name` FROM `qy_carousel` WHERE  `caro_states` = 1  AND `pid` = 2 ORDER BY `caro_sort` LIMIT 4 [ RunTime:0.000643s ]
[ sql ] [ SQL ] SELECT `caro_img`,`caro_name` FROM `qy_carousel` WHERE  `caro_states` = 1  AND `pid` = 3  AND `caro_zh` = 1 ORDER BY `caro_sort` LIMIT 5 [ RunTime:0.000511s ]
[ sql ] [ SQL ] SELECT `caro_img` FROM `qy_carousel` WHERE  `caro_states` = 1  AND `pid` = 3  AND `caro_zh` = 2 ORDER BY `caro_sort` LIMIT 5 [ RunTime:0.000556s ]
[ sql ] [ SQL ] SELECT `type_id` FROM `qy_types` WHERE  `type_name` = '首页' [ RunTime:0.000403s ]
---------------------------------------------------------------
[ 2018-08-31T11:34:08+08:00 ] 127.0.0.1 127.0.0.1 GET /index/index/index.html
[ sql ] [ DB ] CONNECT:[ UseTime:0.002080s ] mysql:dbname=chinling;host=127.0.0.1;port=3306;charset=utf8
[ sql ] [ SQL ] SHOW COLUMNS FROM `qy_logo` [ RunTime:0.013225s ]
[ sql ] [ SQL ] SELECT `logo_img` FROM `qy_logo` WHERE  `caro_states` = 1 [ RunTime:0.000235s ]
[ sql ] [ SQL ] SHOW COLUMNS FROM `qy_types` [ RunTime:0.033218s ]
[ sql ] [ SQL ] SELECT * FROM `qy_types` WHERE  `type_pid` = 1 ORDER BY `type_sort` [ RunTime:0.000293s ]
[ sql ] [ SQL ] SELECT * FROM `qy_types` WHERE  `type_pid` = 2 ORDER BY `type_sort` [ RunTime:0.000210s ]
[ sql ] [ SQL ] SELECT * FROM `qy_types` WHERE  `type_pid` = 10 ORDER BY `type_sort` [ RunTime:0.000192s ]
[ sql ] [ SQL ] SELECT * FROM `qy_types` WHERE  `type_pid` = 3 ORDER BY `type_sort` [ RunTime:0.000188s ]
[ sql ] [ SQL ] SELECT * FROM `qy_types` WHERE  `type_pid` = 30 [ RunTime:0.000218s ]
[ sql ] [ SQL ] SHOW COLUMNS FROM `qy_carousel` [ RunTime:0.016825s ]
[ sql ] [ SQL ] SELECT `caro_img` FROM `qy_carousel` WHERE  `caro_states` = 1  AND `pid` = 1 ORDER BY `caro_sort` LIMIT 5 [ RunTime:0.000626s ]
[ sql ] [ SQL ] SELECT `caro_img` FROM `qy_carousel` WHERE  `caro_states` = 1  AND `pid` = 4 ORDER BY `caro_sort` LIMIT 5 [ RunTime:0.000445s ]
[ sql ] [ SQL ] SELECT * FROM `qy_types` WHERE  `type_pid` = 31 [ RunTime:0.000516s ]
[ sql ] [ SQL ] SELECT * FROM `qy_types` WHERE  `type_pid` = 40 LIMIT 1 [ RunTime:0.000433s ]
[ sql ] [ SQL ] SHOW COLUMNS FROM `qy_config` [ RunTime:0.021230s ]
[ sql ] [ SQL ] SELECT * FROM `qy_config` LIMIT 1 [ RunTime:0.000227s ]
[ sql ] [ SQL ] SELECT `site`,`describe` FROM `qy_config` WHERE  `conf_id` = 1 LIMIT 1 [ RunTime:0.000174s ]
[ sql ] [ SQL ] SHOW COLUMNS FROM `qy_fwl` [ RunTime:0.016385s ]
[ sql ] [ SQL ] SELECT `fid` FROM `qy_fwl` WHERE  (  ip='127.0.0.1' ) [ RunTime:0.011530s ]
[ sql ] [ SQL ] SELECT `count` FROM `qy_fwl` WHERE  (  ip='127.0.0.1' ) [ RunTime:0.003902s ]
[ sql ] [ SQL ] SELECT `btime` FROM `qy_fwl` WHERE  (  ip='127.0.0.1' ) [ RunTime:0.003833s ]
[ sql ] [ SQL ] INSERT INTO `qy_fwl` (`btime` , `ip` , `count`) VALUES (1535686448 , '127.0.0.1' , 1) [ RunTime:0.146864s ]
[ sql ] [ SQL ] SELECT `caro_img`,`action`,`caro_name` FROM `qy_carousel` WHERE  `caro_states` = 1  AND `pid` = 2 ORDER BY `caro_sort` LIMIT 4 [ RunTime:0.000591s ]
[ sql ] [ SQL ] SELECT `caro_img`,`caro_name` FROM `qy_carousel` WHERE  `caro_states` = 1  AND `pid` = 3  AND `caro_zh` = 1 ORDER BY `caro_sort` LIMIT 5 [ RunTime:0.000457s ]
[ sql ] [ SQL ] SELECT `caro_img` FROM `qy_carousel` WHERE  `caro_states` = 1  AND `pid` = 3  AND `caro_zh` = 2 ORDER BY `caro_sort` LIMIT 5 [ RunTime:0.000446s ]
[ sql ] [ SQL ] SELECT `type_id` FROM `qy_types` WHERE  `type_name` = '首页' [ RunTime:0.000356s ]
---------------------------------------------------------------
[ 2018-08-31T11:34:10+08:00 ] 127.0.0.1 127.0.0.1 GET /index/news/index.html
[ sql ] [ DB ] CONNECT:[ UseTime:0.000918s ] mysql:dbname=chinling;host=127.0.0.1;port=3306;charset=utf8
[ sql ] [ SQL ] SHOW COLUMNS FROM `qy_logo` [ RunTime:0.006931s ]
[ sql ] [ SQL ] SELECT `logo_img` FROM `qy_logo` WHERE  `caro_states` = 1 [ RunTime:0.000222s ]
[ sql ] [ SQL ] SHOW COLUMNS FROM `qy_types` [ RunTime:0.006483s ]
[ sql ] [ SQL ] SELECT * FROM `qy_types` WHERE  `type_pid` = 1 ORDER BY `type_sort` [ RunTime:0.000273s ]
[ sql ] [ SQL ] SELECT * FROM `qy_types` WHERE  `type_pid` = 2 ORDER BY `type_sort` [ RunTime:0.000218s ]
[ sql ] [ SQL ] SELECT * FROM `qy_types` WHERE  `type_pid` = 10 ORDER BY `type_sort` [ RunTime:0.000214s ]
[ sql ] [ SQL ] SELECT * FROM `qy_types` WHERE  `type_pid` = 3 ORDER BY `type_sort` [ RunTime:0.000208s ]
[ sql ] [ SQL ] SELECT * FROM `qy_types` WHERE  `type_pid` = 30 [ RunTime:0.000208s ]
[ sql ] [ SQL ] SHOW COLUMNS FROM `qy_carousel` [ RunTime:0.006569s ]
[ sql ] [ SQL ] SELECT `caro_img` FROM `qy_carousel` WHERE  `caro_states` = 1  AND `pid` = 1 ORDER BY `caro_sort` LIMIT 5 [ RunTime:0.000260s ]
[ sql ] [ SQL ] SELECT `caro_img` FROM `qy_carousel` WHERE  `caro_states` = 1  AND `pid` = 4 ORDER BY `caro_sort` LIMIT 5 [ RunTime:0.000190s ]
[ sql ] [ SQL ] SELECT * FROM `qy_types` WHERE  `type_pid` = 31 [ RunTime:0.000197s ]
[ sql ] [ SQL ] SELECT * FROM `qy_types` WHERE  `type_pid` = 40 LIMIT 1 [ RunTime:0.000191s ]
[ sql ] [ SQL ] SHOW COLUMNS FROM `qy_config` [ RunTime:0.006639s ]
[ sql ] [ SQL ] SELECT * FROM `qy_config` LIMIT 1 [ RunTime:0.000183s ]
[ sql ] [ SQL ] SELECT `site`,`describe` FROM `qy_config` WHERE  `conf_id` = 1 LIMIT 1 [ RunTime:0.000161s ]
[ sql ] [ SQL ] SELECT `type_id` FROM `qy_types` WHERE  `type_pid` IS NULL ORDER BY `type_sort` LIMIT 1 [ RunTime:0.000128s ]
[ sql ] [ SQL ] SELECT * FROM `qy_types` WHERE  `type_id` IS NULL LIMIT 1 [ RunTime:0.000143s ]
[ sql ] [ SQL ] SELECT * FROM `qy_types` WHERE  `type_pid` IS NULL ORDER BY `type_sort` [ RunTime:0.000140s ]
---------------------------------------------------------------
[ 2018-08-31T11:34:11+08:00 ] 127.0.0.1 127.0.0.1 GET /index/about/show.html
[ sql ] [ DB ] CONNECT:[ UseTime:0.000893s ] mysql:dbname=chinling;host=127.0.0.1;port=3306;charset=utf8
[ sql ] [ SQL ] SHOW COLUMNS FROM `qy_logo` [ RunTime:0.007166s ]
[ sql ] [ SQL ] SELECT `logo_img` FROM `qy_logo` WHERE  `caro_states` = 1 [ RunTime:0.000222s ]
[ sql ] [ SQL ] SHOW COLUMNS FROM `qy_types` [ RunTime:0.006423s ]
[ sql ] [ SQL ] SELECT * FROM `qy_types` WHERE  `type_pid` = 1 ORDER BY `type_sort` [ RunTime:0.000264s ]
[ sql ] [ SQL ] SELECT * FROM `qy_types` WHERE  `type_pid` = 2 ORDER BY `type_sort` [ RunTime:0.000216s ]
[ sql ] [ SQL ] SELECT * FROM `qy_types` WHERE  `type_pid` = 10 ORDER BY `type_sort` [ RunTime:0.000211s ]
[ sql ] [ SQL ] SELECT * FROM `qy_types` WHERE  `type_pid` = 3 ORDER BY `type_sort` [ RunTime:0.000208s ]
[ sql ] [ SQL ] SELECT * FROM `qy_types` WHERE  `type_pid` = 30 [ RunTime:0.000211s ]
[ sql ] [ SQL ] SHOW COLUMNS FROM `qy_carousel` [ RunTime:0.007754s ]
[ sql ] [ SQL ] SELECT `caro_img` FROM `qy_carousel` WHERE  `caro_states` = 1  AND `pid` = 1 ORDER BY `caro_sort` LIMIT 5 [ RunTime:0.000276s ]
[ sql ] [ SQL ] SELECT `caro_img` FROM `qy_carousel` WHERE  `caro_states` = 1  AND `pid` = 4 ORDER BY `caro_sort` LIMIT 5 [ RunTime:0.000190s ]
[ sql ] [ SQL ] SELECT * FROM `qy_types` WHERE  `type_pid` = 31 [ RunTime:0.000198s ]
[ sql ] [ SQL ] SELECT * FROM `qy_types` WHERE  `type_pid` = 40 LIMIT 1 [ RunTime:0.000183s ]
[ sql ] [ SQL ] SHOW COLUMNS FROM `qy_config` [ RunTime:0.007146s ]
[ sql ] [ SQL ] SELECT * FROM `qy_config` LIMIT 1 [ RunTime:0.000205s ]
[ sql ] [ SQL ] SELECT `site`,`describe` FROM `qy_config` WHERE  `conf_id` = 1 LIMIT 1 [ RunTime:0.000168s ]
---------------------------------------------------------------
[ 2018-08-31T13:54:04+08:00 ] 127.0.0.1 127.0.0.1 GET /
[ sql ] [ DB ] CONNECT:[ UseTime:0.001864s ] mysql:dbname=chinling;host=127.0.0.1;port=3306;charset=utf8
[ sql ] [ SQL ] SHOW COLUMNS FROM `qy_logo` [ RunTime:0.006925s ]
[ sql ] [ SQL ] SELECT `logo_img` FROM `qy_logo` WHERE  `caro_states` = 1 [ RunTime:0.000240s ]
[ sql ] [ SQL ] SHOW COLUMNS FROM `qy_types` [ RunTime:0.006615s ]
[ sql ] [ SQL ] SELECT * FROM `qy_types` WHERE  `type_pid` = 1 ORDER BY `type_sort` [ RunTime:0.000283s ]
[ sql ] [ SQL ] SELECT * FROM `qy_types` WHERE  `type_pid` = 2 ORDER BY `type_sort` [ RunTime:0.000203s ]
[ sql ] [ SQL ] SELECT * FROM `qy_types` WHERE  `type_pid` = 10 ORDER BY `type_sort` [ RunTime:0.000189s ]
[ sql ] [ SQL ] SELECT * FROM `qy_types` WHERE  `type_pid` = 3 ORDER BY `type_sort` [ RunTime:0.000227s ]
[ sql ] [ SQL ] SELECT * FROM `qy_types` WHERE  `type_pid` = 30 [ RunTime:0.000197s ]
[ sql ] [ SQL ] SHOW COLUMNS FROM `qy_carousel` [ RunTime:0.006362s ]
[ sql ] [ SQL ] SELECT `caro_img` FROM `qy_carousel` WHERE  `caro_states` = 1  AND `pid` = 1 ORDER BY `caro_sort` LIMIT 5 [ RunTime:0.000215s ]
[ sql ] [ SQL ] SELECT `caro_img` FROM `qy_carousel` WHERE  `caro_states` = 1  AND `pid` = 4 ORDER BY `caro_sort` LIMIT 5 [ RunTime:0.000186s ]
[ sql ] [ SQL ] SELECT * FROM `qy_types` WHERE  `type_pid` = 31 [ RunTime:0.000211s ]
[ sql ] [ SQL ] SELECT * FROM `qy_types` WHERE  `type_pid` = 40 LIMIT 1 [ RunTime:0.000206s ]
[ sql ] [ SQL ] SHOW COLUMNS FROM `qy_config` [ RunTime:0.007079s ]
[ sql ] [ SQL ] SELECT * FROM `qy_config` LIMIT 1 [ RunTime:0.000205s ]
[ sql ] [ SQL ] SELECT `site`,`describe` FROM `qy_config` WHERE  `conf_id` = 1 LIMIT 1 [ RunTime:0.000178s ]
[ sql ] [ SQL ] SHOW COLUMNS FROM `qy_fwl` [ RunTime:0.006398s ]
[ sql ] [ SQL ] SELECT `fid` FROM `qy_fwl` WHERE  (  ip='127.0.0.1' ) [ RunTime:0.003546s ]
[ sql ] [ SQL ] SELECT `count` FROM `qy_fwl` WHERE  (  ip='127.0.0.1' ) [ RunTime:0.003508s ]
[ sql ] [ SQL ] SELECT `btime` FROM `qy_fwl` WHERE  (  ip='127.0.0.1' ) [ RunTime:0.003389s ]
[ sql ] [ SQL ] INSERT INTO `qy_fwl` (`btime` , `ip` , `count`) VALUES (1535694844 , '127.0.0.1' , 1) [ RunTime:0.154115s ]
[ sql ] [ SQL ] SELECT `caro_img`,`action`,`caro_name` FROM `qy_carousel` WHERE  `caro_states` = 1  AND `pid` = 2 ORDER BY `caro_sort` LIMIT 4 [ RunTime:0.000295s ]
[ sql ] [ SQL ] SELECT `caro_img`,`caro_name` FROM `qy_carousel` WHERE  `caro_states` = 1  AND `pid` = 3  AND `caro_zh` = 1 ORDER BY `caro_sort` LIMIT 5 [ RunTime:0.000277s ]
[ sql ] [ SQL ] SELECT `caro_img` FROM `qy_carousel` WHERE  `caro_states` = 1  AND `pid` = 3  AND `caro_zh` = 2 ORDER BY `caro_sort` LIMIT 5 [ RunTime:0.000203s ]
[ sql ] [ SQL ] SELECT `type_id` FROM `qy_types` WHERE  `type_name` = '首页' [ RunTime:0.000160s ]
---------------------------------------------------------------
[ 2018-08-31T14:19:13+08:00 ] 127.0.0.1 127.0.0.1 GET /
[ sql ] [ DB ] CONNECT:[ UseTime:0.001808s ] mysql:dbname=chinling;host=127.0.0.1;port=3306;charset=utf8
[ sql ] [ SQL ] SHOW COLUMNS FROM `qy_logo` [ RunTime:0.007091s ]
[ sql ] [ SQL ] SELECT `logo_img` FROM `qy_logo` WHERE  `caro_states` = 1 [ RunTime:0.000300s ]
[ sql ] [ SQL ] SHOW COLUMNS FROM `qy_types` [ RunTime:0.006643s ]
[ sql ] [ SQL ] SELECT * FROM `qy_types` WHERE  `type_pid` = 1 ORDER BY `type_sort` [ RunTime:0.000267s ]
[ sql ] [ SQL ] SELECT * FROM `qy_types` WHERE  `type_pid` = 2 ORDER BY `type_sort` [ RunTime:0.000198s ]
[ sql ] [ SQL ] SELECT * FROM `qy_types` WHERE  `type_pid` = 10 ORDER BY `type_sort` [ RunTime:0.000191s ]
[ sql ] [ SQL ] SELECT * FROM `qy_types` WHERE  `type_pid` = 3 ORDER BY `type_sort` [ RunTime:0.000191s ]
[ sql ] [ SQL ] SELECT * FROM `qy_types` WHERE  `type_pid` = 30 [ RunTime:0.000201s ]
[ sql ] [ SQL ] SHOW COLUMNS FROM `qy_carousel` [ RunTime:0.006467s ]
[ sql ] [ SQL ] SELECT `caro_img` FROM `qy_carousel` WHERE  `caro_states` = 1  AND `pid` = 1 ORDER BY `caro_sort` LIMIT 5 [ RunTime:0.000229s ]
[ sql ] [ SQL ] SELECT `caro_img` FROM `qy_carousel` WHERE  `caro_states` = 1  AND `pid` = 4 ORDER BY `caro_sort` LIMIT 5 [ RunTime:0.000168s ]
[ sql ] [ SQL ] SELECT * FROM `qy_types` WHERE  `type_pid` = 31 [ RunTime:0.000185s ]
[ sql ] [ SQL ] SELECT * FROM `qy_types` WHERE  `type_pid` = 40 LIMIT 1 [ RunTime:0.000168s ]
[ sql ] [ SQL ] SHOW COLUMNS FROM `qy_config` [ RunTime:0.006899s ]
[ sql ] [ SQL ] SELECT * FROM `qy_config` LIMIT 1 [ RunTime:0.000186s ]
[ sql ] [ SQL ] SELECT `site`,`describe` FROM `qy_config` WHERE  `conf_id` = 1 LIMIT 1 [ RunTime:0.000185s ]
[ sql ] [ SQL ] SHOW COLUMNS FROM `qy_fwl` [ RunTime:0.006807s ]
[ sql ] [ SQL ] SELECT `fid` FROM `qy_fwl` WHERE  (  ip='127.0.0.1' ) [ RunTime:0.003424s ]
[ sql ] [ SQL ] SELECT `count` FROM `qy_fwl` WHERE  (  ip='127.0.0.1' ) [ RunTime:0.003329s ]
[ sql ] [ SQL ] SELECT `btime` FROM `qy_fwl` WHERE  (  ip='127.0.0.1' ) [ RunTime:0.003347s ]
[ sql ] [ SQL ] INSERT INTO `qy_fwl` (`btime` , `ip` , `count`) VALUES (1535696353 , '127.0.0.1' , 1) [ RunTime:0.150454s ]
[ sql ] [ SQL ] SELECT `caro_img`,`action`,`caro_name` FROM `qy_carousel` WHERE  `caro_states` = 1  AND `pid` = 2 ORDER BY `caro_sort` LIMIT 4 [ RunTime:0.000596s ]
[ sql ] [ SQL ] SELECT `caro_img`,`caro_name` FROM `qy_carousel` WHERE  `caro_states` = 1  AND `pid` = 3  AND `caro_zh` = 1 ORDER BY `caro_sort` LIMIT 5 [ RunTime:0.000494s ]
[ sql ] [ SQL ] SELECT `caro_img` FROM `qy_carousel` WHERE  `caro_states` = 1  AND `pid` = 3  AND `caro_zh` = 2 ORDER BY `caro_sort` LIMIT 5 [ RunTime:0.000566s ]
[ sql ] [ SQL ] SELECT `type_id` FROM `qy_types` WHERE  `type_name` = '首页' [ RunTime:0.000595s ]
---------------------------------------------------------------
[ 2018-08-31T14:22:02+08:00 ] 127.0.0.1 127.0.0.1 GET /
[ sql ] [ DB ] CONNECT:[ UseTime:0.002160s ] mysql:dbname=chinling;host=127.0.0.1;port=3306;charset=utf8
[ sql ] [ SQL ] SHOW COLUMNS FROM `qy_logo` [ RunTime:0.008003s ]
[ sql ] [ SQL ] SELECT `logo_img` FROM `qy_logo` WHERE  `caro_states` = 1 [ RunTime:0.000287s ]
[ sql ] [ SQL ] SHOW COLUMNS FROM `qy_types` [ RunTime:0.007400s ]
[ sql ] [ SQL ] SELECT * FROM `qy_types` WHERE  `type_pid` = 1 ORDER BY `type_sort` [ RunTime:0.000292s ]
[ sql ] [ SQL ] SELECT * FROM `qy_types` WHERE  `type_pid` = 2 ORDER BY `type_sort` [ RunTime:0.000237s ]
[ sql ] [ SQL ] SELECT * FROM `qy_types` WHERE  `type_pid` = 10 ORDER BY `type_sort` [ RunTime:0.000224s ]
[ sql ] [ SQL ] SELECT * FROM `qy_types` WHERE  `type_pid` = 3 ORDER BY `type_sort` [ RunTime:0.000208s ]
[ sql ] [ SQL ] SELECT * FROM `qy_types` WHERE  `type_pid` = 30 [ RunTime:0.000232s ]
[ sql ] [ SQL ] SHOW COLUMNS FROM `qy_carousel` [ RunTime:0.007571s ]
[ sql ] [ SQL ] SELECT `caro_img` FROM `qy_carousel` WHERE  `caro_states` = 1  AND `pid` = 1 ORDER BY `caro_sort` LIMIT 5 [ RunTime:0.000259s ]
[ sql ] [ SQL ] SELECT `caro_img` FROM `qy_carousel` WHERE  `caro_states` = 1  AND `pid` = 4 ORDER BY `caro_sort` LIMIT 5 [ RunTime:0.000209s ]
[ sql ] [ SQL ] SELECT * FROM `qy_types` WHERE  `type_pid` = 31 [ RunTime:0.000248s ]
[ sql ] [ SQL ] SELECT * FROM `qy_types` WHERE  `type_pid` = 40 LIMIT 1 [ RunTime:0.000218s ]
[ sql ] [ SQL ] SHOW COLUMNS FROM `qy_config` [ RunTime:0.007019s ]
[ sql ] [ SQL ] SELECT * FROM `qy_config` LIMIT 1 [ RunTime:0.000190s ]
[ sql ] [ SQL ] SELECT `site`,`describe` FROM `qy_config` WHERE  `conf_id` = 1 LIMIT 1 [ RunTime:0.000153s ]
[ sql ] [ SQL ] SHOW COLUMNS FROM `qy_fwl` [ RunTime:0.007028s ]
[ sql ] [ SQL ] SELECT `fid` FROM `qy_fwl` WHERE  (  ip='127.0.0.1' ) [ RunTime:0.003394s ]
[ sql ] [ SQL ] SELECT `count` FROM `qy_fwl` WHERE  (  ip='127.0.0.1' ) [ RunTime:0.003562s ]
[ sql ] [ SQL ] SELECT `btime` FROM `qy_fwl` WHERE  (  ip='127.0.0.1' ) [ RunTime:0.003402s ]
[ sql ] [ SQL ] INSERT INTO `qy_fwl` (`btime` , `ip` , `count`) VALUES (1535696522 , '127.0.0.1' , 1) [ RunTime:0.165979s ]
[ sql ] [ SQL ] SELECT `caro_img`,`action`,`caro_name` FROM `qy_carousel` WHERE  `caro_states` = 1  AND `pid` = 2 ORDER BY `caro_sort` LIMIT 4 [ RunTime:0.000648s ]
[ sql ] [ SQL ] SELECT `caro_img`,`caro_name` FROM `qy_carousel` WHERE  `caro_states` = 1  AND `pid` = 3  AND `caro_zh` = 1 ORDER BY `caro_sort` LIMIT 5 [ RunTime:0.000527s ]
[ sql ] [ SQL ] SELECT `caro_img` FROM `qy_carousel` WHERE  `caro_states` = 1  AND `pid` = 3  AND `caro_zh` = 2 ORDER BY `caro_sort` LIMIT 5 [ RunTime:0.000481s ]
[ sql ] [ SQL ] SELECT `type_id` FROM `qy_types` WHERE  `type_name` = '首页' [ RunTime:0.000368s ]
---------------------------------------------------------------
[ 2018-08-31T14:22:05+08:00 ] 127.0.0.1 127.0.0.1 GET /index/news/index.html
[ sql ] [ DB ] CONNECT:[ UseTime:0.009892s ] mysql:dbname=chinling;host=127.0.0.1;port=3306;charset=utf8
[ sql ] [ SQL ] SHOW COLUMNS FROM `qy_logo` [ RunTime:0.007353s ]
[ sql ] [ SQL ] SELECT `logo_img` FROM `qy_logo` WHERE  `caro_states` = 1 [ RunTime:0.000239s ]
[ sql ] [ SQL ] SHOW COLUMNS FROM `qy_types` [ RunTime:0.005990s ]
[ sql ] [ SQL ] SELECT * FROM `qy_types` WHERE  `type_pid` = 1 ORDER BY `type_sort` [ RunTime:0.000265s ]
[ sql ] [ SQL ] SELECT * FROM `qy_types` WHERE  `type_pid` = 2 ORDER BY `type_sort` [ RunTime:0.000217s ]
[ sql ] [ SQL ] SELECT * FROM `qy_types` WHERE  `type_pid` = 10 ORDER BY `type_sort` [ RunTime:0.000209s ]
[ sql ] [ SQL ] SELECT * FROM `qy_types` WHERE  `type_pid` = 3 ORDER BY `type_sort` [ RunTime:0.000206s ]
[ sql ] [ SQL ] SELECT * FROM `qy_types` WHERE  `type_pid` = 30 [ RunTime:0.000210s ]
[ sql ] [ SQL ] SHOW COLUMNS FROM `qy_carousel` [ RunTime:0.007697s ]
[ sql ] [ SQL ] SELECT `caro_img` FROM `qy_carousel` WHERE  `caro_states` = 1  AND `pid` = 1 ORDER BY `caro_sort` LIMIT 5 [ RunTime:0.000242s ]
[ sql ] [ SQL ] SELECT `caro_img` FROM `qy_carousel` WHERE  `caro_states` = 1  AND `pid` = 4 ORDER BY `caro_sort` LIMIT 5 [ RunTime:0.000186s ]
[ sql ] [ SQL ] SELECT * FROM `qy_types` WHERE  `type_pid` = 31 [ RunTime:0.000199s ]
[ sql ] [ SQL ] SELECT * FROM `qy_types` WHERE  `type_pid` = 40 LIMIT 1 [ RunTime:0.000186s ]
[ sql ] [ SQL ] SHOW COLUMNS FROM `qy_config` [ RunTime:0.007311s ]
[ sql ] [ SQL ] SELECT * FROM `qy_config` LIMIT 1 [ RunTime:0.000191s ]
[ sql ] [ SQL ] SELECT `site`,`describe` FROM `qy_config` WHERE  `conf_id` = 1 LIMIT 1 [ RunTime:0.000160s ]
[ sql ] [ SQL ] SELECT `type_id` FROM `qy_types` WHERE  `type_pid` IS NULL ORDER BY `type_sort` LIMIT 1 [ RunTime:0.000131s ]
[ sql ] [ SQL ] SELECT * FROM `qy_types` WHERE  `type_id` IS NULL LIMIT 1 [ RunTime:0.000144s ]
[ sql ] [ SQL ] SELECT * FROM `qy_types` WHERE  `type_pid` IS NULL ORDER BY `type_sort` [ RunTime:0.000140s ]
---------------------------------------------------------------
[ 2018-08-31T14:22:07+08:00 ] 127.0.0.1 127.0.0.1 GET /index/news/index.html
[ sql ] [ DB ] CONNECT:[ UseTime:0.000890s ] mysql:dbname=chinling;host=127.0.0.1;port=3306;charset=utf8
[ sql ] [ SQL ] SHOW COLUMNS FROM `qy_logo` [ RunTime:0.007880s ]
[ sql ] [ SQL ] SELECT `logo_img` FROM `qy_logo` WHERE  `caro_states` = 1 [ RunTime:0.000221s ]
[ sql ] [ SQL ] SHOW COLUMNS FROM `qy_types` [ RunTime:0.007981s ]
[ sql ] [ SQL ] SELECT * FROM `qy_types` WHERE  `type_pid` = 1 ORDER BY `type_sort` [ RunTime:0.000272s ]
[ sql ] [ SQL ] SELECT * FROM `qy_types` WHERE  `type_pid` = 2 ORDER BY `type_sort` [ RunTime:0.000225s ]
[ sql ] [ SQL ] SELECT * FROM `qy_types` WHERE  `type_pid` = 10 ORDER BY `type_sort` [ RunTime:0.000212s ]
[ sql ] [ SQL ] SELECT * FROM `qy_types` WHERE  `type_pid` = 3 ORDER BY `type_sort` [ RunTime:0.000209s ]
[ sql ] [ SQL ] SELECT * FROM `qy_types` WHERE  `type_pid` = 30 [ RunTime:0.000266s ]
[ sql ] [ SQL ] SHOW COLUMNS FROM `qy_carousel` [ RunTime:0.006792s ]
[ sql ] [ SQL ] SELECT `caro_img` FROM `qy_carousel` WHERE  `caro_states` = 1  AND `pid` = 1 ORDER BY `caro_sort` LIMIT 5 [ RunTime:0.000218s ]
[ sql ] [ SQL ] SELECT `caro_img` FROM `qy_carousel` WHERE  `caro_states` = 1  AND `pid` = 4 ORDER BY `caro_sort` LIMIT 5 [ RunTime:0.000183s ]
[ sql ] [ SQL ] SELECT * FROM `qy_types` WHERE  `type_pid` = 31 [ RunTime:0.000197s ]
[ sql ] [ SQL ] SELECT * FROM `qy_types` WHERE  `type_pid` = 40 LIMIT 1 [ RunTime:0.000184s ]
[ sql ] [ SQL ] SHOW COLUMNS FROM `qy_config` [ RunTime:0.033379s ]
[ sql ] [ SQL ] SELECT * FROM `qy_config` LIMIT 1 [ RunTime:0.000183s ]
[ sql ] [ SQL ] SELECT `site`,`describe` FROM `qy_config` WHERE  `conf_id` = 1 LIMIT 1 [ RunTime:0.000151s ]
[ sql ] [ SQL ] SELECT `type_id` FROM `qy_types` WHERE  `type_pid` IS NULL ORDER BY `type_sort` LIMIT 1 [ RunTime:0.000116s ]
[ sql ] [ SQL ] SELECT * FROM `qy_types` WHERE  `type_id` IS NULL LIMIT 1 [ RunTime:0.000129s ]
[ sql ] [ SQL ] SELECT * FROM `qy_types` WHERE  `type_pid` IS NULL ORDER BY `type_sort` [ RunTime:0.000126s ]
---------------------------------------------------------------
[ 2018-08-31T14:22:10+08:00 ] 127.0.0.1 127.0.0.1 GET /index/about/show.html
[ sql ] [ DB ] CONNECT:[ UseTime:0.000943s ] mysql:dbname=chinling;host=127.0.0.1;port=3306;charset=utf8
[ sql ] [ SQL ] SHOW COLUMNS FROM `qy_logo` [ RunTime:0.024228s ]
[ sql ] [ SQL ] SELECT `logo_img` FROM `qy_logo` WHERE  `caro_states` = 1 [ RunTime:0.000224s ]
[ sql ] [ SQL ] SHOW COLUMNS FROM `qy_types` [ RunTime:0.006585s ]
[ sql ] [ SQL ] SELECT * FROM `qy_types` WHERE  `type_pid` = 1 ORDER BY `type_sort` [ RunTime:0.000281s ]
[ sql ] [ SQL ] SELECT * FROM `qy_types` WHERE  `type_pid` = 2 ORDER BY `type_sort` [ RunTime:0.000223s ]
[ sql ] [ SQL ] SELECT * FROM `qy_types` WHERE  `type_pid` = 10 ORDER BY `type_sort` [ RunTime:0.000212s ]
[ sql ] [ SQL ] SELECT * FROM `qy_types` WHERE  `type_pid` = 3 ORDER BY `type_sort` [ RunTime:0.000213s ]
[ sql ] [ SQL ] SELECT * FROM `qy_types` WHERE  `type_pid` = 30 [ RunTime:0.000207s ]
[ sql ] [ SQL ] SHOW COLUMNS FROM `qy_carousel` [ RunTime:0.012601s ]
[ sql ] [ SQL ] SELECT `caro_img` FROM `qy_carousel` WHERE  `caro_states` = 1  AND `pid` = 1 ORDER BY `caro_sort` LIMIT 5 [ RunTime:0.000578s ]
[ sql ] [ SQL ] SELECT `caro_img` FROM `qy_carousel` WHERE  `caro_states` = 1  AND `pid` = 4 ORDER BY `caro_sort` LIMIT 5 [ RunTime:0.000433s ]
[ sql ] [ SQL ] SELECT * FROM `qy_types` WHERE  `type_pid` = 31 [ RunTime:0.000467s ]
[ sql ] [ SQL ] SELECT * FROM `qy_types` WHERE  `type_pid` = 40 LIMIT 1 [ RunTime:0.000430s ]
[ sql ] [ SQL ] SHOW COLUMNS FROM `qy_config` [ RunTime:0.015762s ]
[ sql ] [ SQL ] SELECT * FROM `qy_config` LIMIT 1 [ RunTime:0.000470s ]
[ sql ] [ SQL ] SELECT `site`,`describe` FROM `qy_config` WHERE  `conf_id` = 1 LIMIT 1 [ RunTime:0.000383s ]
---------------------------------------------------------------
[ 2018-08-31T14:22:14+08:00 ] 127.0.0.1 127.0.0.1 GET /index/about/show.html
[ sql ] [ DB ] CONNECT:[ UseTime:0.000944s ] mysql:dbname=chinling;host=127.0.0.1;port=3306;charset=utf8
[ sql ] [ SQL ] SHOW COLUMNS FROM `qy_logo` [ RunTime:0.006911s ]
[ sql ] [ SQL ] SELECT `logo_img` FROM `qy_logo` WHERE  `caro_states` = 1 [ RunTime:0.000231s ]
[ sql ] [ SQL ] SHOW COLUMNS FROM `qy_types` [ RunTime:0.006481s ]
[ sql ] [ SQL ] SELECT * FROM `qy_types` WHERE  `type_pid` = 1 ORDER BY `type_sort` [ RunTime:0.000314s ]
[ sql ] [ SQL ] SELECT * FROM `qy_types` WHERE  `type_pid` = 2 ORDER BY `type_sort` [ RunTime:0.000299s ]
[ sql ] [ SQL ] SELECT * FROM `qy_types` WHERE  `type_pid` = 10 ORDER BY `type_sort` [ RunTime:0.000276s ]
[ sql ] [ SQL ] SELECT * FROM `qy_types` WHERE  `type_pid` = 3 ORDER BY `type_sort` [ RunTime:0.000277s ]
[ sql ] [ SQL ] SELECT * FROM `qy_types` WHERE  `type_pid` = 30 [ RunTime:0.000231s ]
[ sql ] [ SQL ] SHOW COLUMNS FROM `qy_carousel` [ RunTime:0.007404s ]
[ sql ] [ SQL ] SELECT `caro_img` FROM `qy_carousel` WHERE  `caro_states` = 1  AND `pid` = 1 ORDER BY `caro_sort` LIMIT 5 [ RunTime:0.000233s ]
[ sql ] [ SQL ] SELECT `caro_img` FROM `qy_carousel` WHERE  `caro_states` = 1  AND `pid` = 4 ORDER BY `caro_sort` LIMIT 5 [ RunTime:0.000192s ]
[ sql ] [ SQL ] SELECT * FROM `qy_types` WHERE  `type_pid` = 31 [ RunTime:0.000200s ]
[ sql ] [ SQL ] SELECT * FROM `qy_types` WHERE  `type_pid` = 40 LIMIT 1 [ RunTime:0.000189s ]
[ sql ] [ SQL ] SHOW COLUMNS FROM `qy_config` [ RunTime:0.007249s ]
[ sql ] [ SQL ] SELECT * FROM `qy_config` LIMIT 1 [ RunTime:0.000210s ]
[ sql ] [ SQL ] SELECT `site`,`describe` FROM `qy_config` WHERE  `conf_id` = 1 LIMIT 1 [ RunTime:0.000169s ]
---------------------------------------------------------------
[ 2018-08-31T14:22:18+08:00 ] 127.0.0.1 127.0.0.1 GET /index/news/index.html
[ sql ] [ DB ] CONNECT:[ UseTime:0.000871s ] mysql:dbname=chinling;host=127.0.0.1;port=3306;charset=utf8
[ sql ] [ SQL ] SHOW COLUMNS FROM `qy_logo` [ RunTime:0.006759s ]
[ sql ] [ SQL ] SELECT `logo_img` FROM `qy_logo` WHERE  `caro_states` = 1 [ RunTime:0.000205s ]
[ sql ] [ SQL ] SHOW COLUMNS FROM `qy_types` [ RunTime:0.006585s ]
[ sql ] [ SQL ] SELECT * FROM `qy_types` WHERE  `type_pid` = 1 ORDER BY `type_sort` [ RunTime:0.000253s ]
[ sql ] [ SQL ] SELECT * FROM `qy_types` WHERE  `type_pid` = 2 ORDER BY `type_sort` [ RunTime:0.000202s ]
[ sql ] [ SQL ] SELECT * FROM `qy_types` WHERE  `type_pid` = 10 ORDER BY `type_sort` [ RunTime:0.000189s ]
[ sql ] [ SQL ] SELECT * FROM `qy_types` WHERE  `type_pid` = 3 ORDER BY `type_sort` [ RunTime:0.000189s ]
[ sql ] [ SQL ] SELECT * FROM `qy_types` WHERE  `type_pid` = 30 [ RunTime:0.000190s ]
[ sql ] [ SQL ] SHOW COLUMNS FROM `qy_carousel` [ RunTime:0.006504s ]
[ sql ] [ SQL ] SELECT `caro_img` FROM `qy_carousel` WHERE  `caro_states` = 1  AND `pid` = 1 ORDER BY `caro_sort` LIMIT 5 [ RunTime:0.000238s ]
[ sql ] [ SQL ] SELECT `caro_img` FROM `qy_carousel` WHERE  `caro_states` = 1  AND `pid` = 4 ORDER BY `caro_sort` LIMIT 5 [ RunTime:0.000173s ]
[ sql ] [ SQL ] SELECT * FROM `qy_types` WHERE  `type_pid` = 31 [ RunTime:0.000181s ]
[ sql ] [ SQL ] SELECT * FROM `qy_types` WHERE  `type_pid` = 40 LIMIT 1 [ RunTime:0.000167s ]
[ sql ] [ SQL ] SHOW COLUMNS FROM `qy_config` [ RunTime:0.005977s ]
[ sql ] [ SQL ] SELECT * FROM `qy_config` LIMIT 1 [ RunTime:0.000164s ]
[ sql ] [ SQL ] SELECT `site`,`describe` FROM `qy_config` WHERE  `conf_id` = 1 LIMIT 1 [ RunTime:0.000145s ]
[ sql ] [ SQL ] SELECT `type_id` FROM `qy_types` WHERE  `type_pid` IS NULL ORDER BY `type_sort` LIMIT 1 [ RunTime:0.000114s ]
[ sql ] [ SQL ] SELECT * FROM `qy_types` WHERE  `type_id` IS NULL LIMIT 1 [ RunTime:0.000128s ]
[ sql ] [ SQL ] SELECT * FROM `qy_types` WHERE  `type_pid` IS NULL ORDER BY `type_sort` [ RunTime:0.000125s ]
---------------------------------------------------------------
[ 2018-08-31T14:22:25+08:00 ] 127.0.0.1 127.0.0.1 GET /index/news/index.html
[ sql ] [ DB ] CONNECT:[ UseTime:0.000944s ] mysql:dbname=chinling;host=127.0.0.1;port=3306;charset=utf8
[ sql ] [ SQL ] SHOW COLUMNS FROM `qy_logo` [ RunTime:0.007537s ]
[ sql ] [ SQL ] SELECT `logo_img` FROM `qy_logo` WHERE  `caro_states` = 1 [ RunTime:0.000219s ]
[ sql ] [ SQL ] SHOW COLUMNS FROM `qy_types` [ RunTime:0.007083s ]
[ sql ] [ SQL ] SELECT * FROM `qy_types` WHERE  `type_pid` = 1 ORDER BY `type_sort` [ RunTime:0.000297s ]
[ sql ] [ SQL ] SELECT * FROM `qy_types` WHERE  `type_pid` = 2 ORDER BY `type_sort` [ RunTime:0.000267s ]
[ sql ] [ SQL ] SELECT * FROM `qy_types` WHERE  `type_pid` = 10 ORDER BY `type_sort` [ RunTime:0.000224s ]
[ sql ] [ SQL ] SELECT * FROM `qy_types` WHERE  `type_pid` = 3 ORDER BY `type_sort` [ RunTime:0.000213s ]
[ sql ] [ SQL ] SELECT * FROM `qy_types` WHERE  `type_pid` = 30 [ RunTime:0.000211s ]
[ sql ] [ SQL ] SHOW COLUMNS FROM `qy_carousel` [ RunTime:0.007266s ]
[ sql ] [ SQL ] SELECT `caro_img` FROM `qy_carousel` WHERE  `caro_states` = 1  AND `pid` = 1 ORDER BY `caro_sort` LIMIT 5 [ RunTime:0.000231s ]
[ sql ] [ SQL ] SELECT `caro_img` FROM `qy_carousel` WHERE  `caro_states` = 1  AND `pid` = 4 ORDER BY `caro_sort` LIMIT 5 [ RunTime:0.000187s ]
[ sql ] [ SQL ] SELECT * FROM `qy_types` WHERE  `type_pid` = 31 [ RunTime:0.000178s ]
[ sql ] [ SQL ] SELECT * FROM `qy_types` WHERE  `type_pid` = 40 LIMIT 1 [ RunTime:0.000168s ]
[ sql ] [ SQL ] SHOW COLUMNS FROM `qy_config` [ RunTime:0.006555s ]
[ sql ] [ SQL ] SELECT * FROM `qy_config` LIMIT 1 [ RunTime:0.000181s ]
[ sql ] [ SQL ] SELECT `site`,`describe` FROM `qy_config` WHERE  `conf_id` = 1 LIMIT 1 [ RunTime:0.000164s ]
[ sql ] [ SQL ] SELECT `type_id` FROM `qy_types` WHERE  `type_pid` IS NULL ORDER BY `type_sort` LIMIT 1 [ RunTime:0.000152s ]
[ sql ] [ SQL ] SELECT * FROM `qy_types` WHERE  `type_id` IS NULL LIMIT 1 [ RunTime:0.000185s ]
[ sql ] [ SQL ] SELECT * FROM `qy_types` WHERE  `type_pid` IS NULL ORDER BY `type_sort` [ RunTime:0.000248s ]
---------------------------------------------------------------
[ 2018-08-31T14:23:18+08:00 ] 127.0.0.1 127.0.0.1 GET /index/news/index.html
[ sql ] [ DB ] CONNECT:[ UseTime:0.001033s ] mysql:dbname=chinling;host=127.0.0.1;port=3306;charset=utf8
[ sql ] [ SQL ] SHOW COLUMNS FROM `qy_logo` [ RunTime:0.006897s ]
[ sql ] [ SQL ] SELECT `logo_img` FROM `qy_logo` WHERE  `caro_states` = 1 [ RunTime:0.000237s ]
[ sql ] [ SQL ] SHOW COLUMNS FROM `qy_types` [ RunTime:0.006585s ]
[ sql ] [ SQL ] SELECT * FROM `qy_types` WHERE  `type_pid` = 1 ORDER BY `type_sort` [ RunTime:0.000276s ]
[ sql ] [ SQL ] SELECT * FROM `qy_types` WHERE  `type_pid` = 2 ORDER BY `type_sort` [ RunTime:0.000220s ]
[ sql ] [ SQL ] SELECT * FROM `qy_types` WHERE  `type_pid` = 10 ORDER BY `type_sort` [ RunTime:0.000214s ]
[ sql ] [ SQL ] SELECT * FROM `qy_types` WHERE  `type_pid` = 3 ORDER BY `type_sort` [ RunTime:0.000210s ]
[ sql ] [ SQL ] SELECT * FROM `qy_types` WHERE  `type_pid` = 30 [ RunTime:0.000207s ]
[ sql ] [ SQL ] SHOW COLUMNS FROM `qy_carousel` [ RunTime:0.006585s ]
[ sql ] [ SQL ] SELECT `caro_img` FROM `qy_carousel` WHERE  `caro_states` = 1  AND `pid` = 1 ORDER BY `caro_sort` LIMIT 5 [ RunTime:0.000221s ]
[ sql ] [ SQL ] SELECT `caro_img` FROM `qy_carousel` WHERE  `caro_states` = 1  AND `pid` = 4 ORDER BY `caro_sort` LIMIT 5 [ RunTime:0.000185s ]
[ sql ] [ SQL ] SELECT * FROM `qy_types` WHERE  `type_pid` = 31 [ RunTime:0.000198s ]
[ sql ] [ SQL ] SELECT * FROM `qy_types` WHERE  `type_pid` = 40 LIMIT 1 [ RunTime:0.000195s ]
[ sql ] [ SQL ] SHOW COLUMNS FROM `qy_config` [ RunTime:0.007098s ]
[ sql ] [ SQL ] SELECT * FROM `qy_config` LIMIT 1 [ RunTime:0.000194s ]
[ sql ] [ SQL ] SELECT `site`,`describe` FROM `qy_config` WHERE  `conf_id` = 1 LIMIT 1 [ RunTime:0.000172s ]
[ sql ] [ SQL ] SELECT `type_id` FROM `qy_types` WHERE  `type_pid` IS NULL ORDER BY `type_sort` LIMIT 1 [ RunTime:0.000128s ]
[ sql ] [ SQL ] SELECT * FROM `qy_types` WHERE  `type_id` IS NULL LIMIT 1 [ RunTime:0.000143s ]
[ sql ] [ SQL ] SELECT * FROM `qy_types` WHERE  `type_pid` IS NULL ORDER BY `type_sort` [ RunTime:0.000144s ]
---------------------------------------------------------------
[ 2018-08-31T14:23:19+08:00 ] 127.0.0.1 127.0.0.1 GET /index/news/index.html
[ sql ] [ DB ] CONNECT:[ UseTime:0.000905s ] mysql:dbname=chinling;host=127.0.0.1;port=3306;charset=utf8
[ sql ] [ SQL ] SHOW COLUMNS FROM `qy_logo` [ RunTime:0.006712s ]
[ sql ] [ SQL ] SELECT `logo_img` FROM `qy_logo` WHERE  `caro_states` = 1 [ RunTime:0.000199s ]
[ sql ] [ SQL ] SHOW COLUMNS FROM `qy_types` [ RunTime:0.006239s ]
[ sql ] [ SQL ] SELECT * FROM `qy_types` WHERE  `type_pid` = 1 ORDER BY `type_sort` [ RunTime:0.000252s ]
[ sql ] [ SQL ] SELECT * FROM `qy_types` WHERE  `type_pid` = 2 ORDER BY `type_sort` [ RunTime:0.000198s ]
[ sql ] [ SQL ] SELECT * FROM `qy_types` WHERE  `type_pid` = 10 ORDER BY `type_sort` [ RunTime:0.000188s ]
[ sql ] [ SQL ] SELECT * FROM `qy_types` WHERE  `type_pid` = 3 ORDER BY `type_sort` [ RunTime:0.000192s ]
[ sql ] [ SQL ] SELECT * FROM `qy_types` WHERE  `type_pid` = 30 [ RunTime:0.000188s ]
[ sql ] [ SQL ] SHOW COLUMNS FROM `qy_carousel` [ RunTime:0.006036s ]
[ sql ] [ SQL ] SELECT `caro_img` FROM `qy_carousel` WHERE  `caro_states` = 1  AND `pid` = 1 ORDER BY `caro_sort` LIMIT 5 [ RunTime:0.000207s ]
[ sql ] [ SQL ] SELECT `caro_img` FROM `qy_carousel` WHERE  `caro_states` = 1  AND `pid` = 4 ORDER BY `caro_sort` LIMIT 5 [ RunTime:0.000180s ]
[ sql ] [ SQL ] SELECT * FROM `qy_types` WHERE  `type_pid` = 31 [ RunTime:0.000182s ]
[ sql ] [ SQL ] SELECT * FROM `qy_types` WHERE  `type_pid` = 40 LIMIT 1 [ RunTime:0.000167s ]
[ sql ] [ SQL ] SHOW COLUMNS FROM `qy_config` [ RunTime:0.006067s ]
[ sql ] [ SQL ] SELECT * FROM `qy_config` LIMIT 1 [ RunTime:0.000178s ]
[ sql ] [ SQL ] SELECT `site`,`describe` FROM `qy_config` WHERE  `conf_id` = 1 LIMIT 1 [ RunTime:0.000151s ]
[ sql ] [ SQL ] SELECT `type_id` FROM `qy_types` WHERE  `type_pid` IS NULL ORDER BY `type_sort` LIMIT 1 [ RunTime:0.000116s ]
[ sql ] [ SQL ] SELECT * FROM `qy_types` WHERE  `type_id` IS NULL LIMIT 1 [ RunTime:0.000129s ]
[ sql ] [ SQL ] SELECT * FROM `qy_types` WHERE  `type_pid` IS NULL ORDER BY `type_sort` [ RunTime:0.000125s ]
---------------------------------------------------------------
[ 2018-08-31T14:23:19+08:00 ] 127.0.0.1 127.0.0.1 GET /index/news/index.html
[ sql ] [ DB ] CONNECT:[ UseTime:0.000830s ] mysql:dbname=chinling;host=127.0.0.1;port=3306;charset=utf8
[ sql ] [ SQL ] SHOW COLUMNS FROM `qy_logo` [ RunTime:0.006320s ]
[ sql ] [ SQL ] SELECT `logo_img` FROM `qy_logo` WHERE  `caro_states` = 1 [ RunTime:0.000205s ]
[ sql ] [ SQL ] SHOW COLUMNS FROM `qy_types` [ RunTime:0.007150s ]
[ sql ] [ SQL ] SELECT * FROM `qy_types` WHERE  `type_pid` = 1 ORDER BY `type_sort` [ RunTime:0.000252s ]
[ sql ] [ SQL ] SELECT * FROM `qy_types` WHERE  `type_pid` = 2 ORDER BY `type_sort` [ RunTime:0.000201s ]
[ sql ] [ SQL ] SELECT * FROM `qy_types` WHERE  `type_pid` = 10 ORDER BY `type_sort` [ RunTime:0.000190s ]
[ sql ] [ SQL ] SELECT * FROM `qy_types` WHERE  `type_pid` = 3 ORDER BY `type_sort` [ RunTime:0.000190s ]
[ sql ] [ SQL ] SELECT * FROM `qy_types` WHERE  `type_pid` = 30 [ RunTime:0.000185s ]
[ sql ] [ SQL ] SHOW COLUMNS FROM `qy_carousel` [ RunTime:0.006776s ]
[ sql ] [ SQL ] SELECT `caro_img` FROM `qy_carousel` WHERE  `caro_states` = 1  AND `pid` = 1 ORDER BY `caro_sort` LIMIT 5 [ RunTime:0.000191s ]
[ sql ] [ SQL ] SELECT `caro_img` FROM `qy_carousel` WHERE  `caro_states` = 1  AND `pid` = 4 ORDER BY `caro_sort` LIMIT 5 [ RunTime:0.000167s ]
[ sql ] [ SQL ] SELECT * FROM `qy_types` WHERE  `type_pid` = 31 [ RunTime:0.000175s ]
[ sql ] [ SQL ] SELECT * FROM `qy_types` WHERE  `type_pid` = 40 LIMIT 1 [ RunTime:0.000166s ]
[ sql ] [ SQL ] SHOW COLUMNS FROM `qy_config` [ RunTime:0.005922s ]
[ sql ] [ SQL ] SELECT * FROM `qy_config` LIMIT 1 [ RunTime:0.000181s ]
[ sql ] [ SQL ] SELECT `site`,`describe` FROM `qy_config` WHERE  `conf_id` = 1 LIMIT 1 [ RunTime:0.000148s ]
[ sql ] [ SQL ] SELECT `type_id` FROM `qy_types` WHERE  `type_pid` IS NULL ORDER BY `type_sort` LIMIT 1 [ RunTime:0.000115s ]
[ sql ] [ SQL ] SELECT * FROM `qy_types` WHERE  `type_id` IS NULL LIMIT 1 [ RunTime:0.000130s ]
[ sql ] [ SQL ] SELECT * FROM `qy_types` WHERE  `type_pid` IS NULL ORDER BY `type_sort` [ RunTime:0.000127s ]
---------------------------------------------------------------
[ 2018-08-31T14:23:19+08:00 ] 127.0.0.1 127.0.0.1 GET /index/news/index.html
[ sql ] [ DB ] CONNECT:[ UseTime:0.000911s ] mysql:dbname=chinling;host=127.0.0.1;port=3306;charset=utf8
[ sql ] [ SQL ] SHOW COLUMNS FROM `qy_logo` [ RunTime:0.007221s ]
[ sql ] [ SQL ] SELECT `logo_img` FROM `qy_logo` WHERE  `caro_states` = 1 [ RunTime:0.000261s ]
[ sql ] [ SQL ] SHOW COLUMNS FROM `qy_types` [ RunTime:0.006752s ]
[ sql ] [ SQL ] SELECT * FROM `qy_types` WHERE  `type_pid` = 1 ORDER BY `type_sort` [ RunTime:0.000261s ]
[ sql ] [ SQL ] SELECT * FROM `qy_types` WHERE  `type_pid` = 2 ORDER BY `type_sort` [ RunTime:0.000199s ]
[ sql ] [ SQL ] SELECT * FROM `qy_types` WHERE  `type_pid` = 10 ORDER BY `type_sort` [ RunTime:0.000191s ]
[ sql ] [ SQL ] SELECT * FROM `qy_types` WHERE  `type_pid` = 3 ORDER BY `type_sort` [ RunTime:0.000190s ]
[ sql ] [ SQL ] SELECT * FROM `qy_types` WHERE  `type_pid` = 30 [ RunTime:0.000186s ]
[ sql ] [ SQL ] SHOW COLUMNS FROM `qy_carousel` [ RunTime:0.006833s ]
[ sql ] [ SQL ] SELECT `caro_img` FROM `qy_carousel` WHERE  `caro_states` = 1  AND `pid` = 1 ORDER BY `caro_sort` LIMIT 5 [ RunTime:0.000211s ]
[ sql ] [ SQL ] SELECT `caro_img` FROM `qy_carousel` WHERE  `caro_states` = 1  AND `pid` = 4 ORDER BY `caro_sort` LIMIT 5 [ RunTime:0.000169s ]
[ sql ] [ SQL ] SELECT * FROM `qy_types` WHERE  `type_pid` = 31 [ RunTime:0.000178s ]
[ sql ] [ SQL ] SELECT * FROM `qy_types` WHERE  `type_pid` = 40 LIMIT 1 [ RunTime:0.000167s ]
[ sql ] [ SQL ] SHOW COLUMNS FROM `qy_config` [ RunTime:0.006679s ]
[ sql ] [ SQL ] SELECT * FROM `qy_config` LIMIT 1 [ RunTime:0.000174s ]
[ sql ] [ SQL ] SELECT `site`,`describe` FROM `qy_config` WHERE  `conf_id` = 1 LIMIT 1 [ RunTime:0.000148s ]
[ sql ] [ SQL ] SELECT `type_id` FROM `qy_types` WHERE  `type_pid` IS NULL ORDER BY `type_sort` LIMIT 1 [ RunTime:0.000115s ]
[ sql ] [ SQL ] SELECT * FROM `qy_types` WHERE  `type_id` IS NULL LIMIT 1 [ RunTime:0.000129s ]
[ sql ] [ SQL ] SELECT * FROM `qy_types` WHERE  `type_pid` IS NULL ORDER BY `type_sort` [ RunTime:0.000126s ]
---------------------------------------------------------------
[ 2018-08-31T14:23:19+08:00 ] 127.0.0.1 127.0.0.1 GET /index/news/index.html
[ sql ] [ DB ] CONNECT:[ UseTime:0.000953s ] mysql:dbname=chinling;host=127.0.0.1;port=3306;charset=utf8
[ sql ] [ SQL ] SHOW COLUMNS FROM `qy_logo` [ RunTime:0.007152s ]
[ sql ] [ SQL ] SELECT `logo_img` FROM `qy_logo` WHERE  `caro_states` = 1 [ RunTime:0.000234s ]
[ sql ] [ SQL ] SHOW COLUMNS FROM `qy_types` [ RunTime:0.007659s ]
[ sql ] [ SQL ] SELECT * FROM `qy_types` WHERE  `type_pid` = 1 ORDER BY `type_sort` [ RunTime:0.000270s ]
[ sql ] [ SQL ] SELECT * FROM `qy_types` WHERE  `type_pid` = 2 ORDER BY `type_sort` [ RunTime:0.000220s ]
[ sql ] [ SQL ] SELECT * FROM `qy_types` WHERE  `type_pid` = 10 ORDER BY `type_sort` [ RunTime:0.000211s ]
[ sql ] [ SQL ] SELECT * FROM `qy_types` WHERE  `type_pid` = 3 ORDER BY `type_sort` [ RunTime:0.000227s ]
[ sql ] [ SQL ] SELECT * FROM `qy_types` WHERE  `type_pid` = 30 [ RunTime:0.000284s ]
[ sql ] [ SQL ] SHOW COLUMNS FROM `qy_carousel` [ RunTime:0.007243s ]
[ sql ] [ SQL ] SELECT `caro_img` FROM `qy_carousel` WHERE  `caro_states` = 1  AND `pid` = 1 ORDER BY `caro_sort` LIMIT 5 [ RunTime:0.000242s ]
[ sql ] [ SQL ] SELECT `caro_img` FROM `qy_carousel` WHERE  `caro_states` = 1  AND `pid` = 4 ORDER BY `caro_sort` LIMIT 5 [ RunTime:0.000186s ]
[ sql ] [ SQL ] SELECT * FROM `qy_types` WHERE  `type_pid` = 31 [ RunTime:0.000201s ]
[ sql ] [ SQL ] SELECT * FROM `qy_types` WHERE  `type_pid` = 40 LIMIT 1 [ RunTime:0.000185s ]
[ sql ] [ SQL ] SHOW COLUMNS FROM `qy_config` [ RunTime:0.007196s ]
[ sql ] [ SQL ] SELECT * FROM `qy_config` LIMIT 1 [ RunTime:0.000165s ]
[ sql ] [ SQL ] SELECT `site`,`describe` FROM `qy_config` WHERE  `conf_id` = 1 LIMIT 1 [ RunTime:0.000145s ]
[ sql ] [ SQL ] SELECT `type_id` FROM `qy_types` WHERE  `type_pid` IS NULL ORDER BY `type_sort` LIMIT 1 [ RunTime:0.000116s ]
[ sql ] [ SQL ] SELECT * FROM `qy_types` WHERE  `type_id` IS NULL LIMIT 1 [ RunTime:0.000132s ]
[ sql ] [ SQL ] SELECT * FROM `qy_types` WHERE  `type_pid` IS NULL ORDER BY `type_sort` [ RunTime:0.000156s ]
---------------------------------------------------------------
[ 2018-08-31T14:23:22+08:00 ] 127.0.0.1 127.0.0.1 GET /index/index/index.html
[ sql ] [ DB ] CONNECT:[ UseTime:0.000974s ] mysql:dbname=chinling;host=127.0.0.1;port=3306;charset=utf8
[ sql ] [ SQL ] SHOW COLUMNS FROM `qy_logo` [ RunTime:0.007054s ]
[ sql ] [ SQL ] SELECT `logo_img` FROM `qy_logo` WHERE  `caro_states` = 1 [ RunTime:0.000225s ]
[ sql ] [ SQL ] SHOW COLUMNS FROM `qy_types` [ RunTime:0.006412s ]
[ sql ] [ SQL ] SELECT * FROM `qy_types` WHERE  `type_pid` = 1 ORDER BY `type_sort` [ RunTime:0.000263s ]
[ sql ] [ SQL ] SELECT * FROM `qy_types` WHERE  `type_pid` = 2 ORDER BY `type_sort` [ RunTime:0.000219s ]
[ sql ] [ SQL ] SELECT * FROM `qy_types` WHERE  `type_pid` = 10 ORDER BY `type_sort` [ RunTime:0.000213s ]
[ sql ] [ SQL ] SELECT * FROM `qy_types` WHERE  `type_pid` = 3 ORDER BY `type_sort` [ RunTime:0.000208s ]
[ sql ] [ SQL ] SELECT * FROM `qy_types` WHERE  `type_pid` = 30 [ RunTime:0.000207s ]
[ sql ] [ SQL ] SHOW COLUMNS FROM `qy_carousel` [ RunTime:0.007784s ]
[ sql ] [ SQL ] SELECT `caro_img` FROM `qy_carousel` WHERE  `caro_states` = 1  AND `pid` = 1 ORDER BY `caro_sort` LIMIT 5 [ RunTime:0.000211s ]
[ sql ] [ SQL ] SELECT `caro_img` FROM `qy_carousel` WHERE  `caro_states` = 1  AND `pid` = 4 ORDER BY `caro_sort` LIMIT 5 [ RunTime:0.000166s ]
[ sql ] [ SQL ] SELECT * FROM `qy_types` WHERE  `type_pid` = 31 [ RunTime:0.000176s ]
[ sql ] [ SQL ] SELECT * FROM `qy_types` WHERE  `type_pid` = 40 LIMIT 1 [ RunTime:0.000167s ]
[ sql ] [ SQL ] SHOW COLUMNS FROM `qy_config` [ RunTime:0.006785s ]
[ sql ] [ SQL ] SELECT * FROM `qy_config` LIMIT 1 [ RunTime:0.000182s ]
[ sql ] [ SQL ] SELECT `site`,`describe` FROM `qy_config` WHERE  `conf_id` = 1 LIMIT 1 [ RunTime:0.000161s ]
[ sql ] [ SQL ] SHOW COLUMNS FROM `qy_fwl` [ RunTime:0.005879s ]
[ sql ] [ SQL ] SELECT `fid` FROM `qy_fwl` WHERE  (  ip='127.0.0.1' ) [ RunTime:0.003390s ]
[ sql ] [ SQL ] SELECT `count` FROM `qy_fwl` WHERE  (  ip='127.0.0.1' ) [ RunTime:0.003308s ]
[ sql ] [ SQL ] SELECT `btime` FROM `qy_fwl` WHERE  (  ip='127.0.0.1' ) [ RunTime:0.003294s ]
[ sql ] [ SQL ] INSERT INTO `qy_fwl` (`btime` , `ip` , `count`) VALUES (1535696602 , '127.0.0.1' , 1) [ RunTime:0.109653s ]
[ sql ] [ SQL ] SELECT `caro_img`,`action`,`caro_name` FROM `qy_carousel` WHERE  `caro_states` = 1  AND `pid` = 2 ORDER BY `caro_sort` LIMIT 4 [ RunTime:0.000561s ]
[ sql ] [ SQL ] SELECT `caro_img`,`caro_name` FROM `qy_carousel` WHERE  `caro_states` = 1  AND `pid` = 3  AND `caro_zh` = 1 ORDER BY `caro_sort` LIMIT 5 [ RunTime:0.000458s ]
[ sql ] [ SQL ] SELECT `caro_img` FROM `qy_carousel` WHERE  `caro_states` = 1  AND `pid` = 3  AND `caro_zh` = 2 ORDER BY `caro_sort` LIMIT 5 [ RunTime:0.000439s ]
[ sql ] [ SQL ] SELECT `type_id` FROM `qy_types` WHERE  `type_name` = '首页' [ RunTime:0.000364s ]
---------------------------------------------------------------
[ 2018-08-31T14:23:23+08:00 ] 127.0.0.1 127.0.0.1 GET /index/news/index.html
[ sql ] [ DB ] CONNECT:[ UseTime:0.000953s ] mysql:dbname=chinling;host=127.0.0.1;port=3306;charset=utf8
[ sql ] [ SQL ] SHOW COLUMNS FROM `qy_logo` [ RunTime:0.007333s ]
[ sql ] [ SQL ] SELECT `logo_img` FROM `qy_logo` WHERE  `caro_states` = 1 [ RunTime:0.000226s ]
[ sql ] [ SQL ] SHOW COLUMNS FROM `qy_types` [ RunTime:0.006573s ]
[ sql ] [ SQL ] SELECT * FROM `qy_types` WHERE  `type_pid` = 1 ORDER BY `type_sort` [ RunTime:0.000275s ]
[ sql ] [ SQL ] SELECT * FROM `qy_types` WHERE  `type_pid` = 2 ORDER BY `type_sort` [ RunTime:0.000219s ]
[ sql ] [ SQL ] SELECT * FROM `qy_types` WHERE  `type_pid` = 10 ORDER BY `type_sort` [ RunTime:0.000213s ]
[ sql ] [ SQL ] SELECT * FROM `qy_types` WHERE  `type_pid` = 3 ORDER BY `type_sort` [ RunTime:0.000208s ]
[ sql ] [ SQL ] SELECT * FROM `qy_types` WHERE  `type_pid` = 30 [ RunTime:0.000208s ]
[ sql ] [ SQL ] SHOW COLUMNS FROM `qy_carousel` [ RunTime:0.008095s ]
[ sql ] [ SQL ] SELECT `caro_img` FROM `qy_carousel` WHERE  `caro_states` = 1  AND `pid` = 1 ORDER BY `caro_sort` LIMIT 5 [ RunTime:0.000226s ]
[ sql ] [ SQL ] SELECT `caro_img` FROM `qy_carousel` WHERE  `caro_states` = 1  AND `pid` = 4 ORDER BY `caro_sort` LIMIT 5 [ RunTime:0.000167s ]
[ sql ] [ SQL ] SELECT * FROM `qy_types` WHERE  `type_pid` = 31 [ RunTime:0.000182s ]
[ sql ] [ SQL ] SELECT * FROM `qy_types` WHERE  `type_pid` = 40 LIMIT 1 [ RunTime:0.000166s ]
[ sql ] [ SQL ] SHOW COLUMNS FROM `qy_config` [ RunTime:0.006603s ]
[ sql ] [ SQL ] SELECT * FROM `qy_config` LIMIT 1 [ RunTime:0.000176s ]
[ sql ] [ SQL ] SELECT `site`,`describe` FROM `qy_config` WHERE  `conf_id` = 1 LIMIT 1 [ RunTime:0.000148s ]
[ sql ] [ SQL ] SELECT `type_id` FROM `qy_types` WHERE  `type_pid` IS NULL ORDER BY `type_sort` LIMIT 1 [ RunTime:0.000117s ]
[ sql ] [ SQL ] SELECT * FROM `qy_types` WHERE  `type_id` IS NULL LIMIT 1 [ RunTime:0.000130s ]
[ sql ] [ SQL ] SELECT * FROM `qy_types` WHERE  `type_pid` IS NULL ORDER BY `type_sort` [ RunTime:0.000126s ]
---------------------------------------------------------------
[ 2018-08-31T14:23:24+08:00 ] 127.0.0.1 127.0.0.1 GET /index/about/show.html
[ sql ] [ DB ] CONNECT:[ UseTime:0.000916s ] mysql:dbname=chinling;host=127.0.0.1;port=3306;charset=utf8
[ sql ] [ SQL ] SHOW COLUMNS FROM `qy_logo` [ RunTime:0.006795s ]
[ sql ] [ SQL ] SELECT `logo_img` FROM `qy_logo` WHERE  `caro_states` = 1 [ RunTime:0.000212s ]
[ sql ] [ SQL ] SHOW COLUMNS FROM `qy_types` [ RunTime:0.005928s ]
[ sql ] [ SQL ] SELECT * FROM `qy_types` WHERE  `type_pid` = 1 ORDER BY `type_sort` [ RunTime:0.000239s ]
[ sql ] [ SQL ] SELECT * FROM `qy_types` WHERE  `type_pid` = 2 ORDER BY `type_sort` [ RunTime:0.000198s ]
[ sql ] [ SQL ] SELECT * FROM `qy_types` WHERE  `type_pid` = 10 ORDER BY `type_sort` [ RunTime:0.000189s ]
[ sql ] [ SQL ] SELECT * FROM `qy_types` WHERE  `type_pid` = 3 ORDER BY `type_sort` [ RunTime:0.000194s ]
[ sql ] [ SQL ] SELECT * FROM `qy_types` WHERE  `type_pid` = 30 [ RunTime:0.000244s ]
[ sql ] [ SQL ] SHOW COLUMNS FROM `qy_carousel` [ RunTime:0.007764s ]
[ sql ] [ SQL ] SELECT `caro_img` FROM `qy_carousel` WHERE  `caro_states` = 1  AND `pid` = 1 ORDER BY `caro_sort` LIMIT 5 [ RunTime:0.000208s ]
[ sql ] [ SQL ] SELECT `caro_img` FROM `qy_carousel` WHERE  `caro_states` = 1  AND `pid` = 4 ORDER BY `caro_sort` LIMIT 5 [ RunTime:0.000169s ]
[ sql ] [ SQL ] SELECT * FROM `qy_types` WHERE  `type_pid` = 31 [ RunTime:0.000176s ]
[ sql ] [ SQL ] SELECT * FROM `qy_types` WHERE  `type_pid` = 40 LIMIT 1 [ RunTime:0.000166s ]
[ sql ] [ SQL ] SHOW COLUMNS FROM `qy_config` [ RunTime:0.007076s ]
[ sql ] [ SQL ] SELECT * FROM `qy_config` LIMIT 1 [ RunTime:0.000175s ]
[ sql ] [ SQL ] SELECT `site`,`describe` FROM `qy_config` WHERE  `conf_id` = 1 LIMIT 1 [ RunTime:0.000148s ]
---------------------------------------------------------------
[ 2018-08-31T14:24:13+08:00 ] 127.0.0.1 127.0.0.1 GET /index/about/show.html
[ sql ] [ DB ] CONNECT:[ UseTime:0.001024s ] mysql:dbname=chinling;host=127.0.0.1;port=3306;charset=utf8
[ sql ] [ SQL ] SHOW COLUMNS FROM `qy_logo` [ RunTime:0.007114s ]
[ sql ] [ SQL ] SELECT `logo_img` FROM `qy_logo` WHERE  `caro_states` = 1 [ RunTime:0.000266s ]
[ sql ] [ SQL ] SHOW COLUMNS FROM `qy_types` [ RunTime:0.006436s ]
[ sql ] [ SQL ] SELECT * FROM `qy_types` WHERE  `type_pid` = 1 ORDER BY `type_sort` [ RunTime:0.000249s ]
[ sql ] [ SQL ] SELECT * FROM `qy_types` WHERE  `type_pid` = 2 ORDER BY `type_sort` [ RunTime:0.000203s ]
[ sql ] [ SQL ] SELECT * FROM `qy_types` WHERE  `type_pid` = 10 ORDER BY `type_sort` [ RunTime:0.000190s ]
[ sql ] [ SQL ] SELECT * FROM `qy_types` WHERE  `type_pid` = 3 ORDER BY `type_sort` [ RunTime:0.000192s ]
[ sql ] [ SQL ] SELECT * FROM `qy_types` WHERE  `type_pid` = 30 [ RunTime:0.000186s ]
[ sql ] [ SQL ] SHOW COLUMNS FROM `qy_carousel` [ RunTime:0.006175s ]
[ sql ] [ SQL ] SELECT `caro_img` FROM `qy_carousel` WHERE  `caro_states` = 1  AND `pid` = 1 ORDER BY `caro_sort` LIMIT 5 [ RunTime:0.000220s ]
[ sql ] [ SQL ] SELECT `caro_img` FROM `qy_carousel` WHERE  `caro_states` = 1  AND `pid` = 4 ORDER BY `caro_sort` LIMIT 5 [ RunTime:0.000169s ]
[ sql ] [ SQL ] SELECT * FROM `qy_types` WHERE  `type_pid` = 31 [ RunTime:0.000178s ]
[ sql ] [ SQL ] SELECT * FROM `qy_types` WHERE  `type_pid` = 40 LIMIT 1 [ RunTime:0.000170s ]
[ sql ] [ SQL ] SHOW COLUMNS FROM `qy_config` [ RunTime:0.006009s ]
[ sql ] [ SQL ] SELECT * FROM `qy_config` LIMIT 1 [ RunTime:0.000167s ]
[ sql ] [ SQL ] SELECT `site`,`describe` FROM `qy_config` WHERE  `conf_id` = 1 LIMIT 1 [ RunTime:0.000146s ]
---------------------------------------------------------------
[ 2018-08-31T14:33:51+08:00 ] 127.0.0.1 127.0.0.1 GET /index/about/show.html
[ sql ] [ DB ] CONNECT:[ UseTime:0.001787s ] mysql:dbname=chinling;host=127.0.0.1;port=3306;charset=utf8
[ sql ] [ SQL ] SHOW COLUMNS FROM `qy_logo` [ RunTime:0.006666s ]
[ sql ] [ SQL ] SELECT `logo_img` FROM `qy_logo` WHERE  `caro_states` = 1 [ RunTime:0.000229s ]
[ sql ] [ SQL ] SHOW COLUMNS FROM `qy_types` [ RunTime:0.007087s ]
[ sql ] [ SQL ] SELECT * FROM `qy_types` WHERE  `type_pid` = 1 ORDER BY `type_sort` [ RunTime:0.000249s ]
[ sql ] [ SQL ] SELECT * FROM `qy_types` WHERE  `type_pid` = 2 ORDER BY `type_sort` [ RunTime:0.000200s ]
[ sql ] [ SQL ] SELECT * FROM `qy_types` WHERE  `type_pid` = 10 ORDER BY `type_sort` [ RunTime:0.000195s ]
[ sql ] [ SQL ] SELECT * FROM `qy_types` WHERE  `type_pid` = 3 ORDER BY `type_sort` [ RunTime:0.000188s ]
[ sql ] [ SQL ] SELECT * FROM `qy_types` WHERE  `type_pid` = 30 [ RunTime:0.000188s ]
[ sql ] [ SQL ] SHOW COLUMNS FROM `qy_carousel` [ RunTime:0.006204s ]
[ sql ] [ SQL ] SELECT `caro_img` FROM `qy_carousel` WHERE  `caro_states` = 1  AND `pid` = 1 ORDER BY `caro_sort` LIMIT 5 [ RunTime:0.000197s ]
[ sql ] [ SQL ] SELECT `caro_img` FROM `qy_carousel` WHERE  `caro_states` = 1  AND `pid` = 4 ORDER BY `caro_sort` LIMIT 5 [ RunTime:0.000169s ]
[ sql ] [ SQL ] SELECT * FROM `qy_types` WHERE  `type_pid` = 31 [ RunTime:0.000176s ]
[ sql ] [ SQL ] SELECT * FROM `qy_types` WHERE  `type_pid` = 40 LIMIT 1 [ RunTime:0.000167s ]
[ sql ] [ SQL ] SHOW COLUMNS FROM `qy_config` [ RunTime:0.006690s ]
[ sql ] [ SQL ] SELECT * FROM `qy_config` LIMIT 1 [ RunTime:0.000194s ]
[ sql ] [ SQL ] SELECT `site`,`describe` FROM `qy_config` WHERE  `conf_id` = 1 LIMIT 1 [ RunTime:0.000155s ]
---------------------------------------------------------------
[ 2018-08-31T14:33:54+08:00 ] 127.0.0.1 127.0.0.1 GET /index/news/index.html
[ sql ] [ DB ] CONNECT:[ UseTime:0.000920s ] mysql:dbname=chinling;host=127.0.0.1;port=3306;charset=utf8
[ sql ] [ SQL ] SHOW COLUMNS FROM `qy_logo` [ RunTime:0.007097s ]
[ sql ] [ SQL ] SELECT `logo_img` FROM `qy_logo` WHERE  `caro_states` = 1 [ RunTime:0.000219s ]
[ sql ] [ SQL ] SHOW COLUMNS FROM `qy_types` [ RunTime:0.006591s ]
[ sql ] [ SQL ] SELECT * FROM `qy_types` WHERE  `type_pid` = 1 ORDER BY `type_sort` [ RunTime:0.000263s ]
[ sql ] [ SQL ] SELECT * FROM `qy_types` WHERE  `type_pid` = 2 ORDER BY `type_sort` [ RunTime:0.000221s ]
[ sql ] [ SQL ] SELECT * FROM `qy_types` WHERE  `type_pid` = 10 ORDER BY `type_sort` [ RunTime:0.000211s ]
[ sql ] [ SQL ] SELECT * FROM `qy_types` WHERE  `type_pid` = 3 ORDER BY `type_sort` [ RunTime:0.000209s ]
[ sql ] [ SQL ] SELECT * FROM `qy_types` WHERE  `type_pid` = 30 [ RunTime:0.000216s ]
[ sql ] [ SQL ] SHOW COLUMNS FROM `qy_carousel` [ RunTime:0.007909s ]
[ sql ] [ SQL ] SELECT `caro_img` FROM `qy_carousel` WHERE  `caro_states` = 1  AND `pid` = 1 ORDER BY `caro_sort` LIMIT 5 [ RunTime:0.000224s ]
[ sql ] [ SQL ] SELECT `caro_img` FROM `qy_carousel` WHERE  `caro_states` = 1  AND `pid` = 4 ORDER BY `caro_sort` LIMIT 5 [ RunTime:0.000209s ]
[ sql ] [ SQL ] SELECT * FROM `qy_types` WHERE  `type_pid` = 31 [ RunTime:0.000177s ]
[ sql ] [ SQL ] SELECT * FROM `qy_types` WHERE  `type_pid` = 40 LIMIT 1 [ RunTime:0.000168s ]
[ sql ] [ SQL ] SHOW COLUMNS FROM `qy_config` [ RunTime:0.006261s ]
[ sql ] [ SQL ] SELECT * FROM `qy_config` LIMIT 1 [ RunTime:0.000173s ]
[ sql ] [ SQL ] SELECT `site`,`describe` FROM `qy_config` WHERE  `conf_id` = 1 LIMIT 1 [ RunTime:0.000147s ]
[ sql ] [ SQL ] SELECT `type_id` FROM `qy_types` WHERE  `type_pid` IS NULL ORDER BY `type_sort` LIMIT 1 [ RunTime:0.000122s ]
[ sql ] [ SQL ] SELECT * FROM `qy_types` WHERE  `type_id` IS NULL LIMIT 1 [ RunTime:0.000129s ]
[ sql ] [ SQL ] SELECT * FROM `qy_types` WHERE  `type_pid` IS NULL ORDER BY `type_sort` [ RunTime:0.000126s ]
---------------------------------------------------------------
[ 2018-08-31T14:33:55+08:00 ] 127.0.0.1 127.0.0.1 GET /index/index/index.html
[ sql ] [ DB ] CONNECT:[ UseTime:0.001065s ] mysql:dbname=chinling;host=127.0.0.1;port=3306;charset=utf8
[ sql ] [ SQL ] SHOW COLUMNS FROM `qy_logo` [ RunTime:0.007204s ]
[ sql ] [ SQL ] SELECT `logo_img` FROM `qy_logo` WHERE  `caro_states` = 1 [ RunTime:0.000220s ]
[ sql ] [ SQL ] SHOW COLUMNS FROM `qy_types` [ RunTime:0.006625s ]
[ sql ] [ SQL ] SELECT * FROM `qy_types` WHERE  `type_pid` = 1 ORDER BY `type_sort` [ RunTime:0.000251s ]
[ sql ] [ SQL ] SELECT * FROM `qy_types` WHERE  `type_pid` = 2 ORDER BY `type_sort` [ RunTime:0.000199s ]
[ sql ] [ SQL ] SELECT * FROM `qy_types` WHERE  `type_pid` = 10 ORDER BY `type_sort` [ RunTime:0.000190s ]
[ sql ] [ SQL ] SELECT * FROM `qy_types` WHERE  `type_pid` = 3 ORDER BY `type_sort` [ RunTime:0.000191s ]
[ sql ] [ SQL ] SELECT * FROM `qy_types` WHERE  `type_pid` = 30 [ RunTime:0.000188s ]
[ sql ] [ SQL ] SHOW COLUMNS FROM `qy_carousel` [ RunTime:0.006708s ]
[ sql ] [ SQL ] SELECT `caro_img` FROM `qy_carousel` WHERE  `caro_states` = 1  AND `pid` = 1 ORDER BY `caro_sort` LIMIT 5 [ RunTime:0.000202s ]
[ sql ] [ SQL ] SELECT `caro_img` FROM `qy_carousel` WHERE  `caro_states` = 1  AND `pid` = 4 ORDER BY `caro_sort` LIMIT 5 [ RunTime:0.000170s ]
[ sql ] [ SQL ] SELECT * FROM `qy_types` WHERE  `type_pid` = 31 [ RunTime:0.000233s ]
[ sql ] [ SQL ] SELECT * FROM `qy_types` WHERE  `type_pid` = 40 LIMIT 1 [ RunTime:0.000181s ]
[ sql ] [ SQL ] SHOW COLUMNS FROM `qy_config` [ RunTime:0.006069s ]
[ sql ] [ SQL ] SELECT * FROM `qy_config` LIMIT 1 [ RunTime:0.000170s ]
[ sql ] [ SQL ] SELECT `site`,`describe` FROM `qy_config` WHERE  `conf_id` = 1 LIMIT 1 [ RunTime:0.000148s ]
[ sql ] [ SQL ] SHOW COLUMNS FROM `qy_fwl` [ RunTime:0.005762s ]
[ sql ] [ SQL ] SELECT `fid` FROM `qy_fwl` WHERE  (  ip='127.0.0.1' ) [ RunTime:0.003487s ]
[ sql ] [ SQL ] SELECT `count` FROM `qy_fwl` WHERE  (  ip='127.0.0.1' ) [ RunTime:0.003380s ]
[ sql ] [ SQL ] SELECT `btime` FROM `qy_fwl` WHERE  (  ip='127.0.0.1' ) [ RunTime:0.003309s ]
[ sql ] [ SQL ] INSERT INTO `qy_fwl` (`btime` , `ip` , `count`) VALUES (1535697235 , '127.0.0.1' , 1) [ RunTime:0.142577s ]
[ sql ] [ SQL ] SELECT `caro_img`,`action`,`caro_name` FROM `qy_carousel` WHERE  `caro_states` = 1  AND `pid` = 2 ORDER BY `caro_sort` LIMIT 4 [ RunTime:0.000660s ]
[ sql ] [ SQL ] SELECT `caro_img`,`caro_name` FROM `qy_carousel` WHERE  `caro_states` = 1  AND `pid` = 3  AND `caro_zh` = 1 ORDER BY `caro_sort` LIMIT 5 [ RunTime:0.000659s ]
[ sql ] [ SQL ] SELECT `caro_img` FROM `qy_carousel` WHERE  `caro_states` = 1  AND `pid` = 3  AND `caro_zh` = 2 ORDER BY `caro_sort` LIMIT 5 [ RunTime:0.000793s ]
[ sql ] [ SQL ] SELECT `type_id` FROM `qy_types` WHERE  `type_name` = '首页' [ RunTime:0.000577s ]
---------------------------------------------------------------
[ 2018-08-31T14:33:57+08:00 ] 127.0.0.1 127.0.0.1 GET /index/news/index.html
[ sql ] [ DB ] CONNECT:[ UseTime:0.001058s ] mysql:dbname=chinling;host=127.0.0.1;port=3306;charset=utf8
[ sql ] [ SQL ] SHOW COLUMNS FROM `qy_logo` [ RunTime:0.007178s ]
[ sql ] [ SQL ] SELECT `logo_img` FROM `qy_logo` WHERE  `caro_states` = 1 [ RunTime:0.000207s ]
[ sql ] [ SQL ] SHOW COLUMNS FROM `qy_types` [ RunTime:0.006066s ]
[ sql ] [ SQL ] SELECT * FROM `qy_types` WHERE  `type_pid` = 1 ORDER BY `type_sort` [ RunTime:0.000240s ]
[ sql ] [ SQL ] SELECT * FROM `qy_types` WHERE  `type_pid` = 2 ORDER BY `type_sort` [ RunTime:0.000200s ]
[ sql ] [ SQL ] SELECT * FROM `qy_types` WHERE  `type_pid` = 10 ORDER BY `type_sort` [ RunTime:0.000190s ]
[ sql ] [ SQL ] SELECT * FROM `qy_types` WHERE  `type_pid` = 3 ORDER BY `type_sort` [ RunTime:0.000188s ]
[ sql ] [ SQL ] SELECT * FROM `qy_types` WHERE  `type_pid` = 30 [ RunTime:0.000189s ]
[ sql ] [ SQL ] SHOW COLUMNS FROM `qy_carousel` [ RunTime:0.006130s ]
[ sql ] [ SQL ] SELECT `caro_img` FROM `qy_carousel` WHERE  `caro_states` = 1  AND `pid` = 1 ORDER BY `caro_sort` LIMIT 5 [ RunTime:0.000210s ]
[ sql ] [ SQL ] SELECT `caro_img` FROM `qy_carousel` WHERE  `caro_states` = 1  AND `pid` = 4 ORDER BY `caro_sort` LIMIT 5 [ RunTime:0.000169s ]
[ sql ] [ SQL ] SELECT * FROM `qy_types` WHERE  `type_pid` = 31 [ RunTime:0.000177s ]
[ sql ] [ SQL ] SELECT * FROM `qy_types` WHERE  `type_pid` = 40 LIMIT 1 [ RunTime:0.000167s ]
[ sql ] [ SQL ] SHOW COLUMNS FROM `qy_config` [ RunTime:0.007317s ]
[ sql ] [ SQL ] SELECT * FROM `qy_config` LIMIT 1 [ RunTime:0.000177s ]
[ sql ] [ SQL ] SELECT `site`,`describe` FROM `qy_config` WHERE  `conf_id` = 1 LIMIT 1 [ RunTime:0.000149s ]
[ sql ] [ SQL ] SELECT `type_id` FROM `qy_types` WHERE  `type_pid` IS NULL ORDER BY `type_sort` LIMIT 1 [ RunTime:0.000117s ]
[ sql ] [ SQL ] SELECT * FROM `qy_types` WHERE  `type_id` IS NULL LIMIT 1 [ RunTime:0.000131s ]
[ sql ] [ SQL ] SELECT * FROM `qy_types` WHERE  `type_pid` IS NULL ORDER BY `type_sort` [ RunTime:0.000128s ]
---------------------------------------------------------------
[ 2018-08-31T14:33:57+08:00 ] 127.0.0.1 127.0.0.1 GET /index/about/show.html
[ sql ] [ DB ] CONNECT:[ UseTime:0.000920s ] mysql:dbname=chinling;host=127.0.0.1;port=3306;charset=utf8
[ sql ] [ SQL ] SHOW COLUMNS FROM `qy_logo` [ RunTime:0.007119s ]
[ sql ] [ SQL ] SELECT `logo_img` FROM `qy_logo` WHERE  `caro_states` = 1 [ RunTime:0.000222s ]
[ sql ] [ SQL ] SHOW COLUMNS FROM `qy_types` [ RunTime:0.006369s ]
[ sql ] [ SQL ] SELECT * FROM `qy_types` WHERE  `type_pid` = 1 ORDER BY `type_sort` [ RunTime:0.000254s ]
[ sql ] [ SQL ] SELECT * FROM `qy_types` WHERE  `type_pid` = 2 ORDER BY `type_sort` [ RunTime:0.000196s ]
[ sql ] [ SQL ] SELECT * FROM `qy_types` WHERE  `type_pid` = 10 ORDER BY `type_sort` [ RunTime:0.000189s ]
[ sql ] [ SQL ] SELECT * FROM `qy_types` WHERE  `type_pid` = 3 ORDER BY `type_sort` [ RunTime:0.000195s ]
[ sql ] [ SQL ] SELECT * FROM `qy_types` WHERE  `type_pid` = 30 [ RunTime:0.000187s ]
[ sql ] [ SQL ] SHOW COLUMNS FROM `qy_carousel` [ RunTime:0.007204s ]
[ sql ] [ SQL ] SELECT `caro_img` FROM `qy_carousel` WHERE  `caro_states` = 1  AND `pid` = 1 ORDER BY `caro_sort` LIMIT 5 [ RunTime:0.000210s ]
[ sql ] [ SQL ] SELECT `caro_img` FROM `qy_carousel` WHERE  `caro_states` = 1  AND `pid` = 4 ORDER BY `caro_sort` LIMIT 5 [ RunTime:0.000168s ]
[ sql ] [ SQL ] SELECT * FROM `qy_types` WHERE  `type_pid` = 31 [ RunTime:0.000177s ]
[ sql ] [ SQL ] SELECT * FROM `qy_types` WHERE  `type_pid` = 40 LIMIT 1 [ RunTime:0.000245s ]
[ sql ] [ SQL ] SHOW COLUMNS FROM `qy_config` [ RunTime:0.007796s ]
[ sql ] [ SQL ] SELECT * FROM `qy_config` LIMIT 1 [ RunTime:0.000169s ]
[ sql ] [ SQL ] SELECT `site`,`describe` FROM `qy_config` WHERE  `conf_id` = 1 LIMIT 1 [ RunTime:0.000147s ]
---------------------------------------------------------------
[ 2018-08-31T14:35:01+08:00 ] 127.0.0.1 127.0.0.1 GET /index/about/show.html
[ sql ] [ DB ] CONNECT:[ UseTime:0.000985s ] mysql:dbname=chinling;host=127.0.0.1;port=3306;charset=utf8
[ sql ] [ SQL ] SHOW COLUMNS FROM `qy_logo` [ RunTime:0.007384s ]
[ sql ] [ SQL ] SELECT `logo_img` FROM `qy_logo` WHERE  `caro_states` = 1 [ RunTime:0.000220s ]
[ sql ] [ SQL ] SHOW COLUMNS FROM `qy_types` [ RunTime:0.006803s ]
[ sql ] [ SQL ] SELECT * FROM `qy_types` WHERE  `type_pid` = 1 ORDER BY `type_sort` [ RunTime:0.000267s ]
[ sql ] [ SQL ] SELECT * FROM `qy_types` WHERE  `type_pid` = 2 ORDER BY `type_sort` [ RunTime:0.000200s ]
[ sql ] [ SQL ] SELECT * FROM `qy_types` WHERE  `type_pid` = 10 ORDER BY `type_sort` [ RunTime:0.000192s ]
[ sql ] [ SQL ] SELECT * FROM `qy_types` WHERE  `type_pid` = 3 ORDER BY `type_sort` [ RunTime:0.000191s ]
[ sql ] [ SQL ] SELECT * FROM `qy_types` WHERE  `type_pid` = 30 [ RunTime:0.000188s ]
[ sql ] [ SQL ] SHOW COLUMNS FROM `qy_carousel` [ RunTime:0.006967s ]
[ sql ] [ SQL ] SELECT `caro_img` FROM `qy_carousel` WHERE  `caro_states` = 1  AND `pid` = 1 ORDER BY `caro_sort` LIMIT 5 [ RunTime:0.000201s ]
[ sql ] [ SQL ] SELECT `caro_img` FROM `qy_carousel` WHERE  `caro_states` = 1  AND `pid` = 4 ORDER BY `caro_sort` LIMIT 5 [ RunTime:0.000168s ]
[ sql ] [ SQL ] SELECT * FROM `qy_types` WHERE  `type_pid` = 31 [ RunTime:0.000179s ]
[ sql ] [ SQL ] SELECT * FROM `qy_types` WHERE  `type_pid` = 40 LIMIT 1 [ RunTime:0.000167s ]
[ sql ] [ SQL ] SHOW COLUMNS FROM `qy_config` [ RunTime:0.007109s ]
[ sql ] [ SQL ] SELECT * FROM `qy_config` LIMIT 1 [ RunTime:0.000193s ]
[ sql ] [ SQL ] SELECT `site`,`describe` FROM `qy_config` WHERE  `conf_id` = 1 LIMIT 1 [ RunTime:0.000157s ]
---------------------------------------------------------------
[ 2018-08-31T14:35:05+08:00 ] 127.0.0.1 127.0.0.1 GET /index/about/show.html
[ sql ] [ DB ] CONNECT:[ UseTime:0.000900s ] mysql:dbname=chinling;host=127.0.0.1;port=3306;charset=utf8
[ sql ] [ SQL ] SHOW COLUMNS FROM `qy_logo` [ RunTime:0.006940s ]
[ sql ] [ SQL ] SELECT `logo_img` FROM `qy_logo` WHERE  `caro_states` = 1 [ RunTime:0.000222s ]
[ sql ] [ SQL ] SHOW COLUMNS FROM `qy_types` [ RunTime:0.007786s ]
[ sql ] [ SQL ] SELECT * FROM `qy_types` WHERE  `type_pid` = 1 ORDER BY `type_sort` [ RunTime:0.000279s ]
[ sql ] [ SQL ] SELECT * FROM `qy_types` WHERE  `type_pid` = 2 ORDER BY `type_sort` [ RunTime:0.000228s ]
[ sql ] [ SQL ] SELECT * FROM `qy_types` WHERE  `type_pid` = 10 ORDER BY `type_sort` [ RunTime:0.000262s ]
[ sql ] [ SQL ] SELECT * FROM `qy_types` WHERE  `type_pid` = 3 ORDER BY `type_sort` [ RunTime:0.000215s ]
[ sql ] [ SQL ] SELECT * FROM `qy_types` WHERE  `type_pid` = 30 [ RunTime:0.000215s ]
[ sql ] [ SQL ] SHOW COLUMNS FROM `qy_carousel` [ RunTime:0.007544s ]
[ sql ] [ SQL ] SELECT `caro_img` FROM `qy_carousel` WHERE  `caro_states` = 1  AND `pid` = 1 ORDER BY `caro_sort` LIMIT 5 [ RunTime:0.000213s ]
[ sql ] [ SQL ] SELECT `caro_img` FROM `qy_carousel` WHERE  `caro_states` = 1  AND `pid` = 4 ORDER BY `caro_sort` LIMIT 5 [ RunTime:0.000168s ]
[ sql ] [ SQL ] SELECT * FROM `qy_types` WHERE  `type_pid` = 31 [ RunTime:0.000180s ]
[ sql ] [ SQL ] SELECT * FROM `qy_types` WHERE  `type_pid` = 40 LIMIT 1 [ RunTime:0.000167s ]
[ sql ] [ SQL ] SHOW COLUMNS FROM `qy_config` [ RunTime:0.007493s ]
[ sql ] [ SQL ] SELECT * FROM `qy_config` LIMIT 1 [ RunTime:0.000166s ]
[ sql ] [ SQL ] SELECT `site`,`describe` FROM `qy_config` WHERE  `conf_id` = 1 LIMIT 1 [ RunTime:0.000146s ]
---------------------------------------------------------------
[ 2018-08-31T14:40:10+08:00 ] 127.0.0.1 127.0.0.1 GET /index/about/show.html
[ sql ] [ DB ] CONNECT:[ UseTime:0.001191s ] mysql:dbname=chinling;host=127.0.0.1;port=3306;charset=utf8
[ sql ] [ SQL ] SHOW COLUMNS FROM `qy_logo` [ RunTime:0.013095s ]
[ sql ] [ SQL ] SELECT `logo_img` FROM `qy_logo` WHERE  `caro_states` = 1 [ RunTime:0.000271s ]
[ sql ] [ SQL ] SHOW COLUMNS FROM `qy_types` [ RunTime:0.011539s ]
[ sql ] [ SQL ] SELECT * FROM `qy_types` WHERE  `type_pid` = 1 ORDER BY `type_sort` [ RunTime:0.000270s ]
[ sql ] [ SQL ] SELECT * FROM `qy_types` WHERE  `type_pid` = 2 ORDER BY `type_sort` [ RunTime:0.000200s ]
[ sql ] [ SQL ] SELECT * FROM `qy_types` WHERE  `type_pid` = 10 ORDER BY `type_sort` [ RunTime:0.000190s ]
[ sql ] [ SQL ] SELECT * FROM `qy_types` WHERE  `type_pid` = 3 ORDER BY `type_sort` [ RunTime:0.000191s ]
[ sql ] [ SQL ] SELECT * FROM `qy_types` WHERE  `type_pid` = 30 [ RunTime:0.000188s ]
[ sql ] [ SQL ] SHOW COLUMNS FROM `qy_carousel` [ RunTime:0.010773s ]
[ sql ] [ SQL ] SELECT `caro_img` FROM `qy_carousel` WHERE  `caro_states` = 1  AND `pid` = 1 ORDER BY `caro_sort` LIMIT 5 [ RunTime:0.000207s ]
[ sql ] [ SQL ] SELECT `caro_img` FROM `qy_carousel` WHERE  `caro_states` = 1  AND `pid` = 4 ORDER BY `caro_sort` LIMIT 5 [ RunTime:0.000171s ]
[ sql ] [ SQL ] SELECT * FROM `qy_types` WHERE  `type_pid` = 31 [ RunTime:0.000182s ]
[ sql ] [ SQL ] SELECT * FROM `qy_types` WHERE  `type_pid` = 40 LIMIT 1 [ RunTime:0.000168s ]
[ sql ] [ SQL ] SHOW COLUMNS FROM `qy_config` [ RunTime:0.010831s ]
[ sql ] [ SQL ] SELECT * FROM `qy_config` LIMIT 1 [ RunTime:0.000177s ]
[ sql ] [ SQL ] SELECT `site`,`describe` FROM `qy_config` WHERE  `conf_id` = 1 LIMIT 1 [ RunTime:0.000155s ]
---------------------------------------------------------------
[ 2018-08-31T15:05:05+08:00 ] 127.0.0.1 127.0.0.1 GET /index/about/show.html
[ sql ] [ DB ] CONNECT:[ UseTime:0.001805s ] mysql:dbname=chinling;host=127.0.0.1;port=3306;charset=utf8
[ sql ] [ SQL ] SHOW COLUMNS FROM `qy_logo` [ RunTime:0.010761s ]
[ sql ] [ SQL ] SELECT `logo_img` FROM `qy_logo` WHERE  `caro_states` = 1 [ RunTime:0.000230s ]
[ sql ] [ SQL ] SHOW COLUMNS FROM `qy_types` [ RunTime:0.010987s ]
[ sql ] [ SQL ] SELECT * FROM `qy_types` WHERE  `type_pid` = 1 ORDER BY `type_sort` [ RunTime:0.000250s ]
[ sql ] [ SQL ] SELECT * FROM `qy_types` WHERE  `type_pid` = 2 ORDER BY `type_sort` [ RunTime:0.000195s ]
[ sql ] [ SQL ] SELECT * FROM `qy_types` WHERE  `type_pid` = 10 ORDER BY `type_sort` [ RunTime:0.000188s ]
[ sql ] [ SQL ] SELECT * FROM `qy_types` WHERE  `type_pid` = 3 ORDER BY `type_sort` [ RunTime:0.000284s ]
[ sql ] [ SQL ] SELECT * FROM `qy_types` WHERE  `type_pid` = 30 [ RunTime:0.000227s ]
[ sql ] [ SQL ] SHOW COLUMNS FROM `qy_carousel` [ RunTime:0.011823s ]
[ sql ] [ SQL ] SELECT `caro_img` FROM `qy_carousel` WHERE  `caro_states` = 1  AND `pid` = 1 ORDER BY `caro_sort` LIMIT 5 [ RunTime:0.000248s ]
[ sql ] [ SQL ] SELECT `caro_img` FROM `qy_carousel` WHERE  `caro_states` = 1  AND `pid` = 4 ORDER BY `caro_sort` LIMIT 5 [ RunTime:0.000174s ]
[ sql ] [ SQL ] SELECT * FROM `qy_types` WHERE  `type_pid` = 31 [ RunTime:0.000178s ]
[ sql ] [ SQL ] SELECT * FROM `qy_types` WHERE  `type_pid` = 40 LIMIT 1 [ RunTime:0.000168s ]
[ sql ] [ SQL ] SHOW COLUMNS FROM `qy_config` [ RunTime:0.010504s ]
[ sql ] [ SQL ] SELECT * FROM `qy_config` LIMIT 1 [ RunTime:0.000180s ]
[ sql ] [ SQL ] SELECT `site`,`describe` FROM `qy_config` WHERE  `conf_id` = 1 LIMIT 1 [ RunTime:0.000157s ]
---------------------------------------------------------------
[ 2018-08-31T15:05:44+08:00 ] 127.0.0.1 127.0.0.1 GET /index/news/index.html
[ sql ] [ DB ] CONNECT:[ UseTime:0.001053s ] mysql:dbname=chinling;host=127.0.0.1;port=3306;charset=utf8
[ sql ] [ SQL ] SHOW COLUMNS FROM `qy_logo` [ RunTime:0.010659s ]
[ sql ] [ SQL ] SELECT `logo_img` FROM `qy_logo` WHERE  `caro_states` = 1 [ RunTime:0.000214s ]
[ sql ] [ SQL ] SHOW COLUMNS FROM `qy_types` [ RunTime:0.011026s ]
[ sql ] [ SQL ] SELECT * FROM `qy_types` WHERE  `type_pid` = 1 ORDER BY `type_sort` [ RunTime:0.000251s ]
[ sql ] [ SQL ] SELECT * FROM `qy_types` WHERE  `type_pid` = 2 ORDER BY `type_sort` [ RunTime:0.000196s ]
[ sql ] [ SQL ] SELECT * FROM `qy_types` WHERE  `type_pid` = 10 ORDER BY `type_sort` [ RunTime:0.000195s ]
[ sql ] [ SQL ] SELECT * FROM `qy_types` WHERE  `type_pid` = 3 ORDER BY `type_sort` [ RunTime:0.000187s ]
[ sql ] [ SQL ] SELECT * FROM `qy_types` WHERE  `type_pid` = 30 [ RunTime:0.000186s ]
[ sql ] [ SQL ] SHOW COLUMNS FROM `qy_carousel` [ RunTime:0.011929s ]
[ sql ] [ SQL ] SELECT `caro_img` FROM `qy_carousel` WHERE  `caro_states` = 1  AND `pid` = 1 ORDER BY `caro_sort` LIMIT 5 [ RunTime:0.000235s ]
[ sql ] [ SQL ] SELECT `caro_img` FROM `qy_carousel` WHERE  `caro_states` = 1  AND `pid` = 4 ORDER BY `caro_sort` LIMIT 5 [ RunTime:0.000168s ]
[ sql ] [ SQL ] SELECT * FROM `qy_types` WHERE  `type_pid` = 31 [ RunTime:0.000179s ]
[ sql ] [ SQL ] SELECT * FROM `qy_types` WHERE  `type_pid` = 40 LIMIT 1 [ RunTime:0.000168s ]
[ sql ] [ SQL ] SHOW COLUMNS FROM `qy_config` [ RunTime:0.012450s ]
[ sql ] [ SQL ] SELECT * FROM `qy_config` LIMIT 1 [ RunTime:0.000188s ]
[ sql ] [ SQL ] SELECT `site`,`describe` FROM `qy_config` WHERE  `conf_id` = 1 LIMIT 1 [ RunTime:0.000153s ]
[ sql ] [ SQL ] SELECT `type_id` FROM `qy_types` WHERE  `type_pid` IS NULL ORDER BY `type_sort` LIMIT 1 [ RunTime:0.000117s ]
[ sql ] [ SQL ] SELECT * FROM `qy_types` WHERE  `type_id` IS NULL LIMIT 1 [ RunTime:0.000129s ]
[ sql ] [ SQL ] SELECT * FROM `qy_types` WHERE  `type_pid` IS NULL ORDER BY `type_sort` [ RunTime:0.000126s ]
---------------------------------------------------------------
[ 2018-08-31T15:05:47+08:00 ] 127.0.0.1 127.0.0.1 GET /index/index/index.html
[ sql ] [ DB ] CONNECT:[ UseTime:0.000926s ] mysql:dbname=chinling;host=127.0.0.1;port=3306;charset=utf8
[ sql ] [ SQL ] SHOW COLUMNS FROM `qy_logo` [ RunTime:0.012002s ]
[ sql ] [ SQL ] SELECT `logo_img` FROM `qy_logo` WHERE  `caro_states` = 1 [ RunTime:0.000211s ]
[ sql ] [ SQL ] SHOW COLUMNS FROM `qy_types` [ RunTime:0.010614s ]
[ sql ] [ SQL ] SELECT * FROM `qy_types` WHERE  `type_pid` = 1 ORDER BY `type_sort` [ RunTime:0.000253s ]
[ sql ] [ SQL ] SELECT * FROM `qy_types` WHERE  `type_pid` = 2 ORDER BY `type_sort` [ RunTime:0.000199s ]
[ sql ] [ SQL ] SELECT * FROM `qy_types` WHERE  `type_pid` = 10 ORDER BY `type_sort` [ RunTime:0.000189s ]
[ sql ] [ SQL ] SELECT * FROM `qy_types` WHERE  `type_pid` = 3 ORDER BY `type_sort` [ RunTime:0.000187s ]
[ sql ] [ SQL ] SELECT * FROM `qy_types` WHERE  `type_pid` = 30 [ RunTime:0.000189s ]
[ sql ] [ SQL ] SHOW COLUMNS FROM `qy_carousel` [ RunTime:0.010456s ]
[ sql ] [ SQL ] SELECT `caro_img` FROM `qy_carousel` WHERE  `caro_states` = 1  AND `pid` = 1 ORDER BY `caro_sort` LIMIT 5 [ RunTime:0.000240s ]
[ sql ] [ SQL ] SELECT `caro_img` FROM `qy_carousel` WHERE  `caro_states` = 1  AND `pid` = 4 ORDER BY `caro_sort` LIMIT 5 [ RunTime:0.000169s ]
[ sql ] [ SQL ] SELECT * FROM `qy_types` WHERE  `type_pid` = 31 [ RunTime:0.000180s ]
[ sql ] [ SQL ] SELECT * FROM `qy_types` WHERE  `type_pid` = 40 LIMIT 1 [ RunTime:0.000169s ]
[ sql ] [ SQL ] SHOW COLUMNS FROM `qy_config` [ RunTime:0.011570s ]
[ sql ] [ SQL ] SELECT * FROM `qy_config` LIMIT 1 [ RunTime:0.000194s ]
[ sql ] [ SQL ] SELECT `site`,`describe` FROM `qy_config` WHERE  `conf_id` = 1 LIMIT 1 [ RunTime:0.000151s ]
[ sql ] [ SQL ] SHOW COLUMNS FROM `qy_fwl` [ RunTime:0.011922s ]
[ sql ] [ SQL ] SELECT `fid` FROM `qy_fwl` WHERE  (  ip='127.0.0.1' ) [ RunTime:0.003478s ]
[ sql ] [ SQL ] SELECT `count` FROM `qy_fwl` WHERE  (  ip='127.0.0.1' ) [ RunTime:0.003426s ]
[ sql ] [ SQL ] SELECT `btime` FROM `qy_fwl` WHERE  (  ip='127.0.0.1' ) [ RunTime:0.003329s ]
[ sql ] [ SQL ] INSERT INTO `qy_fwl` (`btime` , `ip` , `count`) VALUES (1535699147 , '127.0.0.1' , 1) [ RunTime:0.769438s ]
[ sql ] [ SQL ] SELECT `caro_img`,`action`,`caro_name` FROM `qy_carousel` WHERE  `caro_states` = 1  AND `pid` = 2 ORDER BY `caro_sort` LIMIT 4 [ RunTime:0.000633s ]
[ sql ] [ SQL ] SELECT `caro_img`,`caro_name` FROM `qy_carousel` WHERE  `caro_states` = 1  AND `pid` = 3  AND `caro_zh` = 1 ORDER BY `caro_sort` LIMIT 5 [ RunTime:0.000470s ]
[ sql ] [ SQL ] SELECT `caro_img` FROM `qy_carousel` WHERE  `caro_states` = 1  AND `pid` = 3  AND `caro_zh` = 2 ORDER BY `caro_sort` LIMIT 5 [ RunTime:0.000473s ]
[ sql ] [ SQL ] SELECT `type_id` FROM `qy_types` WHERE  `type_name` = '首页' [ RunTime:0.000540s ]
---------------------------------------------------------------
[ 2018-08-31T15:09:23+08:00 ] 127.0.0.1 127.0.0.1 GET /index/about/show.html
[ sql ] [ DB ] CONNECT:[ UseTime:0.009945s ] mysql:dbname=chinling;host=127.0.0.1;port=3306;charset=utf8
[ sql ] [ SQL ] SHOW COLUMNS FROM `qy_logo` [ RunTime:0.012412s ]
[ sql ] [ SQL ] SELECT `logo_img` FROM `qy_logo` WHERE  `caro_states` = 1 [ RunTime:0.000266s ]
[ sql ] [ SQL ] SHOW COLUMNS FROM `qy_types` [ RunTime:0.011568s ]
[ sql ] [ SQL ] SELECT * FROM `qy_types` WHERE  `type_pid` = 1 ORDER BY `type_sort` [ RunTime:0.000302s ]
[ sql ] [ SQL ] SELECT * FROM `qy_types` WHERE  `type_pid` = 2 ORDER BY `type_sort` [ RunTime:0.000226s ]
[ sql ] [ SQL ] SELECT * FROM `qy_types` WHERE  `type_pid` = 10 ORDER BY `type_sort` [ RunTime:0.000220s ]
[ sql ] [ SQL ] SELECT * FROM `qy_types` WHERE  `type_pid` = 3 ORDER BY `type_sort` [ RunTime:0.000321s ]
[ sql ] [ SQL ] SELECT * FROM `qy_types` WHERE  `type_pid` = 30 [ RunTime:0.000229s ]
[ sql ] [ SQL ] SHOW COLUMNS FROM `qy_carousel` [ RunTime:0.012269s ]
[ sql ] [ SQL ] SELECT `caro_img` FROM `qy_carousel` WHERE  `caro_states` = 1  AND `pid` = 1 ORDER BY `caro_sort` LIMIT 5 [ RunTime:0.000208s ]
[ sql ] [ SQL ] SELECT `caro_img` FROM `qy_carousel` WHERE  `caro_states` = 1  AND `pid` = 4 ORDER BY `caro_sort` LIMIT 5 [ RunTime:0.000201s ]
[ sql ] [ SQL ] SELECT * FROM `qy_types` WHERE  `type_pid` = 31 [ RunTime:0.000190s ]
[ sql ] [ SQL ] SELECT * FROM `qy_types` WHERE  `type_pid` = 40 LIMIT 1 [ RunTime:0.000186s ]
[ sql ] [ SQL ] SHOW COLUMNS FROM `qy_config` [ RunTime:0.010697s ]
[ sql ] [ SQL ] SELECT * FROM `qy_config` LIMIT 1 [ RunTime:0.000177s ]
[ sql ] [ SQL ] SELECT `site`,`describe` FROM `qy_config` WHERE  `conf_id` = 1 LIMIT 1 [ RunTime:0.000150s ]
---------------------------------------------------------------
[ 2018-08-31T15:09:27+08:00 ] 127.0.0.1 127.0.0.1 GET /index/news/index.html
[ sql ] [ DB ] CONNECT:[ UseTime:0.001030s ] mysql:dbname=chinling;host=127.0.0.1;port=3306;charset=utf8
[ sql ] [ SQL ] SHOW COLUMNS FROM `qy_logo` [ RunTime:0.011661s ]
[ sql ] [ SQL ] SELECT `logo_img` FROM `qy_logo` WHERE  `caro_states` = 1 [ RunTime:0.000225s ]
[ sql ] [ SQL ] SHOW COLUMNS FROM `qy_types` [ RunTime:0.011713s ]
[ sql ] [ SQL ] SELECT * FROM `qy_types` WHERE  `type_pid` = 1 ORDER BY `type_sort` [ RunTime:0.000284s ]
[ sql ] [ SQL ] SELECT * FROM `qy_types` WHERE  `type_pid` = 2 ORDER BY `type_sort` [ RunTime:0.000220s ]
[ sql ] [ SQL ] SELECT * FROM `qy_types` WHERE  `type_pid` = 10 ORDER BY `type_sort` [ RunTime:0.000210s ]
[ sql ] [ SQL ] SELECT * FROM `qy_types` WHERE  `type_pid` = 3 ORDER BY `type_sort` [ RunTime:0.000211s ]
[ sql ] [ SQL ] SELECT * FROM `qy_types` WHERE  `type_pid` = 30 [ RunTime:0.000210s ]
[ sql ] [ SQL ] SHOW COLUMNS FROM `qy_carousel` [ RunTime:0.011331s ]
[ sql ] [ SQL ] SELECT `caro_img` FROM `qy_carousel` WHERE  `caro_states` = 1  AND `pid` = 1 ORDER BY `caro_sort` LIMIT 5 [ RunTime:0.000238s ]
[ sql ] [ SQL ] SELECT `caro_img` FROM `qy_carousel` WHERE  `caro_states` = 1  AND `pid` = 4 ORDER BY `caro_sort` LIMIT 5 [ RunTime:0.000169s ]
[ sql ] [ SQL ] SELECT * FROM `qy_types` WHERE  `type_pid` = 31 [ RunTime:0.000181s ]
[ sql ] [ SQL ] SELECT * FROM `qy_types` WHERE  `type_pid` = 40 LIMIT 1 [ RunTime:0.000169s ]
[ sql ] [ SQL ] SHOW COLUMNS FROM `qy_config` [ RunTime:0.011235s ]
[ sql ] [ SQL ] SELECT * FROM `qy_config` LIMIT 1 [ RunTime:0.000177s ]
[ sql ] [ SQL ] SELECT `site`,`describe` FROM `qy_config` WHERE  `conf_id` = 1 LIMIT 1 [ RunTime:0.000151s ]
[ sql ] [ SQL ] SELECT `type_id` FROM `qy_types` WHERE  `type_pid` IS NULL ORDER BY `type_sort` LIMIT 1 [ RunTime:0.000118s ]
[ sql ] [ SQL ] SELECT * FROM `qy_types` WHERE  `type_id` IS NULL LIMIT 1 [ RunTime:0.000139s ]
[ sql ] [ SQL ] SELECT * FROM `qy_types` WHERE  `type_pid` IS NULL ORDER BY `type_sort` [ RunTime:0.000127s ]
---------------------------------------------------------------
[ 2018-08-31T15:09:28+08:00 ] 127.0.0.1 127.0.0.1 GET /index/index/index.html
[ sql ] [ DB ] CONNECT:[ UseTime:0.000864s ] mysql:dbname=chinling;host=127.0.0.1;port=3306;charset=utf8
[ sql ] [ SQL ] SHOW COLUMNS FROM `qy_logo` [ RunTime:0.010500s ]
[ sql ] [ SQL ] SELECT `logo_img` FROM `qy_logo` WHERE  `caro_states` = 1 [ RunTime:0.000212s ]
[ sql ] [ SQL ] SHOW COLUMNS FROM `qy_types` [ RunTime:0.010800s ]
[ sql ] [ SQL ] SELECT * FROM `qy_types` WHERE  `type_pid` = 1 ORDER BY `type_sort` [ RunTime:0.000253s ]
[ sql ] [ SQL ] SELECT * FROM `qy_types` WHERE  `type_pid` = 2 ORDER BY `type_sort` [ RunTime:0.000199s ]
[ sql ] [ SQL ] SELECT * FROM `qy_types` WHERE  `type_pid` = 10 ORDER BY `type_sort` [ RunTime:0.000192s ]
[ sql ] [ SQL ] SELECT * FROM `qy_types` WHERE  `type_pid` = 3 ORDER BY `type_sort` [ RunTime:0.000187s ]
[ sql ] [ SQL ] SELECT * FROM `qy_types` WHERE  `type_pid` = 30 [ RunTime:0.000186s ]
[ sql ] [ SQL ] SHOW COLUMNS FROM `qy_carousel` [ RunTime:0.010490s ]
[ sql ] [ SQL ] SELECT `caro_img` FROM `qy_carousel` WHERE  `caro_states` = 1  AND `pid` = 1 ORDER BY `caro_sort` LIMIT 5 [ RunTime:0.000210s ]
[ sql ] [ SQL ] SELECT `caro_img` FROM `qy_carousel` WHERE  `caro_states` = 1  AND `pid` = 4 ORDER BY `caro_sort` LIMIT 5 [ RunTime:0.000167s ]
[ sql ] [ SQL ] SELECT * FROM `qy_types` WHERE  `type_pid` = 31 [ RunTime:0.000176s ]
[ sql ] [ SQL ] SELECT * FROM `qy_types` WHERE  `type_pid` = 40 LIMIT 1 [ RunTime:0.000167s ]
[ sql ] [ SQL ] SHOW COLUMNS FROM `qy_config` [ RunTime:0.012382s ]
[ sql ] [ SQL ] SELECT * FROM `qy_config` LIMIT 1 [ RunTime:0.000188s ]
[ sql ] [ SQL ] SELECT `site`,`describe` FROM `qy_config` WHERE  `conf_id` = 1 LIMIT 1 [ RunTime:0.000153s ]
[ sql ] [ SQL ] SHOW COLUMNS FROM `qy_fwl` [ RunTime:0.010492s ]
[ sql ] [ SQL ] SELECT `fid` FROM `qy_fwl` WHERE  (  ip='127.0.0.1' ) [ RunTime:0.003472s ]
[ sql ] [ SQL ] SELECT `count` FROM `qy_fwl` WHERE  (  ip='127.0.0.1' ) [ RunTime:0.003386s ]
[ sql ] [ SQL ] SELECT `btime` FROM `qy_fwl` WHERE  (  ip='127.0.0.1' ) [ RunTime:0.003311s ]
[ sql ] [ SQL ] INSERT INTO `qy_fwl` (`btime` , `ip` , `count`) VALUES (1535699368 , '127.0.0.1' , 1) [ RunTime:0.127453s ]
[ sql ] [ SQL ] SELECT `caro_img`,`action`,`caro_name` FROM `qy_carousel` WHERE  `caro_states` = 1  AND `pid` = 2 ORDER BY `caro_sort` LIMIT 4 [ RunTime:0.000770s ]
[ sql ] [ SQL ] SELECT `caro_img`,`caro_name` FROM `qy_carousel` WHERE  `caro_states` = 1  AND `pid` = 3  AND `caro_zh` = 1 ORDER BY `caro_sort` LIMIT 5 [ RunTime:0.000571s ]
[ sql ] [ SQL ] SELECT `caro_img` FROM `qy_carousel` WHERE  `caro_states` = 1  AND `pid` = 3  AND `caro_zh` = 2 ORDER BY `caro_sort` LIMIT 5 [ RunTime:0.000476s ]
[ sql ] [ SQL ] SELECT `type_id` FROM `qy_types` WHERE  `type_name` = '首页' [ RunTime:0.000388s ]
---------------------------------------------------------------
[ 2018-08-31T15:09:29+08:00 ] 127.0.0.1 127.0.0.1 GET /index/news/index.html
[ sql ] [ DB ] CONNECT:[ UseTime:0.000968s ] mysql:dbname=chinling;host=127.0.0.1;port=3306;charset=utf8
[ sql ] [ SQL ] SHOW COLUMNS FROM `qy_logo` [ RunTime:0.011863s ]
[ sql ] [ SQL ] SELECT `logo_img` FROM `qy_logo` WHERE  `caro_states` = 1 [ RunTime:0.000245s ]
[ sql ] [ SQL ] SHOW COLUMNS FROM `qy_types` [ RunTime:0.011148s ]
[ sql ] [ SQL ] SELECT * FROM `qy_types` WHERE  `type_pid` = 1 ORDER BY `type_sort` [ RunTime:0.000261s ]
[ sql ] [ SQL ] SELECT * FROM `qy_types` WHERE  `type_pid` = 2 ORDER BY `type_sort` [ RunTime:0.000200s ]
[ sql ] [ SQL ] SELECT * FROM `qy_types` WHERE  `type_pid` = 10 ORDER BY `type_sort` [ RunTime:0.000189s ]
[ sql ] [ SQL ] SELECT * FROM `qy_types` WHERE  `type_pid` = 3 ORDER BY `type_sort` [ RunTime:0.000184s ]
[ sql ] [ SQL ] SELECT * FROM `qy_types` WHERE  `type_pid` = 30 [ RunTime:0.000244s ]
[ sql ] [ SQL ] SHOW COLUMNS FROM `qy_carousel` [ RunTime:0.011754s ]
[ sql ] [ SQL ] SELECT `caro_img` FROM `qy_carousel` WHERE  `caro_states` = 1  AND `pid` = 1 ORDER BY `caro_sort` LIMIT 5 [ RunTime:0.000262s ]
[ sql ] [ SQL ] SELECT `caro_img` FROM `qy_carousel` WHERE  `caro_states` = 1  AND `pid` = 4 ORDER BY `caro_sort` LIMIT 5 [ RunTime:0.000175s ]
[ sql ] [ SQL ] SELECT * FROM `qy_types` WHERE  `type_pid` = 31 [ RunTime:0.000177s ]
[ sql ] [ SQL ] SELECT * FROM `qy_types` WHERE  `type_pid` = 40 LIMIT 1 [ RunTime:0.000173s ]
[ sql ] [ SQL ] SHOW COLUMNS FROM `qy_config` [ RunTime:0.010621s ]
[ sql ] [ SQL ] SELECT * FROM `qy_config` LIMIT 1 [ RunTime:0.000194s ]
[ sql ] [ SQL ] SELECT `site`,`describe` FROM `qy_config` WHERE  `conf_id` = 1 LIMIT 1 [ RunTime:0.000153s ]
[ sql ] [ SQL ] SELECT `type_id` FROM `qy_types` WHERE  `type_pid` IS NULL ORDER BY `type_sort` LIMIT 1 [ RunTime:0.000115s ]
[ sql ] [ SQL ] SELECT * FROM `qy_types` WHERE  `type_id` IS NULL LIMIT 1 [ RunTime:0.000129s ]
[ sql ] [ SQL ] SELECT * FROM `qy_types` WHERE  `type_pid` IS NULL ORDER BY `type_sort` [ RunTime:0.000183s ]
---------------------------------------------------------------
[ 2018-08-31T15:09:30+08:00 ] 127.0.0.1 127.0.0.1 GET /index/about/show.html
[ sql ] [ DB ] CONNECT:[ UseTime:0.000963s ] mysql:dbname=chinling;host=127.0.0.1;port=3306;charset=utf8
[ sql ] [ SQL ] SHOW COLUMNS FROM `qy_logo` [ RunTime:0.011504s ]
[ sql ] [ SQL ] SELECT `logo_img` FROM `qy_logo` WHERE  `caro_states` = 1 [ RunTime:0.000205s ]
[ sql ] [ SQL ] SHOW COLUMNS FROM `qy_types` [ RunTime:0.010106s ]
[ sql ] [ SQL ] SELECT * FROM `qy_types` WHERE  `type_pid` = 1 ORDER BY `type_sort` [ RunTime:0.000248s ]
[ sql ] [ SQL ] SELECT * FROM `qy_types` WHERE  `type_pid` = 2 ORDER BY `type_sort` [ RunTime:0.000198s ]
[ sql ] [ SQL ] SELECT * FROM `qy_types` WHERE  `type_pid` = 10 ORDER BY `type_sort` [ RunTime:0.000190s ]
[ sql ] [ SQL ] SELECT * FROM `qy_types` WHERE  `type_pid` = 3 ORDER BY `type_sort` [ RunTime:0.000188s ]
[ sql ] [ SQL ] SELECT * FROM `qy_types` WHERE  `type_pid` = 30 [ RunTime:0.000186s ]
[ sql ] [ SQL ] SHOW COLUMNS FROM `qy_carousel` [ RunTime:0.011884s ]
[ sql ] [ SQL ] SELECT `caro_img` FROM `qy_carousel` WHERE  `caro_states` = 1  AND `pid` = 1 ORDER BY `caro_sort` LIMIT 5 [ RunTime:0.000229s ]
[ sql ] [ SQL ] SELECT `caro_img` FROM `qy_carousel` WHERE  `caro_states` = 1  AND `pid` = 4 ORDER BY `caro_sort` LIMIT 5 [ RunTime:0.000200s ]
[ sql ] [ SQL ] SELECT * FROM `qy_types` WHERE  `type_pid` = 31 [ RunTime:0.000188s ]
[ sql ] [ SQL ] SELECT * FROM `qy_types` WHERE  `type_pid` = 40 LIMIT 1 [ RunTime:0.000172s ]
[ sql ] [ SQL ] SHOW COLUMNS FROM `qy_config` [ RunTime:0.011350s ]
[ sql ] [ SQL ] SELECT * FROM `qy_config` LIMIT 1 [ RunTime:0.000221s ]
[ sql ] [ SQL ] SELECT `site`,`describe` FROM `qy_config` WHERE  `conf_id` = 1 LIMIT 1 [ RunTime:0.000163s ]
---------------------------------------------------------------
[ 2018-08-31T15:22:15+08:00 ] 127.0.0.1 127.0.0.1 GET /index/news/index.html
[ sql ] [ DB ] CONNECT:[ UseTime:0.001863s ] mysql:dbname=chinling;host=127.0.0.1;port=3306;charset=utf8
[ sql ] [ SQL ] SHOW COLUMNS FROM `qy_logo` [ RunTime:0.006384s ]
[ sql ] [ SQL ] SELECT `logo_img` FROM `qy_logo` WHERE  `caro_states` = 1 [ RunTime:0.000223s ]
[ sql ] [ SQL ] SHOW COLUMNS FROM `qy_types` [ RunTime:0.005893s ]
[ sql ] [ SQL ] SELECT * FROM `qy_types` WHERE  `type_pid` = 1 ORDER BY `type_sort` [ RunTime:0.000245s ]
[ sql ] [ SQL ] SELECT * FROM `qy_types` WHERE  `type_pid` = 2 ORDER BY `type_sort` [ RunTime:0.000202s ]
[ sql ] [ SQL ] SELECT * FROM `qy_types` WHERE  `type_pid` = 10 ORDER BY `type_sort` [ RunTime:0.000190s ]
[ sql ] [ SQL ] SELECT * FROM `qy_types` WHERE  `type_pid` = 3 ORDER BY `type_sort` [ RunTime:0.000186s ]
[ sql ] [ SQL ] SELECT * FROM `qy_types` WHERE  `type_pid` = 30 [ RunTime:0.000188s ]
[ sql ] [ SQL ] SHOW COLUMNS FROM `qy_carousel` [ RunTime:0.007471s ]
[ sql ] [ SQL ] SELECT `caro_img` FROM `qy_carousel` WHERE  `caro_states` = 1  AND `pid` = 1 ORDER BY `caro_sort` LIMIT 5 [ RunTime:0.000210s ]
[ sql ] [ SQL ] SELECT `caro_img` FROM `qy_carousel` WHERE  `caro_states` = 1  AND `pid` = 4 ORDER BY `caro_sort` LIMIT 5 [ RunTime:0.000168s ]
[ sql ] [ SQL ] SELECT * FROM `qy_types` WHERE  `type_pid` = 31 [ RunTime:0.000176s ]
[ sql ] [ SQL ] SELECT * FROM `qy_types` WHERE  `type_pid` = 40 LIMIT 1 [ RunTime:0.000167s ]
[ sql ] [ SQL ] SHOW COLUMNS FROM `qy_config` [ RunTime:0.007267s ]
[ sql ] [ SQL ] SELECT * FROM `qy_config` LIMIT 1 [ RunTime:0.000210s ]
[ sql ] [ SQL ] SELECT `site`,`describe` FROM `qy_config` WHERE  `conf_id` = 1 LIMIT 1 [ RunTime:0.000157s ]
[ sql ] [ SQL ] SELECT `type_id` FROM `qy_types` WHERE  `type_pid` IS NULL ORDER BY `type_sort` LIMIT 1 [ RunTime:0.000118s ]
[ sql ] [ SQL ] SELECT * FROM `qy_types` WHERE  `type_id` IS NULL LIMIT 1 [ RunTime:0.000132s ]
[ sql ] [ SQL ] SELECT * FROM `qy_types` WHERE  `type_pid` IS NULL ORDER BY `type_sort` [ RunTime:0.000126s ]
---------------------------------------------------------------
[ 2018-08-31T15:22:16+08:00 ] 127.0.0.1 127.0.0.1 GET /index/index/index.html
[ sql ] [ DB ] CONNECT:[ UseTime:0.000978s ] mysql:dbname=chinling;host=127.0.0.1;port=3306;charset=utf8
[ sql ] [ SQL ] SHOW COLUMNS FROM `qy_logo` [ RunTime:0.007563s ]
[ sql ] [ SQL ] SELECT `logo_img` FROM `qy_logo` WHERE  `caro_states` = 1 [ RunTime:0.000219s ]
[ sql ] [ SQL ] SHOW COLUMNS FROM `qy_types` [ RunTime:0.007318s ]
[ sql ] [ SQL ] SELECT * FROM `qy_types` WHERE  `type_pid` = 1 ORDER BY `type_sort` [ RunTime:0.000258s ]
[ sql ] [ SQL ] SELECT * FROM `qy_types` WHERE  `type_pid` = 2 ORDER BY `type_sort` [ RunTime:0.000199s ]
[ sql ] [ SQL ] SELECT * FROM `qy_types` WHERE  `type_pid` = 10 ORDER BY `type_sort` [ RunTime:0.000198s ]
[ sql ] [ SQL ] SELECT * FROM `qy_types` WHERE  `type_pid` = 3 ORDER BY `type_sort` [ RunTime:0.000187s ]
[ sql ] [ SQL ] SELECT * FROM `qy_types` WHERE  `type_pid` = 30 [ RunTime:0.000224s ]
[ sql ] [ SQL ] SHOW COLUMNS FROM `qy_carousel` [ RunTime:0.007636s ]
[ sql ] [ SQL ] SELECT `caro_img` FROM `qy_carousel` WHERE  `caro_states` = 1  AND `pid` = 1 ORDER BY `caro_sort` LIMIT 5 [ RunTime:0.000197s ]
[ sql ] [ SQL ] SELECT `caro_img` FROM `qy_carousel` WHERE  `caro_states` = 1  AND `pid` = 4 ORDER BY `caro_sort` LIMIT 5 [ RunTime:0.000166s ]
[ sql ] [ SQL ] SELECT * FROM `qy_types` WHERE  `type_pid` = 31 [ RunTime:0.000184s ]
[ sql ] [ SQL ] SELECT * FROM `qy_types` WHERE  `type_pid` = 40 LIMIT 1 [ RunTime:0.000166s ]
[ sql ] [ SQL ] SHOW COLUMNS FROM `qy_config` [ RunTime:0.007359s ]
[ sql ] [ SQL ] SELECT * FROM `qy_config` LIMIT 1 [ RunTime:0.000197s ]
[ sql ] [ SQL ] SELECT `site`,`describe` FROM `qy_config` WHERE  `conf_id` = 1 LIMIT 1 [ RunTime:0.000153s ]
[ sql ] [ SQL ] SHOW COLUMNS FROM `qy_fwl` [ RunTime:0.007386s ]
[ sql ] [ SQL ] SELECT `fid` FROM `qy_fwl` WHERE  (  ip='127.0.0.1' ) [ RunTime:0.003403s ]
[ sql ] [ SQL ] SELECT `count` FROM `qy_fwl` WHERE  (  ip='127.0.0.1' ) [ RunTime:0.003319s ]
[ sql ] [ SQL ] SELECT `btime` FROM `qy_fwl` WHERE  (  ip='127.0.0.1' ) [ RunTime:0.003393s ]
[ sql ] [ SQL ] INSERT INTO `qy_fwl` (`btime` , `ip` , `count`) VALUES (1535700136 , '127.0.0.1' , 1) [ RunTime:0.364586s ]
[ sql ] [ SQL ] SELECT `caro_img`,`action`,`caro_name` FROM `qy_carousel` WHERE  `caro_states` = 1  AND `pid` = 2 ORDER BY `caro_sort` LIMIT 4 [ RunTime:0.000608s ]
[ sql ] [ SQL ] SELECT `caro_img`,`caro_name` FROM `qy_carousel` WHERE  `caro_states` = 1  AND `pid` = 3  AND `caro_zh` = 1 ORDER BY `caro_sort` LIMIT 5 [ RunTime:0.000492s ]
[ sql ] [ SQL ] SELECT `caro_img` FROM `qy_carousel` WHERE  `caro_states` = 1  AND `pid` = 3  AND `caro_zh` = 2 ORDER BY `caro_sort` LIMIT 5 [ RunTime:0.000435s ]
[ sql ] [ SQL ] SELECT `type_id` FROM `qy_types` WHERE  `type_name` = '首页' [ RunTime:0.000433s ]
---------------------------------------------------------------
[ 2018-08-31T15:22:18+08:00 ] 127.0.0.1 127.0.0.1 GET /index/news/index.html
[ sql ] [ DB ] CONNECT:[ UseTime:0.001043s ] mysql:dbname=chinling;host=127.0.0.1;port=3306;charset=utf8
[ sql ] [ SQL ] SHOW COLUMNS FROM `qy_logo` [ RunTime:0.006626s ]
[ sql ] [ SQL ] SELECT `logo_img` FROM `qy_logo` WHERE  `caro_states` = 1 [ RunTime:0.000203s ]
[ sql ] [ SQL ] SHOW COLUMNS FROM `qy_types` [ RunTime:0.016243s ]
[ sql ] [ SQL ] SELECT * FROM `qy_types` WHERE  `type_pid` = 1 ORDER BY `type_sort` [ RunTime:0.000265s ]
[ sql ] [ SQL ] SELECT * FROM `qy_types` WHERE  `type_pid` = 2 ORDER BY `type_sort` [ RunTime:0.000199s ]
[ sql ] [ SQL ] SELECT * FROM `qy_types` WHERE  `type_pid` = 10 ORDER BY `type_sort` [ RunTime:0.000188s ]
[ sql ] [ SQL ] SELECT * FROM `qy_types` WHERE  `type_pid` = 3 ORDER BY `type_sort` [ RunTime:0.000192s ]
[ sql ] [ SQL ] SELECT * FROM `qy_types` WHERE  `type_pid` = 30 [ RunTime:0.000225s ]
[ sql ] [ SQL ] SHOW COLUMNS FROM `qy_carousel` [ RunTime:0.006664s ]
[ sql ] [ SQL ] SELECT `caro_img` FROM `qy_carousel` WHERE  `caro_states` = 1  AND `pid` = 1 ORDER BY `caro_sort` LIMIT 5 [ RunTime:0.000240s ]
[ sql ] [ SQL ] SELECT `caro_img` FROM `qy_carousel` WHERE  `caro_states` = 1  AND `pid` = 4 ORDER BY `caro_sort` LIMIT 5 [ RunTime:0.000187s ]
[ sql ] [ SQL ] SELECT * FROM `qy_types` WHERE  `type_pid` = 31 [ RunTime:0.000203s ]
[ sql ] [ SQL ] SELECT * FROM `qy_types` WHERE  `type_pid` = 40 LIMIT 1 [ RunTime:0.000186s ]
[ sql ] [ SQL ] SHOW COLUMNS FROM `qy_config` [ RunTime:0.007904s ]
[ sql ] [ SQL ] SELECT * FROM `qy_config` LIMIT 1 [ RunTime:0.000210s ]
[ sql ] [ SQL ] SELECT `site`,`describe` FROM `qy_config` WHERE  `conf_id` = 1 LIMIT 1 [ RunTime:0.000183s ]
[ sql ] [ SQL ] SELECT `type_id` FROM `qy_types` WHERE  `type_pid` IS NULL ORDER BY `type_sort` LIMIT 1 [ RunTime:0.000131s ]
[ sql ] [ SQL ] SELECT * FROM `qy_types` WHERE  `type_id` IS NULL LIMIT 1 [ RunTime:0.000146s ]
[ sql ] [ SQL ] SELECT * FROM `qy_types` WHERE  `type_pid` IS NULL ORDER BY `type_sort` [ RunTime:0.000177s ]
---------------------------------------------------------------
[ 2018-08-31T15:22:19+08:00 ] 127.0.0.1 127.0.0.1 GET /index/about/show.html
[ sql ] [ DB ] CONNECT:[ UseTime:0.000907s ] mysql:dbname=chinling;host=127.0.0.1;port=3306;charset=utf8
[ sql ] [ SQL ] SHOW COLUMNS FROM `qy_logo` [ RunTime:0.007894s ]
[ sql ] [ SQL ] SELECT `logo_img` FROM `qy_logo` WHERE  `caro_states` = 1 [ RunTime:0.000221s ]
[ sql ] [ SQL ] SHOW COLUMNS FROM `qy_types` [ RunTime:0.006584s ]
[ sql ] [ SQL ] SELECT * FROM `qy_types` WHERE  `type_pid` = 1 ORDER BY `type_sort` [ RunTime:0.000278s ]
[ sql ] [ SQL ] SELECT * FROM `qy_types` WHERE  `type_pid` = 2 ORDER BY `type_sort` [ RunTime:0.000204s ]
[ sql ] [ SQL ] SELECT * FROM `qy_types` WHERE  `type_pid` = 10 ORDER BY `type_sort` [ RunTime:0.000189s ]
[ sql ] [ SQL ] SELECT * FROM `qy_types` WHERE  `type_pid` = 3 ORDER BY `type_sort` [ RunTime:0.000188s ]
[ sql ] [ SQL ] SELECT * FROM `qy_types` WHERE  `type_pid` = 30 [ RunTime:0.000191s ]
[ sql ] [ SQL ] SHOW COLUMNS FROM `qy_carousel` [ RunTime:0.007496s ]
[ sql ] [ SQL ] SELECT `caro_img` FROM `qy_carousel` WHERE  `caro_states` = 1  AND `pid` = 1 ORDER BY `caro_sort` LIMIT 5 [ RunTime:0.000213s ]
[ sql ] [ SQL ] SELECT `caro_img` FROM `qy_carousel` WHERE  `caro_states` = 1  AND `pid` = 4 ORDER BY `caro_sort` LIMIT 5 [ RunTime:0.000168s ]
[ sql ] [ SQL ] SELECT * FROM `qy_types` WHERE  `type_pid` = 31 [ RunTime:0.000176s ]
[ sql ] [ SQL ] SELECT * FROM `qy_types` WHERE  `type_pid` = 40 LIMIT 1 [ RunTime:0.000169s ]
[ sql ] [ SQL ] SHOW COLUMNS FROM `qy_config` [ RunTime:0.006592s ]
[ sql ] [ SQL ] SELECT * FROM `qy_config` LIMIT 1 [ RunTime:0.000168s ]
[ sql ] [ SQL ] SELECT `site`,`describe` FROM `qy_config` WHERE  `conf_id` = 1 LIMIT 1 [ RunTime:0.000146s ]
---------------------------------------------------------------
[ 2018-08-31T15:33:48+08:00 ] 127.0.0.1 127.0.0.1 GET /index/news/index.html
[ sql ] [ DB ] CONNECT:[ UseTime:0.001795s ] mysql:dbname=chinling;host=127.0.0.1;port=3306;charset=utf8
[ sql ] [ SQL ] SHOW COLUMNS FROM `qy_logo` [ RunTime:0.006693s ]
[ sql ] [ SQL ] SELECT `logo_img` FROM `qy_logo` WHERE  `caro_states` = 1 [ RunTime:0.000237s ]
[ sql ] [ SQL ] SHOW COLUMNS FROM `qy_types` [ RunTime:0.005982s ]
[ sql ] [ SQL ] SELECT * FROM `qy_types` WHERE  `type_pid` = 1 ORDER BY `type_sort` [ RunTime:0.000251s ]
[ sql ] [ SQL ] SELECT * FROM `qy_types` WHERE  `type_pid` = 2 ORDER BY `type_sort` [ RunTime:0.000198s ]
[ sql ] [ SQL ] SELECT * FROM `qy_types` WHERE  `type_pid` = 10 ORDER BY `type_sort` [ RunTime:0.000194s ]
[ sql ] [ SQL ] SELECT * FROM `qy_types` WHERE  `type_pid` = 3 ORDER BY `type_sort` [ RunTime:0.000188s ]
[ sql ] [ SQL ] SELECT * FROM `qy_types` WHERE  `type_pid` = 30 [ RunTime:0.000193s ]
[ sql ] [ SQL ] SHOW COLUMNS FROM `qy_carousel` [ RunTime:0.006709s ]
[ sql ] [ SQL ] SELECT `caro_img` FROM `qy_carousel` WHERE  `caro_states` = 1  AND `pid` = 1 ORDER BY `caro_sort` LIMIT 5 [ RunTime:0.000212s ]
[ sql ] [ SQL ] SELECT `caro_img` FROM `qy_carousel` WHERE  `caro_states` = 1  AND `pid` = 4 ORDER BY `caro_sort` LIMIT 5 [ RunTime:0.000168s ]
[ sql ] [ SQL ] SELECT * FROM `qy_types` WHERE  `type_pid` = 31 [ RunTime:0.000178s ]
[ sql ] [ SQL ] SELECT * FROM `qy_types` WHERE  `type_pid` = 40 LIMIT 1 [ RunTime:0.000173s ]
[ sql ] [ SQL ] SHOW COLUMNS FROM `qy_config` [ RunTime:0.007439s ]
[ sql ] [ SQL ] SELECT * FROM `qy_config` LIMIT 1 [ RunTime:0.000181s ]
[ sql ] [ SQL ] SELECT `site`,`describe` FROM `qy_config` WHERE  `conf_id` = 1 LIMIT 1 [ RunTime:0.000152s ]
[ sql ] [ SQL ] SELECT `type_id` FROM `qy_types` WHERE  `type_pid` IS NULL ORDER BY `type_sort` LIMIT 1 [ RunTime:0.000116s ]
[ sql ] [ SQL ] SELECT * FROM `qy_types` WHERE  `type_id` IS NULL LIMIT 1 [ RunTime:0.000129s ]
[ sql ] [ SQL ] SELECT * FROM `qy_types` WHERE  `type_pid` IS NULL ORDER BY `type_sort` [ RunTime:0.000129s ]
---------------------------------------------------------------
[ 2018-08-31T15:33:50+08:00 ] 127.0.0.1 127.0.0.1 GET /index/about/show.html
[ sql ] [ DB ] CONNECT:[ UseTime:0.000966s ] mysql:dbname=chinling;host=127.0.0.1;port=3306;charset=utf8
[ sql ] [ SQL ] SHOW COLUMNS FROM `qy_logo` [ RunTime:0.007912s ]
[ sql ] [ SQL ] SELECT `logo_img` FROM `qy_logo` WHERE  `caro_states` = 1 [ RunTime:0.000222s ]
[ sql ] [ SQL ] SHOW COLUMNS FROM `qy_types` [ RunTime:0.006905s ]
[ sql ] [ SQL ] SELECT * FROM `qy_types` WHERE  `type_pid` = 1 ORDER BY `type_sort` [ RunTime:0.000275s ]
[ sql ] [ SQL ] SELECT * FROM `qy_types` WHERE  `type_pid` = 2 ORDER BY `type_sort` [ RunTime:0.000220s ]
[ sql ] [ SQL ] SELECT * FROM `qy_types` WHERE  `type_pid` = 10 ORDER BY `type_sort` [ RunTime:0.000211s ]
[ sql ] [ SQL ] SELECT * FROM `qy_types` WHERE  `type_pid` = 3 ORDER BY `type_sort` [ RunTime:0.000209s ]
[ sql ] [ SQL ] SELECT * FROM `qy_types` WHERE  `type_pid` = 30 [ RunTime:0.000206s ]
[ sql ] [ SQL ] SHOW COLUMNS FROM `qy_carousel` [ RunTime:0.008492s ]
[ sql ] [ SQL ] SELECT `caro_img` FROM `qy_carousel` WHERE  `caro_states` = 1  AND `pid` = 1 ORDER BY `caro_sort` LIMIT 5 [ RunTime:0.000221s ]
[ sql ] [ SQL ] SELECT `caro_img` FROM `qy_carousel` WHERE  `caro_states` = 1  AND `pid` = 4 ORDER BY `caro_sort` LIMIT 5 [ RunTime:0.000185s ]
[ sql ] [ SQL ] SELECT * FROM `qy_types` WHERE  `type_pid` = 31 [ RunTime:0.000198s ]
[ sql ] [ SQL ] SELECT * FROM `qy_types` WHERE  `type_pid` = 40 LIMIT 1 [ RunTime:0.000186s ]
[ sql ] [ SQL ] SHOW COLUMNS FROM `qy_config` [ RunTime:0.006630s ]
[ sql ] [ SQL ] SELECT * FROM `qy_config` LIMIT 1 [ RunTime:0.000191s ]
[ sql ] [ SQL ] SELECT `site`,`describe` FROM `qy_config` WHERE  `conf_id` = 1 LIMIT 1 [ RunTime:0.000166s ]
