---------------------------------------------------------------
[ 2018-07-27T17:26:19+08:00 ] 172.17.23.148 124.89.116.4 GET /admin/plat/price.html
[ sql ] [ DB ] CONNECT:[ UseTime:0.000434s ] mysql:dbname=qinyunone;host=127.0.0.1;port=3306;charset=utf8
[ sql ] [ SQL ] SHOW COLUMNS FROM `qy_user` [ RunTime:0.000842s ]
[ sql ] [ SQL ] SELECT `role_id` FROM `qy_user` WHERE  `admin_id` = 13 LIMIT 1 [ RunTime:0.000231s ]
[ sql ] [ SQL ] SHOW COLUMNS FROM `qy_auth_group` [ RunTime:0.000560s ]
[ sql ] [ SQL ] SELECT `rules` FROM `qy_auth_group` WHERE  `id` = 7 LIMIT 1 [ RunTime:0.000181s ]
[ sql ] [ SQL ] SHOW COLUMNS FROM `qy_auth_rule` [ RunTime:0.000513s ]
[ sql ] [ SQL ] SELECT `name`,`title` FROM `qy_auth_rule` WHERE  `status` = 1  AND `id` IN (42,43,44,45,49,52,51,50,53,56,55,54,48,47,59,57,58,26,27,28,29,30,31,32,33,34,35,36,37,38,39,40,41,61,62,63,64,67,65,66,68,70,69,76,77)  AND `level` = 0 ORDER BY `sort` [ RunTime:0.000538s ]
[ sql ] [ SQL ] SELECT * FROM `qy_auth_rule` WHERE  `status` = 1 ORDER BY `sort` [ RunTime:0.000314s ]
[ sql ] [ SQL ] SELECT * FROM `qy_auth_rule` [ RunTime:0.000236s ]
[ sql ] [ SQL ] SELECT * FROM `qy_auth_rule` [ RunTime:0.000242s ]
[ sql ] [ SQL ] SELECT * FROM `qy_auth_rule` [ RunTime:0.000225s ]
[ sql ] [ SQL ] SELECT * FROM `qy_auth_rule` [ RunTime:0.000226s ]
[ sql ] [ SQL ] SELECT * FROM `qy_auth_rule` [ RunTime:0.000236s ]
[ sql ] [ SQL ] SELECT * FROM `qy_auth_rule` [ RunTime:0.000227s ]
[ sql ] [ SQL ] SELECT * FROM `qy_auth_rule` [ RunTime:0.000245s ]
[ sql ] [ SQL ] SELECT * FROM `qy_auth_rule` [ RunTime:0.000256s ]
[ sql ] [ SQL ] SELECT * FROM `qy_auth_rule` [ RunTime:0.000234s ]
[ sql ] [ SQL ] SELECT * FROM `qy_auth_rule` [ RunTime:0.000268s ]
[ sql ] [ SQL ] SELECT * FROM `qy_auth_rule` [ RunTime:0.000243s ]
[ sql ] [ SQL ] SELECT * FROM `qy_auth_rule` [ RunTime:0.000239s ]
[ sql ] [ SQL ] SELECT * FROM `qy_auth_rule` [ RunTime:0.000227s ]
[ sql ] [ SQL ] SELECT * FROM `qy_auth_rule` [ RunTime:0.000298s ]
[ sql ] [ SQL ] SELECT * FROM `qy_auth_rule` [ RunTime:0.000241s ]
[ sql ] [ SQL ] SELECT * FROM `qy_auth_rule` [ RunTime:0.000239s ]
[ sql ] [ SQL ] SELECT * FROM `qy_auth_rule` [ RunTime:0.000241s ]
[ sql ] [ SQL ] SELECT * FROM `qy_auth_rule` [ RunTime:0.000231s ]
[ sql ] [ SQL ] SELECT * FROM `qy_auth_rule` [ RunTime:0.000242s ]
[ sql ] [ SQL ] SELECT * FROM `qy_auth_rule` [ RunTime:0.000235s ]
[ sql ] [ SQL ] SELECT * FROM `qy_auth_rule` [ RunTime:0.000249s ]
[ sql ] [ SQL ] SELECT * FROM `qy_auth_rule` [ RunTime:0.000242s ]
[ sql ] [ SQL ] SELECT * FROM `qy_auth_rule` [ RunTime:0.000233s ]
[ sql ] [ SQL ] SELECT * FROM `qy_auth_rule` [ RunTime:0.000291s ]
[ sql ] [ SQL ] SELECT * FROM `qy_auth_rule` [ RunTime:0.000236s ]
[ sql ] [ SQL ] SELECT * FROM `qy_auth_rule` [ RunTime:0.000233s ]
[ sql ] [ SQL ] SELECT * FROM `qy_auth_rule` [ RunTime:0.000224s ]
[ sql ] [ SQL ] SELECT * FROM `qy_auth_rule` [ RunTime:0.000232s ]
[ sql ] [ SQL ] SELECT * FROM `qy_auth_rule` [ RunTime:0.000238s ]
[ sql ] [ SQL ] SELECT * FROM `qy_auth_rule` [ RunTime:0.000251s ]
[ sql ] [ SQL ] SELECT * FROM `qy_auth_rule` [ RunTime:0.000239s ]
[ sql ] [ SQL ] SELECT * FROM `qy_auth_rule` [ RunTime:0.000231s ]
[ sql ] [ SQL ] SELECT * FROM `qy_auth_rule` [ RunTime:0.000250s ]
[ sql ] [ SQL ] SELECT * FROM `qy_auth_rule` [ RunTime:0.000293s ]
[ sql ] [ SQL ] SELECT * FROM `qy_auth_rule` [ RunTime:0.000258s ]
[ sql ] [ SQL ] SELECT * FROM `qy_auth_rule` [ RunTime:0.000238s ]
[ sql ] [ SQL ] SELECT * FROM `qy_auth_rule` [ RunTime:0.000239s ]
[ sql ] [ SQL ] SELECT * FROM `qy_auth_rule` [ RunTime:0.000238s ]
[ sql ] [ SQL ] SELECT * FROM `qy_auth_rule` [ RunTime:0.000282s ]
[ sql ] [ SQL ] SELECT * FROM `qy_auth_rule` [ RunTime:0.000264s ]
[ sql ] [ SQL ] SELECT * FROM `qy_auth_rule` [ RunTime:0.000257s ]
[ sql ] [ SQL ] SELECT * FROM `qy_auth_rule` [ RunTime:0.000252s ]
[ sql ] [ SQL ] SELECT * FROM `qy_auth_rule` [ RunTime:0.000258s ]
[ sql ] [ SQL ] SELECT * FROM `qy_auth_rule` [ RunTime:0.000238s ]
[ sql ] [ SQL ] SELECT * FROM `qy_auth_rule` [ RunTime:0.000261s ]
[ sql ] [ SQL ] SELECT `role_id` FROM `qy_user` WHERE  `admin_id` = 13 LIMIT 1 [ RunTime:0.000256s ]
[ sql ] [ SQL ] SELECT `rules` FROM `qy_auth_group` WHERE  `id` = 7 LIMIT 1 [ RunTime:0.000193s ]
[ sql ] [ SQL ] SELECT `name`,`title` FROM `qy_auth_rule` WHERE  `status` = 1  AND `id` IN (42,43,44,45,49,52,51,50,53,56,55,54,48,47,59,57,58,26,27,28,29,30,31,32,33,34,35,36,37,38,39,40,41,61,62,63,64,67,65,66,68,70,69,76,77)  AND `level` = 0 ORDER BY `sort` [ RunTime:0.000551s ]
---------------------------------------------------------------
[ 2018-07-27T17:26:20+08:00 ] 172.17.23.148 124.89.116.4 GET /admin/plat/price.html
[ sql ] [ DB ] CONNECT:[ UseTime:0.000504s ] mysql:dbname=qinyunone;host=127.0.0.1;port=3306;charset=utf8
[ sql ] [ SQL ] SHOW COLUMNS FROM `qy_user` [ RunTime:0.000891s ]
[ sql ] [ SQL ] SELECT `role_id` FROM `qy_user` WHERE  `admin_id` = 13 LIMIT 1 [ RunTime:0.000334s ]
[ sql ] [ SQL ] SHOW COLUMNS FROM `qy_auth_group` [ RunTime:0.000691s ]
[ sql ] [ SQL ] SELECT `rules` FROM `qy_auth_group` WHERE  `id` = 7 LIMIT 1 [ RunTime:0.000248s ]
[ sql ] [ SQL ] SHOW COLUMNS FROM `qy_auth_rule` [ RunTime:0.000552s ]
[ sql ] [ SQL ] SELECT `name`,`title` FROM `qy_auth_rule` WHERE  `status` = 1  AND `id` IN (42,43,44,45,49,52,51,50,53,56,55,54,48,47,59,57,58,26,27,28,29,30,31,32,33,34,35,36,37,38,39,40,41,61,62,63,64,67,65,66,68,70,69,76,77)  AND `level` = 0 ORDER BY `sort` [ RunTime:0.000620s ]
[ sql ] [ SQL ] SELECT * FROM `qy_auth_rule` WHERE  `status` = 1 ORDER BY `sort` [ RunTime:0.000358s ]
[ sql ] [ SQL ] SELECT * FROM `qy_auth_rule` [ RunTime:0.000266s ]
[ sql ] [ SQL ] SELECT * FROM `qy_auth_rule` [ RunTime:0.000253s ]
[ sql ] [ SQL ] SELECT * FROM `qy_auth_rule` [ RunTime:0.000249s ]
[ sql ] [ SQL ] SELECT * FROM `qy_auth_rule` [ RunTime:0.000258s ]
[ sql ] [ SQL ] SELECT * FROM `qy_auth_rule` [ RunTime:0.000234s ]
[ sql ] [ SQL ] SELECT * FROM `qy_auth_rule` [ RunTime:0.000252s ]
[ sql ] [ SQL ] SELECT * FROM `qy_auth_rule` [ RunTime:0.000266s ]
[ sql ] [ SQL ] SELECT * FROM `qy_auth_rule` [ RunTime:0.000244s ]
[ sql ] [ SQL ] SELECT * FROM `qy_auth_rule` [ RunTime:0.000313s ]
[ sql ] [ SQL ] SELECT * FROM `qy_auth_rule` [ RunTime:0.000239s ]
[ sql ] [ SQL ] SELECT * FROM `qy_auth_rule` [ RunTime:0.000236s ]
[ sql ] [ SQL ] SELECT * FROM `qy_auth_rule` [ RunTime:0.000247s ]
[ sql ] [ SQL ] SELECT * FROM `qy_auth_rule` [ RunTime:0.000257s ]
[ sql ] [ SQL ] SELECT * FROM `qy_auth_rule` [ RunTime:0.000232s ]
[ sql ] [ SQL ] SELECT * FROM `qy_auth_rule` [ RunTime:0.000229s ]
[ sql ] [ SQL ] SELECT * FROM `qy_auth_rule` [ RunTime:0.000252s ]
[ sql ] [ SQL ] SELECT * FROM `qy_auth_rule` [ RunTime:0.000235s ]
[ sql ] [ SQL ] SELECT * FROM `qy_auth_rule` [ RunTime:0.000252s ]
[ sql ] [ SQL ] SELECT * FROM `qy_auth_rule` [ RunTime:0.000260s ]
[ sql ] [ SQL ] SELECT * FROM `qy_auth_rule` [ RunTime:0.000250s ]
[ sql ] [ SQL ] SELECT * FROM `qy_auth_rule` [ RunTime:0.000268s ]
[ sql ] [ SQL ] SELECT * FROM `qy_auth_rule` [ RunTime:0.000254s ]
[ sql ] [ SQL ] SELECT * FROM `qy_auth_rule` [ RunTime:0.000240s ]
[ sql ] [ SQL ] SELECT * FROM `qy_auth_rule` [ RunTime:0.000242s ]
[ sql ] [ SQL ] SELECT * FROM `qy_auth_rule` [ RunTime:0.000240s ]
[ sql ] [ SQL ] SELECT * FROM `qy_auth_rule` [ RunTime:0.000231s ]
[ sql ] [ SQL ] SELECT * FROM `qy_auth_rule` [ RunTime:0.000234s ]
[ sql ] [ SQL ] SELECT * FROM `qy_auth_rule` [ RunTime:0.000246s ]
[ sql ] [ SQL ] SELECT * FROM `qy_auth_rule` [ RunTime:0.000272s ]
[ sql ] [ SQL ] SELECT * FROM `qy_auth_rule` [ RunTime:0.000264s ]
[ sql ] [ SQL ] SELECT * FROM `qy_auth_rule` [ RunTime:0.000286s ]
[ sql ] [ SQL ] SELECT * FROM `qy_auth_rule` [ RunTime:0.000245s ]
[ sql ] [ SQL ] SELECT * FROM `qy_auth_rule` [ RunTime:0.000232s ]
[ sql ] [ SQL ] SELECT * FROM `qy_auth_rule` [ RunTime:0.000231s ]
[ sql ] [ SQL ] SELECT * FROM `qy_auth_rule` [ RunTime:0.000238s ]
[ sql ] [ SQL ] SELECT * FROM `qy_auth_rule` [ RunTime:0.000246s ]
[ sql ] [ SQL ] SELECT * FROM `qy_auth_rule` [ RunTime:0.000227s ]
[ sql ] [ SQL ] SELECT * FROM `qy_auth_rule` [ RunTime:0.000238s ]
[ sql ] [ SQL ] SELECT * FROM `qy_auth_rule` [ RunTime:0.000247s ]
[ sql ] [ SQL ] SELECT * FROM `qy_auth_rule` [ RunTime:0.000238s ]
[ sql ] [ SQL ] SELECT * FROM `qy_auth_rule` [ RunTime:0.000245s ]
[ sql ] [ SQL ] SELECT * FROM `qy_auth_rule` [ RunTime:0.000408s ]
[ sql ] [ SQL ] SELECT * FROM `qy_auth_rule` [ RunTime:0.000239s ]
[ sql ] [ SQL ] SELECT * FROM `qy_auth_rule` [ RunTime:0.000261s ]
[ sql ] [ SQL ] SELECT * FROM `qy_auth_rule` [ RunTime:0.000255s ]
[ sql ] [ SQL ] SELECT `role_id` FROM `qy_user` WHERE  `admin_id` = 13 LIMIT 1 [ RunTime:0.000248s ]
[ sql ] [ SQL ] SELECT `rules` FROM `qy_auth_group` WHERE  `id` = 7 LIMIT 1 [ RunTime:0.000181s ]
[ sql ] [ SQL ] SELECT `name`,`title` FROM `qy_auth_rule` WHERE  `status` = 1  AND `id` IN (42,43,44,45,49,52,51,50,53,56,55,54,48,47,59,57,58,26,27,28,29,30,31,32,33,34,35,36,37,38,39,40,41,61,62,63,64,67,65,66,68,70,69,76,77)  AND `level` = 0 ORDER BY `sort` [ RunTime:0.000604s ]
---------------------------------------------------------------
[ 2018-07-27T17:50:50+08:00 ] 172.17.23.148 220.181.132.195 GET /index/products/index/type_pid/9.html
[ sql ] [ DB ] CONNECT:[ UseTime:0.000463s ] mysql:dbname=qinyunone;host=127.0.0.1;port=3306;charset=utf8
[ sql ] [ SQL ] SHOW COLUMNS FROM `qy_logo` [ RunTime:0.000831s ]
[ sql ] [ SQL ] SELECT `logo_img` FROM `qy_logo` WHERE  `caro_states` = 1 [ RunTime:0.000247s ]
[ sql ] [ SQL ] SHOW COLUMNS FROM `qy_types` [ RunTime:0.000552s ]
[ sql ] [ SQL ] SELECT * FROM `qy_types` WHERE  `type_pid` = 1 ORDER BY `type_sort` [ RunTime:0.000274s ]
[ sql ] [ SQL ] SELECT * FROM `qy_types` WHERE  `type_pid` = 2 ORDER BY `type_sort` [ RunTime:0.000226s ]
[ sql ] [ SQL ] SELECT * FROM `qy_types` WHERE  `type_pid` = 3 ORDER BY `type_sort` [ RunTime:0.000238s ]
[ sql ] [ SQL ] SELECT * FROM `qy_types` WHERE  `type_pid` = 10 ORDER BY `type_sort` [ RunTime:0.000235s ]
[ sql ] [ SQL ] SELECT * FROM `qy_types` WHERE  `type_pid` = 9 ORDER BY `type_sort` [ RunTime:0.000213s ]
[ sql ] [ SQL ] SELECT * FROM `qy_types` WHERE  `type_pid` = 29 ORDER BY `type_sort` [ RunTime:0.000222s ]
[ sql ] [ SQL ] SELECT * FROM `qy_types` WHERE  `type_pid` = 30 [ RunTime:0.000209s ]
[ sql ] [ SQL ] SHOW COLUMNS FROM `qy_carousel` [ RunTime:0.000540s ]
[ sql ] [ SQL ] SELECT `caro_img` FROM `qy_carousel` WHERE  `caro_states` = 1  AND `pid` = 1 ORDER BY `caro_sort` LIMIT 5 [ RunTime:0.000217s ]
[ sql ] [ SQL ] SELECT `caro_img` FROM `qy_carousel` WHERE  `caro_states` = 1  AND `pid` = 4 ORDER BY `caro_sort` LIMIT 5 [ RunTime:0.000200s ]
[ sql ] [ SQL ] SELECT * FROM `qy_types` WHERE  `type_pid` = 31 [ RunTime:0.000202s ]
[ sql ] [ SQL ] SELECT * FROM `qy_types` WHERE  `type_pid` = 40 LIMIT 1 [ RunTime:0.000197s ]
[ sql ] [ SQL ] SHOW COLUMNS FROM `qy_config` [ RunTime:0.000529s ]
[ sql ] [ SQL ] SELECT * FROM `qy_config` LIMIT 1 [ RunTime:0.000164s ]
[ sql ] [ SQL ] SELECT `site`,`describe` FROM `qy_config` WHERE  `conf_id` = 1 LIMIT 1 [ RunTime:0.000176s ]
[ sql ] [ SQL ] SHOW COLUMNS FROM `qy_protypes` [ RunTime:0.000502s ]
[ sql ] [ SQL ] SELECT * FROM `qy_protypes` WHERE  `protype_states` = 2  AND `protype_pid` = '1' [ RunTime:0.000286s ]
[ sql ] [ SQL ] SELECT * FROM `qy_protypes` WHERE  `protype_pid` = '7' [ RunTime:0.000246s ]
[ sql ] [ SQL ] SELECT * FROM `qy_protypes` WHERE  `protype_pid` = '12' [ RunTime:0.000257s ]
[ sql ] [ SQL ] SELECT * FROM `qy_protypes` WHERE  `protype_pid` = '25' [ RunTime:0.000237s ]
[ sql ] [ SQL ] SHOW COLUMNS FROM `qy_products` [ RunTime:0.000512s ]
[ sql ] [ SQL ] SELECT COUNT(prod_id) AS tp_count FROM `qy_products` WHERE  `prod_states` = 1 LIMIT 1 [ RunTime:0.000185s ]
[ sql ] [ SQL ] SELECT * FROM `qy_products` WHERE  `prod_states` = 1 LIMIT 0,15 [ RunTime:0.000211s ]
---------------------------------------------------------------
[ 2018-07-27T18:02:57+08:00 ] 172.17.23.148 123.125.67.227 GET /
[ sql ] [ DB ] CONNECT:[ UseTime:0.000428s ] mysql:dbname=qinyunone;host=127.0.0.1;port=3306;charset=utf8
[ sql ] [ SQL ] SHOW COLUMNS FROM `qy_logo` [ RunTime:0.000879s ]
[ sql ] [ SQL ] SELECT `logo_img` FROM `qy_logo` WHERE  `caro_states` = 1 [ RunTime:0.000264s ]
[ sql ] [ SQL ] SHOW COLUMNS FROM `qy_types` [ RunTime:0.000646s ]
[ sql ] [ SQL ] SELECT * FROM `qy_types` WHERE  `type_pid` = 1 ORDER BY `type_sort` [ RunTime:0.000301s ]
[ sql ] [ SQL ] SELECT * FROM `qy_types` WHERE  `type_pid` = 2 ORDER BY `type_sort` [ RunTime:0.000256s ]
[ sql ] [ SQL ] SELECT * FROM `qy_types` WHERE  `type_pid` = 3 ORDER BY `type_sort` [ RunTime:0.000270s ]
[ sql ] [ SQL ] SELECT * FROM `qy_types` WHERE  `type_pid` = 10 ORDER BY `type_sort` [ RunTime:0.000279s ]
[ sql ] [ SQL ] SELECT * FROM `qy_types` WHERE  `type_pid` = 9 ORDER BY `type_sort` [ RunTime:0.000236s ]
[ sql ] [ SQL ] SELECT * FROM `qy_types` WHERE  `type_pid` = 29 ORDER BY `type_sort` [ RunTime:0.000226s ]
[ sql ] [ SQL ] SELECT * FROM `qy_types` WHERE  `type_pid` = 30 [ RunTime:0.000234s ]
[ sql ] [ SQL ] SHOW COLUMNS FROM `qy_carousel` [ RunTime:0.000611s ]
[ sql ] [ SQL ] SELECT `caro_img` FROM `qy_carousel` WHERE  `caro_states` = 1  AND `pid` = 1 ORDER BY `caro_sort` LIMIT 5 [ RunTime:0.000225s ]
[ sql ] [ SQL ] SELECT `caro_img` FROM `qy_carousel` WHERE  `caro_states` = 1  AND `pid` = 4 ORDER BY `caro_sort` LIMIT 5 [ RunTime:0.000208s ]
[ sql ] [ SQL ] SELECT * FROM `qy_types` WHERE  `type_pid` = 31 [ RunTime:0.000201s ]
[ sql ] [ SQL ] SELECT * FROM `qy_types` WHERE  `type_pid` = 40 LIMIT 1 [ RunTime:0.000204s ]
[ sql ] [ SQL ] SHOW COLUMNS FROM `qy_config` [ RunTime:0.000588s ]
[ sql ] [ SQL ] SELECT * FROM `qy_config` LIMIT 1 [ RunTime:0.000173s ]
[ sql ] [ SQL ] SELECT `site`,`describe` FROM `qy_config` WHERE  `conf_id` = 1 LIMIT 1 [ RunTime:0.000180s ]
[ sql ] [ SQL ] SHOW COLUMNS FROM `qy_fwl` [ RunTime:0.000547s ]
[ sql ] [ SQL ] SELECT `fid` FROM `qy_fwl` WHERE  (  ip='123.125.67.227' ) [ RunTime:0.002901s ]
[ sql ] [ SQL ] INSERT INTO `qy_fwl` (`btime` , `ip` , `count`) VALUES (1532685777 , '123.125.67.227' , 1) [ RunTime:0.002911s ]
[ sql ] [ SQL ] SELECT `caro_img`,`action`,`caro_name` FROM `qy_carousel` WHERE  `caro_states` = 1  AND `pid` = 2 ORDER BY `caro_sort` LIMIT 4 [ RunTime:0.000244s ]
[ sql ] [ SQL ] SELECT `caro_img`,`caro_name` FROM `qy_carousel` WHERE  `caro_states` = 1  AND `pid` = 3  AND `caro_zh` = 1 ORDER BY `caro_sort` LIMIT 5 [ RunTime:0.000217s ]
[ sql ] [ SQL ] SELECT `caro_img` FROM `qy_carousel` WHERE  `caro_states` = 1  AND `pid` = 3  AND `caro_zh` = 2 ORDER BY `caro_sort` LIMIT 5 [ RunTime:0.000212s ]
[ sql ] [ SQL ] SELECT `type_id` FROM `qy_types` WHERE  `type_name` = '首页' [ RunTime:0.000163s ]
---------------------------------------------------------------
[ 2018-07-27T18:03:50+08:00 ] 172.17.23.148 77.247.130.181 GET /
[ sql ] [ DB ] CONNECT:[ UseTime:0.000443s ] mysql:dbname=qinyunone;host=127.0.0.1;port=3306;charset=utf8
[ sql ] [ SQL ] SHOW COLUMNS FROM `qy_logo` [ RunTime:0.000894s ]
[ sql ] [ SQL ] SELECT `logo_img` FROM `qy_logo` WHERE  `caro_states` = 1 [ RunTime:0.000272s ]
[ sql ] [ SQL ] SHOW COLUMNS FROM `qy_types` [ RunTime:0.000613s ]
[ sql ] [ SQL ] SELECT * FROM `qy_types` WHERE  `type_pid` = 1 ORDER BY `type_sort` [ RunTime:0.000277s ]
[ sql ] [ SQL ] SELECT * FROM `qy_types` WHERE  `type_pid` = 2 ORDER BY `type_sort` [ RunTime:0.000222s ]
[ sql ] [ SQL ] SELECT * FROM `qy_types` WHERE  `type_pid` = 3 ORDER BY `type_sort` [ RunTime:0.000226s ]
[ sql ] [ SQL ] SELECT * FROM `qy_types` WHERE  `type_pid` = 10 ORDER BY `type_sort` [ RunTime:0.000260s ]
[ sql ] [ SQL ] SELECT * FROM `qy_types` WHERE  `type_pid` = 9 ORDER BY `type_sort` [ RunTime:0.000244s ]
[ sql ] [ SQL ] SELECT * FROM `qy_types` WHERE  `type_pid` = 29 ORDER BY `type_sort` [ RunTime:0.000210s ]
[ sql ] [ SQL ] SELECT * FROM `qy_types` WHERE  `type_pid` = 30 [ RunTime:0.000252s ]
[ sql ] [ SQL ] SHOW COLUMNS FROM `qy_carousel` [ RunTime:0.000549s ]
[ sql ] [ SQL ] SELECT `caro_img` FROM `qy_carousel` WHERE  `caro_states` = 1  AND `pid` = 1 ORDER BY `caro_sort` LIMIT 5 [ RunTime:0.000240s ]
[ sql ] [ SQL ] SELECT `caro_img` FROM `qy_carousel` WHERE  `caro_states` = 1  AND `pid` = 4 ORDER BY `caro_sort` LIMIT 5 [ RunTime:0.000308s ]
[ sql ] [ SQL ] SELECT * FROM `qy_types` WHERE  `type_pid` = 31 [ RunTime:0.000209s ]
[ sql ] [ SQL ] SELECT * FROM `qy_types` WHERE  `type_pid` = 40 LIMIT 1 [ RunTime:0.000195s ]
[ sql ] [ SQL ] SHOW COLUMNS FROM `qy_config` [ RunTime:0.000532s ]
[ sql ] [ SQL ] SELECT * FROM `qy_config` LIMIT 1 [ RunTime:0.000171s ]
[ sql ] [ SQL ] SELECT `site`,`describe` FROM `qy_config` WHERE  `conf_id` = 1 LIMIT 1 [ RunTime:0.000161s ]
[ sql ] [ SQL ] SHOW COLUMNS FROM `qy_fwl` [ RunTime:0.000487s ]
[ sql ] [ SQL ] SELECT `fid` FROM `qy_fwl` WHERE  (  ip='77.247.130.181' ) [ RunTime:0.002818s ]
[ sql ] [ SQL ] INSERT INTO `qy_fwl` (`btime` , `ip` , `count`) VALUES (1532685830 , '77.247.130.181' , 1) [ RunTime:0.003869s ]
[ sql ] [ SQL ] SELECT `caro_img`,`action`,`caro_name` FROM `qy_carousel` WHERE  `caro_states` = 1  AND `pid` = 2 ORDER BY `caro_sort` LIMIT 4 [ RunTime:0.000304s ]
[ sql ] [ SQL ] SELECT `caro_img`,`caro_name` FROM `qy_carousel` WHERE  `caro_states` = 1  AND `pid` = 3  AND `caro_zh` = 1 ORDER BY `caro_sort` LIMIT 5 [ RunTime:0.000229s ]
[ sql ] [ SQL ] SELECT `caro_img` FROM `qy_carousel` WHERE  `caro_states` = 1  AND `pid` = 3  AND `caro_zh` = 2 ORDER BY `caro_sort` LIMIT 5 [ RunTime:0.000239s ]
[ sql ] [ SQL ] SELECT `type_id` FROM `qy_types` WHERE  `type_name` = '首页' [ RunTime:0.000179s ]
---------------------------------------------------------------
[ 2018-07-27T18:05:28+08:00 ] 172.17.23.148 220.181.132.193 GET /index/news/info/id/44/type_id/21.html
[ sql ] [ DB ] CONNECT:[ UseTime:0.000584s ] mysql:dbname=qinyunone;host=127.0.0.1;port=3306;charset=utf8
[ sql ] [ SQL ] SHOW COLUMNS FROM `qy_logo` [ RunTime:0.000877s ]
[ sql ] [ SQL ] SELECT `logo_img` FROM `qy_logo` WHERE  `caro_states` = 1 [ RunTime:0.000268s ]
[ sql ] [ SQL ] SHOW COLUMNS FROM `qy_types` [ RunTime:0.000579s ]
[ sql ] [ SQL ] SELECT * FROM `qy_types` WHERE  `type_pid` = 1 ORDER BY `type_sort` [ RunTime:0.000282s ]
[ sql ] [ SQL ] SELECT * FROM `qy_types` WHERE  `type_pid` = 2 ORDER BY `type_sort` [ RunTime:0.000253s ]
[ sql ] [ SQL ] SELECT * FROM `qy_types` WHERE  `type_pid` = 3 ORDER BY `type_sort` [ RunTime:0.000230s ]
[ sql ] [ SQL ] SELECT * FROM `qy_types` WHERE  `type_pid` = 10 ORDER BY `type_sort` [ RunTime:0.000259s ]
[ sql ] [ SQL ] SELECT * FROM `qy_types` WHERE  `type_pid` = 9 ORDER BY `type_sort` [ RunTime:0.000216s ]
[ sql ] [ SQL ] SELECT * FROM `qy_types` WHERE  `type_pid` = 29 ORDER BY `type_sort` [ RunTime:0.000244s ]
[ sql ] [ SQL ] SELECT * FROM `qy_types` WHERE  `type_pid` = 30 [ RunTime:0.000226s ]
[ sql ] [ SQL ] SHOW COLUMNS FROM `qy_carousel` [ RunTime:0.000545s ]
[ sql ] [ SQL ] SELECT `caro_img` FROM `qy_carousel` WHERE  `caro_states` = 1  AND `pid` = 1 ORDER BY `caro_sort` LIMIT 5 [ RunTime:0.000250s ]
[ sql ] [ SQL ] SELECT `caro_img` FROM `qy_carousel` WHERE  `caro_states` = 1  AND `pid` = 4 ORDER BY `caro_sort` LIMIT 5 [ RunTime:0.000218s ]
[ sql ] [ SQL ] SELECT * FROM `qy_types` WHERE  `type_pid` = 31 [ RunTime:0.000219s ]
[ sql ] [ SQL ] SELECT * FROM `qy_types` WHERE  `type_pid` = 40 LIMIT 1 [ RunTime:0.000199s ]
[ sql ] [ SQL ] SHOW COLUMNS FROM `qy_config` [ RunTime:0.000535s ]
[ sql ] [ SQL ] SELECT * FROM `qy_config` LIMIT 1 [ RunTime:0.000206s ]
[ sql ] [ SQL ] SELECT `site`,`describe` FROM `qy_config` WHERE  `conf_id` = 1 LIMIT 1 [ RunTime:0.000187s ]
[ sql ] [ SQL ] SHOW COLUMNS FROM `qy_contents` [ RunTime:0.000572s ]
[ sql ] [ SQL ] SELECT * FROM `qy_contents` WHERE  `cont_id` = 44  AND `cont_states` = 1 LIMIT 1 [ RunTime:0.000257s ]
[ sql ] [ SQL ] SELECT * FROM `qy_types` WHERE  `type_id` = 21 LIMIT 1 [ RunTime:0.000175s ]
[ sql ] [ SQL ] SELECT * FROM `qy_types` WHERE  `type_pid` = 10 ORDER BY `type_sort` [ RunTime:0.000208s ]
---------------------------------------------------------------
[ 2018-07-27T18:26:23+08:00 ] 172.17.23.148 111.206.36.132 GET /
[ sql ] [ DB ] CONNECT:[ UseTime:0.000465s ] mysql:dbname=qinyunone;host=127.0.0.1;port=3306;charset=utf8
[ sql ] [ SQL ] SHOW COLUMNS FROM `qy_logo` [ RunTime:0.000867s ]
[ sql ] [ SQL ] SELECT `logo_img` FROM `qy_logo` WHERE  `caro_states` = 1 [ RunTime:0.000263s ]
[ sql ] [ SQL ] SHOW COLUMNS FROM `qy_types` [ RunTime:0.000593s ]
[ sql ] [ SQL ] SELECT * FROM `qy_types` WHERE  `type_pid` = 1 ORDER BY `type_sort` [ RunTime:0.000278s ]
[ sql ] [ SQL ] SELECT * FROM `qy_types` WHERE  `type_pid` = 2 ORDER BY `type_sort` [ RunTime:0.000234s ]
[ sql ] [ SQL ] SELECT * FROM `qy_types` WHERE  `type_pid` = 3 ORDER BY `type_sort` [ RunTime:0.000224s ]
[ sql ] [ SQL ] SELECT * FROM `qy_types` WHERE  `type_pid` = 10 ORDER BY `type_sort` [ RunTime:0.000235s ]
[ sql ] [ SQL ] SELECT * FROM `qy_types` WHERE  `type_pid` = 9 ORDER BY `type_sort` [ RunTime:0.000211s ]
[ sql ] [ SQL ] SELECT * FROM `qy_types` WHERE  `type_pid` = 29 ORDER BY `type_sort` [ RunTime:0.000224s ]
[ sql ] [ SQL ] SELECT * FROM `qy_types` WHERE  `type_pid` = 30 [ RunTime:0.000217s ]
[ sql ] [ SQL ] SHOW COLUMNS FROM `qy_carousel` [ RunTime:0.000530s ]
[ sql ] [ SQL ] SELECT `caro_img` FROM `qy_carousel` WHERE  `caro_states` = 1  AND `pid` = 1 ORDER BY `caro_sort` LIMIT 5 [ RunTime:0.000215s ]
[ sql ] [ SQL ] SELECT `caro_img` FROM `qy_carousel` WHERE  `caro_states` = 1  AND `pid` = 4 ORDER BY `caro_sort` LIMIT 5 [ RunTime:0.000199s ]
[ sql ] [ SQL ] SELECT * FROM `qy_types` WHERE  `type_pid` = 31 [ RunTime:0.000192s ]
[ sql ] [ SQL ] SELECT * FROM `qy_types` WHERE  `type_pid` = 40 LIMIT 1 [ RunTime:0.000201s ]
[ sql ] [ SQL ] SHOW COLUMNS FROM `qy_config` [ RunTime:0.000519s ]
[ sql ] [ SQL ] SELECT * FROM `qy_config` LIMIT 1 [ RunTime:0.000162s ]
[ sql ] [ SQL ] SELECT `site`,`describe` FROM `qy_config` WHERE  `conf_id` = 1 LIMIT 1 [ RunTime:0.000160s ]
[ sql ] [ SQL ] SHOW COLUMNS FROM `qy_fwl` [ RunTime:0.000477s ]
[ sql ] [ SQL ] SELECT `fid` FROM `qy_fwl` WHERE  (  ip='111.206.36.132' ) [ RunTime:0.002895s ]
[ sql ] [ SQL ] SELECT `count` FROM `qy_fwl` WHERE  (  ip='111.206.36.132' ) [ RunTime:0.002865s ]
[ sql ] [ SQL ] SELECT `btime` FROM `qy_fwl` WHERE  (  ip='111.206.36.132' ) [ RunTime:0.002843s ]
[ sql ] [ SQL ] INSERT INTO `qy_fwl` (`btime` , `ip` , `count`) VALUES (1532687183 , '111.206.36.132' , 1) [ RunTime:0.002412s ]
[ sql ] [ SQL ] SELECT `caro_img`,`action`,`caro_name` FROM `qy_carousel` WHERE  `caro_states` = 1  AND `pid` = 2 ORDER BY `caro_sort` LIMIT 4 [ RunTime:0.000262s ]
[ sql ] [ SQL ] SELECT `caro_img`,`caro_name` FROM `qy_carousel` WHERE  `caro_states` = 1  AND `pid` = 3  AND `caro_zh` = 1 ORDER BY `caro_sort` LIMIT 5 [ RunTime:0.000219s ]
[ sql ] [ SQL ] SELECT `caro_img` FROM `qy_carousel` WHERE  `caro_states` = 1  AND `pid` = 3  AND `caro_zh` = 2 ORDER BY `caro_sort` LIMIT 5 [ RunTime:0.000195s ]
[ sql ] [ SQL ] SELECT `type_id` FROM `qy_types` WHERE  `type_name` = '首页' [ RunTime:0.000171s ]
---------------------------------------------------------------
[ 2018-07-27T18:31:01+08:00 ] 172.17.23.148 220.181.108.160 GET /
[ sql ] [ DB ] CONNECT:[ UseTime:0.000447s ] mysql:dbname=qinyunone;host=127.0.0.1;port=3306;charset=utf8
[ sql ] [ SQL ] SHOW COLUMNS FROM `qy_logo` [ RunTime:0.000870s ]
[ sql ] [ SQL ] SELECT `logo_img` FROM `qy_logo` WHERE  `caro_states` = 1 [ RunTime:0.000241s ]
[ sql ] [ SQL ] SHOW COLUMNS FROM `qy_types` [ RunTime:0.000616s ]
[ sql ] [ SQL ] SELECT * FROM `qy_types` WHERE  `type_pid` = 1 ORDER BY `type_sort` [ RunTime:0.000278s ]
[ sql ] [ SQL ] SELECT * FROM `qy_types` WHERE  `type_pid` = 2 ORDER BY `type_sort` [ RunTime:0.000217s ]
[ sql ] [ SQL ] SELECT * FROM `qy_types` WHERE  `type_pid` = 3 ORDER BY `type_sort` [ RunTime:0.000239s ]
[ sql ] [ SQL ] SELECT * FROM `qy_types` WHERE  `type_pid` = 10 ORDER BY `type_sort` [ RunTime:0.000225s ]
[ sql ] [ SQL ] SELECT * FROM `qy_types` WHERE  `type_pid` = 9 ORDER BY `type_sort` [ RunTime:0.000225s ]
[ sql ] [ SQL ] SELECT * FROM `qy_types` WHERE  `type_pid` = 29 ORDER BY `type_sort` [ RunTime:0.000218s ]
[ sql ] [ SQL ] SELECT * FROM `qy_types` WHERE  `type_pid` = 30 [ RunTime:0.000222s ]
[ sql ] [ SQL ] SHOW COLUMNS FROM `qy_carousel` [ RunTime:0.000527s ]
[ sql ] [ SQL ] SELECT `caro_img` FROM `qy_carousel` WHERE  `caro_states` = 1  AND `pid` = 1 ORDER BY `caro_sort` LIMIT 5 [ RunTime:0.000231s ]
[ sql ] [ SQL ] SELECT `caro_img` FROM `qy_carousel` WHERE  `caro_states` = 1  AND `pid` = 4 ORDER BY `caro_sort` LIMIT 5 [ RunTime:0.000205s ]
[ sql ] [ SQL ] SELECT * FROM `qy_types` WHERE  `type_pid` = 31 [ RunTime:0.000203s ]
[ sql ] [ SQL ] SELECT * FROM `qy_types` WHERE  `type_pid` = 40 LIMIT 1 [ RunTime:0.000191s ]
[ sql ] [ SQL ] SHOW COLUMNS FROM `qy_config` [ RunTime:0.000524s ]
[ sql ] [ SQL ] SELECT * FROM `qy_config` LIMIT 1 [ RunTime:0.000173s ]
[ sql ] [ SQL ] SELECT `site`,`describe` FROM `qy_config` WHERE  `conf_id` = 1 LIMIT 1 [ RunTime:0.000164s ]
[ sql ] [ SQL ] SHOW COLUMNS FROM `qy_fwl` [ RunTime:0.000478s ]
[ sql ] [ SQL ] SELECT `fid` FROM `qy_fwl` WHERE  (  ip='220.181.108.160' ) [ RunTime:0.002816s ]
[ sql ] [ SQL ] SELECT `count` FROM `qy_fwl` WHERE  (  ip='220.181.108.160' ) [ RunTime:0.002782s ]
[ sql ] [ SQL ] SELECT `btime` FROM `qy_fwl` WHERE  (  ip='220.181.108.160' ) [ RunTime:0.002787s ]
[ sql ] [ SQL ] INSERT INTO `qy_fwl` (`btime` , `ip` , `count`) VALUES (1532687461 , '220.181.108.160' , 1) [ RunTime:0.002658s ]
[ sql ] [ SQL ] SELECT `caro_img`,`action`,`caro_name` FROM `qy_carousel` WHERE  `caro_states` = 1  AND `pid` = 2 ORDER BY `caro_sort` LIMIT 4 [ RunTime:0.000277s ]
[ sql ] [ SQL ] SELECT `caro_img`,`caro_name` FROM `qy_carousel` WHERE  `caro_states` = 1  AND `pid` = 3  AND `caro_zh` = 1 ORDER BY `caro_sort` LIMIT 5 [ RunTime:0.000209s ]
[ sql ] [ SQL ] SELECT `caro_img` FROM `qy_carousel` WHERE  `caro_states` = 1  AND `pid` = 3  AND `caro_zh` = 2 ORDER BY `caro_sort` LIMIT 5 [ RunTime:0.000195s ]
[ sql ] [ SQL ] SELECT `type_id` FROM `qy_types` WHERE  `type_name` = '首页' [ RunTime:0.000164s ]
---------------------------------------------------------------
[ 2018-07-27T19:02:29+08:00 ] 172.17.23.148 103.65.192.187 GET /
[ sql ] [ DB ] CONNECT:[ UseTime:0.000631s ] mysql:dbname=qinyunone;host=127.0.0.1;port=3306;charset=utf8
[ sql ] [ SQL ] SHOW COLUMNS FROM `qy_logo` [ RunTime:0.000903s ]
[ sql ] [ SQL ] SELECT `logo_img` FROM `qy_logo` WHERE  `caro_states` = 1 [ RunTime:0.000244s ]
[ sql ] [ SQL ] SHOW COLUMNS FROM `qy_types` [ RunTime:0.000540s ]
[ sql ] [ SQL ] SELECT * FROM `qy_types` WHERE  `type_pid` = 1 ORDER BY `type_sort` [ RunTime:0.000259s ]
[ sql ] [ SQL ] SELECT * FROM `qy_types` WHERE  `type_pid` = 2 ORDER BY `type_sort` [ RunTime:0.000234s ]
[ sql ] [ SQL ] SELECT * FROM `qy_types` WHERE  `type_pid` = 3 ORDER BY `type_sort` [ RunTime:0.000221s ]
[ sql ] [ SQL ] SELECT * FROM `qy_types` WHERE  `type_pid` = 10 ORDER BY `type_sort` [ RunTime:0.000224s ]
[ sql ] [ SQL ] SELECT * FROM `qy_types` WHERE  `type_pid` = 9 ORDER BY `type_sort` [ RunTime:0.000200s ]
[ sql ] [ SQL ] SELECT * FROM `qy_types` WHERE  `type_pid` = 29 ORDER BY `type_sort` [ RunTime:0.000216s ]
[ sql ] [ SQL ] SELECT * FROM `qy_types` WHERE  `type_pid` = 30 [ RunTime:0.000196s ]
[ sql ] [ SQL ] SHOW COLUMNS FROM `qy_carousel` [ RunTime:0.000528s ]
[ sql ] [ SQL ] SELECT `caro_img` FROM `qy_carousel` WHERE  `caro_states` = 1  AND `pid` = 1 ORDER BY `caro_sort` LIMIT 5 [ RunTime:0.000249s ]
[ sql ] [ SQL ] SELECT `caro_img` FROM `qy_carousel` WHERE  `caro_states` = 1  AND `pid` = 4 ORDER BY `caro_sort` LIMIT 5 [ RunTime:0.000191s ]
[ sql ] [ SQL ] SELECT * FROM `qy_types` WHERE  `type_pid` = 31 [ RunTime:0.000221s ]
[ sql ] [ SQL ] SELECT * FROM `qy_types` WHERE  `type_pid` = 40 LIMIT 1 [ RunTime:0.000184s ]
[ sql ] [ SQL ] SHOW COLUMNS FROM `qy_config` [ RunTime:0.000533s ]
[ sql ] [ SQL ] SELECT * FROM `qy_config` LIMIT 1 [ RunTime:0.000178s ]
[ sql ] [ SQL ] SELECT `site`,`describe` FROM `qy_config` WHERE  `conf_id` = 1 LIMIT 1 [ RunTime:0.000165s ]
[ sql ] [ SQL ] SHOW COLUMNS FROM `qy_fwl` [ RunTime:0.000501s ]
[ sql ] [ SQL ] SELECT `fid` FROM `qy_fwl` WHERE  (  ip='103.65.192.187' ) [ RunTime:0.002871s ]
[ sql ] [ SQL ] INSERT INTO `qy_fwl` (`btime` , `ip` , `count`) VALUES (1532689349 , '103.65.192.187' , 1) [ RunTime:0.003295s ]
[ sql ] [ SQL ] SELECT `caro_img`,`action`,`caro_name` FROM `qy_carousel` WHERE  `caro_states` = 1  AND `pid` = 2 ORDER BY `caro_sort` LIMIT 4 [ RunTime:0.000290s ]
[ sql ] [ SQL ] SELECT `caro_img`,`caro_name` FROM `qy_carousel` WHERE  `caro_states` = 1  AND `pid` = 3  AND `caro_zh` = 1 ORDER BY `caro_sort` LIMIT 5 [ RunTime:0.000244s ]
[ sql ] [ SQL ] SELECT `caro_img` FROM `qy_carousel` WHERE  `caro_states` = 1  AND `pid` = 3  AND `caro_zh` = 2 ORDER BY `caro_sort` LIMIT 5 [ RunTime:0.000232s ]
[ sql ] [ SQL ] SELECT `type_id` FROM `qy_types` WHERE  `type_name` = '首页' [ RunTime:0.000176s ]
---------------------------------------------------------------
[ 2018-07-27T19:06:11+08:00 ] 172.17.23.148 101.199.108.120 GET /
[ sql ] [ DB ] CONNECT:[ UseTime:0.000465s ] mysql:dbname=qinyunone;host=127.0.0.1;port=3306;charset=utf8
[ sql ] [ SQL ] SHOW COLUMNS FROM `qy_logo` [ RunTime:0.000838s ]
[ sql ] [ SQL ] SELECT `logo_img` FROM `qy_logo` WHERE  `caro_states` = 1 [ RunTime:0.000236s ]
[ sql ] [ SQL ] SHOW COLUMNS FROM `qy_types` [ RunTime:0.000559s ]
[ sql ] [ SQL ] SELECT * FROM `qy_types` WHERE  `type_pid` = 1 ORDER BY `type_sort` [ RunTime:0.000258s ]
[ sql ] [ SQL ] SELECT * FROM `qy_types` WHERE  `type_pid` = 2 ORDER BY `type_sort` [ RunTime:0.000230s ]
[ sql ] [ SQL ] SELECT * FROM `qy_types` WHERE  `type_pid` = 3 ORDER BY `type_sort` [ RunTime:0.000215s ]
[ sql ] [ SQL ] SELECT * FROM `qy_types` WHERE  `type_pid` = 10 ORDER BY `type_sort` [ RunTime:0.000225s ]
[ sql ] [ SQL ] SELECT * FROM `qy_types` WHERE  `type_pid` = 9 ORDER BY `type_sort` [ RunTime:0.000213s ]
[ sql ] [ SQL ] SELECT * FROM `qy_types` WHERE  `type_pid` = 29 ORDER BY `type_sort` [ RunTime:0.000213s ]
[ sql ] [ SQL ] SELECT * FROM `qy_types` WHERE  `type_pid` = 30 [ RunTime:0.000198s ]
[ sql ] [ SQL ] SHOW COLUMNS FROM `qy_carousel` [ RunTime:0.000519s ]
[ sql ] [ SQL ] SELECT `caro_img` FROM `qy_carousel` WHERE  `caro_states` = 1  AND `pid` = 1 ORDER BY `caro_sort` LIMIT 5 [ RunTime:0.000219s ]
[ sql ] [ SQL ] SELECT `caro_img` FROM `qy_carousel` WHERE  `caro_states` = 1  AND `pid` = 4 ORDER BY `caro_sort` LIMIT 5 [ RunTime:0.000196s ]
[ sql ] [ SQL ] SELECT * FROM `qy_types` WHERE  `type_pid` = 31 [ RunTime:0.000210s ]
[ sql ] [ SQL ] SELECT * FROM `qy_types` WHERE  `type_pid` = 40 LIMIT 1 [ RunTime:0.000188s ]
[ sql ] [ SQL ] SHOW COLUMNS FROM `qy_config` [ RunTime:0.000530s ]
[ sql ] [ SQL ] SELECT * FROM `qy_config` LIMIT 1 [ RunTime:0.000166s ]
[ sql ] [ SQL ] SELECT `site`,`describe` FROM `qy_config` WHERE  `conf_id` = 1 LIMIT 1 [ RunTime:0.000178s ]
[ sql ] [ SQL ] SHOW COLUMNS FROM `qy_fwl` [ RunTime:0.000524s ]
[ sql ] [ SQL ] SELECT `fid` FROM `qy_fwl` WHERE  (  ip='101.199.108.120' ) [ RunTime:0.002891s ]
[ sql ] [ SQL ] SELECT `count` FROM `qy_fwl` WHERE  (  ip='101.199.108.120' ) [ RunTime:0.002847s ]
[ sql ] [ SQL ] SELECT `btime` FROM `qy_fwl` WHERE  (  ip='101.199.108.120' ) [ RunTime:0.002839s ]
[ sql ] [ SQL ] INSERT INTO `qy_fwl` (`btime` , `ip` , `count`) VALUES (1532689570 , '101.199.108.120' , 1) [ RunTime:0.002420s ]
[ sql ] [ SQL ] SELECT `caro_img`,`action`,`caro_name` FROM `qy_carousel` WHERE  `caro_states` = 1  AND `pid` = 2 ORDER BY `caro_sort` LIMIT 4 [ RunTime:0.000292s ]
[ sql ] [ SQL ] SELECT `caro_img`,`caro_name` FROM `qy_carousel` WHERE  `caro_states` = 1  AND `pid` = 3  AND `caro_zh` = 1 ORDER BY `caro_sort` LIMIT 5 [ RunTime:0.000211s ]
[ sql ] [ SQL ] SELECT `caro_img` FROM `qy_carousel` WHERE  `caro_states` = 1  AND `pid` = 3  AND `caro_zh` = 2 ORDER BY `caro_sort` LIMIT 5 [ RunTime:0.000222s ]
[ sql ] [ SQL ] SELECT `type_id` FROM `qy_types` WHERE  `type_name` = '首页' [ RunTime:0.000168s ]
---------------------------------------------------------------
[ 2018-07-27T19:06:37+08:00 ] 172.17.23.148 220.181.132.196 GET /
[ sql ] [ DB ] CONNECT:[ UseTime:0.000498s ] mysql:dbname=qinyunone;host=127.0.0.1;port=3306;charset=utf8
[ sql ] [ SQL ] SHOW COLUMNS FROM `qy_logo` [ RunTime:0.001124s ]
[ sql ] [ SQL ] SELECT `logo_img` FROM `qy_logo` WHERE  `caro_states` = 1 [ RunTime:0.000286s ]
[ sql ] [ SQL ] SHOW COLUMNS FROM `qy_types` [ RunTime:0.000782s ]
[ sql ] [ SQL ] SELECT * FROM `qy_types` WHERE  `type_pid` = 1 ORDER BY `type_sort` [ RunTime:0.000343s ]
[ sql ] [ SQL ] SELECT * FROM `qy_types` WHERE  `type_pid` = 2 ORDER BY `type_sort` [ RunTime:0.000301s ]
[ sql ] [ SQL ] SELECT * FROM `qy_types` WHERE  `type_pid` = 3 ORDER BY `type_sort` [ RunTime:0.000289s ]
[ sql ] [ SQL ] SELECT * FROM `qy_types` WHERE  `type_pid` = 10 ORDER BY `type_sort` [ RunTime:0.000312s ]
[ sql ] [ SQL ] SELECT * FROM `qy_types` WHERE  `type_pid` = 9 ORDER BY `type_sort` [ RunTime:0.000325s ]
[ sql ] [ SQL ] SELECT * FROM `qy_types` WHERE  `type_pid` = 29 ORDER BY `type_sort` [ RunTime:0.000275s ]
[ sql ] [ SQL ] SELECT * FROM `qy_types` WHERE  `type_pid` = 30 [ RunTime:0.000282s ]
[ sql ] [ SQL ] SHOW COLUMNS FROM `qy_carousel` [ RunTime:0.000754s ]
[ sql ] [ SQL ] SELECT `caro_img` FROM `qy_carousel` WHERE  `caro_states` = 1  AND `pid` = 1 ORDER BY `caro_sort` LIMIT 5 [ RunTime:0.000292s ]
[ sql ] [ SQL ] SELECT `caro_img` FROM `qy_carousel` WHERE  `caro_states` = 1  AND `pid` = 4 ORDER BY `caro_sort` LIMIT 5 [ RunTime:0.000270s ]
[ sql ] [ SQL ] SELECT * FROM `qy_types` WHERE  `type_pid` = 31 [ RunTime:0.000293s ]
[ sql ] [ SQL ] SELECT * FROM `qy_types` WHERE  `type_pid` = 40 LIMIT 1 [ RunTime:0.000254s ]
[ sql ] [ SQL ] SHOW COLUMNS FROM `qy_config` [ RunTime:0.000784s ]
[ sql ] [ SQL ] SELECT * FROM `qy_config` LIMIT 1 [ RunTime:0.000248s ]
[ sql ] [ SQL ] SELECT `site`,`describe` FROM `qy_config` WHERE  `conf_id` = 1 LIMIT 1 [ RunTime:0.000247s ]
[ sql ] [ SQL ] SHOW COLUMNS FROM `qy_fwl` [ RunTime:0.000743s ]
[ sql ] [ SQL ] SELECT `fid` FROM `qy_fwl` WHERE  (  ip='220.181.132.196' ) [ RunTime:0.005543s ]
[ sql ] [ SQL ] INSERT INTO `qy_fwl` (`btime` , `ip` , `count`) VALUES (1532689597 , '220.181.132.196' , 1) [ RunTime:0.002695s ]
[ sql ] [ SQL ] SELECT `caro_img`,`action`,`caro_name` FROM `qy_carousel` WHERE  `caro_states` = 1  AND `pid` = 2 ORDER BY `caro_sort` LIMIT 4 [ RunTime:0.000326s ]
[ sql ] [ SQL ] SELECT `caro_img`,`caro_name` FROM `qy_carousel` WHERE  `caro_states` = 1  AND `pid` = 3  AND `caro_zh` = 1 ORDER BY `caro_sort` LIMIT 5 [ RunTime:0.000287s ]
[ sql ] [ SQL ] SELECT `caro_img` FROM `qy_carousel` WHERE  `caro_states` = 1  AND `pid` = 3  AND `caro_zh` = 2 ORDER BY `caro_sort` LIMIT 5 [ RunTime:0.000276s ]
[ sql ] [ SQL ] SELECT `type_id` FROM `qy_types` WHERE  `type_name` = '首页' [ RunTime:0.000236s ]
---------------------------------------------------------------
[ 2018-07-27T19:12:56+08:00 ] 172.17.23.148 220.181.132.194 GET /index/about/show.html
[ sql ] [ DB ] CONNECT:[ UseTime:0.000438s ] mysql:dbname=qinyunone;host=127.0.0.1;port=3306;charset=utf8
[ sql ] [ SQL ] SHOW COLUMNS FROM `qy_logo` [ RunTime:0.000816s ]
[ sql ] [ SQL ] SELECT `logo_img` FROM `qy_logo` WHERE  `caro_states` = 1 [ RunTime:0.000245s ]
[ sql ] [ SQL ] SHOW COLUMNS FROM `qy_types` [ RunTime:0.000518s ]
[ sql ] [ SQL ] SELECT * FROM `qy_types` WHERE  `type_pid` = 1 ORDER BY `type_sort` [ RunTime:0.000263s ]
[ sql ] [ SQL ] SELECT * FROM `qy_types` WHERE  `type_pid` = 2 ORDER BY `type_sort` [ RunTime:0.000223s ]
[ sql ] [ SQL ] SELECT * FROM `qy_types` WHERE  `type_pid` = 3 ORDER BY `type_sort` [ RunTime:0.000221s ]
[ sql ] [ SQL ] SELECT * FROM `qy_types` WHERE  `type_pid` = 10 ORDER BY `type_sort` [ RunTime:0.000209s ]
[ sql ] [ SQL ] SELECT * FROM `qy_types` WHERE  `type_pid` = 9 ORDER BY `type_sort` [ RunTime:0.000210s ]
[ sql ] [ SQL ] SELECT * FROM `qy_types` WHERE  `type_pid` = 29 ORDER BY `type_sort` [ RunTime:0.000201s ]
[ sql ] [ SQL ] SELECT * FROM `qy_types` WHERE  `type_pid` = 30 [ RunTime:0.000212s ]
[ sql ] [ SQL ] SHOW COLUMNS FROM `qy_carousel` [ RunTime:0.000531s ]
[ sql ] [ SQL ] SELECT `caro_img` FROM `qy_carousel` WHERE  `caro_states` = 1  AND `pid` = 1 ORDER BY `caro_sort` LIMIT 5 [ RunTime:0.000215s ]
[ sql ] [ SQL ] SELECT `caro_img` FROM `qy_carousel` WHERE  `caro_states` = 1  AND `pid` = 4 ORDER BY `caro_sort` LIMIT 5 [ RunTime:0.000189s ]
[ sql ] [ SQL ] SELECT * FROM `qy_types` WHERE  `type_pid` = 31 [ RunTime:0.000195s ]
[ sql ] [ SQL ] SELECT * FROM `qy_types` WHERE  `type_pid` = 40 LIMIT 1 [ RunTime:0.000191s ]
[ sql ] [ SQL ] SHOW COLUMNS FROM `qy_config` [ RunTime:0.000505s ]
[ sql ] [ SQL ] SELECT * FROM `qy_config` LIMIT 1 [ RunTime:0.000174s ]
[ sql ] [ SQL ] SELECT `site`,`describe` FROM `qy_config` WHERE  `conf_id` = 1 LIMIT 1 [ RunTime:0.000172s ]
[ sql ] [ SQL ] SELECT * FROM `qy_types` WHERE  `type_id` = 3 LIMIT 1 [ RunTime:0.000181s ]
[ sql ] [ SQL ] SELECT * FROM `qy_types` WHERE  `type_pid` = 3 ORDER BY `type_sort` [ RunTime:0.000197s ]
[ sql ] [ SQL ] SELECT `type_id` FROM `qy_types` WHERE  `type_pid` = 3 ORDER BY `type_sort` LIMIT 1 [ RunTime:0.000188s ]
[ sql ] [ SQL ] SHOW COLUMNS FROM `qy_contents` [ RunTime:0.000537s ]
[ sql ] [ SQL ] SELECT * FROM `qy_contents` WHERE  `cont_pid` = 7  AND `cont_states` = 1 LIMIT 1 [ RunTime:0.000265s ]
---------------------------------------------------------------
[ 2018-07-27T19:20:08+08:00 ] 172.17.23.148 201.42.36.25 GET /
[ sql ] [ DB ] CONNECT:[ UseTime:0.000455s ] mysql:dbname=qinyunone;host=127.0.0.1;port=3306;charset=utf8
[ sql ] [ SQL ] SHOW COLUMNS FROM `qy_logo` [ RunTime:0.000810s ]
[ sql ] [ SQL ] SELECT `logo_img` FROM `qy_logo` WHERE  `caro_states` = 1 [ RunTime:0.000232s ]
[ sql ] [ SQL ] SHOW COLUMNS FROM `qy_types` [ RunTime:0.000542s ]
[ sql ] [ SQL ] SELECT * FROM `qy_types` WHERE  `type_pid` = 1 ORDER BY `type_sort` [ RunTime:0.000264s ]
[ sql ] [ SQL ] SELECT * FROM `qy_types` WHERE  `type_pid` = 2 ORDER BY `type_sort` [ RunTime:0.000211s ]
[ sql ] [ SQL ] SELECT * FROM `qy_types` WHERE  `type_pid` = 3 ORDER BY `type_sort` [ RunTime:0.000224s ]
[ sql ] [ SQL ] SELECT * FROM `qy_types` WHERE  `type_pid` = 10 ORDER BY `type_sort` [ RunTime:0.000208s ]
[ sql ] [ SQL ] SELECT * FROM `qy_types` WHERE  `type_pid` = 9 ORDER BY `type_sort` [ RunTime:0.000213s ]
[ sql ] [ SQL ] SELECT * FROM `qy_types` WHERE  `type_pid` = 29 ORDER BY `type_sort` [ RunTime:0.000196s ]
[ sql ] [ SQL ] SELECT * FROM `qy_types` WHERE  `type_pid` = 30 [ RunTime:0.000206s ]
[ sql ] [ SQL ] SHOW COLUMNS FROM `qy_carousel` [ RunTime:0.000510s ]
[ sql ] [ SQL ] SELECT `caro_img` FROM `qy_carousel` WHERE  `caro_states` = 1  AND `pid` = 1 ORDER BY `caro_sort` LIMIT 5 [ RunTime:0.000222s ]
[ sql ] [ SQL ] SELECT `caro_img` FROM `qy_carousel` WHERE  `caro_states` = 1  AND `pid` = 4 ORDER BY `caro_sort` LIMIT 5 [ RunTime:0.000192s ]
[ sql ] [ SQL ] SELECT * FROM `qy_types` WHERE  `type_pid` = 31 [ RunTime:0.000215s ]
[ sql ] [ SQL ] SELECT * FROM `qy_types` WHERE  `type_pid` = 40 LIMIT 1 [ RunTime:0.000181s ]
[ sql ] [ SQL ] SHOW COLUMNS FROM `qy_config` [ RunTime:0.000513s ]
[ sql ] [ SQL ] SELECT * FROM `qy_config` LIMIT 1 [ RunTime:0.000172s ]
[ sql ] [ SQL ] SELECT `site`,`describe` FROM `qy_config` WHERE  `conf_id` = 1 LIMIT 1 [ RunTime:0.000162s ]
[ sql ] [ SQL ] SHOW COLUMNS FROM `qy_fwl` [ RunTime:0.000481s ]
[ sql ] [ SQL ] SELECT `fid` FROM `qy_fwl` WHERE  (  ip='201.42.36.25' ) [ RunTime:0.002833s ]
[ sql ] [ SQL ] INSERT INTO `qy_fwl` (`btime` , `ip` , `count`) VALUES (1532690408 , '201.42.36.25' , 1) [ RunTime:0.003687s ]
[ sql ] [ SQL ] SELECT `caro_img`,`action`,`caro_name` FROM `qy_carousel` WHERE  `caro_states` = 1  AND `pid` = 2 ORDER BY `caro_sort` LIMIT 4 [ RunTime:0.000329s ]
[ sql ] [ SQL ] SELECT `caro_img`,`caro_name` FROM `qy_carousel` WHERE  `caro_states` = 1  AND `pid` = 3  AND `caro_zh` = 1 ORDER BY `caro_sort` LIMIT 5 [ RunTime:0.000283s ]
[ sql ] [ SQL ] SELECT `caro_img` FROM `qy_carousel` WHERE  `caro_states` = 1  AND `pid` = 3  AND `caro_zh` = 2 ORDER BY `caro_sort` LIMIT 5 [ RunTime:0.000216s ]
[ sql ] [ SQL ] SELECT `type_id` FROM `qy_types` WHERE  `type_name` = '首页' [ RunTime:0.000192s ]
---------------------------------------------------------------
[ 2018-07-27T20:57:03+08:00 ] 172.17.23.148 171.13.14.9 CONNECT 133.130.126.119:43
[ sql ] [ DB ] CONNECT:[ UseTime:0.000459s ] mysql:dbname=qinyunone;host=127.0.0.1;port=3306;charset=utf8
[ sql ] [ SQL ] SHOW COLUMNS FROM `qy_logo` [ RunTime:0.000873s ]
[ sql ] [ SQL ] SELECT `logo_img` FROM `qy_logo` WHERE  `caro_states` = 1 [ RunTime:0.000242s ]
[ sql ] [ SQL ] SHOW COLUMNS FROM `qy_types` [ RunTime:0.000660s ]
[ sql ] [ SQL ] SELECT * FROM `qy_types` WHERE  `type_pid` = 1 ORDER BY `type_sort` [ RunTime:0.000293s ]
[ sql ] [ SQL ] SELECT * FROM `qy_types` WHERE  `type_pid` = 2 ORDER BY `type_sort` [ RunTime:0.000228s ]
[ sql ] [ SQL ] SELECT * FROM `qy_types` WHERE  `type_pid` = 3 ORDER BY `type_sort` [ RunTime:0.000239s ]
[ sql ] [ SQL ] SELECT * FROM `qy_types` WHERE  `type_pid` = 10 ORDER BY `type_sort` [ RunTime:0.000224s ]
[ sql ] [ SQL ] SELECT * FROM `qy_types` WHERE  `type_pid` = 9 ORDER BY `type_sort` [ RunTime:0.000221s ]
[ sql ] [ SQL ] SELECT * FROM `qy_types` WHERE  `type_pid` = 29 ORDER BY `type_sort` [ RunTime:0.000207s ]
[ sql ] [ SQL ] SELECT * FROM `qy_types` WHERE  `type_pid` = 30 [ RunTime:0.000227s ]
[ sql ] [ SQL ] SHOW COLUMNS FROM `qy_carousel` [ RunTime:0.000549s ]
[ sql ] [ SQL ] SELECT `caro_img` FROM `qy_carousel` WHERE  `caro_states` = 1  AND `pid` = 1 ORDER BY `caro_sort` LIMIT 5 [ RunTime:0.000226s ]
[ sql ] [ SQL ] SELECT `caro_img` FROM `qy_carousel` WHERE  `caro_states` = 1  AND `pid` = 4 ORDER BY `caro_sort` LIMIT 5 [ RunTime:0.000200s ]
[ sql ] [ SQL ] SELECT * FROM `qy_types` WHERE  `type_pid` = 31 [ RunTime:0.000193s ]
[ sql ] [ SQL ] SELECT * FROM `qy_types` WHERE  `type_pid` = 40 LIMIT 1 [ RunTime:0.000193s ]
[ sql ] [ SQL ] SHOW COLUMNS FROM `qy_config` [ RunTime:0.000506s ]
[ sql ] [ SQL ] SELECT * FROM `qy_config` LIMIT 1 [ RunTime:0.000170s ]
[ sql ] [ SQL ] SELECT `site`,`describe` FROM `qy_config` WHERE  `conf_id` = 1 LIMIT 1 [ RunTime:0.000161s ]
[ sql ] [ SQL ] SHOW COLUMNS FROM `qy_fwl` [ RunTime:0.000491s ]
[ sql ] [ SQL ] SELECT `fid` FROM `qy_fwl` WHERE  (  ip='171.13.14.9' ) [ RunTime:0.002914s ]
[ sql ] [ SQL ] INSERT INTO `qy_fwl` (`btime` , `ip` , `count`) VALUES (1532696223 , '171.13.14.9' , 1) [ RunTime:0.002668s ]
[ sql ] [ SQL ] SELECT `caro_img`,`action`,`caro_name` FROM `qy_carousel` WHERE  `caro_states` = 1  AND `pid` = 2 ORDER BY `caro_sort` LIMIT 4 [ RunTime:0.000284s ]
[ sql ] [ SQL ] SELECT `caro_img`,`caro_name` FROM `qy_carousel` WHERE  `caro_states` = 1  AND `pid` = 3  AND `caro_zh` = 1 ORDER BY `caro_sort` LIMIT 5 [ RunTime:0.000210s ]
[ sql ] [ SQL ] SELECT `caro_img` FROM `qy_carousel` WHERE  `caro_states` = 1  AND `pid` = 3  AND `caro_zh` = 2 ORDER BY `caro_sort` LIMIT 5 [ RunTime:0.000201s ]
[ sql ] [ SQL ] SELECT `type_id` FROM `qy_types` WHERE  `type_name` = '首页' [ RunTime:0.000170s ]
---------------------------------------------------------------
[ 2018-07-27T20:59:54+08:00 ] 172.17.23.148 106.120.206.185 GET /
[ sql ] [ DB ] CONNECT:[ UseTime:0.000577s ] mysql:dbname=qinyunone;host=127.0.0.1;port=3306;charset=utf8
[ sql ] [ SQL ] SHOW COLUMNS FROM `qy_logo` [ RunTime:0.000889s ]
[ sql ] [ SQL ] SELECT `logo_img` FROM `qy_logo` WHERE  `caro_states` = 1 [ RunTime:0.000244s ]
[ sql ] [ SQL ] SHOW COLUMNS FROM `qy_types` [ RunTime:0.000592s ]
[ sql ] [ SQL ] SELECT * FROM `qy_types` WHERE  `type_pid` = 1 ORDER BY `type_sort` [ RunTime:0.000269s ]
[ sql ] [ SQL ] SELECT * FROM `qy_types` WHERE  `type_pid` = 2 ORDER BY `type_sort` [ RunTime:0.000214s ]
[ sql ] [ SQL ] SELECT * FROM `qy_types` WHERE  `type_pid` = 3 ORDER BY `type_sort` [ RunTime:0.000224s ]
[ sql ] [ SQL ] SELECT * FROM `qy_types` WHERE  `type_pid` = 10 ORDER BY `type_sort` [ RunTime:0.000217s ]
[ sql ] [ SQL ] SELECT * FROM `qy_types` WHERE  `type_pid` = 9 ORDER BY `type_sort` [ RunTime:0.000212s ]
[ sql ] [ SQL ] SELECT * FROM `qy_types` WHERE  `type_pid` = 29 ORDER BY `type_sort` [ RunTime:0.000223s ]
[ sql ] [ SQL ] SELECT * FROM `qy_types` WHERE  `type_pid` = 30 [ RunTime:0.000200s ]
[ sql ] [ SQL ] SHOW COLUMNS FROM `qy_carousel` [ RunTime:0.000573s ]
[ sql ] [ SQL ] SELECT `caro_img` FROM `qy_carousel` WHERE  `caro_states` = 1  AND `pid` = 1 ORDER BY `caro_sort` LIMIT 5 [ RunTime:0.000233s ]
[ sql ] [ SQL ] SELECT `caro_img` FROM `qy_carousel` WHERE  `caro_states` = 1  AND `pid` = 4 ORDER BY `caro_sort` LIMIT 5 [ RunTime:0.000298s ]
[ sql ] [ SQL ] SELECT * FROM `qy_types` WHERE  `type_pid` = 31 [ RunTime:0.000200s ]
[ sql ] [ SQL ] SELECT * FROM `qy_types` WHERE  `type_pid` = 40 LIMIT 1 [ RunTime:0.000198s ]
[ sql ] [ SQL ] SHOW COLUMNS FROM `qy_config` [ RunTime:0.000543s ]
[ sql ] [ SQL ] SELECT * FROM `qy_config` LIMIT 1 [ RunTime:0.000179s ]
[ sql ] [ SQL ] SELECT `site`,`describe` FROM `qy_config` WHERE  `conf_id` = 1 LIMIT 1 [ RunTime:0.000165s ]
[ sql ] [ SQL ] SHOW COLUMNS FROM `qy_fwl` [ RunTime:0.000505s ]
[ sql ] [ SQL ] SELECT `fid` FROM `qy_fwl` WHERE  (  ip='106.120.206.185' ) [ RunTime:0.002896s ]
[ sql ] [ SQL ] INSERT INTO `qy_fwl` (`btime` , `ip` , `count`) VALUES (1532696394 , '106.120.206.185' , 1) [ RunTime:0.002660s ]
[ sql ] [ SQL ] SELECT `caro_img`,`action`,`caro_name` FROM `qy_carousel` WHERE  `caro_states` = 1  AND `pid` = 2 ORDER BY `caro_sort` LIMIT 4 [ RunTime:0.000354s ]
[ sql ] [ SQL ] SELECT `caro_img`,`caro_name` FROM `qy_carousel` WHERE  `caro_states` = 1  AND `pid` = 3  AND `caro_zh` = 1 ORDER BY `caro_sort` LIMIT 5 [ RunTime:0.000222s ]
[ sql ] [ SQL ] SELECT `caro_img` FROM `qy_carousel` WHERE  `caro_states` = 1  AND `pid` = 3  AND `caro_zh` = 2 ORDER BY `caro_sort` LIMIT 5 [ RunTime:0.000213s ]
[ sql ] [ SQL ] SELECT `type_id` FROM `qy_types` WHERE  `type_name` = '首页' [ RunTime:0.000202s ]
---------------------------------------------------------------
[ 2018-07-27T21:22:31+08:00 ] 172.17.23.148 158.69.225.36 GET /
[ sql ] [ DB ] CONNECT:[ UseTime:0.000500s ] mysql:dbname=qinyunone;host=127.0.0.1;port=3306;charset=utf8
[ sql ] [ SQL ] SHOW COLUMNS FROM `qy_logo` [ RunTime:0.000889s ]
[ sql ] [ SQL ] SELECT `logo_img` FROM `qy_logo` WHERE  `caro_states` = 1 [ RunTime:0.000271s ]
[ sql ] [ SQL ] SHOW COLUMNS FROM `qy_types` [ RunTime:0.000637s ]
[ sql ] [ SQL ] SELECT * FROM `qy_types` WHERE  `type_pid` = 1 ORDER BY `type_sort` [ RunTime:0.000280s ]
[ sql ] [ SQL ] SELECT * FROM `qy_types` WHERE  `type_pid` = 2 ORDER BY `type_sort` [ RunTime:0.000240s ]
[ sql ] [ SQL ] SELECT * FROM `qy_types` WHERE  `type_pid` = 3 ORDER BY `type_sort` [ RunTime:0.000250s ]
[ sql ] [ SQL ] SELECT * FROM `qy_types` WHERE  `type_pid` = 10 ORDER BY `type_sort` [ RunTime:0.000236s ]
[ sql ] [ SQL ] SELECT * FROM `qy_types` WHERE  `type_pid` = 9 ORDER BY `type_sort` [ RunTime:0.000237s ]
[ sql ] [ SQL ] SELECT * FROM `qy_types` WHERE  `type_pid` = 29 ORDER BY `type_sort` [ RunTime:0.000209s ]
[ sql ] [ SQL ] SELECT * FROM `qy_types` WHERE  `type_pid` = 30 [ RunTime:0.000219s ]
[ sql ] [ SQL ] SHOW COLUMNS FROM `qy_carousel` [ RunTime:0.000519s ]
[ sql ] [ SQL ] SELECT `caro_img` FROM `qy_carousel` WHERE  `caro_states` = 1  AND `pid` = 1 ORDER BY `caro_sort` LIMIT 5 [ RunTime:0.000214s ]
[ sql ] [ SQL ] SELECT `caro_img` FROM `qy_carousel` WHERE  `caro_states` = 1  AND `pid` = 4 ORDER BY `caro_sort` LIMIT 5 [ RunTime:0.000201s ]
[ sql ] [ SQL ] SELECT * FROM `qy_types` WHERE  `type_pid` = 31 [ RunTime:0.000194s ]
[ sql ] [ SQL ] SELECT * FROM `qy_types` WHERE  `type_pid` = 40 LIMIT 1 [ RunTime:0.000193s ]
[ sql ] [ SQL ] SHOW COLUMNS FROM `qy_config` [ RunTime:0.000504s ]
[ sql ] [ SQL ] SELECT * FROM `qy_config` LIMIT 1 [ RunTime:0.000169s ]
[ sql ] [ SQL ] SELECT `site`,`describe` FROM `qy_config` WHERE  `conf_id` = 1 LIMIT 1 [ RunTime:0.000163s ]
[ sql ] [ SQL ] SHOW COLUMNS FROM `qy_fwl` [ RunTime:0.000500s ]
[ sql ] [ SQL ] SELECT `fid` FROM `qy_fwl` WHERE  (  ip='158.69.225.36' ) [ RunTime:0.002853s ]
[ sql ] [ SQL ] SELECT `count` FROM `qy_fwl` WHERE  (  ip='158.69.225.36' ) [ RunTime:0.002831s ]
[ sql ] [ SQL ] SELECT `btime` FROM `qy_fwl` WHERE  (  ip='158.69.225.36' ) [ RunTime:0.002829s ]
[ sql ] [ SQL ] INSERT INTO `qy_fwl` (`btime` , `ip` , `count`) VALUES (1532697751 , '158.69.225.36' , 1) [ RunTime:0.002871s ]
[ sql ] [ SQL ] SELECT `caro_img`,`action`,`caro_name` FROM `qy_carousel` WHERE  `caro_states` = 1  AND `pid` = 2 ORDER BY `caro_sort` LIMIT 4 [ RunTime:0.000261s ]
[ sql ] [ SQL ] SELECT `caro_img`,`caro_name` FROM `qy_carousel` WHERE  `caro_states` = 1  AND `pid` = 3  AND `caro_zh` = 1 ORDER BY `caro_sort` LIMIT 5 [ RunTime:0.000222s ]
[ sql ] [ SQL ] SELECT `caro_img` FROM `qy_carousel` WHERE  `caro_states` = 1  AND `pid` = 3  AND `caro_zh` = 2 ORDER BY `caro_sort` LIMIT 5 [ RunTime:0.000196s ]
[ sql ] [ SQL ] SELECT `type_id` FROM `qy_types` WHERE  `type_name` = '首页' [ RunTime:0.000170s ]
---------------------------------------------------------------
[ 2018-07-27T21:22:38+08:00 ] 172.17.23.148 158.69.225.36 GET /
[ sql ] [ DB ] CONNECT:[ UseTime:0.000482s ] mysql:dbname=qinyunone;host=127.0.0.1;port=3306;charset=utf8
[ sql ] [ SQL ] SHOW COLUMNS FROM `qy_logo` [ RunTime:0.000811s ]
[ sql ] [ SQL ] SELECT `logo_img` FROM `qy_logo` WHERE  `caro_states` = 1 [ RunTime:0.000245s ]
[ sql ] [ SQL ] SHOW COLUMNS FROM `qy_types` [ RunTime:0.000564s ]
[ sql ] [ SQL ] SELECT * FROM `qy_types` WHERE  `type_pid` = 1 ORDER BY `type_sort` [ RunTime:0.000286s ]
[ sql ] [ SQL ] SELECT * FROM `qy_types` WHERE  `type_pid` = 2 ORDER BY `type_sort` [ RunTime:0.000219s ]
[ sql ] [ SQL ] SELECT * FROM `qy_types` WHERE  `type_pid` = 3 ORDER BY `type_sort` [ RunTime:0.000232s ]
[ sql ] [ SQL ] SELECT * FROM `qy_types` WHERE  `type_pid` = 10 ORDER BY `type_sort` [ RunTime:0.000263s ]
[ sql ] [ SQL ] SELECT * FROM `qy_types` WHERE  `type_pid` = 9 ORDER BY `type_sort` [ RunTime:0.000247s ]
[ sql ] [ SQL ] SELECT * FROM `qy_types` WHERE  `type_pid` = 29 ORDER BY `type_sort` [ RunTime:0.000205s ]
[ sql ] [ SQL ] SELECT * FROM `qy_types` WHERE  `type_pid` = 30 [ RunTime:0.000226s ]
[ sql ] [ SQL ] SHOW COLUMNS FROM `qy_carousel` [ RunTime:0.000550s ]
[ sql ] [ SQL ] SELECT `caro_img` FROM `qy_carousel` WHERE  `caro_states` = 1  AND `pid` = 1 ORDER BY `caro_sort` LIMIT 5 [ RunTime:0.000241s ]
[ sql ] [ SQL ] SELECT `caro_img` FROM `qy_carousel` WHERE  `caro_states` = 1  AND `pid` = 4 ORDER BY `caro_sort` LIMIT 5 [ RunTime:0.000216s ]
[ sql ] [ SQL ] SELECT * FROM `qy_types` WHERE  `type_pid` = 31 [ RunTime:0.000199s ]
[ sql ] [ SQL ] SELECT * FROM `qy_types` WHERE  `type_pid` = 40 LIMIT 1 [ RunTime:0.000197s ]
[ sql ] [ SQL ] SHOW COLUMNS FROM `qy_config` [ RunTime:0.000517s ]
[ sql ] [ SQL ] SELECT * FROM `qy_config` LIMIT 1 [ RunTime:0.000179s ]
[ sql ] [ SQL ] SELECT `site`,`describe` FROM `qy_config` WHERE  `conf_id` = 1 LIMIT 1 [ RunTime:0.000166s ]
[ sql ] [ SQL ] SHOW COLUMNS FROM `qy_fwl` [ RunTime:0.000513s ]
[ sql ] [ SQL ] SELECT `fid` FROM `qy_fwl` WHERE  (  ip='158.69.225.36' ) [ RunTime:0.002914s ]
[ sql ] [ SQL ] SELECT `count` FROM `qy_fwl` WHERE  (  ip='158.69.225.36' ) [ RunTime:0.002880s ]
[ sql ] [ SQL ] SELECT `btime` FROM `qy_fwl` WHERE  (  ip='158.69.225.36' ) [ RunTime:0.002862s ]
[ sql ] [ SQL ] INSERT INTO `qy_fwl` (`btime` , `ip` , `count`) VALUES (1532697758 , '158.69.225.36' , 1) [ RunTime:0.003648s ]
[ sql ] [ SQL ] SELECT `caro_img`,`action`,`caro_name` FROM `qy_carousel` WHERE  `caro_states` = 1  AND `pid` = 2 ORDER BY `caro_sort` LIMIT 4 [ RunTime:0.000332s ]
[ sql ] [ SQL ] SELECT `caro_img`,`caro_name` FROM `qy_carousel` WHERE  `caro_states` = 1  AND `pid` = 3  AND `caro_zh` = 1 ORDER BY `caro_sort` LIMIT 5 [ RunTime:0.000228s ]
[ sql ] [ SQL ] SELECT `caro_img` FROM `qy_carousel` WHERE  `caro_states` = 1  AND `pid` = 3  AND `caro_zh` = 2 ORDER BY `caro_sort` LIMIT 5 [ RunTime:0.000215s ]
[ sql ] [ SQL ] SELECT `type_id` FROM `qy_types` WHERE  `type_name` = '首页' [ RunTime:0.000229s ]
---------------------------------------------------------------
[ 2018-07-27T21:22:40+08:00 ] 172.17.23.148 158.69.225.36 GET /index/about/show.html
[ sql ] [ DB ] CONNECT:[ UseTime:0.000666s ] mysql:dbname=qinyunone;host=127.0.0.1;port=3306;charset=utf8
[ sql ] [ SQL ] SHOW COLUMNS FROM `qy_logo` [ RunTime:0.001333s ]
[ sql ] [ SQL ] SELECT `logo_img` FROM `qy_logo` WHERE  `caro_states` = 1 [ RunTime:0.000269s ]
[ sql ] [ SQL ] SHOW COLUMNS FROM `qy_types` [ RunTime:0.000606s ]
[ sql ] [ SQL ] SELECT * FROM `qy_types` WHERE  `type_pid` = 1 ORDER BY `type_sort` [ RunTime:0.000293s ]
[ sql ] [ SQL ] SELECT * FROM `qy_types` WHERE  `type_pid` = 2 ORDER BY `type_sort` [ RunTime:0.000236s ]
[ sql ] [ SQL ] SELECT * FROM `qy_types` WHERE  `type_pid` = 3 ORDER BY `type_sort` [ RunTime:0.000258s ]
[ sql ] [ SQL ] SELECT * FROM `qy_types` WHERE  `type_pid` = 10 ORDER BY `type_sort` [ RunTime:0.000316s ]
[ sql ] [ SQL ] SELECT * FROM `qy_types` WHERE  `type_pid` = 9 ORDER BY `type_sort` [ RunTime:0.000236s ]
[ sql ] [ SQL ] SELECT * FROM `qy_types` WHERE  `type_pid` = 29 ORDER BY `type_sort` [ RunTime:0.000233s ]
[ sql ] [ SQL ] SELECT * FROM `qy_types` WHERE  `type_pid` = 30 [ RunTime:0.000220s ]
[ sql ] [ SQL ] SHOW COLUMNS FROM `qy_carousel` [ RunTime:0.000630s ]
[ sql ] [ SQL ] SELECT `caro_img` FROM `qy_carousel` WHERE  `caro_states` = 1  AND `pid` = 1 ORDER BY `caro_sort` LIMIT 5 [ RunTime:0.000249s ]
[ sql ] [ SQL ] SELECT `caro_img` FROM `qy_carousel` WHERE  `caro_states` = 1  AND `pid` = 4 ORDER BY `caro_sort` LIMIT 5 [ RunTime:0.000207s ]
[ sql ] [ SQL ] SELECT * FROM `qy_types` WHERE  `type_pid` = 31 [ RunTime:0.000225s ]
[ sql ] [ SQL ] SELECT * FROM `qy_types` WHERE  `type_pid` = 40 LIMIT 1 [ RunTime:0.000199s ]
[ sql ] [ SQL ] SHOW COLUMNS FROM `qy_config` [ RunTime:0.000750s ]
[ sql ] [ SQL ] SELECT * FROM `qy_config` LIMIT 1 [ RunTime:0.000243s ]
[ sql ] [ SQL ] SELECT `site`,`describe` FROM `qy_config` WHERE  `conf_id` = 1 LIMIT 1 [ RunTime:0.000226s ]
[ sql ] [ SQL ] SELECT * FROM `qy_types` WHERE  `type_id` = 3 LIMIT 1 [ RunTime:0.000262s ]
[ sql ] [ SQL ] SELECT * FROM `qy_types` WHERE  `type_pid` = 3 ORDER BY `type_sort` [ RunTime:0.000276s ]
[ sql ] [ SQL ] SELECT `type_id` FROM `qy_types` WHERE  `type_pid` = 3 ORDER BY `type_sort` LIMIT 1 [ RunTime:0.000257s ]
[ sql ] [ SQL ] SHOW COLUMNS FROM `qy_contents` [ RunTime:0.000788s ]
[ sql ] [ SQL ] SELECT * FROM `qy_contents` WHERE  `cont_pid` = 7  AND `cont_states` = 1 LIMIT 1 [ RunTime:0.000376s ]
---------------------------------------------------------------
[ 2018-07-27T21:22:51+08:00 ] 172.17.23.148 158.69.225.36 GET /index/brand/index/type_pid/29.html
[ sql ] [ DB ] CONNECT:[ UseTime:0.000434s ] mysql:dbname=qinyunone;host=127.0.0.1;port=3306;charset=utf8
[ sql ] [ SQL ] SHOW COLUMNS FROM `qy_logo` [ RunTime:0.000826s ]
[ sql ] [ SQL ] SELECT `logo_img` FROM `qy_logo` WHERE  `caro_states` = 1 [ RunTime:0.000231s ]
[ sql ] [ SQL ] SHOW COLUMNS FROM `qy_types` [ RunTime:0.000560s ]
[ sql ] [ SQL ] SELECT * FROM `qy_types` WHERE  `type_pid` = 1 ORDER BY `type_sort` [ RunTime:0.000255s ]
[ sql ] [ SQL ] SELECT * FROM `qy_types` WHERE  `type_pid` = 2 ORDER BY `type_sort` [ RunTime:0.000219s ]
[ sql ] [ SQL ] SELECT * FROM `qy_types` WHERE  `type_pid` = 3 ORDER BY `type_sort` [ RunTime:0.000210s ]
[ sql ] [ SQL ] SELECT * FROM `qy_types` WHERE  `type_pid` = 10 ORDER BY `type_sort` [ RunTime:0.000221s ]
[ sql ] [ SQL ] SELECT * FROM `qy_types` WHERE  `type_pid` = 9 ORDER BY `type_sort` [ RunTime:0.000197s ]
[ sql ] [ SQL ] SELECT * FROM `qy_types` WHERE  `type_pid` = 29 ORDER BY `type_sort` [ RunTime:0.000206s ]
[ sql ] [ SQL ] SELECT * FROM `qy_types` WHERE  `type_pid` = 30 [ RunTime:0.000193s ]
[ sql ] [ SQL ] SHOW COLUMNS FROM `qy_carousel` [ RunTime:0.000531s ]
[ sql ] [ SQL ] SELECT `caro_img` FROM `qy_carousel` WHERE  `caro_states` = 1  AND `pid` = 1 ORDER BY `caro_sort` LIMIT 5 [ RunTime:0.000222s ]
[ sql ] [ SQL ] SELECT `caro_img` FROM `qy_carousel` WHERE  `caro_states` = 1  AND `pid` = 4 ORDER BY `caro_sort` LIMIT 5 [ RunTime:0.000197s ]
[ sql ] [ SQL ] SELECT * FROM `qy_types` WHERE  `type_pid` = 31 [ RunTime:0.000202s ]
[ sql ] [ SQL ] SELECT * FROM `qy_types` WHERE  `type_pid` = 40 LIMIT 1 [ RunTime:0.000186s ]
[ sql ] [ SQL ] SHOW COLUMNS FROM `qy_config` [ RunTime:0.000520s ]
[ sql ] [ SQL ] SELECT * FROM `qy_config` LIMIT 1 [ RunTime:0.000162s ]
[ sql ] [ SQL ] SELECT `site`,`describe` FROM `qy_config` WHERE  `conf_id` = 1 LIMIT 1 [ RunTime:0.000175s ]
[ sql ] [ SQL ] SELECT `type_id` FROM `qy_types` WHERE  `type_name` = '品牌故事' [ RunTime:0.000156s ]
[ sql ] [ SQL ] SHOW COLUMNS FROM `qy_contents` [ RunTime:0.000542s ]
[ sql ] [ SQL ] SELECT * FROM `qy_contents` WHERE  `cont_pid` = 29  AND `cont_states` = 1 LIMIT 1 [ RunTime:0.000272s ]
---------------------------------------------------------------
[ 2018-07-27T21:22:52+08:00 ] 172.17.23.148 158.69.225.36 GET /index/leaving/index/type_pid/33.html
[ sql ] [ DB ] CONNECT:[ UseTime:0.000445s ] mysql:dbname=qinyunone;host=127.0.0.1;port=3306;charset=utf8
[ sql ] [ SQL ] SHOW COLUMNS FROM `qy_logo` [ RunTime:0.000837s ]
[ sql ] [ SQL ] SELECT `logo_img` FROM `qy_logo` WHERE  `caro_states` = 1 [ RunTime:0.000252s ]
[ sql ] [ SQL ] SHOW COLUMNS FROM `qy_types` [ RunTime:0.000562s ]
[ sql ] [ SQL ] SELECT * FROM `qy_types` WHERE  `type_pid` = 1 ORDER BY `type_sort` [ RunTime:0.000262s ]
[ sql ] [ SQL ] SELECT * FROM `qy_types` WHERE  `type_pid` = 2 ORDER BY `type_sort` [ RunTime:0.000225s ]
[ sql ] [ SQL ] SELECT * FROM `qy_types` WHERE  `type_pid` = 3 ORDER BY `type_sort` [ RunTime:0.000222s ]
[ sql ] [ SQL ] SELECT * FROM `qy_types` WHERE  `type_pid` = 10 ORDER BY `type_sort` [ RunTime:0.000232s ]
[ sql ] [ SQL ] SELECT * FROM `qy_types` WHERE  `type_pid` = 9 ORDER BY `type_sort` [ RunTime:0.000211s ]
[ sql ] [ SQL ] SELECT * FROM `qy_types` WHERE  `type_pid` = 29 ORDER BY `type_sort` [ RunTime:0.000238s ]
[ sql ] [ SQL ] SELECT * FROM `qy_types` WHERE  `type_pid` = 30 [ RunTime:0.000214s ]
[ sql ] [ SQL ] SHOW COLUMNS FROM `qy_carousel` [ RunTime:0.000556s ]
[ sql ] [ SQL ] SELECT `caro_img` FROM `qy_carousel` WHERE  `caro_states` = 1  AND `pid` = 1 ORDER BY `caro_sort` LIMIT 5 [ RunTime:0.000216s ]
[ sql ] [ SQL ] SELECT `caro_img` FROM `qy_carousel` WHERE  `caro_states` = 1  AND `pid` = 4 ORDER BY `caro_sort` LIMIT 5 [ RunTime:0.000199s ]
[ sql ] [ SQL ] SELECT * FROM `qy_types` WHERE  `type_pid` = 31 [ RunTime:0.000201s ]
[ sql ] [ SQL ] SELECT * FROM `qy_types` WHERE  `type_pid` = 40 LIMIT 1 [ RunTime:0.000196s ]
[ sql ] [ SQL ] SHOW COLUMNS FROM `qy_config` [ RunTime:0.000544s ]
[ sql ] [ SQL ] SELECT * FROM `qy_config` LIMIT 1 [ RunTime:0.000170s ]
[ sql ] [ SQL ] SELECT `site`,`describe` FROM `qy_config` WHERE  `conf_id` = 1 LIMIT 1 [ RunTime:0.000188s ]
---------------------------------------------------------------
[ 2018-07-27T21:22:53+08:00 ] 172.17.23.148 158.69.225.36 GET /index/news/index/type_pid/10/wen_id/20.html
[ sql ] [ DB ] CONNECT:[ UseTime:0.000428s ] mysql:dbname=qinyunone;host=127.0.0.1;port=3306;charset=utf8
[ sql ] [ SQL ] SHOW COLUMNS FROM `qy_logo` [ RunTime:0.000823s ]
[ sql ] [ SQL ] SELECT `logo_img` FROM `qy_logo` WHERE  `caro_states` = 1 [ RunTime:0.000235s ]
[ sql ] [ SQL ] SHOW COLUMNS FROM `qy_types` [ RunTime:0.000577s ]
[ sql ] [ SQL ] SELECT * FROM `qy_types` WHERE  `type_pid` = 1 ORDER BY `type_sort` [ RunTime:0.000269s ]
[ sql ] [ SQL ] SELECT * FROM `qy_types` WHERE  `type_pid` = 2 ORDER BY `type_sort` [ RunTime:0.000211s ]
[ sql ] [ SQL ] SELECT * FROM `qy_types` WHERE  `type_pid` = 3 ORDER BY `type_sort` [ RunTime:0.000226s ]
[ sql ] [ SQL ] SELECT * FROM `qy_types` WHERE  `type_pid` = 10 ORDER BY `type_sort` [ RunTime:0.000212s ]
[ sql ] [ SQL ] SELECT * FROM `qy_types` WHERE  `type_pid` = 9 ORDER BY `type_sort` [ RunTime:0.000215s ]
[ sql ] [ SQL ] SELECT * FROM `qy_types` WHERE  `type_pid` = 29 ORDER BY `type_sort` [ RunTime:0.000201s ]
[ sql ] [ SQL ] SELECT * FROM `qy_types` WHERE  `type_pid` = 30 [ RunTime:0.000211s ]
[ sql ] [ SQL ] SHOW COLUMNS FROM `qy_carousel` [ RunTime:0.000572s ]
[ sql ] [ SQL ] SELECT `caro_img` FROM `qy_carousel` WHERE  `caro_states` = 1  AND `pid` = 1 ORDER BY `caro_sort` LIMIT 5 [ RunTime:0.000221s ]
[ sql ] [ SQL ] SELECT `caro_img` FROM `qy_carousel` WHERE  `caro_states` = 1  AND `pid` = 4 ORDER BY `caro_sort` LIMIT 5 [ RunTime:0.000209s ]
[ sql ] [ SQL ] SELECT * FROM `qy_types` WHERE  `type_pid` = 31 [ RunTime:0.000200s ]
[ sql ] [ SQL ] SELECT * FROM `qy_types` WHERE  `type_pid` = 40 LIMIT 1 [ RunTime:0.000200s ]
[ sql ] [ SQL ] SHOW COLUMNS FROM `qy_config` [ RunTime:0.000517s ]
[ sql ] [ SQL ] SELECT * FROM `qy_config` LIMIT 1 [ RunTime:0.000179s ]
[ sql ] [ SQL ] SELECT `site`,`describe` FROM `qy_config` WHERE  `conf_id` = 1 LIMIT 1 [ RunTime:0.000168s ]
[ sql ] [ SQL ] SELECT `type_id` FROM `qy_types` WHERE  `type_name` = '招聘信息' [ RunTime:0.000167s ]
[ sql ] [ SQL ] SELECT * FROM `qy_types` WHERE  `type_id` = 10 LIMIT 1 [ RunTime:0.000169s ]
[ sql ] [ SQL ] SELECT * FROM `qy_types` WHERE  `type_pid` = 10 ORDER BY `type_sort` [ RunTime:0.000243s ]
[ sql ] [ SQL ] SHOW COLUMNS FROM `qy_contents` [ RunTime:0.000542s ]
[ sql ] [ SQL ] SELECT COUNT(cont_id) AS tp_count FROM `qy_contents` WHERE  `cont_pid` = 20  AND `cont_states` = 1 ORDER BY cont_id desc LIMIT 1 [ RunTime:0.000238s ]
[ sql ] [ SQL ] SELECT * FROM `qy_contents` WHERE  `cont_pid` = 20  AND `cont_states` = 1 ORDER BY cont_id desc LIMIT 0,12 [ RunTime:0.000367s ]
---------------------------------------------------------------
[ 2018-07-27T21:23:02+08:00 ] 172.17.23.148 158.69.225.36 GET /index/news/index/type_pid/10.html
[ sql ] [ DB ] CONNECT:[ UseTime:0.000455s ] mysql:dbname=qinyunone;host=127.0.0.1;port=3306;charset=utf8
[ sql ] [ SQL ] SHOW COLUMNS FROM `qy_logo` [ RunTime:0.000847s ]
[ sql ] [ SQL ] SELECT `logo_img` FROM `qy_logo` WHERE  `caro_states` = 1 [ RunTime:0.000234s ]
[ sql ] [ SQL ] SHOW COLUMNS FROM `qy_types` [ RunTime:0.000554s ]
[ sql ] [ SQL ] SELECT * FROM `qy_types` WHERE  `type_pid` = 1 ORDER BY `type_sort` [ RunTime:0.000287s ]
[ sql ] [ SQL ] SELECT * FROM `qy_types` WHERE  `type_pid` = 2 ORDER BY `type_sort` [ RunTime:0.000215s ]
[ sql ] [ SQL ] SELECT * FROM `qy_types` WHERE  `type_pid` = 3 ORDER BY `type_sort` [ RunTime:0.000226s ]
[ sql ] [ SQL ] SELECT * FROM `qy_types` WHERE  `type_pid` = 10 ORDER BY `type_sort` [ RunTime:0.000213s ]
[ sql ] [ SQL ] SELECT * FROM `qy_types` WHERE  `type_pid` = 9 ORDER BY `type_sort` [ RunTime:0.000233s ]
[ sql ] [ SQL ] SELECT * FROM `qy_types` WHERE  `type_pid` = 29 ORDER BY `type_sort` [ RunTime:0.000203s ]
[ sql ] [ SQL ] SELECT * FROM `qy_types` WHERE  `type_pid` = 30 [ RunTime:0.000212s ]
[ sql ] [ SQL ] SHOW COLUMNS FROM `qy_carousel` [ RunTime:0.000522s ]
[ sql ] [ SQL ] SELECT `caro_img` FROM `qy_carousel` WHERE  `caro_states` = 1  AND `pid` = 1 ORDER BY `caro_sort` LIMIT 5 [ RunTime:0.000219s ]
[ sql ] [ SQL ] SELECT `caro_img` FROM `qy_carousel` WHERE  `caro_states` = 1  AND `pid` = 4 ORDER BY `caro_sort` LIMIT 5 [ RunTime:0.000203s ]
[ sql ] [ SQL ] SELECT * FROM `qy_types` WHERE  `type_pid` = 31 [ RunTime:0.000204s ]
[ sql ] [ SQL ] SELECT * FROM `qy_types` WHERE  `type_pid` = 40 LIMIT 1 [ RunTime:0.000198s ]
[ sql ] [ SQL ] SHOW COLUMNS FROM `qy_config` [ RunTime:0.000509s ]
[ sql ] [ SQL ] SELECT * FROM `qy_config` LIMIT 1 [ RunTime:0.000176s ]
[ sql ] [ SQL ] SELECT `site`,`describe` FROM `qy_config` WHERE  `conf_id` = 1 LIMIT 1 [ RunTime:0.000166s ]
[ sql ] [ SQL ] SELECT `type_id` FROM `qy_types` WHERE  `type_name` = '招聘信息' [ RunTime:0.000170s ]
[ sql ] [ SQL ] SELECT `type_id` FROM `qy_types` WHERE  `type_pid` = 10 ORDER BY `type_sort` LIMIT 1 [ RunTime:0.000192s ]
[ sql ] [ SQL ] SELECT * FROM `qy_types` WHERE  `type_id` = 10 LIMIT 1 [ RunTime:0.000195s ]
[ sql ] [ SQL ] SELECT * FROM `qy_types` WHERE  `type_pid` = 10 ORDER BY `type_sort` [ RunTime:0.000203s ]
[ sql ] [ SQL ] SHOW COLUMNS FROM `qy_contents` [ RunTime:0.000560s ]
[ sql ] [ SQL ] SELECT COUNT(cont_id) AS tp_count FROM `qy_contents` WHERE  `cont_pid` = 21  AND `cont_states` = 1 ORDER BY cont_id desc LIMIT 1 [ RunTime:0.000273s ]
[ sql ] [ SQL ] SELECT * FROM `qy_contents` WHERE  `cont_pid` = 21  AND `cont_states` = 1 ORDER BY cont_id desc LIMIT 0,12 [ RunTime:0.000364s ]
---------------------------------------------------------------
[ 2018-07-27T21:23:03+08:00 ] 172.17.23.148 158.69.225.36 GET /index/space/index.html
[ sql ] [ DB ] CONNECT:[ UseTime:0.000428s ] mysql:dbname=qinyunone;host=127.0.0.1;port=3306;charset=utf8
[ sql ] [ SQL ] SHOW COLUMNS FROM `qy_logo` [ RunTime:0.000811s ]
[ sql ] [ SQL ] SELECT `logo_img` FROM `qy_logo` WHERE  `caro_states` = 1 [ RunTime:0.000223s ]
[ sql ] [ SQL ] SHOW COLUMNS FROM `qy_types` [ RunTime:0.000542s ]
[ sql ] [ SQL ] SELECT * FROM `qy_types` WHERE  `type_pid` = 1 ORDER BY `type_sort` [ RunTime:0.000276s ]
[ sql ] [ SQL ] SELECT * FROM `qy_types` WHERE  `type_pid` = 2 ORDER BY `type_sort` [ RunTime:0.000212s ]
[ sql ] [ SQL ] SELECT * FROM `qy_types` WHERE  `type_pid` = 3 ORDER BY `type_sort` [ RunTime:0.000222s ]
[ sql ] [ SQL ] SELECT * FROM `qy_types` WHERE  `type_pid` = 10 ORDER BY `type_sort` [ RunTime:0.000210s ]
[ sql ] [ SQL ] SELECT * FROM `qy_types` WHERE  `type_pid` = 9 ORDER BY `type_sort` [ RunTime:0.000213s ]
[ sql ] [ SQL ] SELECT * FROM `qy_types` WHERE  `type_pid` = 29 ORDER BY `type_sort` [ RunTime:0.000195s ]
[ sql ] [ SQL ] SELECT * FROM `qy_types` WHERE  `type_pid` = 30 [ RunTime:0.000204s ]
[ sql ] [ SQL ] SHOW COLUMNS FROM `qy_carousel` [ RunTime:0.000501s ]
[ sql ] [ SQL ] SELECT `caro_img` FROM `qy_carousel` WHERE  `caro_states` = 1  AND `pid` = 1 ORDER BY `caro_sort` LIMIT 5 [ RunTime:0.000216s ]
[ sql ] [ SQL ] SELECT `caro_img` FROM `qy_carousel` WHERE  `caro_states` = 1  AND `pid` = 4 ORDER BY `caro_sort` LIMIT 5 [ RunTime:0.000190s ]
[ sql ] [ SQL ] SELECT * FROM `qy_types` WHERE  `type_pid` = 31 [ RunTime:0.000197s ]
[ sql ] [ SQL ] SELECT * FROM `qy_types` WHERE  `type_pid` = 40 LIMIT 1 [ RunTime:0.000179s ]
[ sql ] [ SQL ] SHOW COLUMNS FROM `qy_config` [ RunTime:0.000509s ]
[ sql ] [ SQL ] SELECT * FROM `qy_config` LIMIT 1 [ RunTime:0.000170s ]
[ sql ] [ SQL ] SELECT `site`,`describe` FROM `qy_config` WHERE  `conf_id` = 1 LIMIT 1 [ RunTime:0.000162s ]
[ sql ] [ SQL ] SELECT `type_id` FROM `qy_types` WHERE  `type_name` = '众创空间' [ RunTime:0.000153s ]
[ sql ] [ SQL ] SHOW COLUMNS FROM `qy_contents` [ RunTime:0.000527s ]
[ sql ] [ SQL ] SELECT * FROM `qy_contents` WHERE  `cont_pid` = 44  AND `cont_states` = 1 LIMIT 1 [ RunTime:0.000263s ]
---------------------------------------------------------------
[ 2018-07-27T21:23:04+08:00 ] 172.17.23.148 158.69.225.36 GET /index/about/show/type_pid/3/wen_id/8.html
[ sql ] [ DB ] CONNECT:[ UseTime:0.000441s ] mysql:dbname=qinyunone;host=127.0.0.1;port=3306;charset=utf8
[ sql ] [ SQL ] SHOW COLUMNS FROM `qy_logo` [ RunTime:0.000837s ]
[ sql ] [ SQL ] SELECT `logo_img` FROM `qy_logo` WHERE  `caro_states` = 1 [ RunTime:0.000243s ]
[ sql ] [ SQL ] SHOW COLUMNS FROM `qy_types` [ RunTime:0.000617s ]
[ sql ] [ SQL ] SELECT * FROM `qy_types` WHERE  `type_pid` = 1 ORDER BY `type_sort` [ RunTime:0.000252s ]
[ sql ] [ SQL ] SELECT * FROM `qy_types` WHERE  `type_pid` = 2 ORDER BY `type_sort` [ RunTime:0.000217s ]
[ sql ] [ SQL ] SELECT * FROM `qy_types` WHERE  `type_pid` = 3 ORDER BY `type_sort` [ RunTime:0.000209s ]
[ sql ] [ SQL ] SELECT * FROM `qy_types` WHERE  `type_pid` = 10 ORDER BY `type_sort` [ RunTime:0.000221s ]
[ sql ] [ SQL ] SELECT * FROM `qy_types` WHERE  `type_pid` = 9 ORDER BY `type_sort` [ RunTime:0.000206s ]
[ sql ] [ SQL ] SELECT * FROM `qy_types` WHERE  `type_pid` = 29 ORDER BY `type_sort` [ RunTime:0.000202s ]
[ sql ] [ SQL ] SELECT * FROM `qy_types` WHERE  `type_pid` = 30 [ RunTime:0.000199s ]
[ sql ] [ SQL ] SHOW COLUMNS FROM `qy_carousel` [ RunTime:0.000522s ]
[ sql ] [ SQL ] SELECT `caro_img` FROM `qy_carousel` WHERE  `caro_states` = 1  AND `pid` = 1 ORDER BY `caro_sort` LIMIT 5 [ RunTime:0.000234s ]
[ sql ] [ SQL ] SELECT `caro_img` FROM `qy_carousel` WHERE  `caro_states` = 1  AND `pid` = 4 ORDER BY `caro_sort` LIMIT 5 [ RunTime:0.000194s ]
[ sql ] [ SQL ] SELECT * FROM `qy_types` WHERE  `type_pid` = 31 [ RunTime:0.000215s ]
[ sql ] [ SQL ] SELECT * FROM `qy_types` WHERE  `type_pid` = 40 LIMIT 1 [ RunTime:0.000192s ]
[ sql ] [ SQL ] SHOW COLUMNS FROM `qy_config` [ RunTime:0.000539s ]
[ sql ] [ SQL ] SELECT * FROM `qy_config` LIMIT 1 [ RunTime:0.000167s ]
[ sql ] [ SQL ] SELECT `site`,`describe` FROM `qy_config` WHERE  `conf_id` = 1 LIMIT 1 [ RunTime:0.000168s ]
[ sql ] [ SQL ] SELECT * FROM `qy_types` WHERE  `type_id` = 3 LIMIT 1 [ RunTime:0.000191s ]
[ sql ] [ SQL ] SELECT * FROM `qy_types` WHERE  `type_pid` = 3 ORDER BY `type_sort` [ RunTime:0.000203s ]
[ sql ] [ SQL ] SHOW COLUMNS FROM `qy_contents` [ RunTime:0.000568s ]
[ sql ] [ SQL ] SELECT * FROM `qy_contents` WHERE  `cont_pid` = 8  AND `cont_states` = 1 LIMIT 1 [ RunTime:0.000250s ]
---------------------------------------------------------------
[ 2018-07-27T21:23:07+08:00 ] 172.17.23.148 158.69.225.36 GET /index.html
[ sql ] [ DB ] CONNECT:[ UseTime:0.000442s ] mysql:dbname=qinyunone;host=127.0.0.1;port=3306;charset=utf8
[ sql ] [ SQL ] SHOW COLUMNS FROM `qy_logo` [ RunTime:0.000847s ]
[ sql ] [ SQL ] SELECT `logo_img` FROM `qy_logo` WHERE  `caro_states` = 1 [ RunTime:0.000257s ]
[ sql ] [ SQL ] SHOW COLUMNS FROM `qy_types` [ RunTime:0.000571s ]
[ sql ] [ SQL ] SELECT * FROM `qy_types` WHERE  `type_pid` = 1 ORDER BY `type_sort` [ RunTime:0.000336s ]
[ sql ] [ SQL ] SELECT * FROM `qy_types` WHERE  `type_pid` = 2 ORDER BY `type_sort` [ RunTime:0.000233s ]
[ sql ] [ SQL ] SELECT * FROM `qy_types` WHERE  `type_pid` = 3 ORDER BY `type_sort` [ RunTime:0.000230s ]
[ sql ] [ SQL ] SELECT * FROM `qy_types` WHERE  `type_pid` = 10 ORDER BY `type_sort` [ RunTime:0.000236s ]
[ sql ] [ SQL ] SELECT * FROM `qy_types` WHERE  `type_pid` = 9 ORDER BY `type_sort` [ RunTime:0.000209s ]
[ sql ] [ SQL ] SELECT * FROM `qy_types` WHERE  `type_pid` = 29 ORDER BY `type_sort` [ RunTime:0.000204s ]
[ sql ] [ SQL ] SELECT * FROM `qy_types` WHERE  `type_pid` = 30 [ RunTime:0.000200s ]
[ sql ] [ SQL ] SHOW COLUMNS FROM `qy_carousel` [ RunTime:0.000560s ]
[ sql ] [ SQL ] SELECT `caro_img` FROM `qy_carousel` WHERE  `caro_states` = 1  AND `pid` = 1 ORDER BY `caro_sort` LIMIT 5 [ RunTime:0.000225s ]
[ sql ] [ SQL ] SELECT `caro_img` FROM `qy_carousel` WHERE  `caro_states` = 1  AND `pid` = 4 ORDER BY `caro_sort` LIMIT 5 [ RunTime:0.000193s ]
[ sql ] [ SQL ] SELECT * FROM `qy_types` WHERE  `type_pid` = 31 [ RunTime:0.000197s ]
[ sql ] [ SQL ] SELECT * FROM `qy_types` WHERE  `type_pid` = 40 LIMIT 1 [ RunTime:0.000195s ]
[ sql ] [ SQL ] SHOW COLUMNS FROM `qy_config` [ RunTime:0.000520s ]
[ sql ] [ SQL ] SELECT * FROM `qy_config` LIMIT 1 [ RunTime:0.000167s ]
[ sql ] [ SQL ] SELECT `site`,`describe` FROM `qy_config` WHERE  `conf_id` = 1 LIMIT 1 [ RunTime:0.000178s ]
[ sql ] [ SQL ] SHOW COLUMNS FROM `qy_fwl` [ RunTime:0.000498s ]
[ sql ] [ SQL ] SELECT `fid` FROM `qy_fwl` WHERE  (  ip='158.69.225.36' ) [ RunTime:0.002939s ]
[ sql ] [ SQL ] SELECT `count` FROM `qy_fwl` WHERE  (  ip='158.69.225.36' ) [ RunTime:0.002907s ]
[ sql ] [ SQL ] SELECT `btime` FROM `qy_fwl` WHERE  (  ip='158.69.225.36' ) [ RunTime:0.002874s ]
[ sql ] [ SQL ] INSERT INTO `qy_fwl` (`btime` , `ip` , `count`) VALUES (1532697787 , '158.69.225.36' , 1) [ RunTime:0.002457s ]
[ sql ] [ SQL ] SELECT `caro_img`,`action`,`caro_name` FROM `qy_carousel` WHERE  `caro_states` = 1  AND `pid` = 2 ORDER BY `caro_sort` LIMIT 4 [ RunTime:0.000242s ]
[ sql ] [ SQL ] SELECT `caro_img`,`caro_name` FROM `qy_carousel` WHERE  `caro_states` = 1  AND `pid` = 3  AND `caro_zh` = 1 ORDER BY `caro_sort` LIMIT 5 [ RunTime:0.000210s ]
[ sql ] [ SQL ] SELECT `caro_img` FROM `qy_carousel` WHERE  `caro_states` = 1  AND `pid` = 3  AND `caro_zh` = 2 ORDER BY `caro_sort` LIMIT 5 [ RunTime:0.000207s ]
[ sql ] [ SQL ] SELECT `type_id` FROM `qy_types` WHERE  `type_name` = '首页' [ RunTime:0.000162s ]
---------------------------------------------------------------
[ 2018-07-27T21:23:08+08:00 ] 172.17.23.148 158.69.225.36 GET /index/news/index/type_pid/10/wen_id/22.html
[ sql ] [ DB ] CONNECT:[ UseTime:0.000580s ] mysql:dbname=qinyunone;host=127.0.0.1;port=3306;charset=utf8
[ sql ] [ SQL ] SHOW COLUMNS FROM `qy_logo` [ RunTime:0.000940s ]
[ sql ] [ SQL ] SELECT `logo_img` FROM `qy_logo` WHERE  `caro_states` = 1 [ RunTime:0.000280s ]
[ sql ] [ SQL ] SHOW COLUMNS FROM `qy_types` [ RunTime:0.000611s ]
[ sql ] [ SQL ] SELECT * FROM `qy_types` WHERE  `type_pid` = 1 ORDER BY `type_sort` [ RunTime:0.000273s ]
[ sql ] [ SQL ] SELECT * FROM `qy_types` WHERE  `type_pid` = 2 ORDER BY `type_sort` [ RunTime:0.000245s ]
[ sql ] [ SQL ] SELECT * FROM `qy_types` WHERE  `type_pid` = 3 ORDER BY `type_sort` [ RunTime:0.000260s ]
[ sql ] [ SQL ] SELECT * FROM `qy_types` WHERE  `type_pid` = 10 ORDER BY `type_sort` [ RunTime:0.000233s ]
[ sql ] [ SQL ] SELECT * FROM `qy_types` WHERE  `type_pid` = 9 ORDER BY `type_sort` [ RunTime:0.000208s ]
[ sql ] [ SQL ] SELECT * FROM `qy_types` WHERE  `type_pid` = 29 ORDER BY `type_sort` [ RunTime:0.000220s ]
[ sql ] [ SQL ] SELECT * FROM `qy_types` WHERE  `type_pid` = 30 [ RunTime:0.000213s ]
[ sql ] [ SQL ] SHOW COLUMNS FROM `qy_carousel` [ RunTime:0.000520s ]
[ sql ] [ SQL ] SELECT `caro_img` FROM `qy_carousel` WHERE  `caro_states` = 1  AND `pid` = 1 ORDER BY `caro_sort` LIMIT 5 [ RunTime:0.000244s ]
[ sql ] [ SQL ] SELECT `caro_img` FROM `qy_carousel` WHERE  `caro_states` = 1  AND `pid` = 4 ORDER BY `caro_sort` LIMIT 5 [ RunTime:0.000196s ]
[ sql ] [ SQL ] SELECT * FROM `qy_types` WHERE  `type_pid` = 31 [ RunTime:0.000211s ]
[ sql ] [ SQL ] SELECT * FROM `qy_types` WHERE  `type_pid` = 40 LIMIT 1 [ RunTime:0.000183s ]
[ sql ] [ SQL ] SHOW COLUMNS FROM `qy_config` [ RunTime:0.000536s ]
[ sql ] [ SQL ] SELECT * FROM `qy_config` LIMIT 1 [ RunTime:0.000187s ]
[ sql ] [ SQL ] SELECT `site`,`describe` FROM `qy_config` WHERE  `conf_id` = 1 LIMIT 1 [ RunTime:0.000175s ]
[ sql ] [ SQL ] SELECT `type_id` FROM `qy_types` WHERE  `type_name` = '招聘信息' [ RunTime:0.000148s ]
[ sql ] [ SQL ] SELECT * FROM `qy_types` WHERE  `type_id` = 10 LIMIT 1 [ RunTime:0.000236s ]
[ sql ] [ SQL ] SELECT * FROM `qy_types` WHERE  `type_pid` = 10 ORDER BY `type_sort` [ RunTime:0.000215s ]
[ sql ] [ SQL ] SHOW COLUMNS FROM `qy_contents` [ RunTime:0.000548s ]
[ sql ] [ SQL ] SELECT COUNT(cont_id) AS tp_count FROM `qy_contents` WHERE  `cont_pid` = 22  AND `cont_states` = 1 ORDER BY cont_id desc LIMIT 1 [ RunTime:0.000239s ]
[ sql ] [ SQL ] SELECT * FROM `qy_contents` WHERE  `cont_pid` = 22  AND `cont_states` = 1 ORDER BY cont_id desc LIMIT 0,12 [ RunTime:0.000336s ]
---------------------------------------------------------------
[ 2018-07-27T21:23:11+08:00 ] 172.17.23.148 158.69.225.36 GET /
[ sql ] [ DB ] CONNECT:[ UseTime:0.000471s ] mysql:dbname=qinyunone;host=127.0.0.1;port=3306;charset=utf8
[ sql ] [ SQL ] SHOW COLUMNS FROM `qy_logo` [ RunTime:0.000897s ]
[ sql ] [ SQL ] SELECT `logo_img` FROM `qy_logo` WHERE  `caro_states` = 1 [ RunTime:0.000258s ]
[ sql ] [ SQL ] SHOW COLUMNS FROM `qy_types` [ RunTime:0.000624s ]
[ sql ] [ SQL ] SELECT * FROM `qy_types` WHERE  `type_pid` = 1 ORDER BY `type_sort` [ RunTime:0.000266s ]
[ sql ] [ SQL ] SELECT * FROM `qy_types` WHERE  `type_pid` = 2 ORDER BY `type_sort` [ RunTime:0.000261s ]
[ sql ] [ SQL ] SELECT * FROM `qy_types` WHERE  `type_pid` = 3 ORDER BY `type_sort` [ RunTime:0.000253s ]
[ sql ] [ SQL ] SELECT * FROM `qy_types` WHERE  `type_pid` = 10 ORDER BY `type_sort` [ RunTime:0.000275s ]
[ sql ] [ SQL ] SELECT * FROM `qy_types` WHERE  `type_pid` = 9 ORDER BY `type_sort` [ RunTime:0.000219s ]
[ sql ] [ SQL ] SELECT * FROM `qy_types` WHERE  `type_pid` = 29 ORDER BY `type_sort` [ RunTime:0.000233s ]
[ sql ] [ SQL ] SELECT * FROM `qy_types` WHERE  `type_pid` = 30 [ RunTime:0.000229s ]
[ sql ] [ SQL ] SHOW COLUMNS FROM `qy_carousel` [ RunTime:0.000583s ]
[ sql ] [ SQL ] SELECT `caro_img` FROM `qy_carousel` WHERE  `caro_states` = 1  AND `pid` = 1 ORDER BY `caro_sort` LIMIT 5 [ RunTime:0.000271s ]
[ sql ] [ SQL ] SELECT `caro_img` FROM `qy_carousel` WHERE  `caro_states` = 1  AND `pid` = 4 ORDER BY `caro_sort` LIMIT 5 [ RunTime:0.000194s ]
[ sql ] [ SQL ] SELECT * FROM `qy_types` WHERE  `type_pid` = 31 [ RunTime:0.000216s ]
[ sql ] [ SQL ] SELECT * FROM `qy_types` WHERE  `type_pid` = 40 LIMIT 1 [ RunTime:0.000202s ]
[ sql ] [ SQL ] SHOW COLUMNS FROM `qy_config` [ RunTime:0.000537s ]
[ sql ] [ SQL ] SELECT * FROM `qy_config` LIMIT 1 [ RunTime:0.000176s ]
[ sql ] [ SQL ] SELECT `site`,`describe` FROM `qy_config` WHERE  `conf_id` = 1 LIMIT 1 [ RunTime:0.000177s ]
[ sql ] [ SQL ] SHOW COLUMNS FROM `qy_fwl` [ RunTime:0.000527s ]
[ sql ] [ SQL ] SELECT `fid` FROM `qy_fwl` WHERE  (  ip='158.69.225.36' ) [ RunTime:0.003189s ]
[ sql ] [ SQL ] SELECT `count` FROM `qy_fwl` WHERE  (  ip='158.69.225.36' ) [ RunTime:0.003347s ]
[ sql ] [ SQL ] SELECT `btime` FROM `qy_fwl` WHERE  (  ip='158.69.225.36' ) [ RunTime:0.003113s ]
[ sql ] [ SQL ] INSERT INTO `qy_fwl` (`btime` , `ip` , `count`) VALUES (1532697791 , '158.69.225.36' , 1) [ RunTime:0.002462s ]
[ sql ] [ SQL ] SELECT `caro_img`,`action`,`caro_name` FROM `qy_carousel` WHERE  `caro_states` = 1  AND `pid` = 2 ORDER BY `caro_sort` LIMIT 4 [ RunTime:0.000290s ]
[ sql ] [ SQL ] SELECT `caro_img`,`caro_name` FROM `qy_carousel` WHERE  `caro_states` = 1  AND `pid` = 3  AND `caro_zh` = 1 ORDER BY `caro_sort` LIMIT 5 [ RunTime:0.000231s ]
[ sql ] [ SQL ] SELECT `caro_img` FROM `qy_carousel` WHERE  `caro_states` = 1  AND `pid` = 3  AND `caro_zh` = 2 ORDER BY `caro_sort` LIMIT 5 [ RunTime:0.000221s ]
[ sql ] [ SQL ] SELECT `type_id` FROM `qy_types` WHERE  `type_name` = '首页' [ RunTime:0.000180s ]
---------------------------------------------------------------
[ 2018-07-27T21:29:53+08:00 ] 172.17.23.148 39.106.25.127 PROPFIND /
[ sql ] [ DB ] CONNECT:[ UseTime:0.000415s ] mysql:dbname=qinyunone;host=127.0.0.1;port=3306;charset=utf8
[ sql ] [ SQL ] SHOW COLUMNS FROM `qy_logo` [ RunTime:0.000813s ]
[ sql ] [ SQL ] SELECT `logo_img` FROM `qy_logo` WHERE  `caro_states` = 1 [ RunTime:0.000230s ]
[ sql ] [ SQL ] SHOW COLUMNS FROM `qy_types` [ RunTime:0.000550s ]
[ sql ] [ SQL ] SELECT * FROM `qy_types` WHERE  `type_pid` = 1 ORDER BY `type_sort` [ RunTime:0.000272s ]
[ sql ] [ SQL ] SELECT * FROM `qy_types` WHERE  `type_pid` = 2 ORDER BY `type_sort` [ RunTime:0.000220s ]
[ sql ] [ SQL ] SELECT * FROM `qy_types` WHERE  `type_pid` = 3 ORDER BY `type_sort` [ RunTime:0.000223s ]
[ sql ] [ SQL ] SELECT * FROM `qy_types` WHERE  `type_pid` = 10 ORDER BY `type_sort` [ RunTime:0.000222s ]
[ sql ] [ SQL ] SELECT * FROM `qy_types` WHERE  `type_pid` = 9 ORDER BY `type_sort` [ RunTime:0.000226s ]
[ sql ] [ SQL ] SELECT * FROM `qy_types` WHERE  `type_pid` = 29 ORDER BY `type_sort` [ RunTime:0.000202s ]
[ sql ] [ SQL ] SELECT * FROM `qy_types` WHERE  `type_pid` = 30 [ RunTime:0.000210s ]
[ sql ] [ SQL ] SHOW COLUMNS FROM `qy_carousel` [ RunTime:0.000507s ]
[ sql ] [ SQL ] SELECT `caro_img` FROM `qy_carousel` WHERE  `caro_states` = 1  AND `pid` = 1 ORDER BY `caro_sort` LIMIT 5 [ RunTime:0.000219s ]
[ sql ] [ SQL ] SELECT `caro_img` FROM `qy_carousel` WHERE  `caro_states` = 1  AND `pid` = 4 ORDER BY `caro_sort` LIMIT 5 [ RunTime:0.000188s ]
[ sql ] [ SQL ] SELECT * FROM `qy_types` WHERE  `type_pid` = 31 [ RunTime:0.000198s ]
[ sql ] [ SQL ] SELECT * FROM `qy_types` WHERE  `type_pid` = 40 LIMIT 1 [ RunTime:0.000186s ]
[ sql ] [ SQL ] SHOW COLUMNS FROM `qy_config` [ RunTime:0.000520s ]
[ sql ] [ SQL ] SELECT * FROM `qy_config` LIMIT 1 [ RunTime:0.000178s ]
[ sql ] [ SQL ] SELECT `site`,`describe` FROM `qy_config` WHERE  `conf_id` = 1 LIMIT 1 [ RunTime:0.000183s ]
[ sql ] [ SQL ] SHOW COLUMNS FROM `qy_fwl` [ RunTime:0.000510s ]
[ sql ] [ SQL ] SELECT `fid` FROM `qy_fwl` WHERE  (  ip='39.106.25.127' ) [ RunTime:0.002790s ]
[ sql ] [ SQL ] INSERT INTO `qy_fwl` (`btime` , `ip` , `count`) VALUES (1532698193 , '39.106.25.127' , 1) [ RunTime:0.002572s ]
[ sql ] [ SQL ] SELECT `caro_img`,`action`,`caro_name` FROM `qy_carousel` WHERE  `caro_states` = 1  AND `pid` = 2 ORDER BY `caro_sort` LIMIT 4 [ RunTime:0.000314s ]
[ sql ] [ SQL ] SELECT `caro_img`,`caro_name` FROM `qy_carousel` WHERE  `caro_states` = 1  AND `pid` = 3  AND `caro_zh` = 1 ORDER BY `caro_sort` LIMIT 5 [ RunTime:0.000243s ]
[ sql ] [ SQL ] SELECT `caro_img` FROM `qy_carousel` WHERE  `caro_states` = 1  AND `pid` = 3  AND `caro_zh` = 2 ORDER BY `caro_sort` LIMIT 5 [ RunTime:0.000255s ]
[ sql ] [ SQL ] SELECT `type_id` FROM `qy_types` WHERE  `type_name` = '首页' [ RunTime:0.000183s ]
---------------------------------------------------------------
[ 2018-07-27T21:29:53+08:00 ] 172.17.23.148 39.106.25.127 GET /index.php
[ sql ] [ DB ] CONNECT:[ UseTime:0.000405s ] mysql:dbname=qinyunone;host=127.0.0.1;port=3306;charset=utf8
[ sql ] [ SQL ] SHOW COLUMNS FROM `qy_logo` [ RunTime:0.000774s ]
[ sql ] [ SQL ] SELECT `logo_img` FROM `qy_logo` WHERE  `caro_states` = 1 [ RunTime:0.000261s ]
[ sql ] [ SQL ] SHOW COLUMNS FROM `qy_types` [ RunTime:0.000521s ]
[ sql ] [ SQL ] SELECT * FROM `qy_types` WHERE  `type_pid` = 1 ORDER BY `type_sort` [ RunTime:0.000264s ]
[ sql ] [ SQL ] SELECT * FROM `qy_types` WHERE  `type_pid` = 2 ORDER BY `type_sort` [ RunTime:0.000258s ]
[ sql ] [ SQL ] SELECT * FROM `qy_types` WHERE  `type_pid` = 3 ORDER BY `type_sort` [ RunTime:0.000215s ]
[ sql ] [ SQL ] SELECT * FROM `qy_types` WHERE  `type_pid` = 10 ORDER BY `type_sort` [ RunTime:0.000227s ]
[ sql ] [ SQL ] SELECT * FROM `qy_types` WHERE  `type_pid` = 9 ORDER BY `type_sort` [ RunTime:0.000207s ]
[ sql ] [ SQL ] SELECT * FROM `qy_types` WHERE  `type_pid` = 29 ORDER BY `type_sort` [ RunTime:0.000211s ]
[ sql ] [ SQL ] SELECT * FROM `qy_types` WHERE  `type_pid` = 30 [ RunTime:0.000200s ]
[ sql ] [ SQL ] SHOW COLUMNS FROM `qy_carousel` [ RunTime:0.000576s ]
[ sql ] [ SQL ] SELECT `caro_img` FROM `qy_carousel` WHERE  `caro_states` = 1  AND `pid` = 1 ORDER BY `caro_sort` LIMIT 5 [ RunTime:0.000269s ]
[ sql ] [ SQL ] SELECT `caro_img` FROM `qy_carousel` WHERE  `caro_states` = 1  AND `pid` = 4 ORDER BY `caro_sort` LIMIT 5 [ RunTime:0.000202s ]
[ sql ] [ SQL ] SELECT * FROM `qy_types` WHERE  `type_pid` = 31 [ RunTime:0.000229s ]
[ sql ] [ SQL ] SELECT * FROM `qy_types` WHERE  `type_pid` = 40 LIMIT 1 [ RunTime:0.000188s ]
[ sql ] [ SQL ] SHOW COLUMNS FROM `qy_config` [ RunTime:0.000557s ]
[ sql ] [ SQL ] SELECT * FROM `qy_config` LIMIT 1 [ RunTime:0.000164s ]
[ sql ] [ SQL ] SELECT `site`,`describe` FROM `qy_config` WHERE  `conf_id` = 1 LIMIT 1 [ RunTime:0.000174s ]
[ sql ] [ SQL ] SHOW COLUMNS FROM `qy_fwl` [ RunTime:0.000507s ]
[ sql ] [ SQL ] SELECT `fid` FROM `qy_fwl` WHERE  (  ip='39.106.25.127' ) [ RunTime:0.002825s ]
[ sql ] [ SQL ] SELECT `count` FROM `qy_fwl` WHERE  (  ip='39.106.25.127' ) [ RunTime:0.002798s ]
[ sql ] [ SQL ] SELECT `btime` FROM `qy_fwl` WHERE  (  ip='39.106.25.127' ) [ RunTime:0.002789s ]
[ sql ] [ SQL ] UPDATE `qy_fwl`  SET `count`=2,`btime`=1532698193  WHERE  (  ip='39.106.25.127' ) [ RunTime:0.007433s ]
[ sql ] [ SQL ] SELECT `caro_img`,`action`,`caro_name` FROM `qy_carousel` WHERE  `caro_states` = 1  AND `pid` = 2 ORDER BY `caro_sort` LIMIT 4 [ RunTime:0.000339s ]
[ sql ] [ SQL ] SELECT `caro_img`,`caro_name` FROM `qy_carousel` WHERE  `caro_states` = 1  AND `pid` = 3  AND `caro_zh` = 1 ORDER BY `caro_sort` LIMIT 5 [ RunTime:0.000280s ]
[ sql ] [ SQL ] SELECT `caro_img` FROM `qy_carousel` WHERE  `caro_states` = 1  AND `pid` = 3  AND `caro_zh` = 2 ORDER BY `caro_sort` LIMIT 5 [ RunTime:0.000247s ]
[ sql ] [ SQL ] SELECT `type_id` FROM `qy_types` WHERE  `type_name` = '首页' [ RunTime:0.000179s ]
---------------------------------------------------------------
[ 2018-07-27T21:31:16+08:00 ] 172.17.23.148 157.55.39.166 GET /
[ sql ] [ DB ] CONNECT:[ UseTime:0.000492s ] mysql:dbname=qinyunone;host=127.0.0.1;port=3306;charset=utf8
[ sql ] [ SQL ] SHOW COLUMNS FROM `qy_logo` [ RunTime:0.000926s ]
[ sql ] [ SQL ] SELECT `logo_img` FROM `qy_logo` WHERE  `caro_states` = 1 [ RunTime:0.000266s ]
[ sql ] [ SQL ] SHOW COLUMNS FROM `qy_types` [ RunTime:0.000601s ]
[ sql ] [ SQL ] SELECT * FROM `qy_types` WHERE  `type_pid` = 1 ORDER BY `type_sort` [ RunTime:0.000274s ]
[ sql ] [ SQL ] SELECT * FROM `qy_types` WHERE  `type_pid` = 2 ORDER BY `type_sort` [ RunTime:0.000241s ]
[ sql ] [ SQL ] SELECT * FROM `qy_types` WHERE  `type_pid` = 3 ORDER BY `type_sort` [ RunTime:0.000233s ]
[ sql ] [ SQL ] SELECT * FROM `qy_types` WHERE  `type_pid` = 10 ORDER BY `type_sort` [ RunTime:0.000231s ]
[ sql ] [ SQL ] SELECT * FROM `qy_types` WHERE  `type_pid` = 9 ORDER BY `type_sort` [ RunTime:0.000226s ]
[ sql ] [ SQL ] SELECT * FROM `qy_types` WHERE  `type_pid` = 29 ORDER BY `type_sort` [ RunTime:0.000217s ]
[ sql ] [ SQL ] SELECT * FROM `qy_types` WHERE  `type_pid` = 30 [ RunTime:0.000208s ]
[ sql ] [ SQL ] SHOW COLUMNS FROM `qy_carousel` [ RunTime:0.000568s ]
[ sql ] [ SQL ] SELECT `caro_img` FROM `qy_carousel` WHERE  `caro_states` = 1  AND `pid` = 1 ORDER BY `caro_sort` LIMIT 5 [ RunTime:0.000220s ]
[ sql ] [ SQL ] SELECT `caro_img` FROM `qy_carousel` WHERE  `caro_states` = 1  AND `pid` = 4 ORDER BY `caro_sort` LIMIT 5 [ RunTime:0.000193s ]
[ sql ] [ SQL ] SELECT * FROM `qy_types` WHERE  `type_pid` = 31 [ RunTime:0.000200s ]
[ sql ] [ SQL ] SELECT * FROM `qy_types` WHERE  `type_pid` = 40 LIMIT 1 [ RunTime:0.000193s ]
[ sql ] [ SQL ] SHOW COLUMNS FROM `qy_config` [ RunTime:0.000538s ]
[ sql ] [ SQL ] SELECT * FROM `qy_config` LIMIT 1 [ RunTime:0.000170s ]
[ sql ] [ SQL ] SELECT `site`,`describe` FROM `qy_config` WHERE  `conf_id` = 1 LIMIT 1 [ RunTime:0.000181s ]
[ sql ] [ SQL ] SHOW COLUMNS FROM `qy_fwl` [ RunTime:0.000489s ]
[ sql ] [ SQL ] SELECT `fid` FROM `qy_fwl` WHERE  (  ip='157.55.39.166' ) [ RunTime:0.002886s ]
[ sql ] [ SQL ] SELECT `count` FROM `qy_fwl` WHERE  (  ip='157.55.39.166' ) [ RunTime:0.002852s ]
[ sql ] [ SQL ] SELECT `btime` FROM `qy_fwl` WHERE  (  ip='157.55.39.166' ) [ RunTime:0.002844s ]
[ sql ] [ SQL ] INSERT INTO `qy_fwl` (`btime` , `ip` , `count`) VALUES (1532698276 , '157.55.39.166' , 1) [ RunTime:0.002655s ]
[ sql ] [ SQL ] SELECT `caro_img`,`action`,`caro_name` FROM `qy_carousel` WHERE  `caro_states` = 1  AND `pid` = 2 ORDER BY `caro_sort` LIMIT 4 [ RunTime:0.000265s ]
[ sql ] [ SQL ] SELECT `caro_img`,`caro_name` FROM `qy_carousel` WHERE  `caro_states` = 1  AND `pid` = 3  AND `caro_zh` = 1 ORDER BY `caro_sort` LIMIT 5 [ RunTime:0.000231s ]
[ sql ] [ SQL ] SELECT `caro_img` FROM `qy_carousel` WHERE  `caro_states` = 1  AND `pid` = 3  AND `caro_zh` = 2 ORDER BY `caro_sort` LIMIT 5 [ RunTime:0.000243s ]
[ sql ] [ SQL ] SELECT `type_id` FROM `qy_types` WHERE  `type_name` = '首页' [ RunTime:0.000167s ]
---------------------------------------------------------------
[ 2018-07-27T22:55:26+08:00 ] 172.17.23.148 220.181.108.83 GET /index/brand/index/type_pid/29.html
[ sql ] [ DB ] CONNECT:[ UseTime:0.000437s ] mysql:dbname=qinyunone;host=127.0.0.1;port=3306;charset=utf8
[ sql ] [ SQL ] SHOW COLUMNS FROM `qy_logo` [ RunTime:0.000845s ]
[ sql ] [ SQL ] SELECT `logo_img` FROM `qy_logo` WHERE  `caro_states` = 1 [ RunTime:0.000285s ]
[ sql ] [ SQL ] SHOW COLUMNS FROM `qy_types` [ RunTime:0.000563s ]
[ sql ] [ SQL ] SELECT * FROM `qy_types` WHERE  `type_pid` = 1 ORDER BY `type_sort` [ RunTime:0.000268s ]
[ sql ] [ SQL ] SELECT * FROM `qy_types` WHERE  `type_pid` = 2 ORDER BY `type_sort` [ RunTime:0.000225s ]
[ sql ] [ SQL ] SELECT * FROM `qy_types` WHERE  `type_pid` = 3 ORDER BY `type_sort` [ RunTime:0.000217s ]
[ sql ] [ SQL ] SELECT * FROM `qy_types` WHERE  `type_pid` = 10 ORDER BY `type_sort` [ RunTime:0.000237s ]
[ sql ] [ SQL ] SELECT * FROM `qy_types` WHERE  `type_pid` = 9 ORDER BY `type_sort` [ RunTime:0.000206s ]
[ sql ] [ SQL ] SELECT * FROM `qy_types` WHERE  `type_pid` = 29 ORDER BY `type_sort` [ RunTime:0.000251s ]
[ sql ] [ SQL ] SELECT * FROM `qy_types` WHERE  `type_pid` = 30 [ RunTime:0.000202s ]
[ sql ] [ SQL ] SHOW COLUMNS FROM `qy_carousel` [ RunTime:0.000627s ]
[ sql ] [ SQL ] SELECT `caro_img` FROM `qy_carousel` WHERE  `caro_states` = 1  AND `pid` = 1 ORDER BY `caro_sort` LIMIT 5 [ RunTime:0.000238s ]
[ sql ] [ SQL ] SELECT `caro_img` FROM `qy_carousel` WHERE  `caro_states` = 1  AND `pid` = 4 ORDER BY `caro_sort` LIMIT 5 [ RunTime:0.000190s ]
[ sql ] [ SQL ] SELECT * FROM `qy_types` WHERE  `type_pid` = 31 [ RunTime:0.000216s ]
[ sql ] [ SQL ] SELECT * FROM `qy_types` WHERE  `type_pid` = 40 LIMIT 1 [ RunTime:0.000185s ]
[ sql ] [ SQL ] SHOW COLUMNS FROM `qy_config` [ RunTime:0.000542s ]
[ sql ] [ SQL ] SELECT * FROM `qy_config` LIMIT 1 [ RunTime:0.000163s ]
[ sql ] [ SQL ] SELECT `site`,`describe` FROM `qy_config` WHERE  `conf_id` = 1 LIMIT 1 [ RunTime:0.000167s ]
[ sql ] [ SQL ] SELECT `type_id` FROM `qy_types` WHERE  `type_name` = '品牌故事' [ RunTime:0.000160s ]
[ sql ] [ SQL ] SHOW COLUMNS FROM `qy_contents` [ RunTime:0.000551s ]
[ sql ] [ SQL ] SELECT * FROM `qy_contents` WHERE  `cont_pid` = 29  AND `cont_states` = 1 LIMIT 1 [ RunTime:0.000312s ]
